[2024-10-31T22:45:12.922+0000] {processor.py:186} INFO - Started process (PID=243) to work on /home/airflow/.local/lib/python3.12/site-packages/airflow/example_dags/example_python_operator.py
[2024-10-31T22:45:12.923+0000] {processor.py:914} INFO - Processing file /home/airflow/.local/lib/python3.12/site-packages/airflow/example_dags/example_python_operator.py for tasks to queue
[2024-10-31T22:45:12.925+0000] {logging_mixin.py:190} INFO - [2024-10-31T22:45:12.924+0000] {dagbag.py:588} INFO - Filling up the DagBag from /home/airflow/.local/lib/python3.12/site-packages/airflow/example_dags/example_python_operator.py
[2024-10-31T22:45:12.941+0000] {processor.py:925} INFO - DAG(s) 'example_python_operator' retrieved from /home/airflow/.local/lib/python3.12/site-packages/airflow/example_dags/example_python_operator.py
[2024-10-31T22:45:13.029+0000] {logging_mixin.py:190} INFO - [2024-10-31T22:45:13.029+0000] {override.py:1900} INFO - Created Permission View: can delete on DAG:example_python_operator
[2024-10-31T22:45:13.038+0000] {logging_mixin.py:190} INFO - [2024-10-31T22:45:13.038+0000] {override.py:1900} INFO - Created Permission View: can read on DAG:example_python_operator
[2024-10-31T22:45:13.045+0000] {logging_mixin.py:190} INFO - [2024-10-31T22:45:13.045+0000] {override.py:1900} INFO - Created Permission View: can edit on DAG:example_python_operator
[2024-10-31T22:45:13.051+0000] {logging_mixin.py:190} INFO - [2024-10-31T22:45:13.051+0000] {override.py:1900} INFO - Created Permission View: can create on DAG Run:example_python_operator
[2024-10-31T22:45:13.059+0000] {logging_mixin.py:190} INFO - [2024-10-31T22:45:13.058+0000] {override.py:1900} INFO - Created Permission View: can delete on DAG Run:example_python_operator
[2024-10-31T22:45:13.064+0000] {logging_mixin.py:190} INFO - [2024-10-31T22:45:13.064+0000] {override.py:1900} INFO - Created Permission View: can read on DAG Run:example_python_operator
[2024-10-31T22:45:13.068+0000] {logging_mixin.py:190} INFO - [2024-10-31T22:45:13.068+0000] {override.py:1900} INFO - Created Permission View: menu access on DAG Run:example_python_operator
[2024-10-31T22:45:13.069+0000] {logging_mixin.py:190} INFO - [2024-10-31T22:45:13.068+0000] {dag.py:3239} INFO - Sync 1 DAGs
[2024-10-31T22:45:13.079+0000] {logging_mixin.py:190} INFO - [2024-10-31T22:45:13.079+0000] {dag.py:3262} INFO - Creating ORM DAG for example_python_operator
[2024-10-31T22:45:13.080+0000] {logging_mixin.py:190} INFO - [2024-10-31T22:45:13.080+0000] {dag.py:4180} INFO - Setting next_dagrun for example_python_operator to None, run_after=None
[2024-10-31T22:45:13.094+0000] {processor.py:208} INFO - Processing /home/airflow/.local/lib/python3.12/site-packages/airflow/example_dags/example_python_operator.py took 0.175 seconds
[2024-10-31T22:45:43.550+0000] {processor.py:186} INFO - Started process (PID=534) to work on /home/airflow/.local/lib/python3.12/site-packages/airflow/example_dags/example_python_operator.py
[2024-10-31T22:45:43.551+0000] {processor.py:914} INFO - Processing file /home/airflow/.local/lib/python3.12/site-packages/airflow/example_dags/example_python_operator.py for tasks to queue
[2024-10-31T22:45:43.553+0000] {logging_mixin.py:190} INFO - [2024-10-31T22:45:43.553+0000] {dagbag.py:588} INFO - Filling up the DagBag from /home/airflow/.local/lib/python3.12/site-packages/airflow/example_dags/example_python_operator.py
[2024-10-31T22:45:43.565+0000] {processor.py:925} INFO - DAG(s) 'example_python_operator' retrieved from /home/airflow/.local/lib/python3.12/site-packages/airflow/example_dags/example_python_operator.py
[2024-10-31T22:45:43.576+0000] {logging_mixin.py:190} INFO - [2024-10-31T22:45:43.576+0000] {dag.py:3239} INFO - Sync 1 DAGs
[2024-10-31T22:45:43.584+0000] {logging_mixin.py:190} INFO - [2024-10-31T22:45:43.584+0000] {dag.py:4180} INFO - Setting next_dagrun for example_python_operator to None, run_after=None
[2024-10-31T22:45:43.597+0000] {processor.py:208} INFO - Processing /home/airflow/.local/lib/python3.12/site-packages/airflow/example_dags/example_python_operator.py took 0.051 seconds
[2024-10-31T22:46:13.683+0000] {processor.py:186} INFO - Started process (PID=825) to work on /home/airflow/.local/lib/python3.12/site-packages/airflow/example_dags/example_python_operator.py
[2024-10-31T22:46:13.684+0000] {processor.py:914} INFO - Processing file /home/airflow/.local/lib/python3.12/site-packages/airflow/example_dags/example_python_operator.py for tasks to queue
[2024-10-31T22:46:13.686+0000] {logging_mixin.py:190} INFO - [2024-10-31T22:46:13.685+0000] {dagbag.py:588} INFO - Filling up the DagBag from /home/airflow/.local/lib/python3.12/site-packages/airflow/example_dags/example_python_operator.py
[2024-10-31T22:46:13.693+0000] {processor.py:925} INFO - DAG(s) 'example_python_operator' retrieved from /home/airflow/.local/lib/python3.12/site-packages/airflow/example_dags/example_python_operator.py
[2024-10-31T22:46:13.712+0000] {logging_mixin.py:190} INFO - [2024-10-31T22:46:13.712+0000] {dag.py:3239} INFO - Sync 1 DAGs
[2024-10-31T22:46:13.832+0000] {logging_mixin.py:190} INFO - [2024-10-31T22:46:13.832+0000] {dag.py:4180} INFO - Setting next_dagrun for example_python_operator to None, run_after=None
[2024-10-31T22:46:13.887+0000] {processor.py:208} INFO - Processing /home/airflow/.local/lib/python3.12/site-packages/airflow/example_dags/example_python_operator.py took 0.208 seconds
[2024-10-31T22:46:44.484+0000] {processor.py:186} INFO - Started process (PID=1116) to work on /home/airflow/.local/lib/python3.12/site-packages/airflow/example_dags/example_python_operator.py
[2024-10-31T22:46:44.485+0000] {processor.py:914} INFO - Processing file /home/airflow/.local/lib/python3.12/site-packages/airflow/example_dags/example_python_operator.py for tasks to queue
[2024-10-31T22:46:44.486+0000] {logging_mixin.py:190} INFO - [2024-10-31T22:46:44.486+0000] {dagbag.py:588} INFO - Filling up the DagBag from /home/airflow/.local/lib/python3.12/site-packages/airflow/example_dags/example_python_operator.py
[2024-10-31T22:46:44.498+0000] {processor.py:925} INFO - DAG(s) 'example_python_operator' retrieved from /home/airflow/.local/lib/python3.12/site-packages/airflow/example_dags/example_python_operator.py
[2024-10-31T22:46:44.518+0000] {logging_mixin.py:190} INFO - [2024-10-31T22:46:44.518+0000] {dag.py:3239} INFO - Sync 1 DAGs
[2024-10-31T22:46:44.530+0000] {logging_mixin.py:190} INFO - [2024-10-31T22:46:44.529+0000] {dag.py:4180} INFO - Setting next_dagrun for example_python_operator to None, run_after=None
[2024-10-31T22:46:44.542+0000] {processor.py:208} INFO - Processing /home/airflow/.local/lib/python3.12/site-packages/airflow/example_dags/example_python_operator.py took 0.062 seconds
[2024-10-31T22:47:14.675+0000] {processor.py:186} INFO - Started process (PID=1407) to work on /home/airflow/.local/lib/python3.12/site-packages/airflow/example_dags/example_python_operator.py
[2024-10-31T22:47:14.676+0000] {processor.py:914} INFO - Processing file /home/airflow/.local/lib/python3.12/site-packages/airflow/example_dags/example_python_operator.py for tasks to queue
[2024-10-31T22:47:14.678+0000] {logging_mixin.py:190} INFO - [2024-10-31T22:47:14.677+0000] {dagbag.py:588} INFO - Filling up the DagBag from /home/airflow/.local/lib/python3.12/site-packages/airflow/example_dags/example_python_operator.py
[2024-10-31T22:47:14.687+0000] {processor.py:925} INFO - DAG(s) 'example_python_operator' retrieved from /home/airflow/.local/lib/python3.12/site-packages/airflow/example_dags/example_python_operator.py
[2024-10-31T22:47:14.704+0000] {logging_mixin.py:190} INFO - [2024-10-31T22:47:14.703+0000] {dag.py:3239} INFO - Sync 1 DAGs
[2024-10-31T22:47:14.712+0000] {logging_mixin.py:190} INFO - [2024-10-31T22:47:14.711+0000] {dag.py:4180} INFO - Setting next_dagrun for example_python_operator to None, run_after=None
[2024-10-31T22:47:14.730+0000] {processor.py:208} INFO - Processing /home/airflow/.local/lib/python3.12/site-packages/airflow/example_dags/example_python_operator.py took 0.061 seconds
[2024-10-31T22:48:23.545+0000] {processor.py:186} INFO - Started process (PID=238) to work on /home/airflow/.local/lib/python3.12/site-packages/airflow/example_dags/example_python_operator.py
[2024-10-31T22:48:23.547+0000] {processor.py:914} INFO - Processing file /home/airflow/.local/lib/python3.12/site-packages/airflow/example_dags/example_python_operator.py for tasks to queue
[2024-10-31T22:48:23.549+0000] {logging_mixin.py:190} INFO - [2024-10-31T22:48:23.549+0000] {dagbag.py:588} INFO - Filling up the DagBag from /home/airflow/.local/lib/python3.12/site-packages/airflow/example_dags/example_python_operator.py
[2024-10-31T22:48:23.557+0000] {processor.py:925} INFO - DAG(s) 'example_python_operator' retrieved from /home/airflow/.local/lib/python3.12/site-packages/airflow/example_dags/example_python_operator.py
[2024-10-31T22:48:23.631+0000] {logging_mixin.py:190} INFO - [2024-10-31T22:48:23.630+0000] {dag.py:3239} INFO - Sync 1 DAGs
[2024-10-31T22:48:23.638+0000] {logging_mixin.py:190} INFO - [2024-10-31T22:48:23.638+0000] {dag.py:4180} INFO - Setting next_dagrun for example_python_operator to None, run_after=None
[2024-10-31T22:48:23.658+0000] {processor.py:208} INFO - Processing /home/airflow/.local/lib/python3.12/site-packages/airflow/example_dags/example_python_operator.py took 0.117 seconds
[2024-10-31T22:48:54.184+0000] {processor.py:186} INFO - Started process (PID=529) to work on /home/airflow/.local/lib/python3.12/site-packages/airflow/example_dags/example_python_operator.py
[2024-10-31T22:48:54.185+0000] {processor.py:914} INFO - Processing file /home/airflow/.local/lib/python3.12/site-packages/airflow/example_dags/example_python_operator.py for tasks to queue
[2024-10-31T22:48:54.186+0000] {logging_mixin.py:190} INFO - [2024-10-31T22:48:54.186+0000] {dagbag.py:588} INFO - Filling up the DagBag from /home/airflow/.local/lib/python3.12/site-packages/airflow/example_dags/example_python_operator.py
[2024-10-31T22:48:54.193+0000] {processor.py:925} INFO - DAG(s) 'example_python_operator' retrieved from /home/airflow/.local/lib/python3.12/site-packages/airflow/example_dags/example_python_operator.py
[2024-10-31T22:48:54.207+0000] {logging_mixin.py:190} INFO - [2024-10-31T22:48:54.207+0000] {dag.py:3239} INFO - Sync 1 DAGs
[2024-10-31T22:48:54.218+0000] {logging_mixin.py:190} INFO - [2024-10-31T22:48:54.218+0000] {dag.py:4180} INFO - Setting next_dagrun for example_python_operator to None, run_after=None
[2024-10-31T22:48:54.240+0000] {processor.py:208} INFO - Processing /home/airflow/.local/lib/python3.12/site-packages/airflow/example_dags/example_python_operator.py took 0.060 seconds
[2024-10-31T22:49:24.412+0000] {processor.py:186} INFO - Started process (PID=815) to work on /home/airflow/.local/lib/python3.12/site-packages/airflow/example_dags/example_python_operator.py
[2024-10-31T22:49:24.412+0000] {processor.py:914} INFO - Processing file /home/airflow/.local/lib/python3.12/site-packages/airflow/example_dags/example_python_operator.py for tasks to queue
[2024-10-31T22:49:24.413+0000] {logging_mixin.py:190} INFO - [2024-10-31T22:49:24.413+0000] {dagbag.py:588} INFO - Filling up the DagBag from /home/airflow/.local/lib/python3.12/site-packages/airflow/example_dags/example_python_operator.py
[2024-10-31T22:49:24.423+0000] {processor.py:925} INFO - DAG(s) 'example_python_operator' retrieved from /home/airflow/.local/lib/python3.12/site-packages/airflow/example_dags/example_python_operator.py
[2024-10-31T22:49:24.439+0000] {logging_mixin.py:190} INFO - [2024-10-31T22:49:24.439+0000] {dag.py:3239} INFO - Sync 1 DAGs
[2024-10-31T22:49:24.447+0000] {logging_mixin.py:190} INFO - [2024-10-31T22:49:24.446+0000] {dag.py:4180} INFO - Setting next_dagrun for example_python_operator to None, run_after=None
[2024-10-31T22:49:24.459+0000] {processor.py:208} INFO - Processing /home/airflow/.local/lib/python3.12/site-packages/airflow/example_dags/example_python_operator.py took 0.052 seconds
[2024-10-31T22:49:55.555+0000] {processor.py:186} INFO - Started process (PID=1117) to work on /home/airflow/.local/lib/python3.12/site-packages/airflow/example_dags/example_python_operator.py
[2024-10-31T22:49:55.556+0000] {processor.py:914} INFO - Processing file /home/airflow/.local/lib/python3.12/site-packages/airflow/example_dags/example_python_operator.py for tasks to queue
[2024-10-31T22:49:55.557+0000] {logging_mixin.py:190} INFO - [2024-10-31T22:49:55.557+0000] {dagbag.py:588} INFO - Filling up the DagBag from /home/airflow/.local/lib/python3.12/site-packages/airflow/example_dags/example_python_operator.py
[2024-10-31T22:49:55.564+0000] {processor.py:925} INFO - DAG(s) 'example_python_operator' retrieved from /home/airflow/.local/lib/python3.12/site-packages/airflow/example_dags/example_python_operator.py
[2024-10-31T22:49:55.583+0000] {logging_mixin.py:190} INFO - [2024-10-31T22:49:55.583+0000] {dag.py:3239} INFO - Sync 1 DAGs
[2024-10-31T22:49:55.592+0000] {logging_mixin.py:190} INFO - [2024-10-31T22:49:55.591+0000] {dag.py:4180} INFO - Setting next_dagrun for example_python_operator to None, run_after=None
[2024-10-31T22:49:55.604+0000] {processor.py:208} INFO - Processing /home/airflow/.local/lib/python3.12/site-packages/airflow/example_dags/example_python_operator.py took 0.053 seconds
[2024-10-31T22:50:25.876+0000] {processor.py:186} INFO - Started process (PID=1407) to work on /home/airflow/.local/lib/python3.12/site-packages/airflow/example_dags/example_python_operator.py
[2024-10-31T22:50:25.877+0000] {processor.py:914} INFO - Processing file /home/airflow/.local/lib/python3.12/site-packages/airflow/example_dags/example_python_operator.py for tasks to queue
[2024-10-31T22:50:25.878+0000] {logging_mixin.py:190} INFO - [2024-10-31T22:50:25.878+0000] {dagbag.py:588} INFO - Filling up the DagBag from /home/airflow/.local/lib/python3.12/site-packages/airflow/example_dags/example_python_operator.py
[2024-10-31T22:50:25.886+0000] {processor.py:925} INFO - DAG(s) 'example_python_operator' retrieved from /home/airflow/.local/lib/python3.12/site-packages/airflow/example_dags/example_python_operator.py
[2024-10-31T22:50:25.907+0000] {logging_mixin.py:190} INFO - [2024-10-31T22:50:25.907+0000] {dag.py:3239} INFO - Sync 1 DAGs
[2024-10-31T22:50:25.920+0000] {logging_mixin.py:190} INFO - [2024-10-31T22:50:25.920+0000] {dag.py:4180} INFO - Setting next_dagrun for example_python_operator to None, run_after=None
[2024-10-31T22:50:25.938+0000] {processor.py:208} INFO - Processing /home/airflow/.local/lib/python3.12/site-packages/airflow/example_dags/example_python_operator.py took 0.068 seconds
[2024-10-31T22:50:56.798+0000] {processor.py:186} INFO - Started process (PID=1698) to work on /home/airflow/.local/lib/python3.12/site-packages/airflow/example_dags/example_python_operator.py
[2024-10-31T22:50:56.800+0000] {processor.py:914} INFO - Processing file /home/airflow/.local/lib/python3.12/site-packages/airflow/example_dags/example_python_operator.py for tasks to queue
[2024-10-31T22:50:56.801+0000] {logging_mixin.py:190} INFO - [2024-10-31T22:50:56.801+0000] {dagbag.py:588} INFO - Filling up the DagBag from /home/airflow/.local/lib/python3.12/site-packages/airflow/example_dags/example_python_operator.py
[2024-10-31T22:50:56.809+0000] {processor.py:925} INFO - DAG(s) 'example_python_operator' retrieved from /home/airflow/.local/lib/python3.12/site-packages/airflow/example_dags/example_python_operator.py
[2024-10-31T22:50:56.828+0000] {logging_mixin.py:190} INFO - [2024-10-31T22:50:56.827+0000] {dag.py:3239} INFO - Sync 1 DAGs
[2024-10-31T22:50:56.843+0000] {logging_mixin.py:190} INFO - [2024-10-31T22:50:56.842+0000] {dag.py:4180} INFO - Setting next_dagrun for example_python_operator to None, run_after=None
[2024-10-31T22:50:56.862+0000] {processor.py:208} INFO - Processing /home/airflow/.local/lib/python3.12/site-packages/airflow/example_dags/example_python_operator.py took 0.069 seconds
[2024-10-31T22:51:27.311+0000] {processor.py:186} INFO - Started process (PID=1989) to work on /home/airflow/.local/lib/python3.12/site-packages/airflow/example_dags/example_python_operator.py
[2024-10-31T22:51:27.315+0000] {processor.py:914} INFO - Processing file /home/airflow/.local/lib/python3.12/site-packages/airflow/example_dags/example_python_operator.py for tasks to queue
[2024-10-31T22:51:27.317+0000] {logging_mixin.py:190} INFO - [2024-10-31T22:51:27.316+0000] {dagbag.py:588} INFO - Filling up the DagBag from /home/airflow/.local/lib/python3.12/site-packages/airflow/example_dags/example_python_operator.py
[2024-10-31T22:51:27.327+0000] {processor.py:925} INFO - DAG(s) 'example_python_operator' retrieved from /home/airflow/.local/lib/python3.12/site-packages/airflow/example_dags/example_python_operator.py
[2024-10-31T22:51:27.345+0000] {logging_mixin.py:190} INFO - [2024-10-31T22:51:27.345+0000] {dag.py:3239} INFO - Sync 1 DAGs
[2024-10-31T22:51:27.356+0000] {logging_mixin.py:190} INFO - [2024-10-31T22:51:27.356+0000] {dag.py:4180} INFO - Setting next_dagrun for example_python_operator to None, run_after=None
[2024-10-31T22:51:27.369+0000] {processor.py:208} INFO - Processing /home/airflow/.local/lib/python3.12/site-packages/airflow/example_dags/example_python_operator.py took 0.062 seconds
[2024-10-31T22:51:58.603+0000] {processor.py:186} INFO - Started process (PID=2280) to work on /home/airflow/.local/lib/python3.12/site-packages/airflow/example_dags/example_python_operator.py
[2024-10-31T22:51:58.605+0000] {processor.py:914} INFO - Processing file /home/airflow/.local/lib/python3.12/site-packages/airflow/example_dags/example_python_operator.py for tasks to queue
[2024-10-31T22:51:58.608+0000] {logging_mixin.py:190} INFO - [2024-10-31T22:51:58.607+0000] {dagbag.py:588} INFO - Filling up the DagBag from /home/airflow/.local/lib/python3.12/site-packages/airflow/example_dags/example_python_operator.py
[2024-10-31T22:51:58.617+0000] {processor.py:925} INFO - DAG(s) 'example_python_operator' retrieved from /home/airflow/.local/lib/python3.12/site-packages/airflow/example_dags/example_python_operator.py
[2024-10-31T22:51:58.656+0000] {logging_mixin.py:190} INFO - [2024-10-31T22:51:58.655+0000] {dag.py:3239} INFO - Sync 1 DAGs
[2024-10-31T22:51:58.768+0000] {logging_mixin.py:190} INFO - [2024-10-31T22:51:58.768+0000] {dag.py:4180} INFO - Setting next_dagrun for example_python_operator to None, run_after=None
[2024-10-31T22:51:58.784+0000] {processor.py:208} INFO - Processing /home/airflow/.local/lib/python3.12/site-packages/airflow/example_dags/example_python_operator.py took 0.184 seconds
[2024-10-31T22:52:29.646+0000] {processor.py:186} INFO - Started process (PID=2571) to work on /home/airflow/.local/lib/python3.12/site-packages/airflow/example_dags/example_python_operator.py
[2024-10-31T22:52:29.647+0000] {processor.py:914} INFO - Processing file /home/airflow/.local/lib/python3.12/site-packages/airflow/example_dags/example_python_operator.py for tasks to queue
[2024-10-31T22:52:29.648+0000] {logging_mixin.py:190} INFO - [2024-10-31T22:52:29.648+0000] {dagbag.py:588} INFO - Filling up the DagBag from /home/airflow/.local/lib/python3.12/site-packages/airflow/example_dags/example_python_operator.py
[2024-10-31T22:52:29.659+0000] {processor.py:925} INFO - DAG(s) 'example_python_operator' retrieved from /home/airflow/.local/lib/python3.12/site-packages/airflow/example_dags/example_python_operator.py
[2024-10-31T22:52:29.678+0000] {logging_mixin.py:190} INFO - [2024-10-31T22:52:29.678+0000] {dag.py:3239} INFO - Sync 1 DAGs
[2024-10-31T22:52:29.688+0000] {logging_mixin.py:190} INFO - [2024-10-31T22:52:29.688+0000] {dag.py:4180} INFO - Setting next_dagrun for example_python_operator to None, run_after=None
[2024-10-31T22:52:29.701+0000] {processor.py:208} INFO - Processing /home/airflow/.local/lib/python3.12/site-packages/airflow/example_dags/example_python_operator.py took 0.060 seconds
