[2024-10-31T22:45:21.189+0000] {processor.py:186} INFO - Started process (PID=433) to work on /home/airflow/.local/lib/python3.12/site-packages/airflow/example_dags/example_setup_teardown_taskflow.py
[2024-10-31T22:45:21.193+0000] {processor.py:914} INFO - Processing file /home/airflow/.local/lib/python3.12/site-packages/airflow/example_dags/example_setup_teardown_taskflow.py for tasks to queue
[2024-10-31T22:45:21.195+0000] {logging_mixin.py:190} INFO - [2024-10-31T22:45:21.195+0000] {dagbag.py:588} INFO - Filling up the DagBag from /home/airflow/.local/lib/python3.12/site-packages/airflow/example_dags/example_setup_teardown_taskflow.py
[2024-10-31T22:45:21.210+0000] {processor.py:925} INFO - DAG(s) 'example_setup_teardown_taskflow' retrieved from /home/airflow/.local/lib/python3.12/site-packages/airflow/example_dags/example_setup_teardown_taskflow.py
[2024-10-31T22:45:21.406+0000] {logging_mixin.py:190} INFO - [2024-10-31T22:45:21.405+0000] {override.py:1900} INFO - Created Permission View: can delete on DAG:example_setup_teardown_taskflow
[2024-10-31T22:45:21.415+0000] {logging_mixin.py:190} INFO - [2024-10-31T22:45:21.414+0000] {override.py:1900} INFO - Created Permission View: can read on DAG:example_setup_teardown_taskflow
[2024-10-31T22:45:21.424+0000] {logging_mixin.py:190} INFO - [2024-10-31T22:45:21.424+0000] {override.py:1900} INFO - Created Permission View: can edit on DAG:example_setup_teardown_taskflow
[2024-10-31T22:45:21.432+0000] {logging_mixin.py:190} INFO - [2024-10-31T22:45:21.432+0000] {override.py:1900} INFO - Created Permission View: can create on DAG Run:example_setup_teardown_taskflow
[2024-10-31T22:45:21.438+0000] {logging_mixin.py:190} INFO - [2024-10-31T22:45:21.437+0000] {override.py:1900} INFO - Created Permission View: can delete on DAG Run:example_setup_teardown_taskflow
[2024-10-31T22:45:21.444+0000] {logging_mixin.py:190} INFO - [2024-10-31T22:45:21.444+0000] {override.py:1900} INFO - Created Permission View: can read on DAG Run:example_setup_teardown_taskflow
[2024-10-31T22:45:21.452+0000] {logging_mixin.py:190} INFO - [2024-10-31T22:45:21.452+0000] {override.py:1900} INFO - Created Permission View: menu access on DAG Run:example_setup_teardown_taskflow
[2024-10-31T22:45:21.452+0000] {logging_mixin.py:190} INFO - [2024-10-31T22:45:21.452+0000] {dag.py:3239} INFO - Sync 1 DAGs
[2024-10-31T22:45:21.465+0000] {logging_mixin.py:190} INFO - [2024-10-31T22:45:21.465+0000] {dag.py:3262} INFO - Creating ORM DAG for example_setup_teardown_taskflow
[2024-10-31T22:45:21.466+0000] {logging_mixin.py:190} INFO - [2024-10-31T22:45:21.466+0000] {dag.py:4180} INFO - Setting next_dagrun for example_setup_teardown_taskflow to None, run_after=None
[2024-10-31T22:45:21.479+0000] {processor.py:208} INFO - Processing /home/airflow/.local/lib/python3.12/site-packages/airflow/example_dags/example_setup_teardown_taskflow.py took 0.302 seconds
[2024-10-31T22:45:52.379+0000] {processor.py:186} INFO - Started process (PID=724) to work on /home/airflow/.local/lib/python3.12/site-packages/airflow/example_dags/example_setup_teardown_taskflow.py
[2024-10-31T22:45:52.380+0000] {processor.py:914} INFO - Processing file /home/airflow/.local/lib/python3.12/site-packages/airflow/example_dags/example_setup_teardown_taskflow.py for tasks to queue
[2024-10-31T22:45:52.382+0000] {logging_mixin.py:190} INFO - [2024-10-31T22:45:52.382+0000] {dagbag.py:588} INFO - Filling up the DagBag from /home/airflow/.local/lib/python3.12/site-packages/airflow/example_dags/example_setup_teardown_taskflow.py
[2024-10-31T22:45:52.405+0000] {processor.py:925} INFO - DAG(s) 'example_setup_teardown_taskflow' retrieved from /home/airflow/.local/lib/python3.12/site-packages/airflow/example_dags/example_setup_teardown_taskflow.py
[2024-10-31T22:45:52.432+0000] {logging_mixin.py:190} INFO - [2024-10-31T22:45:52.431+0000] {dag.py:3239} INFO - Sync 1 DAGs
[2024-10-31T22:45:52.442+0000] {logging_mixin.py:190} INFO - [2024-10-31T22:45:52.442+0000] {dag.py:4180} INFO - Setting next_dagrun for example_setup_teardown_taskflow to None, run_after=None
[2024-10-31T22:45:52.458+0000] {processor.py:208} INFO - Processing /home/airflow/.local/lib/python3.12/site-packages/airflow/example_dags/example_setup_teardown_taskflow.py took 0.083 seconds
[2024-10-31T22:46:23.163+0000] {processor.py:186} INFO - Started process (PID=1015) to work on /home/airflow/.local/lib/python3.12/site-packages/airflow/example_dags/example_setup_teardown_taskflow.py
[2024-10-31T22:46:23.165+0000] {processor.py:914} INFO - Processing file /home/airflow/.local/lib/python3.12/site-packages/airflow/example_dags/example_setup_teardown_taskflow.py for tasks to queue
[2024-10-31T22:46:23.168+0000] {logging_mixin.py:190} INFO - [2024-10-31T22:46:23.167+0000] {dagbag.py:588} INFO - Filling up the DagBag from /home/airflow/.local/lib/python3.12/site-packages/airflow/example_dags/example_setup_teardown_taskflow.py
[2024-10-31T22:46:23.178+0000] {processor.py:925} INFO - DAG(s) 'example_setup_teardown_taskflow' retrieved from /home/airflow/.local/lib/python3.12/site-packages/airflow/example_dags/example_setup_teardown_taskflow.py
[2024-10-31T22:46:23.198+0000] {logging_mixin.py:190} INFO - [2024-10-31T22:46:23.198+0000] {dag.py:3239} INFO - Sync 1 DAGs
[2024-10-31T22:46:23.215+0000] {logging_mixin.py:190} INFO - [2024-10-31T22:46:23.215+0000] {dag.py:4180} INFO - Setting next_dagrun for example_setup_teardown_taskflow to None, run_after=None
[2024-10-31T22:46:23.230+0000] {processor.py:208} INFO - Processing /home/airflow/.local/lib/python3.12/site-packages/airflow/example_dags/example_setup_teardown_taskflow.py took 0.072 seconds
[2024-10-31T22:46:53.445+0000] {processor.py:186} INFO - Started process (PID=1306) to work on /home/airflow/.local/lib/python3.12/site-packages/airflow/example_dags/example_setup_teardown_taskflow.py
[2024-10-31T22:46:53.448+0000] {processor.py:914} INFO - Processing file /home/airflow/.local/lib/python3.12/site-packages/airflow/example_dags/example_setup_teardown_taskflow.py for tasks to queue
[2024-10-31T22:46:53.452+0000] {logging_mixin.py:190} INFO - [2024-10-31T22:46:53.451+0000] {dagbag.py:588} INFO - Filling up the DagBag from /home/airflow/.local/lib/python3.12/site-packages/airflow/example_dags/example_setup_teardown_taskflow.py
[2024-10-31T22:46:53.463+0000] {processor.py:925} INFO - DAG(s) 'example_setup_teardown_taskflow' retrieved from /home/airflow/.local/lib/python3.12/site-packages/airflow/example_dags/example_setup_teardown_taskflow.py
[2024-10-31T22:46:53.487+0000] {logging_mixin.py:190} INFO - [2024-10-31T22:46:53.487+0000] {dag.py:3239} INFO - Sync 1 DAGs
[2024-10-31T22:46:53.500+0000] {logging_mixin.py:190} INFO - [2024-10-31T22:46:53.500+0000] {dag.py:4180} INFO - Setting next_dagrun for example_setup_teardown_taskflow to None, run_after=None
[2024-10-31T22:46:53.516+0000] {processor.py:208} INFO - Processing /home/airflow/.local/lib/python3.12/site-packages/airflow/example_dags/example_setup_teardown_taskflow.py took 0.080 seconds
[2024-10-31T22:47:24.018+0000] {processor.py:186} INFO - Started process (PID=1595) to work on /home/airflow/.local/lib/python3.12/site-packages/airflow/example_dags/example_setup_teardown_taskflow.py
[2024-10-31T22:47:24.025+0000] {processor.py:914} INFO - Processing file /home/airflow/.local/lib/python3.12/site-packages/airflow/example_dags/example_setup_teardown_taskflow.py for tasks to queue
[2024-10-31T22:47:24.039+0000] {logging_mixin.py:190} INFO - [2024-10-31T22:47:24.038+0000] {dagbag.py:588} INFO - Filling up the DagBag from /home/airflow/.local/lib/python3.12/site-packages/airflow/example_dags/example_setup_teardown_taskflow.py
[2024-10-31T22:47:24.117+0000] {processor.py:925} INFO - DAG(s) 'example_setup_teardown_taskflow' retrieved from /home/airflow/.local/lib/python3.12/site-packages/airflow/example_dags/example_setup_teardown_taskflow.py
[2024-10-31T22:47:24.240+0000] {logging_mixin.py:190} INFO - [2024-10-31T22:47:24.239+0000] {dag.py:3239} INFO - Sync 1 DAGs
[2024-10-31T22:47:24.367+0000] {logging_mixin.py:190} INFO - [2024-10-31T22:47:24.366+0000] {dag.py:4180} INFO - Setting next_dagrun for example_setup_teardown_taskflow to None, run_after=None
[2024-10-31T22:47:24.455+0000] {processor.py:208} INFO - Processing /home/airflow/.local/lib/python3.12/site-packages/airflow/example_dags/example_setup_teardown_taskflow.py took 0.471 seconds
[2024-10-31T22:48:26.918+0000] {processor.py:186} INFO - Started process (PID=434) to work on /home/airflow/.local/lib/python3.12/site-packages/airflow/example_dags/example_setup_teardown_taskflow.py
[2024-10-31T22:48:26.924+0000] {processor.py:914} INFO - Processing file /home/airflow/.local/lib/python3.12/site-packages/airflow/example_dags/example_setup_teardown_taskflow.py for tasks to queue
[2024-10-31T22:48:26.926+0000] {logging_mixin.py:190} INFO - [2024-10-31T22:48:26.926+0000] {dagbag.py:588} INFO - Filling up the DagBag from /home/airflow/.local/lib/python3.12/site-packages/airflow/example_dags/example_setup_teardown_taskflow.py
[2024-10-31T22:48:26.933+0000] {processor.py:925} INFO - DAG(s) 'example_setup_teardown_taskflow' retrieved from /home/airflow/.local/lib/python3.12/site-packages/airflow/example_dags/example_setup_teardown_taskflow.py
[2024-10-31T22:48:26.955+0000] {logging_mixin.py:190} INFO - [2024-10-31T22:48:26.955+0000] {dag.py:3239} INFO - Sync 1 DAGs
[2024-10-31T22:48:26.972+0000] {logging_mixin.py:190} INFO - [2024-10-31T22:48:26.972+0000] {dag.py:4180} INFO - Setting next_dagrun for example_setup_teardown_taskflow to None, run_after=None
[2024-10-31T22:48:27.009+0000] {processor.py:208} INFO - Processing /home/airflow/.local/lib/python3.12/site-packages/airflow/example_dags/example_setup_teardown_taskflow.py took 0.096 seconds
[2024-10-31T22:48:57.260+0000] {processor.py:186} INFO - Started process (PID=720) to work on /home/airflow/.local/lib/python3.12/site-packages/airflow/example_dags/example_setup_teardown_taskflow.py
[2024-10-31T22:48:57.261+0000] {processor.py:914} INFO - Processing file /home/airflow/.local/lib/python3.12/site-packages/airflow/example_dags/example_setup_teardown_taskflow.py for tasks to queue
[2024-10-31T22:48:57.262+0000] {logging_mixin.py:190} INFO - [2024-10-31T22:48:57.262+0000] {dagbag.py:588} INFO - Filling up the DagBag from /home/airflow/.local/lib/python3.12/site-packages/airflow/example_dags/example_setup_teardown_taskflow.py
[2024-10-31T22:48:57.271+0000] {processor.py:925} INFO - DAG(s) 'example_setup_teardown_taskflow' retrieved from /home/airflow/.local/lib/python3.12/site-packages/airflow/example_dags/example_setup_teardown_taskflow.py
[2024-10-31T22:48:57.289+0000] {logging_mixin.py:190} INFO - [2024-10-31T22:48:57.289+0000] {dag.py:3239} INFO - Sync 1 DAGs
[2024-10-31T22:48:57.301+0000] {logging_mixin.py:190} INFO - [2024-10-31T22:48:57.301+0000] {dag.py:4180} INFO - Setting next_dagrun for example_setup_teardown_taskflow to None, run_after=None
[2024-10-31T22:48:57.318+0000] {processor.py:208} INFO - Processing /home/airflow/.local/lib/python3.12/site-packages/airflow/example_dags/example_setup_teardown_taskflow.py took 0.061 seconds
[2024-10-31T22:49:28.294+0000] {processor.py:186} INFO - Started process (PID=1016) to work on /home/airflow/.local/lib/python3.12/site-packages/airflow/example_dags/example_setup_teardown_taskflow.py
[2024-10-31T22:49:28.296+0000] {processor.py:914} INFO - Processing file /home/airflow/.local/lib/python3.12/site-packages/airflow/example_dags/example_setup_teardown_taskflow.py for tasks to queue
[2024-10-31T22:49:28.297+0000] {logging_mixin.py:190} INFO - [2024-10-31T22:49:28.297+0000] {dagbag.py:588} INFO - Filling up the DagBag from /home/airflow/.local/lib/python3.12/site-packages/airflow/example_dags/example_setup_teardown_taskflow.py
[2024-10-31T22:49:28.304+0000] {processor.py:925} INFO - DAG(s) 'example_setup_teardown_taskflow' retrieved from /home/airflow/.local/lib/python3.12/site-packages/airflow/example_dags/example_setup_teardown_taskflow.py
[2024-10-31T22:49:28.322+0000] {logging_mixin.py:190} INFO - [2024-10-31T22:49:28.321+0000] {dag.py:3239} INFO - Sync 1 DAGs
[2024-10-31T22:49:28.330+0000] {logging_mixin.py:190} INFO - [2024-10-31T22:49:28.330+0000] {dag.py:4180} INFO - Setting next_dagrun for example_setup_teardown_taskflow to None, run_after=None
[2024-10-31T22:49:28.342+0000] {processor.py:208} INFO - Processing /home/airflow/.local/lib/python3.12/site-packages/airflow/example_dags/example_setup_teardown_taskflow.py took 0.051 seconds
[2024-10-31T22:49:58.567+0000] {processor.py:186} INFO - Started process (PID=1307) to work on /home/airflow/.local/lib/python3.12/site-packages/airflow/example_dags/example_setup_teardown_taskflow.py
[2024-10-31T22:49:58.568+0000] {processor.py:914} INFO - Processing file /home/airflow/.local/lib/python3.12/site-packages/airflow/example_dags/example_setup_teardown_taskflow.py for tasks to queue
[2024-10-31T22:49:58.571+0000] {logging_mixin.py:190} INFO - [2024-10-31T22:49:58.571+0000] {dagbag.py:588} INFO - Filling up the DagBag from /home/airflow/.local/lib/python3.12/site-packages/airflow/example_dags/example_setup_teardown_taskflow.py
[2024-10-31T22:49:58.580+0000] {processor.py:925} INFO - DAG(s) 'example_setup_teardown_taskflow' retrieved from /home/airflow/.local/lib/python3.12/site-packages/airflow/example_dags/example_setup_teardown_taskflow.py
[2024-10-31T22:49:58.596+0000] {logging_mixin.py:190} INFO - [2024-10-31T22:49:58.596+0000] {dag.py:3239} INFO - Sync 1 DAGs
[2024-10-31T22:49:58.604+0000] {logging_mixin.py:190} INFO - [2024-10-31T22:49:58.604+0000] {dag.py:4180} INFO - Setting next_dagrun for example_setup_teardown_taskflow to None, run_after=None
[2024-10-31T22:49:58.616+0000] {processor.py:208} INFO - Processing /home/airflow/.local/lib/python3.12/site-packages/airflow/example_dags/example_setup_teardown_taskflow.py took 0.053 seconds
