[2024-10-31T22:45:10.296+0000] {processor.py:186} INFO - Started process (PID=182) to work on /home/airflow/.local/lib/python3.12/site-packages/airflow/example_dags/example_complex.py
[2024-10-31T22:45:10.299+0000] {processor.py:914} INFO - Processing file /home/airflow/.local/lib/python3.12/site-packages/airflow/example_dags/example_complex.py for tasks to queue
[2024-10-31T22:45:10.310+0000] {logging_mixin.py:190} INFO - [2024-10-31T22:45:10.307+0000] {dagbag.py:588} INFO - Filling up the DagBag from /home/airflow/.local/lib/python3.12/site-packages/airflow/example_dags/example_complex.py
[2024-10-31T22:45:10.344+0000] {processor.py:925} INFO - DAG(s) 'example_complex' retrieved from /home/airflow/.local/lib/python3.12/site-packages/airflow/example_dags/example_complex.py
[2024-10-31T22:45:10.598+0000] {logging_mixin.py:190} INFO - [2024-10-31T22:45:10.597+0000] {override.py:1900} INFO - Created Permission View: can delete on DAG:example_complex
[2024-10-31T22:45:10.611+0000] {logging_mixin.py:190} INFO - [2024-10-31T22:45:10.611+0000] {override.py:1900} INFO - Created Permission View: can read on DAG:example_complex
[2024-10-31T22:45:10.624+0000] {logging_mixin.py:190} INFO - [2024-10-31T22:45:10.624+0000] {override.py:1900} INFO - Created Permission View: can edit on DAG:example_complex
[2024-10-31T22:45:10.629+0000] {logging_mixin.py:190} INFO - [2024-10-31T22:45:10.628+0000] {override.py:1900} INFO - Created Permission View: can create on DAG Run:example_complex
[2024-10-31T22:45:10.634+0000] {logging_mixin.py:190} INFO - [2024-10-31T22:45:10.634+0000] {override.py:1900} INFO - Created Permission View: can delete on DAG Run:example_complex
[2024-10-31T22:45:10.641+0000] {logging_mixin.py:190} INFO - [2024-10-31T22:45:10.641+0000] {override.py:1900} INFO - Created Permission View: can read on DAG Run:example_complex
[2024-10-31T22:45:10.658+0000] {logging_mixin.py:190} INFO - [2024-10-31T22:45:10.657+0000] {override.py:1900} INFO - Created Permission View: menu access on DAG Run:example_complex
[2024-10-31T22:45:10.658+0000] {logging_mixin.py:190} INFO - [2024-10-31T22:45:10.658+0000] {dag.py:3239} INFO - Sync 1 DAGs
[2024-10-31T22:45:10.675+0000] {logging_mixin.py:190} INFO - [2024-10-31T22:45:10.674+0000] {dag.py:3262} INFO - Creating ORM DAG for example_complex
[2024-10-31T22:45:10.676+0000] {logging_mixin.py:190} INFO - [2024-10-31T22:45:10.676+0000] {dag.py:4180} INFO - Setting next_dagrun for example_complex to None, run_after=None
[2024-10-31T22:45:10.699+0000] {processor.py:208} INFO - Processing /home/airflow/.local/lib/python3.12/site-packages/airflow/example_dags/example_complex.py took 0.413 seconds
[2024-10-31T22:45:41.029+0000] {processor.py:186} INFO - Started process (PID=473) to work on /home/airflow/.local/lib/python3.12/site-packages/airflow/example_dags/example_complex.py
[2024-10-31T22:45:41.032+0000] {processor.py:914} INFO - Processing file /home/airflow/.local/lib/python3.12/site-packages/airflow/example_dags/example_complex.py for tasks to queue
[2024-10-31T22:45:41.034+0000] {logging_mixin.py:190} INFO - [2024-10-31T22:45:41.033+0000] {dagbag.py:588} INFO - Filling up the DagBag from /home/airflow/.local/lib/python3.12/site-packages/airflow/example_dags/example_complex.py
[2024-10-31T22:45:41.040+0000] {processor.py:925} INFO - DAG(s) 'example_complex' retrieved from /home/airflow/.local/lib/python3.12/site-packages/airflow/example_dags/example_complex.py
[2024-10-31T22:45:41.060+0000] {logging_mixin.py:190} INFO - [2024-10-31T22:45:41.060+0000] {dag.py:3239} INFO - Sync 1 DAGs
[2024-10-31T22:45:41.068+0000] {logging_mixin.py:190} INFO - [2024-10-31T22:45:41.068+0000] {dag.py:4180} INFO - Setting next_dagrun for example_complex to None, run_after=None
[2024-10-31T22:45:41.076+0000] {processor.py:208} INFO - Processing /home/airflow/.local/lib/python3.12/site-packages/airflow/example_dags/example_complex.py took 0.053 seconds
[2024-10-31T22:46:12.117+0000] {processor.py:186} INFO - Started process (PID=770) to work on /home/airflow/.local/lib/python3.12/site-packages/airflow/example_dags/example_complex.py
[2024-10-31T22:46:12.117+0000] {processor.py:914} INFO - Processing file /home/airflow/.local/lib/python3.12/site-packages/airflow/example_dags/example_complex.py for tasks to queue
[2024-10-31T22:46:12.122+0000] {logging_mixin.py:190} INFO - [2024-10-31T22:46:12.121+0000] {dagbag.py:588} INFO - Filling up the DagBag from /home/airflow/.local/lib/python3.12/site-packages/airflow/example_dags/example_complex.py
[2024-10-31T22:46:12.138+0000] {processor.py:925} INFO - DAG(s) 'example_complex' retrieved from /home/airflow/.local/lib/python3.12/site-packages/airflow/example_dags/example_complex.py
[2024-10-31T22:46:12.213+0000] {logging_mixin.py:190} INFO - [2024-10-31T22:46:12.213+0000] {dag.py:3239} INFO - Sync 1 DAGs
[2024-10-31T22:46:12.238+0000] {logging_mixin.py:190} INFO - [2024-10-31T22:46:12.236+0000] {dag.py:4180} INFO - Setting next_dagrun for example_complex to None, run_after=None
[2024-10-31T22:46:12.326+0000] {processor.py:208} INFO - Processing /home/airflow/.local/lib/python3.12/site-packages/airflow/example_dags/example_complex.py took 0.213 seconds
[2024-10-31T22:46:42.940+0000] {processor.py:186} INFO - Started process (PID=1061) to work on /home/airflow/.local/lib/python3.12/site-packages/airflow/example_dags/example_complex.py
[2024-10-31T22:46:42.941+0000] {processor.py:914} INFO - Processing file /home/airflow/.local/lib/python3.12/site-packages/airflow/example_dags/example_complex.py for tasks to queue
[2024-10-31T22:46:42.944+0000] {logging_mixin.py:190} INFO - [2024-10-31T22:46:42.944+0000] {dagbag.py:588} INFO - Filling up the DagBag from /home/airflow/.local/lib/python3.12/site-packages/airflow/example_dags/example_complex.py
[2024-10-31T22:46:42.951+0000] {processor.py:925} INFO - DAG(s) 'example_complex' retrieved from /home/airflow/.local/lib/python3.12/site-packages/airflow/example_dags/example_complex.py
[2024-10-31T22:46:42.972+0000] {logging_mixin.py:190} INFO - [2024-10-31T22:46:42.972+0000] {dag.py:3239} INFO - Sync 1 DAGs
[2024-10-31T22:46:42.981+0000] {logging_mixin.py:190} INFO - [2024-10-31T22:46:42.981+0000] {dag.py:4180} INFO - Setting next_dagrun for example_complex to None, run_after=None
[2024-10-31T22:46:42.989+0000] {processor.py:208} INFO - Processing /home/airflow/.local/lib/python3.12/site-packages/airflow/example_dags/example_complex.py took 0.054 seconds
[2024-10-31T22:47:14.040+0000] {processor.py:186} INFO - Started process (PID=1352) to work on /home/airflow/.local/lib/python3.12/site-packages/airflow/example_dags/example_complex.py
[2024-10-31T22:47:14.042+0000] {processor.py:914} INFO - Processing file /home/airflow/.local/lib/python3.12/site-packages/airflow/example_dags/example_complex.py for tasks to queue
[2024-10-31T22:47:14.043+0000] {logging_mixin.py:190} INFO - [2024-10-31T22:47:14.043+0000] {dagbag.py:588} INFO - Filling up the DagBag from /home/airflow/.local/lib/python3.12/site-packages/airflow/example_dags/example_complex.py
[2024-10-31T22:47:14.052+0000] {processor.py:925} INFO - DAG(s) 'example_complex' retrieved from /home/airflow/.local/lib/python3.12/site-packages/airflow/example_dags/example_complex.py
[2024-10-31T22:47:14.071+0000] {logging_mixin.py:190} INFO - [2024-10-31T22:47:14.071+0000] {dag.py:3239} INFO - Sync 1 DAGs
[2024-10-31T22:47:14.085+0000] {logging_mixin.py:190} INFO - [2024-10-31T22:47:14.085+0000] {dag.py:4180} INFO - Setting next_dagrun for example_complex to None, run_after=None
[2024-10-31T22:47:14.104+0000] {processor.py:208} INFO - Processing /home/airflow/.local/lib/python3.12/site-packages/airflow/example_dags/example_complex.py took 0.069 seconds
[2024-10-31T22:48:22.521+0000] {processor.py:186} INFO - Started process (PID=183) to work on /home/airflow/.local/lib/python3.12/site-packages/airflow/example_dags/example_complex.py
[2024-10-31T22:48:22.526+0000] {processor.py:914} INFO - Processing file /home/airflow/.local/lib/python3.12/site-packages/airflow/example_dags/example_complex.py for tasks to queue
[2024-10-31T22:48:22.527+0000] {logging_mixin.py:190} INFO - [2024-10-31T22:48:22.527+0000] {dagbag.py:588} INFO - Filling up the DagBag from /home/airflow/.local/lib/python3.12/site-packages/airflow/example_dags/example_complex.py
[2024-10-31T22:48:22.540+0000] {processor.py:925} INFO - DAG(s) 'example_complex' retrieved from /home/airflow/.local/lib/python3.12/site-packages/airflow/example_dags/example_complex.py
[2024-10-31T22:48:22.600+0000] {logging_mixin.py:190} INFO - [2024-10-31T22:48:22.600+0000] {dag.py:3239} INFO - Sync 1 DAGs
[2024-10-31T22:48:22.619+0000] {logging_mixin.py:190} INFO - [2024-10-31T22:48:22.619+0000] {dag.py:4180} INFO - Setting next_dagrun for example_complex to None, run_after=None
[2024-10-31T22:48:22.641+0000] {processor.py:208} INFO - Processing /home/airflow/.local/lib/python3.12/site-packages/airflow/example_dags/example_complex.py took 0.128 seconds
[2024-10-31T22:48:53.597+0000] {processor.py:186} INFO - Started process (PID=474) to work on /home/airflow/.local/lib/python3.12/site-packages/airflow/example_dags/example_complex.py
[2024-10-31T22:48:53.598+0000] {processor.py:914} INFO - Processing file /home/airflow/.local/lib/python3.12/site-packages/airflow/example_dags/example_complex.py for tasks to queue
[2024-10-31T22:48:53.600+0000] {logging_mixin.py:190} INFO - [2024-10-31T22:48:53.600+0000] {dagbag.py:588} INFO - Filling up the DagBag from /home/airflow/.local/lib/python3.12/site-packages/airflow/example_dags/example_complex.py
[2024-10-31T22:48:53.617+0000] {processor.py:925} INFO - DAG(s) 'example_complex' retrieved from /home/airflow/.local/lib/python3.12/site-packages/airflow/example_dags/example_complex.py
[2024-10-31T22:48:53.649+0000] {logging_mixin.py:190} INFO - [2024-10-31T22:48:53.649+0000] {dag.py:3239} INFO - Sync 1 DAGs
[2024-10-31T22:48:53.659+0000] {logging_mixin.py:190} INFO - [2024-10-31T22:48:53.659+0000] {dag.py:4180} INFO - Setting next_dagrun for example_complex to None, run_after=None
[2024-10-31T22:48:53.678+0000] {processor.py:208} INFO - Processing /home/airflow/.local/lib/python3.12/site-packages/airflow/example_dags/example_complex.py took 0.086 seconds
[2024-10-31T22:49:23.874+0000] {processor.py:186} INFO - Started process (PID=765) to work on /home/airflow/.local/lib/python3.12/site-packages/airflow/example_dags/example_complex.py
[2024-10-31T22:49:23.875+0000] {processor.py:914} INFO - Processing file /home/airflow/.local/lib/python3.12/site-packages/airflow/example_dags/example_complex.py for tasks to queue
[2024-10-31T22:49:23.878+0000] {logging_mixin.py:190} INFO - [2024-10-31T22:49:23.878+0000] {dagbag.py:588} INFO - Filling up the DagBag from /home/airflow/.local/lib/python3.12/site-packages/airflow/example_dags/example_complex.py
[2024-10-31T22:49:23.893+0000] {processor.py:925} INFO - DAG(s) 'example_complex' retrieved from /home/airflow/.local/lib/python3.12/site-packages/airflow/example_dags/example_complex.py
[2024-10-31T22:49:23.928+0000] {logging_mixin.py:190} INFO - [2024-10-31T22:49:23.928+0000] {dag.py:3239} INFO - Sync 1 DAGs
[2024-10-31T22:49:23.941+0000] {logging_mixin.py:190} INFO - [2024-10-31T22:49:23.941+0000] {dag.py:4180} INFO - Setting next_dagrun for example_complex to None, run_after=None
[2024-10-31T22:49:23.957+0000] {processor.py:208} INFO - Processing /home/airflow/.local/lib/python3.12/site-packages/airflow/example_dags/example_complex.py took 0.090 seconds
[2024-10-31T22:49:54.838+0000] {processor.py:186} INFO - Started process (PID=1056) to work on /home/airflow/.local/lib/python3.12/site-packages/airflow/example_dags/example_complex.py
[2024-10-31T22:49:54.840+0000] {processor.py:914} INFO - Processing file /home/airflow/.local/lib/python3.12/site-packages/airflow/example_dags/example_complex.py for tasks to queue
[2024-10-31T22:49:54.848+0000] {logging_mixin.py:190} INFO - [2024-10-31T22:49:54.847+0000] {dagbag.py:588} INFO - Filling up the DagBag from /home/airflow/.local/lib/python3.12/site-packages/airflow/example_dags/example_complex.py
[2024-10-31T22:49:54.866+0000] {processor.py:925} INFO - DAG(s) 'example_complex' retrieved from /home/airflow/.local/lib/python3.12/site-packages/airflow/example_dags/example_complex.py
[2024-10-31T22:49:54.892+0000] {logging_mixin.py:190} INFO - [2024-10-31T22:49:54.892+0000] {dag.py:3239} INFO - Sync 1 DAGs
[2024-10-31T22:49:54.903+0000] {logging_mixin.py:190} INFO - [2024-10-31T22:49:54.902+0000] {dag.py:4180} INFO - Setting next_dagrun for example_complex to None, run_after=None
[2024-10-31T22:49:54.918+0000] {processor.py:208} INFO - Processing /home/airflow/.local/lib/python3.12/site-packages/airflow/example_dags/example_complex.py took 0.086 seconds
