[2024-10-31T22:45:13.313+0000] {processor.py:186} INFO - Started process (PID=263) to work on /home/airflow/.local/lib/python3.12/site-packages/airflow/example_dags/example_bash_decorator.py
[2024-10-31T22:45:13.314+0000] {processor.py:914} INFO - Processing file /home/airflow/.local/lib/python3.12/site-packages/airflow/example_dags/example_bash_decorator.py for tasks to queue
[2024-10-31T22:45:13.315+0000] {logging_mixin.py:190} INFO - [2024-10-31T22:45:13.315+0000] {dagbag.py:588} INFO - Filling up the DagBag from /home/airflow/.local/lib/python3.12/site-packages/airflow/example_dags/example_bash_decorator.py
[2024-10-31T22:45:13.324+0000] {processor.py:925} INFO - DAG(s) 'example_bash_decorator' retrieved from /home/airflow/.local/lib/python3.12/site-packages/airflow/example_dags/example_bash_decorator.py
[2024-10-31T22:45:13.392+0000] {logging_mixin.py:190} INFO - [2024-10-31T22:45:13.391+0000] {override.py:1900} INFO - Created Permission View: can delete on DAG:example_bash_decorator
[2024-10-31T22:45:13.400+0000] {logging_mixin.py:190} INFO - [2024-10-31T22:45:13.399+0000] {override.py:1900} INFO - Created Permission View: can read on DAG:example_bash_decorator
[2024-10-31T22:45:13.407+0000] {logging_mixin.py:190} INFO - [2024-10-31T22:45:13.407+0000] {override.py:1900} INFO - Created Permission View: can edit on DAG:example_bash_decorator
[2024-10-31T22:45:13.411+0000] {logging_mixin.py:190} INFO - [2024-10-31T22:45:13.411+0000] {override.py:1900} INFO - Created Permission View: can create on DAG Run:example_bash_decorator
[2024-10-31T22:45:13.415+0000] {logging_mixin.py:190} INFO - [2024-10-31T22:45:13.415+0000] {override.py:1900} INFO - Created Permission View: can delete on DAG Run:example_bash_decorator
[2024-10-31T22:45:13.422+0000] {logging_mixin.py:190} INFO - [2024-10-31T22:45:13.421+0000] {override.py:1900} INFO - Created Permission View: can read on DAG Run:example_bash_decorator
[2024-10-31T22:45:13.431+0000] {logging_mixin.py:190} INFO - [2024-10-31T22:45:13.431+0000] {override.py:1900} INFO - Created Permission View: menu access on DAG Run:example_bash_decorator
[2024-10-31T22:45:13.431+0000] {logging_mixin.py:190} INFO - [2024-10-31T22:45:13.431+0000] {dag.py:3239} INFO - Sync 1 DAGs
[2024-10-31T22:45:13.446+0000] {logging_mixin.py:190} INFO - [2024-10-31T22:45:13.446+0000] {dag.py:3262} INFO - Creating ORM DAG for example_bash_decorator
[2024-10-31T22:45:13.447+0000] {logging_mixin.py:190} INFO - [2024-10-31T22:45:13.446+0000] {dag.py:4180} INFO - Setting next_dagrun for example_bash_decorator to None, run_after=None
[2024-10-31T22:45:13.463+0000] {processor.py:208} INFO - Processing /home/airflow/.local/lib/python3.12/site-packages/airflow/example_dags/example_bash_decorator.py took 0.154 seconds
[2024-10-31T22:45:43.694+0000] {processor.py:186} INFO - Started process (PID=554) to work on /home/airflow/.local/lib/python3.12/site-packages/airflow/example_dags/example_bash_decorator.py
[2024-10-31T22:45:43.695+0000] {processor.py:914} INFO - Processing file /home/airflow/.local/lib/python3.12/site-packages/airflow/example_dags/example_bash_decorator.py for tasks to queue
[2024-10-31T22:45:43.696+0000] {logging_mixin.py:190} INFO - [2024-10-31T22:45:43.696+0000] {dagbag.py:588} INFO - Filling up the DagBag from /home/airflow/.local/lib/python3.12/site-packages/airflow/example_dags/example_bash_decorator.py
[2024-10-31T22:45:43.704+0000] {processor.py:925} INFO - DAG(s) 'example_bash_decorator' retrieved from /home/airflow/.local/lib/python3.12/site-packages/airflow/example_dags/example_bash_decorator.py
[2024-10-31T22:45:43.718+0000] {logging_mixin.py:190} INFO - [2024-10-31T22:45:43.718+0000] {dag.py:3239} INFO - Sync 1 DAGs
[2024-10-31T22:45:43.727+0000] {logging_mixin.py:190} INFO - [2024-10-31T22:45:43.727+0000] {dag.py:4180} INFO - Setting next_dagrun for example_bash_decorator to None, run_after=None
[2024-10-31T22:45:43.742+0000] {processor.py:208} INFO - Processing /home/airflow/.local/lib/python3.12/site-packages/airflow/example_dags/example_bash_decorator.py took 0.052 seconds
[2024-10-31T22:46:14.192+0000] {processor.py:186} INFO - Started process (PID=845) to work on /home/airflow/.local/lib/python3.12/site-packages/airflow/example_dags/example_bash_decorator.py
[2024-10-31T22:46:14.194+0000] {processor.py:914} INFO - Processing file /home/airflow/.local/lib/python3.12/site-packages/airflow/example_dags/example_bash_decorator.py for tasks to queue
[2024-10-31T22:46:14.198+0000] {logging_mixin.py:190} INFO - [2024-10-31T22:46:14.197+0000] {dagbag.py:588} INFO - Filling up the DagBag from /home/airflow/.local/lib/python3.12/site-packages/airflow/example_dags/example_bash_decorator.py
[2024-10-31T22:46:14.216+0000] {processor.py:925} INFO - DAG(s) 'example_bash_decorator' retrieved from /home/airflow/.local/lib/python3.12/site-packages/airflow/example_dags/example_bash_decorator.py
[2024-10-31T22:46:14.233+0000] {logging_mixin.py:190} INFO - [2024-10-31T22:46:14.232+0000] {dag.py:3239} INFO - Sync 1 DAGs
[2024-10-31T22:46:14.243+0000] {logging_mixin.py:190} INFO - [2024-10-31T22:46:14.243+0000] {dag.py:4180} INFO - Setting next_dagrun for example_bash_decorator to None, run_after=None
[2024-10-31T22:46:14.258+0000] {processor.py:208} INFO - Processing /home/airflow/.local/lib/python3.12/site-packages/airflow/example_dags/example_bash_decorator.py took 0.070 seconds
[2024-10-31T22:46:44.647+0000] {processor.py:186} INFO - Started process (PID=1136) to work on /home/airflow/.local/lib/python3.12/site-packages/airflow/example_dags/example_bash_decorator.py
[2024-10-31T22:46:44.648+0000] {processor.py:914} INFO - Processing file /home/airflow/.local/lib/python3.12/site-packages/airflow/example_dags/example_bash_decorator.py for tasks to queue
[2024-10-31T22:46:44.649+0000] {logging_mixin.py:190} INFO - [2024-10-31T22:46:44.649+0000] {dagbag.py:588} INFO - Filling up the DagBag from /home/airflow/.local/lib/python3.12/site-packages/airflow/example_dags/example_bash_decorator.py
[2024-10-31T22:46:44.657+0000] {processor.py:925} INFO - DAG(s) 'example_bash_decorator' retrieved from /home/airflow/.local/lib/python3.12/site-packages/airflow/example_dags/example_bash_decorator.py
[2024-10-31T22:46:44.675+0000] {logging_mixin.py:190} INFO - [2024-10-31T22:46:44.675+0000] {dag.py:3239} INFO - Sync 1 DAGs
[2024-10-31T22:46:44.684+0000] {logging_mixin.py:190} INFO - [2024-10-31T22:46:44.684+0000] {dag.py:4180} INFO - Setting next_dagrun for example_bash_decorator to None, run_after=None
[2024-10-31T22:46:44.694+0000] {processor.py:208} INFO - Processing /home/airflow/.local/lib/python3.12/site-packages/airflow/example_dags/example_bash_decorator.py took 0.050 seconds
[2024-10-31T22:47:14.837+0000] {processor.py:186} INFO - Started process (PID=1427) to work on /home/airflow/.local/lib/python3.12/site-packages/airflow/example_dags/example_bash_decorator.py
[2024-10-31T22:47:14.837+0000] {processor.py:914} INFO - Processing file /home/airflow/.local/lib/python3.12/site-packages/airflow/example_dags/example_bash_decorator.py for tasks to queue
[2024-10-31T22:47:14.839+0000] {logging_mixin.py:190} INFO - [2024-10-31T22:47:14.839+0000] {dagbag.py:588} INFO - Filling up the DagBag from /home/airflow/.local/lib/python3.12/site-packages/airflow/example_dags/example_bash_decorator.py
[2024-10-31T22:47:14.847+0000] {processor.py:925} INFO - DAG(s) 'example_bash_decorator' retrieved from /home/airflow/.local/lib/python3.12/site-packages/airflow/example_dags/example_bash_decorator.py
[2024-10-31T22:47:14.863+0000] {logging_mixin.py:190} INFO - [2024-10-31T22:47:14.863+0000] {dag.py:3239} INFO - Sync 1 DAGs
[2024-10-31T22:47:14.870+0000] {logging_mixin.py:190} INFO - [2024-10-31T22:47:14.870+0000] {dag.py:4180} INFO - Setting next_dagrun for example_bash_decorator to None, run_after=None
[2024-10-31T22:47:14.882+0000] {processor.py:208} INFO - Processing /home/airflow/.local/lib/python3.12/site-packages/airflow/example_dags/example_bash_decorator.py took 0.049 seconds
[2024-10-31T22:48:23.886+0000] {processor.py:186} INFO - Started process (PID=258) to work on /home/airflow/.local/lib/python3.12/site-packages/airflow/example_dags/example_bash_decorator.py
[2024-10-31T22:48:23.891+0000] {processor.py:914} INFO - Processing file /home/airflow/.local/lib/python3.12/site-packages/airflow/example_dags/example_bash_decorator.py for tasks to queue
[2024-10-31T22:48:23.893+0000] {logging_mixin.py:190} INFO - [2024-10-31T22:48:23.892+0000] {dagbag.py:588} INFO - Filling up the DagBag from /home/airflow/.local/lib/python3.12/site-packages/airflow/example_dags/example_bash_decorator.py
[2024-10-31T22:48:23.903+0000] {processor.py:925} INFO - DAG(s) 'example_bash_decorator' retrieved from /home/airflow/.local/lib/python3.12/site-packages/airflow/example_dags/example_bash_decorator.py
[2024-10-31T22:48:23.986+0000] {logging_mixin.py:190} INFO - [2024-10-31T22:48:23.986+0000] {dag.py:3239} INFO - Sync 1 DAGs
[2024-10-31T22:48:23.993+0000] {logging_mixin.py:190} INFO - [2024-10-31T22:48:23.993+0000] {dag.py:4180} INFO - Setting next_dagrun for example_bash_decorator to None, run_after=None
[2024-10-31T22:48:24.006+0000] {processor.py:208} INFO - Processing /home/airflow/.local/lib/python3.12/site-packages/airflow/example_dags/example_bash_decorator.py took 0.127 seconds
[2024-10-31T22:48:54.424+0000] {processor.py:186} INFO - Started process (PID=549) to work on /home/airflow/.local/lib/python3.12/site-packages/airflow/example_dags/example_bash_decorator.py
[2024-10-31T22:48:54.427+0000] {processor.py:914} INFO - Processing file /home/airflow/.local/lib/python3.12/site-packages/airflow/example_dags/example_bash_decorator.py for tasks to queue
[2024-10-31T22:48:54.429+0000] {logging_mixin.py:190} INFO - [2024-10-31T22:48:54.429+0000] {dagbag.py:588} INFO - Filling up the DagBag from /home/airflow/.local/lib/python3.12/site-packages/airflow/example_dags/example_bash_decorator.py
[2024-10-31T22:48:54.439+0000] {processor.py:925} INFO - DAG(s) 'example_bash_decorator' retrieved from /home/airflow/.local/lib/python3.12/site-packages/airflow/example_dags/example_bash_decorator.py
[2024-10-31T22:48:54.464+0000] {logging_mixin.py:190} INFO - [2024-10-31T22:48:54.464+0000] {dag.py:3239} INFO - Sync 1 DAGs
[2024-10-31T22:48:54.476+0000] {logging_mixin.py:190} INFO - [2024-10-31T22:48:54.476+0000] {dag.py:4180} INFO - Setting next_dagrun for example_bash_decorator to None, run_after=None
[2024-10-31T22:48:54.495+0000] {processor.py:208} INFO - Processing /home/airflow/.local/lib/python3.12/site-packages/airflow/example_dags/example_bash_decorator.py took 0.076 seconds
[2024-10-31T22:49:24.646+0000] {processor.py:186} INFO - Started process (PID=840) to work on /home/airflow/.local/lib/python3.12/site-packages/airflow/example_dags/example_bash_decorator.py
[2024-10-31T22:49:24.648+0000] {processor.py:914} INFO - Processing file /home/airflow/.local/lib/python3.12/site-packages/airflow/example_dags/example_bash_decorator.py for tasks to queue
[2024-10-31T22:49:24.651+0000] {logging_mixin.py:190} INFO - [2024-10-31T22:49:24.651+0000] {dagbag.py:588} INFO - Filling up the DagBag from /home/airflow/.local/lib/python3.12/site-packages/airflow/example_dags/example_bash_decorator.py
[2024-10-31T22:49:24.661+0000] {processor.py:925} INFO - DAG(s) 'example_bash_decorator' retrieved from /home/airflow/.local/lib/python3.12/site-packages/airflow/example_dags/example_bash_decorator.py
[2024-10-31T22:49:24.677+0000] {logging_mixin.py:190} INFO - [2024-10-31T22:49:24.677+0000] {dag.py:3239} INFO - Sync 1 DAGs
[2024-10-31T22:49:24.684+0000] {logging_mixin.py:190} INFO - [2024-10-31T22:49:24.684+0000] {dag.py:4180} INFO - Setting next_dagrun for example_bash_decorator to None, run_after=None
[2024-10-31T22:49:24.696+0000] {processor.py:208} INFO - Processing /home/airflow/.local/lib/python3.12/site-packages/airflow/example_dags/example_bash_decorator.py took 0.054 seconds
[2024-10-31T22:49:55.746+0000] {processor.py:186} INFO - Started process (PID=1139) to work on /home/airflow/.local/lib/python3.12/site-packages/airflow/example_dags/example_bash_decorator.py
[2024-10-31T22:49:55.748+0000] {processor.py:914} INFO - Processing file /home/airflow/.local/lib/python3.12/site-packages/airflow/example_dags/example_bash_decorator.py for tasks to queue
[2024-10-31T22:49:55.750+0000] {logging_mixin.py:190} INFO - [2024-10-31T22:49:55.749+0000] {dagbag.py:588} INFO - Filling up the DagBag from /home/airflow/.local/lib/python3.12/site-packages/airflow/example_dags/example_bash_decorator.py
[2024-10-31T22:49:55.758+0000] {processor.py:925} INFO - DAG(s) 'example_bash_decorator' retrieved from /home/airflow/.local/lib/python3.12/site-packages/airflow/example_dags/example_bash_decorator.py
[2024-10-31T22:49:55.777+0000] {logging_mixin.py:190} INFO - [2024-10-31T22:49:55.776+0000] {dag.py:3239} INFO - Sync 1 DAGs
[2024-10-31T22:49:55.786+0000] {logging_mixin.py:190} INFO - [2024-10-31T22:49:55.786+0000] {dag.py:4180} INFO - Setting next_dagrun for example_bash_decorator to None, run_after=None
[2024-10-31T22:49:55.797+0000] {processor.py:208} INFO - Processing /home/airflow/.local/lib/python3.12/site-packages/airflow/example_dags/example_bash_decorator.py took 0.054 seconds
[2024-10-31T22:50:26.032+0000] {processor.py:186} INFO - Started process (PID=1427) to work on /home/airflow/.local/lib/python3.12/site-packages/airflow/example_dags/example_bash_decorator.py
[2024-10-31T22:50:26.034+0000] {processor.py:914} INFO - Processing file /home/airflow/.local/lib/python3.12/site-packages/airflow/example_dags/example_bash_decorator.py for tasks to queue
[2024-10-31T22:50:26.035+0000] {logging_mixin.py:190} INFO - [2024-10-31T22:50:26.035+0000] {dagbag.py:588} INFO - Filling up the DagBag from /home/airflow/.local/lib/python3.12/site-packages/airflow/example_dags/example_bash_decorator.py
[2024-10-31T22:50:26.044+0000] {processor.py:925} INFO - DAG(s) 'example_bash_decorator' retrieved from /home/airflow/.local/lib/python3.12/site-packages/airflow/example_dags/example_bash_decorator.py
[2024-10-31T22:50:26.062+0000] {logging_mixin.py:190} INFO - [2024-10-31T22:50:26.061+0000] {dag.py:3239} INFO - Sync 1 DAGs
[2024-10-31T22:50:26.072+0000] {logging_mixin.py:190} INFO - [2024-10-31T22:50:26.072+0000] {dag.py:4180} INFO - Setting next_dagrun for example_bash_decorator to None, run_after=None
[2024-10-31T22:50:26.086+0000] {processor.py:208} INFO - Processing /home/airflow/.local/lib/python3.12/site-packages/airflow/example_dags/example_bash_decorator.py took 0.058 seconds
[2024-10-31T22:50:56.963+0000] {processor.py:186} INFO - Started process (PID=1718) to work on /home/airflow/.local/lib/python3.12/site-packages/airflow/example_dags/example_bash_decorator.py
[2024-10-31T22:50:56.966+0000] {processor.py:914} INFO - Processing file /home/airflow/.local/lib/python3.12/site-packages/airflow/example_dags/example_bash_decorator.py for tasks to queue
[2024-10-31T22:50:56.967+0000] {logging_mixin.py:190} INFO - [2024-10-31T22:50:56.967+0000] {dagbag.py:588} INFO - Filling up the DagBag from /home/airflow/.local/lib/python3.12/site-packages/airflow/example_dags/example_bash_decorator.py
[2024-10-31T22:50:56.979+0000] {processor.py:925} INFO - DAG(s) 'example_bash_decorator' retrieved from /home/airflow/.local/lib/python3.12/site-packages/airflow/example_dags/example_bash_decorator.py
[2024-10-31T22:50:56.997+0000] {logging_mixin.py:190} INFO - [2024-10-31T22:50:56.997+0000] {dag.py:3239} INFO - Sync 1 DAGs
[2024-10-31T22:50:57.006+0000] {logging_mixin.py:190} INFO - [2024-10-31T22:50:57.006+0000] {dag.py:4180} INFO - Setting next_dagrun for example_bash_decorator to None, run_after=None
[2024-10-31T22:50:57.021+0000] {processor.py:208} INFO - Processing /home/airflow/.local/lib/python3.12/site-packages/airflow/example_dags/example_bash_decorator.py took 0.062 seconds
[2024-10-31T22:51:27.511+0000] {processor.py:186} INFO - Started process (PID=2009) to work on /home/airflow/.local/lib/python3.12/site-packages/airflow/example_dags/example_bash_decorator.py
[2024-10-31T22:51:27.512+0000] {processor.py:914} INFO - Processing file /home/airflow/.local/lib/python3.12/site-packages/airflow/example_dags/example_bash_decorator.py for tasks to queue
[2024-10-31T22:51:27.514+0000] {logging_mixin.py:190} INFO - [2024-10-31T22:51:27.514+0000] {dagbag.py:588} INFO - Filling up the DagBag from /home/airflow/.local/lib/python3.12/site-packages/airflow/example_dags/example_bash_decorator.py
[2024-10-31T22:51:27.522+0000] {processor.py:925} INFO - DAG(s) 'example_bash_decorator' retrieved from /home/airflow/.local/lib/python3.12/site-packages/airflow/example_dags/example_bash_decorator.py
[2024-10-31T22:51:27.542+0000] {logging_mixin.py:190} INFO - [2024-10-31T22:51:27.541+0000] {dag.py:3239} INFO - Sync 1 DAGs
[2024-10-31T22:51:27.553+0000] {logging_mixin.py:190} INFO - [2024-10-31T22:51:27.553+0000] {dag.py:4180} INFO - Setting next_dagrun for example_bash_decorator to None, run_after=None
[2024-10-31T22:51:27.582+0000] {processor.py:208} INFO - Processing /home/airflow/.local/lib/python3.12/site-packages/airflow/example_dags/example_bash_decorator.py took 0.075 seconds
[2024-10-31T22:51:58.942+0000] {processor.py:186} INFO - Started process (PID=2300) to work on /home/airflow/.local/lib/python3.12/site-packages/airflow/example_dags/example_bash_decorator.py
[2024-10-31T22:51:58.943+0000] {processor.py:914} INFO - Processing file /home/airflow/.local/lib/python3.12/site-packages/airflow/example_dags/example_bash_decorator.py for tasks to queue
[2024-10-31T22:51:58.946+0000] {logging_mixin.py:190} INFO - [2024-10-31T22:51:58.945+0000] {dagbag.py:588} INFO - Filling up the DagBag from /home/airflow/.local/lib/python3.12/site-packages/airflow/example_dags/example_bash_decorator.py
[2024-10-31T22:51:58.979+0000] {processor.py:925} INFO - DAG(s) 'example_bash_decorator' retrieved from /home/airflow/.local/lib/python3.12/site-packages/airflow/example_dags/example_bash_decorator.py
[2024-10-31T22:51:59.060+0000] {logging_mixin.py:190} INFO - [2024-10-31T22:51:59.060+0000] {dag.py:3239} INFO - Sync 1 DAGs
[2024-10-31T22:51:59.072+0000] {logging_mixin.py:190} INFO - [2024-10-31T22:51:59.072+0000] {dag.py:4180} INFO - Setting next_dagrun for example_bash_decorator to None, run_after=None
[2024-10-31T22:51:59.089+0000] {processor.py:208} INFO - Processing /home/airflow/.local/lib/python3.12/site-packages/airflow/example_dags/example_bash_decorator.py took 0.151 seconds
[2024-10-31T22:52:29.843+0000] {processor.py:186} INFO - Started process (PID=2593) to work on /home/airflow/.local/lib/python3.12/site-packages/airflow/example_dags/example_bash_decorator.py
[2024-10-31T22:52:29.844+0000] {processor.py:914} INFO - Processing file /home/airflow/.local/lib/python3.12/site-packages/airflow/example_dags/example_bash_decorator.py for tasks to queue
[2024-10-31T22:52:29.847+0000] {logging_mixin.py:190} INFO - [2024-10-31T22:52:29.847+0000] {dagbag.py:588} INFO - Filling up the DagBag from /home/airflow/.local/lib/python3.12/site-packages/airflow/example_dags/example_bash_decorator.py
[2024-10-31T22:52:29.856+0000] {processor.py:925} INFO - DAG(s) 'example_bash_decorator' retrieved from /home/airflow/.local/lib/python3.12/site-packages/airflow/example_dags/example_bash_decorator.py
[2024-10-31T22:52:29.873+0000] {logging_mixin.py:190} INFO - [2024-10-31T22:52:29.873+0000] {dag.py:3239} INFO - Sync 1 DAGs
[2024-10-31T22:52:29.881+0000] {logging_mixin.py:190} INFO - [2024-10-31T22:52:29.881+0000] {dag.py:4180} INFO - Setting next_dagrun for example_bash_decorator to None, run_after=None
[2024-10-31T22:52:29.890+0000] {processor.py:208} INFO - Processing /home/airflow/.local/lib/python3.12/site-packages/airflow/example_dags/example_bash_decorator.py took 0.053 seconds
