[2024-10-31T22:45:20.108+0000] {processor.py:186} INFO - Started process (PID=413) to work on /home/airflow/.local/lib/python3.12/site-packages/airflow/example_dags/example_inlet_event_extra.py
[2024-10-31T22:45:20.109+0000] {processor.py:914} INFO - Processing file /home/airflow/.local/lib/python3.12/site-packages/airflow/example_dags/example_inlet_event_extra.py for tasks to queue
[2024-10-31T22:45:20.112+0000] {logging_mixin.py:190} INFO - [2024-10-31T22:45:20.112+0000] {dagbag.py:588} INFO - Filling up the DagBag from /home/airflow/.local/lib/python3.12/site-packages/airflow/example_dags/example_inlet_event_extra.py
[2024-10-31T22:45:20.281+0000] {processor.py:925} INFO - DAG(s) 'read_dataset_event_from_classic', 'read_dataset_event' retrieved from /home/airflow/.local/lib/python3.12/site-packages/airflow/example_dags/example_inlet_event_extra.py
[2024-10-31T22:45:20.365+0000] {logging_mixin.py:190} INFO - [2024-10-31T22:45:20.362+0000] {override.py:1900} INFO - Created Permission View: can delete on DAG:read_dataset_event_from_classic
[2024-10-31T22:45:20.411+0000] {logging_mixin.py:190} INFO - [2024-10-31T22:45:20.410+0000] {override.py:1900} INFO - Created Permission View: can read on DAG:read_dataset_event_from_classic
[2024-10-31T22:45:20.445+0000] {logging_mixin.py:190} INFO - [2024-10-31T22:45:20.443+0000] {override.py:1900} INFO - Created Permission View: can edit on DAG:read_dataset_event_from_classic
[2024-10-31T22:45:20.455+0000] {logging_mixin.py:190} INFO - [2024-10-31T22:45:20.455+0000] {override.py:1900} INFO - Created Permission View: can create on DAG Run:read_dataset_event_from_classic
[2024-10-31T22:45:20.464+0000] {logging_mixin.py:190} INFO - [2024-10-31T22:45:20.464+0000] {override.py:1900} INFO - Created Permission View: can delete on DAG Run:read_dataset_event_from_classic
[2024-10-31T22:45:20.475+0000] {logging_mixin.py:190} INFO - [2024-10-31T22:45:20.474+0000] {override.py:1900} INFO - Created Permission View: can read on DAG Run:read_dataset_event_from_classic
[2024-10-31T22:45:20.479+0000] {logging_mixin.py:190} INFO - [2024-10-31T22:45:20.479+0000] {override.py:1900} INFO - Created Permission View: menu access on DAG Run:read_dataset_event_from_classic
[2024-10-31T22:45:20.493+0000] {logging_mixin.py:190} INFO - [2024-10-31T22:45:20.493+0000] {override.py:1900} INFO - Created Permission View: can delete on DAG:read_dataset_event
[2024-10-31T22:45:20.503+0000] {logging_mixin.py:190} INFO - [2024-10-31T22:45:20.503+0000] {override.py:1900} INFO - Created Permission View: can read on DAG:read_dataset_event
[2024-10-31T22:45:20.513+0000] {logging_mixin.py:190} INFO - [2024-10-31T22:45:20.513+0000] {override.py:1900} INFO - Created Permission View: can edit on DAG:read_dataset_event
[2024-10-31T22:45:20.520+0000] {logging_mixin.py:190} INFO - [2024-10-31T22:45:20.520+0000] {override.py:1900} INFO - Created Permission View: can create on DAG Run:read_dataset_event
[2024-10-31T22:45:20.535+0000] {logging_mixin.py:190} INFO - [2024-10-31T22:45:20.533+0000] {override.py:1900} INFO - Created Permission View: can delete on DAG Run:read_dataset_event
[2024-10-31T22:45:20.553+0000] {logging_mixin.py:190} INFO - [2024-10-31T22:45:20.553+0000] {override.py:1900} INFO - Created Permission View: can read on DAG Run:read_dataset_event
[2024-10-31T22:45:20.561+0000] {logging_mixin.py:190} INFO - [2024-10-31T22:45:20.561+0000] {override.py:1900} INFO - Created Permission View: menu access on DAG Run:read_dataset_event
[2024-10-31T22:45:20.562+0000] {logging_mixin.py:190} INFO - [2024-10-31T22:45:20.561+0000] {dag.py:3239} INFO - Sync 2 DAGs
[2024-10-31T22:45:20.577+0000] {logging_mixin.py:190} INFO - [2024-10-31T22:45:20.577+0000] {dag.py:3262} INFO - Creating ORM DAG for read_dataset_event
[2024-10-31T22:45:20.578+0000] {logging_mixin.py:190} INFO - [2024-10-31T22:45:20.578+0000] {dag.py:3262} INFO - Creating ORM DAG for read_dataset_event_from_classic
[2024-10-31T22:45:20.597+0000] {logging_mixin.py:190} INFO - [2024-10-31T22:45:20.596+0000] {dag.py:4180} INFO - Setting next_dagrun for read_dataset_event to 2024-10-30 00:00:00+00:00, run_after=2024-10-31 00:00:00+00:00
[2024-10-31T22:45:20.601+0000] {logging_mixin.py:190} INFO - [2024-10-31T22:45:20.601+0000] {dag.py:4180} INFO - Setting next_dagrun for read_dataset_event_from_classic to 2024-10-30 00:00:00+00:00, run_after=2024-10-31 00:00:00+00:00
[2024-10-31T22:45:20.620+0000] {processor.py:208} INFO - Processing /home/airflow/.local/lib/python3.12/site-packages/airflow/example_dags/example_inlet_event_extra.py took 0.518 seconds
[2024-10-31T22:45:51.096+0000] {processor.py:186} INFO - Started process (PID=706) to work on /home/airflow/.local/lib/python3.12/site-packages/airflow/example_dags/example_inlet_event_extra.py
[2024-10-31T22:45:51.097+0000] {processor.py:914} INFO - Processing file /home/airflow/.local/lib/python3.12/site-packages/airflow/example_dags/example_inlet_event_extra.py for tasks to queue
[2024-10-31T22:45:51.098+0000] {logging_mixin.py:190} INFO - [2024-10-31T22:45:51.098+0000] {dagbag.py:588} INFO - Filling up the DagBag from /home/airflow/.local/lib/python3.12/site-packages/airflow/example_dags/example_inlet_event_extra.py
[2024-10-31T22:45:51.176+0000] {processor.py:925} INFO - DAG(s) 'read_dataset_event', 'read_dataset_event_from_classic' retrieved from /home/airflow/.local/lib/python3.12/site-packages/airflow/example_dags/example_inlet_event_extra.py
[2024-10-31T22:45:51.189+0000] {logging_mixin.py:190} INFO - [2024-10-31T22:45:51.189+0000] {dag.py:3239} INFO - Sync 2 DAGs
[2024-10-31T22:45:51.201+0000] {logging_mixin.py:190} INFO - [2024-10-31T22:45:51.201+0000] {dag.py:4180} INFO - Setting next_dagrun for read_dataset_event to 2024-10-30 00:00:00+00:00, run_after=2024-10-31 00:00:00+00:00
[2024-10-31T22:45:51.203+0000] {logging_mixin.py:190} INFO - [2024-10-31T22:45:51.203+0000] {dag.py:4180} INFO - Setting next_dagrun for read_dataset_event_from_classic to 2024-10-30 00:00:00+00:00, run_after=2024-10-31 00:00:00+00:00
[2024-10-31T22:45:51.210+0000] {processor.py:208} INFO - Processing /home/airflow/.local/lib/python3.12/site-packages/airflow/example_dags/example_inlet_event_extra.py took 0.117 seconds
[2024-10-31T22:46:21.912+0000] {processor.py:186} INFO - Started process (PID=997) to work on /home/airflow/.local/lib/python3.12/site-packages/airflow/example_dags/example_inlet_event_extra.py
[2024-10-31T22:46:21.913+0000] {processor.py:914} INFO - Processing file /home/airflow/.local/lib/python3.12/site-packages/airflow/example_dags/example_inlet_event_extra.py for tasks to queue
[2024-10-31T22:46:21.915+0000] {logging_mixin.py:190} INFO - [2024-10-31T22:46:21.915+0000] {dagbag.py:588} INFO - Filling up the DagBag from /home/airflow/.local/lib/python3.12/site-packages/airflow/example_dags/example_inlet_event_extra.py
[2024-10-31T22:46:22.006+0000] {processor.py:925} INFO - DAG(s) 'read_dataset_event', 'read_dataset_event_from_classic' retrieved from /home/airflow/.local/lib/python3.12/site-packages/airflow/example_dags/example_inlet_event_extra.py
[2024-10-31T22:46:22.020+0000] {logging_mixin.py:190} INFO - [2024-10-31T22:46:22.020+0000] {dag.py:3239} INFO - Sync 2 DAGs
[2024-10-31T22:46:22.033+0000] {logging_mixin.py:190} INFO - [2024-10-31T22:46:22.033+0000] {dag.py:4180} INFO - Setting next_dagrun for read_dataset_event to 2024-10-30 00:00:00+00:00, run_after=2024-10-31 00:00:00+00:00
[2024-10-31T22:46:22.036+0000] {logging_mixin.py:190} INFO - [2024-10-31T22:46:22.036+0000] {dag.py:4180} INFO - Setting next_dagrun for read_dataset_event_from_classic to 2024-10-30 00:00:00+00:00, run_after=2024-10-31 00:00:00+00:00
[2024-10-31T22:46:22.045+0000] {processor.py:208} INFO - Processing /home/airflow/.local/lib/python3.12/site-packages/airflow/example_dags/example_inlet_event_extra.py took 0.136 seconds
[2024-10-31T22:46:52.184+0000] {processor.py:186} INFO - Started process (PID=1288) to work on /home/airflow/.local/lib/python3.12/site-packages/airflow/example_dags/example_inlet_event_extra.py
[2024-10-31T22:46:52.184+0000] {processor.py:914} INFO - Processing file /home/airflow/.local/lib/python3.12/site-packages/airflow/example_dags/example_inlet_event_extra.py for tasks to queue
[2024-10-31T22:46:52.186+0000] {logging_mixin.py:190} INFO - [2024-10-31T22:46:52.185+0000] {dagbag.py:588} INFO - Filling up the DagBag from /home/airflow/.local/lib/python3.12/site-packages/airflow/example_dags/example_inlet_event_extra.py
[2024-10-31T22:46:52.254+0000] {processor.py:925} INFO - DAG(s) 'read_dataset_event', 'read_dataset_event_from_classic' retrieved from /home/airflow/.local/lib/python3.12/site-packages/airflow/example_dags/example_inlet_event_extra.py
[2024-10-31T22:46:52.268+0000] {logging_mixin.py:190} INFO - [2024-10-31T22:46:52.267+0000] {dag.py:3239} INFO - Sync 2 DAGs
[2024-10-31T22:46:52.280+0000] {logging_mixin.py:190} INFO - [2024-10-31T22:46:52.280+0000] {dag.py:4180} INFO - Setting next_dagrun for read_dataset_event to 2024-10-30 00:00:00+00:00, run_after=2024-10-31 00:00:00+00:00
[2024-10-31T22:46:52.283+0000] {logging_mixin.py:190} INFO - [2024-10-31T22:46:52.283+0000] {dag.py:4180} INFO - Setting next_dagrun for read_dataset_event_from_classic to 2024-10-30 00:00:00+00:00, run_after=2024-10-31 00:00:00+00:00
[2024-10-31T22:46:52.290+0000] {processor.py:208} INFO - Processing /home/airflow/.local/lib/python3.12/site-packages/airflow/example_dags/example_inlet_event_extra.py took 0.110 seconds
[2024-10-31T22:47:22.310+0000] {processor.py:186} INFO - Started process (PID=1579) to work on /home/airflow/.local/lib/python3.12/site-packages/airflow/example_dags/example_inlet_event_extra.py
[2024-10-31T22:47:22.311+0000] {processor.py:914} INFO - Processing file /home/airflow/.local/lib/python3.12/site-packages/airflow/example_dags/example_inlet_event_extra.py for tasks to queue
[2024-10-31T22:47:22.313+0000] {logging_mixin.py:190} INFO - [2024-10-31T22:47:22.313+0000] {dagbag.py:588} INFO - Filling up the DagBag from /home/airflow/.local/lib/python3.12/site-packages/airflow/example_dags/example_inlet_event_extra.py
[2024-10-31T22:47:22.393+0000] {processor.py:925} INFO - DAG(s) 'read_dataset_event_from_classic', 'read_dataset_event' retrieved from /home/airflow/.local/lib/python3.12/site-packages/airflow/example_dags/example_inlet_event_extra.py
[2024-10-31T22:47:22.405+0000] {logging_mixin.py:190} INFO - [2024-10-31T22:47:22.405+0000] {dag.py:3239} INFO - Sync 2 DAGs
[2024-10-31T22:47:22.422+0000] {logging_mixin.py:190} INFO - [2024-10-31T22:47:22.422+0000] {dag.py:4180} INFO - Setting next_dagrun for read_dataset_event to 2024-10-30 00:00:00+00:00, run_after=2024-10-31 00:00:00+00:00
[2024-10-31T22:47:22.426+0000] {logging_mixin.py:190} INFO - [2024-10-31T22:47:22.425+0000] {dag.py:4180} INFO - Setting next_dagrun for read_dataset_event_from_classic to 2024-10-30 00:00:00+00:00, run_after=2024-10-31 00:00:00+00:00
[2024-10-31T22:47:22.434+0000] {processor.py:208} INFO - Processing /home/airflow/.local/lib/python3.12/site-packages/airflow/example_dags/example_inlet_event_extra.py took 0.128 seconds
[2024-10-31T22:48:26.522+0000] {processor.py:186} INFO - Started process (PID=416) to work on /home/airflow/.local/lib/python3.12/site-packages/airflow/example_dags/example_inlet_event_extra.py
[2024-10-31T22:48:26.523+0000] {processor.py:914} INFO - Processing file /home/airflow/.local/lib/python3.12/site-packages/airflow/example_dags/example_inlet_event_extra.py for tasks to queue
[2024-10-31T22:48:26.525+0000] {logging_mixin.py:190} INFO - [2024-10-31T22:48:26.525+0000] {dagbag.py:588} INFO - Filling up the DagBag from /home/airflow/.local/lib/python3.12/site-packages/airflow/example_dags/example_inlet_event_extra.py
[2024-10-31T22:48:26.671+0000] {processor.py:925} INFO - DAG(s) 'read_dataset_event_from_classic', 'read_dataset_event' retrieved from /home/airflow/.local/lib/python3.12/site-packages/airflow/example_dags/example_inlet_event_extra.py
[2024-10-31T22:48:26.715+0000] {logging_mixin.py:190} INFO - [2024-10-31T22:48:26.715+0000] {dag.py:3239} INFO - Sync 2 DAGs
[2024-10-31T22:48:26.744+0000] {logging_mixin.py:190} INFO - [2024-10-31T22:48:26.744+0000] {dag.py:4180} INFO - Setting next_dagrun for read_dataset_event to 2024-10-30 00:00:00+00:00, run_after=2024-10-31 00:00:00+00:00
[2024-10-31T22:48:26.751+0000] {logging_mixin.py:190} INFO - [2024-10-31T22:48:26.751+0000] {dag.py:4180} INFO - Setting next_dagrun for read_dataset_event_from_classic to 2024-10-30 00:00:00+00:00, run_after=2024-10-31 00:00:00+00:00
[2024-10-31T22:48:26.775+0000] {processor.py:208} INFO - Processing /home/airflow/.local/lib/python3.12/site-packages/airflow/example_dags/example_inlet_event_extra.py took 0.258 seconds
[2024-10-31T22:48:57.038+0000] {processor.py:186} INFO - Started process (PID=707) to work on /home/airflow/.local/lib/python3.12/site-packages/airflow/example_dags/example_inlet_event_extra.py
[2024-10-31T22:48:57.039+0000] {processor.py:914} INFO - Processing file /home/airflow/.local/lib/python3.12/site-packages/airflow/example_dags/example_inlet_event_extra.py for tasks to queue
[2024-10-31T22:48:57.040+0000] {logging_mixin.py:190} INFO - [2024-10-31T22:48:57.040+0000] {dagbag.py:588} INFO - Filling up the DagBag from /home/airflow/.local/lib/python3.12/site-packages/airflow/example_dags/example_inlet_event_extra.py
[2024-10-31T22:48:57.127+0000] {processor.py:925} INFO - DAG(s) 'read_dataset_event_from_classic', 'read_dataset_event' retrieved from /home/airflow/.local/lib/python3.12/site-packages/airflow/example_dags/example_inlet_event_extra.py
[2024-10-31T22:48:57.141+0000] {logging_mixin.py:190} INFO - [2024-10-31T22:48:57.140+0000] {dag.py:3239} INFO - Sync 2 DAGs
[2024-10-31T22:48:57.155+0000] {logging_mixin.py:190} INFO - [2024-10-31T22:48:57.155+0000] {dag.py:4180} INFO - Setting next_dagrun for read_dataset_event to 2024-10-30 00:00:00+00:00, run_after=2024-10-31 00:00:00+00:00
[2024-10-31T22:48:57.158+0000] {logging_mixin.py:190} INFO - [2024-10-31T22:48:57.158+0000] {dag.py:4180} INFO - Setting next_dagrun for read_dataset_event_from_classic to 2024-10-30 00:00:00+00:00, run_after=2024-10-31 00:00:00+00:00
[2024-10-31T22:48:57.166+0000] {processor.py:208} INFO - Processing /home/airflow/.local/lib/python3.12/site-packages/airflow/example_dags/example_inlet_event_extra.py took 0.132 seconds
[2024-10-31T22:49:28.027+0000] {processor.py:186} INFO - Started process (PID=996) to work on /home/airflow/.local/lib/python3.12/site-packages/airflow/example_dags/example_inlet_event_extra.py
[2024-10-31T22:49:28.030+0000] {processor.py:914} INFO - Processing file /home/airflow/.local/lib/python3.12/site-packages/airflow/example_dags/example_inlet_event_extra.py for tasks to queue
[2024-10-31T22:49:28.031+0000] {logging_mixin.py:190} INFO - [2024-10-31T22:49:28.031+0000] {dagbag.py:588} INFO - Filling up the DagBag from /home/airflow/.local/lib/python3.12/site-packages/airflow/example_dags/example_inlet_event_extra.py
[2024-10-31T22:49:28.123+0000] {processor.py:925} INFO - DAG(s) 'read_dataset_event', 'read_dataset_event_from_classic' retrieved from /home/airflow/.local/lib/python3.12/site-packages/airflow/example_dags/example_inlet_event_extra.py
[2024-10-31T22:49:28.148+0000] {logging_mixin.py:190} INFO - [2024-10-31T22:49:28.147+0000] {dag.py:3239} INFO - Sync 2 DAGs
[2024-10-31T22:49:28.165+0000] {logging_mixin.py:190} INFO - [2024-10-31T22:49:28.165+0000] {dag.py:4180} INFO - Setting next_dagrun for read_dataset_event to 2024-10-30 00:00:00+00:00, run_after=2024-10-31 00:00:00+00:00
[2024-10-31T22:49:28.169+0000] {logging_mixin.py:190} INFO - [2024-10-31T22:49:28.169+0000] {dag.py:4180} INFO - Setting next_dagrun for read_dataset_event_from_classic to 2024-10-30 00:00:00+00:00, run_after=2024-10-31 00:00:00+00:00
[2024-10-31T22:49:28.181+0000] {processor.py:208} INFO - Processing /home/airflow/.local/lib/python3.12/site-packages/airflow/example_dags/example_inlet_event_extra.py took 0.158 seconds
[2024-10-31T22:49:58.277+0000] {processor.py:186} INFO - Started process (PID=1287) to work on /home/airflow/.local/lib/python3.12/site-packages/airflow/example_dags/example_inlet_event_extra.py
[2024-10-31T22:49:58.280+0000] {processor.py:914} INFO - Processing file /home/airflow/.local/lib/python3.12/site-packages/airflow/example_dags/example_inlet_event_extra.py for tasks to queue
[2024-10-31T22:49:58.281+0000] {logging_mixin.py:190} INFO - [2024-10-31T22:49:58.281+0000] {dagbag.py:588} INFO - Filling up the DagBag from /home/airflow/.local/lib/python3.12/site-packages/airflow/example_dags/example_inlet_event_extra.py
[2024-10-31T22:49:58.368+0000] {processor.py:925} INFO - DAG(s) 'read_dataset_event', 'read_dataset_event_from_classic' retrieved from /home/airflow/.local/lib/python3.12/site-packages/airflow/example_dags/example_inlet_event_extra.py
[2024-10-31T22:49:58.411+0000] {logging_mixin.py:190} INFO - [2024-10-31T22:49:58.411+0000] {dag.py:3239} INFO - Sync 2 DAGs
[2024-10-31T22:49:58.430+0000] {logging_mixin.py:190} INFO - [2024-10-31T22:49:58.430+0000] {dag.py:4180} INFO - Setting next_dagrun for read_dataset_event to 2024-10-30 00:00:00+00:00, run_after=2024-10-31 00:00:00+00:00
[2024-10-31T22:49:58.434+0000] {logging_mixin.py:190} INFO - [2024-10-31T22:49:58.434+0000] {dag.py:4180} INFO - Setting next_dagrun for read_dataset_event_from_classic to 2024-10-30 00:00:00+00:00, run_after=2024-10-31 00:00:00+00:00
[2024-10-31T22:49:58.456+0000] {processor.py:208} INFO - Processing /home/airflow/.local/lib/python3.12/site-packages/airflow/example_dags/example_inlet_event_extra.py took 0.184 seconds
[2024-10-31T22:50:29.137+0000] {processor.py:186} INFO - Started process (PID=1577) to work on /home/airflow/.local/lib/python3.12/site-packages/airflow/example_dags/example_inlet_event_extra.py
[2024-10-31T22:50:29.138+0000] {processor.py:914} INFO - Processing file /home/airflow/.local/lib/python3.12/site-packages/airflow/example_dags/example_inlet_event_extra.py for tasks to queue
[2024-10-31T22:50:29.139+0000] {logging_mixin.py:190} INFO - [2024-10-31T22:50:29.139+0000] {dagbag.py:588} INFO - Filling up the DagBag from /home/airflow/.local/lib/python3.12/site-packages/airflow/example_dags/example_inlet_event_extra.py
[2024-10-31T22:50:29.233+0000] {processor.py:925} INFO - DAG(s) 'read_dataset_event_from_classic', 'read_dataset_event' retrieved from /home/airflow/.local/lib/python3.12/site-packages/airflow/example_dags/example_inlet_event_extra.py
[2024-10-31T22:50:29.252+0000] {logging_mixin.py:190} INFO - [2024-10-31T22:50:29.252+0000] {dag.py:3239} INFO - Sync 2 DAGs
[2024-10-31T22:50:29.267+0000] {logging_mixin.py:190} INFO - [2024-10-31T22:50:29.267+0000] {dag.py:4180} INFO - Setting next_dagrun for read_dataset_event to 2024-10-30 00:00:00+00:00, run_after=2024-10-31 00:00:00+00:00
[2024-10-31T22:50:29.270+0000] {logging_mixin.py:190} INFO - [2024-10-31T22:50:29.269+0000] {dag.py:4180} INFO - Setting next_dagrun for read_dataset_event_from_classic to 2024-10-30 00:00:00+00:00, run_after=2024-10-31 00:00:00+00:00
[2024-10-31T22:50:29.283+0000] {processor.py:208} INFO - Processing /home/airflow/.local/lib/python3.12/site-packages/airflow/example_dags/example_inlet_event_extra.py took 0.149 seconds
[2024-10-31T22:50:59.689+0000] {processor.py:186} INFO - Started process (PID=1868) to work on /home/airflow/.local/lib/python3.12/site-packages/airflow/example_dags/example_inlet_event_extra.py
[2024-10-31T22:50:59.690+0000] {processor.py:914} INFO - Processing file /home/airflow/.local/lib/python3.12/site-packages/airflow/example_dags/example_inlet_event_extra.py for tasks to queue
[2024-10-31T22:50:59.693+0000] {logging_mixin.py:190} INFO - [2024-10-31T22:50:59.693+0000] {dagbag.py:588} INFO - Filling up the DagBag from /home/airflow/.local/lib/python3.12/site-packages/airflow/example_dags/example_inlet_event_extra.py
[2024-10-31T22:50:59.839+0000] {processor.py:925} INFO - DAG(s) 'read_dataset_event', 'read_dataset_event_from_classic' retrieved from /home/airflow/.local/lib/python3.12/site-packages/airflow/example_dags/example_inlet_event_extra.py
[2024-10-31T22:50:59.871+0000] {logging_mixin.py:190} INFO - [2024-10-31T22:50:59.871+0000] {dag.py:3239} INFO - Sync 2 DAGs
[2024-10-31T22:50:59.898+0000] {logging_mixin.py:190} INFO - [2024-10-31T22:50:59.898+0000] {dag.py:4180} INFO - Setting next_dagrun for read_dataset_event to 2024-10-30 00:00:00+00:00, run_after=2024-10-31 00:00:00+00:00
[2024-10-31T22:50:59.901+0000] {logging_mixin.py:190} INFO - [2024-10-31T22:50:59.901+0000] {dag.py:4180} INFO - Setting next_dagrun for read_dataset_event_from_classic to 2024-10-30 00:00:00+00:00, run_after=2024-10-31 00:00:00+00:00
[2024-10-31T22:50:59.919+0000] {processor.py:208} INFO - Processing /home/airflow/.local/lib/python3.12/site-packages/airflow/example_dags/example_inlet_event_extra.py took 0.235 seconds
[2024-10-31T22:51:29.977+0000] {processor.py:186} INFO - Started process (PID=2159) to work on /home/airflow/.local/lib/python3.12/site-packages/airflow/example_dags/example_inlet_event_extra.py
[2024-10-31T22:51:29.979+0000] {processor.py:914} INFO - Processing file /home/airflow/.local/lib/python3.12/site-packages/airflow/example_dags/example_inlet_event_extra.py for tasks to queue
[2024-10-31T22:51:29.982+0000] {logging_mixin.py:190} INFO - [2024-10-31T22:51:29.981+0000] {dagbag.py:588} INFO - Filling up the DagBag from /home/airflow/.local/lib/python3.12/site-packages/airflow/example_dags/example_inlet_event_extra.py
[2024-10-31T22:51:30.068+0000] {processor.py:925} INFO - DAG(s) 'read_dataset_event_from_classic', 'read_dataset_event' retrieved from /home/airflow/.local/lib/python3.12/site-packages/airflow/example_dags/example_inlet_event_extra.py
[2024-10-31T22:51:30.088+0000] {logging_mixin.py:190} INFO - [2024-10-31T22:51:30.088+0000] {dag.py:3239} INFO - Sync 2 DAGs
[2024-10-31T22:51:30.102+0000] {logging_mixin.py:190} INFO - [2024-10-31T22:51:30.102+0000] {dag.py:4180} INFO - Setting next_dagrun for read_dataset_event to 2024-10-30 00:00:00+00:00, run_after=2024-10-31 00:00:00+00:00
[2024-10-31T22:51:30.106+0000] {logging_mixin.py:190} INFO - [2024-10-31T22:51:30.106+0000] {dag.py:4180} INFO - Setting next_dagrun for read_dataset_event_from_classic to 2024-10-30 00:00:00+00:00, run_after=2024-10-31 00:00:00+00:00
[2024-10-31T22:51:30.120+0000] {processor.py:208} INFO - Processing /home/airflow/.local/lib/python3.12/site-packages/airflow/example_dags/example_inlet_event_extra.py took 0.147 seconds
[2024-10-31T22:52:01.010+0000] {processor.py:186} INFO - Started process (PID=2450) to work on /home/airflow/.local/lib/python3.12/site-packages/airflow/example_dags/example_inlet_event_extra.py
[2024-10-31T22:52:01.011+0000] {processor.py:914} INFO - Processing file /home/airflow/.local/lib/python3.12/site-packages/airflow/example_dags/example_inlet_event_extra.py for tasks to queue
[2024-10-31T22:52:01.014+0000] {logging_mixin.py:190} INFO - [2024-10-31T22:52:01.014+0000] {dagbag.py:588} INFO - Filling up the DagBag from /home/airflow/.local/lib/python3.12/site-packages/airflow/example_dags/example_inlet_event_extra.py
[2024-10-31T22:52:01.123+0000] {processor.py:925} INFO - DAG(s) 'read_dataset_event_from_classic', 'read_dataset_event' retrieved from /home/airflow/.local/lib/python3.12/site-packages/airflow/example_dags/example_inlet_event_extra.py
[2024-10-31T22:52:01.144+0000] {logging_mixin.py:190} INFO - [2024-10-31T22:52:01.144+0000] {dag.py:3239} INFO - Sync 2 DAGs
[2024-10-31T22:52:01.187+0000] {logging_mixin.py:190} INFO - [2024-10-31T22:52:01.186+0000] {dag.py:4180} INFO - Setting next_dagrun for read_dataset_event to 2024-10-30 00:00:00+00:00, run_after=2024-10-31 00:00:00+00:00
[2024-10-31T22:52:01.191+0000] {logging_mixin.py:190} INFO - [2024-10-31T22:52:01.191+0000] {dag.py:4180} INFO - Setting next_dagrun for read_dataset_event_from_classic to 2024-10-30 00:00:00+00:00, run_after=2024-10-31 00:00:00+00:00
[2024-10-31T22:52:01.210+0000] {processor.py:208} INFO - Processing /home/airflow/.local/lib/python3.12/site-packages/airflow/example_dags/example_inlet_event_extra.py took 0.204 seconds
[2024-10-31T22:52:31.325+0000] {processor.py:186} INFO - Started process (PID=2741) to work on /home/airflow/.local/lib/python3.12/site-packages/airflow/example_dags/example_inlet_event_extra.py
[2024-10-31T22:52:31.328+0000] {processor.py:914} INFO - Processing file /home/airflow/.local/lib/python3.12/site-packages/airflow/example_dags/example_inlet_event_extra.py for tasks to queue
[2024-10-31T22:52:31.329+0000] {logging_mixin.py:190} INFO - [2024-10-31T22:52:31.329+0000] {dagbag.py:588} INFO - Filling up the DagBag from /home/airflow/.local/lib/python3.12/site-packages/airflow/example_dags/example_inlet_event_extra.py
[2024-10-31T22:52:31.409+0000] {processor.py:925} INFO - DAG(s) 'read_dataset_event', 'read_dataset_event_from_classic' retrieved from /home/airflow/.local/lib/python3.12/site-packages/airflow/example_dags/example_inlet_event_extra.py
[2024-10-31T22:52:31.429+0000] {logging_mixin.py:190} INFO - [2024-10-31T22:52:31.429+0000] {dag.py:3239} INFO - Sync 2 DAGs
[2024-10-31T22:52:31.442+0000] {logging_mixin.py:190} INFO - [2024-10-31T22:52:31.442+0000] {dag.py:4180} INFO - Setting next_dagrun for read_dataset_event to 2024-10-30 00:00:00+00:00, run_after=2024-10-31 00:00:00+00:00
[2024-10-31T22:52:31.445+0000] {logging_mixin.py:190} INFO - [2024-10-31T22:52:31.445+0000] {dag.py:4180} INFO - Setting next_dagrun for read_dataset_event_from_classic to 2024-10-30 00:00:00+00:00, run_after=2024-10-31 00:00:00+00:00
[2024-10-31T22:52:31.455+0000] {processor.py:208} INFO - Processing /home/airflow/.local/lib/python3.12/site-packages/airflow/example_dags/example_inlet_event_extra.py took 0.134 seconds
