[2024-10-31T22:45:13.254+0000] {processor.py:186} INFO - Started process (PID=258) to work on /home/airflow/.local/lib/python3.12/site-packages/airflow/example_dags/example_short_circuit_operator.py
[2024-10-31T22:45:13.255+0000] {processor.py:914} INFO - Processing file /home/airflow/.local/lib/python3.12/site-packages/airflow/example_dags/example_short_circuit_operator.py for tasks to queue
[2024-10-31T22:45:13.257+0000] {logging_mixin.py:190} INFO - [2024-10-31T22:45:13.256+0000] {dagbag.py:588} INFO - Filling up the DagBag from /home/airflow/.local/lib/python3.12/site-packages/airflow/example_dags/example_short_circuit_operator.py
[2024-10-31T22:45:13.268+0000] {processor.py:925} INFO - DAG(s) 'example_short_circuit_operator' retrieved from /home/airflow/.local/lib/python3.12/site-packages/airflow/example_dags/example_short_circuit_operator.py
[2024-10-31T22:45:13.342+0000] {logging_mixin.py:190} INFO - [2024-10-31T22:45:13.341+0000] {override.py:1900} INFO - Created Permission View: can delete on DAG:example_short_circuit_operator
[2024-10-31T22:45:13.349+0000] {logging_mixin.py:190} INFO - [2024-10-31T22:45:13.349+0000] {override.py:1900} INFO - Created Permission View: can read on DAG:example_short_circuit_operator
[2024-10-31T22:45:13.356+0000] {logging_mixin.py:190} INFO - [2024-10-31T22:45:13.356+0000] {override.py:1900} INFO - Created Permission View: can edit on DAG:example_short_circuit_operator
[2024-10-31T22:45:13.361+0000] {logging_mixin.py:190} INFO - [2024-10-31T22:45:13.360+0000] {override.py:1900} INFO - Created Permission View: can create on DAG Run:example_short_circuit_operator
[2024-10-31T22:45:13.366+0000] {logging_mixin.py:190} INFO - [2024-10-31T22:45:13.366+0000] {override.py:1900} INFO - Created Permission View: can delete on DAG Run:example_short_circuit_operator
[2024-10-31T22:45:13.374+0000] {logging_mixin.py:190} INFO - [2024-10-31T22:45:13.374+0000] {override.py:1900} INFO - Created Permission View: can read on DAG Run:example_short_circuit_operator
[2024-10-31T22:45:13.377+0000] {logging_mixin.py:190} INFO - [2024-10-31T22:45:13.377+0000] {override.py:1900} INFO - Created Permission View: menu access on DAG Run:example_short_circuit_operator
[2024-10-31T22:45:13.378+0000] {logging_mixin.py:190} INFO - [2024-10-31T22:45:13.378+0000] {dag.py:3239} INFO - Sync 1 DAGs
[2024-10-31T22:45:13.384+0000] {logging_mixin.py:190} INFO - [2024-10-31T22:45:13.384+0000] {dag.py:3262} INFO - Creating ORM DAG for example_short_circuit_operator
[2024-10-31T22:45:13.385+0000] {logging_mixin.py:190} INFO - [2024-10-31T22:45:13.385+0000] {dag.py:4180} INFO - Setting next_dagrun for example_short_circuit_operator to None, run_after=None
[2024-10-31T22:45:13.393+0000] {processor.py:208} INFO - Processing /home/airflow/.local/lib/python3.12/site-packages/airflow/example_dags/example_short_circuit_operator.py took 0.143 seconds
[2024-10-31T22:45:43.634+0000] {processor.py:186} INFO - Started process (PID=549) to work on /home/airflow/.local/lib/python3.12/site-packages/airflow/example_dags/example_short_circuit_operator.py
[2024-10-31T22:45:43.635+0000] {processor.py:914} INFO - Processing file /home/airflow/.local/lib/python3.12/site-packages/airflow/example_dags/example_short_circuit_operator.py for tasks to queue
[2024-10-31T22:45:43.637+0000] {logging_mixin.py:190} INFO - [2024-10-31T22:45:43.637+0000] {dagbag.py:588} INFO - Filling up the DagBag from /home/airflow/.local/lib/python3.12/site-packages/airflow/example_dags/example_short_circuit_operator.py
[2024-10-31T22:45:43.644+0000] {processor.py:925} INFO - DAG(s) 'example_short_circuit_operator' retrieved from /home/airflow/.local/lib/python3.12/site-packages/airflow/example_dags/example_short_circuit_operator.py
[2024-10-31T22:45:43.665+0000] {logging_mixin.py:190} INFO - [2024-10-31T22:45:43.665+0000] {dag.py:3239} INFO - Sync 1 DAGs
[2024-10-31T22:45:43.674+0000] {logging_mixin.py:190} INFO - [2024-10-31T22:45:43.673+0000] {dag.py:4180} INFO - Setting next_dagrun for example_short_circuit_operator to None, run_after=None
[2024-10-31T22:45:43.685+0000] {processor.py:208} INFO - Processing /home/airflow/.local/lib/python3.12/site-packages/airflow/example_dags/example_short_circuit_operator.py took 0.054 seconds
[2024-10-31T22:46:14.082+0000] {processor.py:186} INFO - Started process (PID=840) to work on /home/airflow/.local/lib/python3.12/site-packages/airflow/example_dags/example_short_circuit_operator.py
[2024-10-31T22:46:14.088+0000] {processor.py:914} INFO - Processing file /home/airflow/.local/lib/python3.12/site-packages/airflow/example_dags/example_short_circuit_operator.py for tasks to queue
[2024-10-31T22:46:14.090+0000] {logging_mixin.py:190} INFO - [2024-10-31T22:46:14.089+0000] {dagbag.py:588} INFO - Filling up the DagBag from /home/airflow/.local/lib/python3.12/site-packages/airflow/example_dags/example_short_circuit_operator.py
[2024-10-31T22:46:14.100+0000] {processor.py:925} INFO - DAG(s) 'example_short_circuit_operator' retrieved from /home/airflow/.local/lib/python3.12/site-packages/airflow/example_dags/example_short_circuit_operator.py
[2024-10-31T22:46:14.172+0000] {logging_mixin.py:190} INFO - [2024-10-31T22:46:14.171+0000] {dag.py:3239} INFO - Sync 1 DAGs
[2024-10-31T22:46:14.190+0000] {logging_mixin.py:190} INFO - [2024-10-31T22:46:14.189+0000] {dag.py:4180} INFO - Setting next_dagrun for example_short_circuit_operator to None, run_after=None
[2024-10-31T22:46:14.206+0000] {processor.py:208} INFO - Processing /home/airflow/.local/lib/python3.12/site-packages/airflow/example_dags/example_short_circuit_operator.py took 0.129 seconds
[2024-10-31T22:46:44.613+0000] {processor.py:186} INFO - Started process (PID=1131) to work on /home/airflow/.local/lib/python3.12/site-packages/airflow/example_dags/example_short_circuit_operator.py
[2024-10-31T22:46:44.615+0000] {processor.py:914} INFO - Processing file /home/airflow/.local/lib/python3.12/site-packages/airflow/example_dags/example_short_circuit_operator.py for tasks to queue
[2024-10-31T22:46:44.616+0000] {logging_mixin.py:190} INFO - [2024-10-31T22:46:44.616+0000] {dagbag.py:588} INFO - Filling up the DagBag from /home/airflow/.local/lib/python3.12/site-packages/airflow/example_dags/example_short_circuit_operator.py
[2024-10-31T22:46:44.622+0000] {processor.py:925} INFO - DAG(s) 'example_short_circuit_operator' retrieved from /home/airflow/.local/lib/python3.12/site-packages/airflow/example_dags/example_short_circuit_operator.py
[2024-10-31T22:46:44.640+0000] {logging_mixin.py:190} INFO - [2024-10-31T22:46:44.640+0000] {dag.py:3239} INFO - Sync 1 DAGs
[2024-10-31T22:46:44.649+0000] {logging_mixin.py:190} INFO - [2024-10-31T22:46:44.649+0000] {dag.py:4180} INFO - Setting next_dagrun for example_short_circuit_operator to None, run_after=None
[2024-10-31T22:46:44.673+0000] {processor.py:208} INFO - Processing /home/airflow/.local/lib/python3.12/site-packages/airflow/example_dags/example_short_circuit_operator.py took 0.064 seconds
[2024-10-31T22:47:14.788+0000] {processor.py:186} INFO - Started process (PID=1422) to work on /home/airflow/.local/lib/python3.12/site-packages/airflow/example_dags/example_short_circuit_operator.py
[2024-10-31T22:47:14.791+0000] {processor.py:914} INFO - Processing file /home/airflow/.local/lib/python3.12/site-packages/airflow/example_dags/example_short_circuit_operator.py for tasks to queue
[2024-10-31T22:47:14.793+0000] {logging_mixin.py:190} INFO - [2024-10-31T22:47:14.793+0000] {dagbag.py:588} INFO - Filling up the DagBag from /home/airflow/.local/lib/python3.12/site-packages/airflow/example_dags/example_short_circuit_operator.py
[2024-10-31T22:47:14.800+0000] {processor.py:925} INFO - DAG(s) 'example_short_circuit_operator' retrieved from /home/airflow/.local/lib/python3.12/site-packages/airflow/example_dags/example_short_circuit_operator.py
[2024-10-31T22:47:14.815+0000] {logging_mixin.py:190} INFO - [2024-10-31T22:47:14.815+0000] {dag.py:3239} INFO - Sync 1 DAGs
[2024-10-31T22:47:14.826+0000] {logging_mixin.py:190} INFO - [2024-10-31T22:47:14.825+0000] {dag.py:4180} INFO - Setting next_dagrun for example_short_circuit_operator to None, run_after=None
[2024-10-31T22:47:14.836+0000] {processor.py:208} INFO - Processing /home/airflow/.local/lib/python3.12/site-packages/airflow/example_dags/example_short_circuit_operator.py took 0.053 seconds
[2024-10-31T22:48:23.786+0000] {processor.py:186} INFO - Started process (PID=253) to work on /home/airflow/.local/lib/python3.12/site-packages/airflow/example_dags/example_short_circuit_operator.py
[2024-10-31T22:48:23.787+0000] {processor.py:914} INFO - Processing file /home/airflow/.local/lib/python3.12/site-packages/airflow/example_dags/example_short_circuit_operator.py for tasks to queue
[2024-10-31T22:48:23.788+0000] {logging_mixin.py:190} INFO - [2024-10-31T22:48:23.788+0000] {dagbag.py:588} INFO - Filling up the DagBag from /home/airflow/.local/lib/python3.12/site-packages/airflow/example_dags/example_short_circuit_operator.py
[2024-10-31T22:48:23.794+0000] {processor.py:925} INFO - DAG(s) 'example_short_circuit_operator' retrieved from /home/airflow/.local/lib/python3.12/site-packages/airflow/example_dags/example_short_circuit_operator.py
[2024-10-31T22:48:23.809+0000] {logging_mixin.py:190} INFO - [2024-10-31T22:48:23.808+0000] {dag.py:3239} INFO - Sync 1 DAGs
[2024-10-31T22:48:23.830+0000] {logging_mixin.py:190} INFO - [2024-10-31T22:48:23.830+0000] {dag.py:4180} INFO - Setting next_dagrun for example_short_circuit_operator to None, run_after=None
[2024-10-31T22:48:23.861+0000] {processor.py:208} INFO - Processing /home/airflow/.local/lib/python3.12/site-packages/airflow/example_dags/example_short_circuit_operator.py took 0.079 seconds
[2024-10-31T22:48:54.417+0000] {processor.py:186} INFO - Started process (PID=546) to work on /home/airflow/.local/lib/python3.12/site-packages/airflow/example_dags/example_short_circuit_operator.py
[2024-10-31T22:48:54.419+0000] {processor.py:914} INFO - Processing file /home/airflow/.local/lib/python3.12/site-packages/airflow/example_dags/example_short_circuit_operator.py for tasks to queue
[2024-10-31T22:48:54.422+0000] {logging_mixin.py:190} INFO - [2024-10-31T22:48:54.421+0000] {dagbag.py:588} INFO - Filling up the DagBag from /home/airflow/.local/lib/python3.12/site-packages/airflow/example_dags/example_short_circuit_operator.py
[2024-10-31T22:48:54.427+0000] {processor.py:925} INFO - DAG(s) 'example_short_circuit_operator' retrieved from /home/airflow/.local/lib/python3.12/site-packages/airflow/example_dags/example_short_circuit_operator.py
[2024-10-31T22:48:54.442+0000] {logging_mixin.py:190} INFO - [2024-10-31T22:48:54.442+0000] {dag.py:3239} INFO - Sync 1 DAGs
[2024-10-31T22:48:54.452+0000] {logging_mixin.py:190} INFO - [2024-10-31T22:48:54.452+0000] {dag.py:4180} INFO - Setting next_dagrun for example_short_circuit_operator to None, run_after=None
[2024-10-31T22:48:54.479+0000] {processor.py:208} INFO - Processing /home/airflow/.local/lib/python3.12/site-packages/airflow/example_dags/example_short_circuit_operator.py took 0.066 seconds
[2024-10-31T22:49:24.628+0000] {processor.py:186} INFO - Started process (PID=835) to work on /home/airflow/.local/lib/python3.12/site-packages/airflow/example_dags/example_short_circuit_operator.py
[2024-10-31T22:49:24.631+0000] {processor.py:914} INFO - Processing file /home/airflow/.local/lib/python3.12/site-packages/airflow/example_dags/example_short_circuit_operator.py for tasks to queue
[2024-10-31T22:49:24.632+0000] {logging_mixin.py:190} INFO - [2024-10-31T22:49:24.632+0000] {dagbag.py:588} INFO - Filling up the DagBag from /home/airflow/.local/lib/python3.12/site-packages/airflow/example_dags/example_short_circuit_operator.py
[2024-10-31T22:49:24.639+0000] {processor.py:925} INFO - DAG(s) 'example_short_circuit_operator' retrieved from /home/airflow/.local/lib/python3.12/site-packages/airflow/example_dags/example_short_circuit_operator.py
[2024-10-31T22:49:24.652+0000] {logging_mixin.py:190} INFO - [2024-10-31T22:49:24.652+0000] {dag.py:3239} INFO - Sync 1 DAGs
[2024-10-31T22:49:24.664+0000] {logging_mixin.py:190} INFO - [2024-10-31T22:49:24.664+0000] {dag.py:4180} INFO - Setting next_dagrun for example_short_circuit_operator to None, run_after=None
[2024-10-31T22:49:24.680+0000] {processor.py:208} INFO - Processing /home/airflow/.local/lib/python3.12/site-packages/airflow/example_dags/example_short_circuit_operator.py took 0.056 seconds
[2024-10-31T22:49:55.679+0000] {processor.py:186} INFO - Started process (PID=1132) to work on /home/airflow/.local/lib/python3.12/site-packages/airflow/example_dags/example_short_circuit_operator.py
[2024-10-31T22:49:55.684+0000] {processor.py:914} INFO - Processing file /home/airflow/.local/lib/python3.12/site-packages/airflow/example_dags/example_short_circuit_operator.py for tasks to queue
[2024-10-31T22:49:55.685+0000] {logging_mixin.py:190} INFO - [2024-10-31T22:49:55.685+0000] {dagbag.py:588} INFO - Filling up the DagBag from /home/airflow/.local/lib/python3.12/site-packages/airflow/example_dags/example_short_circuit_operator.py
[2024-10-31T22:49:55.690+0000] {processor.py:925} INFO - DAG(s) 'example_short_circuit_operator' retrieved from /home/airflow/.local/lib/python3.12/site-packages/airflow/example_dags/example_short_circuit_operator.py
[2024-10-31T22:49:55.704+0000] {logging_mixin.py:190} INFO - [2024-10-31T22:49:55.703+0000] {dag.py:3239} INFO - Sync 1 DAGs
[2024-10-31T22:49:55.712+0000] {logging_mixin.py:190} INFO - [2024-10-31T22:49:55.712+0000] {dag.py:4180} INFO - Setting next_dagrun for example_short_circuit_operator to None, run_after=None
[2024-10-31T22:49:55.725+0000] {processor.py:208} INFO - Processing /home/airflow/.local/lib/python3.12/site-packages/airflow/example_dags/example_short_circuit_operator.py took 0.049 seconds
[2024-10-31T22:50:25.981+0000] {processor.py:186} INFO - Started process (PID=1422) to work on /home/airflow/.local/lib/python3.12/site-packages/airflow/example_dags/example_short_circuit_operator.py
[2024-10-31T22:50:25.982+0000] {processor.py:914} INFO - Processing file /home/airflow/.local/lib/python3.12/site-packages/airflow/example_dags/example_short_circuit_operator.py for tasks to queue
[2024-10-31T22:50:25.984+0000] {logging_mixin.py:190} INFO - [2024-10-31T22:50:25.983+0000] {dagbag.py:588} INFO - Filling up the DagBag from /home/airflow/.local/lib/python3.12/site-packages/airflow/example_dags/example_short_circuit_operator.py
[2024-10-31T22:50:25.988+0000] {processor.py:925} INFO - DAG(s) 'example_short_circuit_operator' retrieved from /home/airflow/.local/lib/python3.12/site-packages/airflow/example_dags/example_short_circuit_operator.py
[2024-10-31T22:50:26.001+0000] {logging_mixin.py:190} INFO - [2024-10-31T22:50:26.001+0000] {dag.py:3239} INFO - Sync 1 DAGs
[2024-10-31T22:50:26.009+0000] {logging_mixin.py:190} INFO - [2024-10-31T22:50:26.009+0000] {dag.py:4180} INFO - Setting next_dagrun for example_short_circuit_operator to None, run_after=None
[2024-10-31T22:50:26.020+0000] {processor.py:208} INFO - Processing /home/airflow/.local/lib/python3.12/site-packages/airflow/example_dags/example_short_circuit_operator.py took 0.043 seconds
[2024-10-31T22:50:56.947+0000] {processor.py:186} INFO - Started process (PID=1713) to work on /home/airflow/.local/lib/python3.12/site-packages/airflow/example_dags/example_short_circuit_operator.py
[2024-10-31T22:50:56.948+0000] {processor.py:914} INFO - Processing file /home/airflow/.local/lib/python3.12/site-packages/airflow/example_dags/example_short_circuit_operator.py for tasks to queue
[2024-10-31T22:50:56.950+0000] {logging_mixin.py:190} INFO - [2024-10-31T22:50:56.949+0000] {dagbag.py:588} INFO - Filling up the DagBag from /home/airflow/.local/lib/python3.12/site-packages/airflow/example_dags/example_short_circuit_operator.py
[2024-10-31T22:50:56.956+0000] {processor.py:925} INFO - DAG(s) 'example_short_circuit_operator' retrieved from /home/airflow/.local/lib/python3.12/site-packages/airflow/example_dags/example_short_circuit_operator.py
[2024-10-31T22:50:56.969+0000] {logging_mixin.py:190} INFO - [2024-10-31T22:50:56.969+0000] {dag.py:3239} INFO - Sync 1 DAGs
[2024-10-31T22:50:56.980+0000] {logging_mixin.py:190} INFO - [2024-10-31T22:50:56.979+0000] {dag.py:4180} INFO - Setting next_dagrun for example_short_circuit_operator to None, run_after=None
[2024-10-31T22:50:56.995+0000] {processor.py:208} INFO - Processing /home/airflow/.local/lib/python3.12/site-packages/airflow/example_dags/example_short_circuit_operator.py took 0.056 seconds
[2024-10-31T22:51:27.476+0000] {processor.py:186} INFO - Started process (PID=2004) to work on /home/airflow/.local/lib/python3.12/site-packages/airflow/example_dags/example_short_circuit_operator.py
[2024-10-31T22:51:27.478+0000] {processor.py:914} INFO - Processing file /home/airflow/.local/lib/python3.12/site-packages/airflow/example_dags/example_short_circuit_operator.py for tasks to queue
[2024-10-31T22:51:27.479+0000] {logging_mixin.py:190} INFO - [2024-10-31T22:51:27.479+0000] {dagbag.py:588} INFO - Filling up the DagBag from /home/airflow/.local/lib/python3.12/site-packages/airflow/example_dags/example_short_circuit_operator.py
[2024-10-31T22:51:27.486+0000] {processor.py:925} INFO - DAG(s) 'example_short_circuit_operator' retrieved from /home/airflow/.local/lib/python3.12/site-packages/airflow/example_dags/example_short_circuit_operator.py
[2024-10-31T22:51:27.503+0000] {logging_mixin.py:190} INFO - [2024-10-31T22:51:27.503+0000] {dag.py:3239} INFO - Sync 1 DAGs
[2024-10-31T22:51:27.512+0000] {logging_mixin.py:190} INFO - [2024-10-31T22:51:27.512+0000] {dag.py:4180} INFO - Setting next_dagrun for example_short_circuit_operator to None, run_after=None
[2024-10-31T22:51:27.525+0000] {processor.py:208} INFO - Processing /home/airflow/.local/lib/python3.12/site-packages/airflow/example_dags/example_short_circuit_operator.py took 0.054 seconds
[2024-10-31T22:51:58.903+0000] {processor.py:186} INFO - Started process (PID=2295) to work on /home/airflow/.local/lib/python3.12/site-packages/airflow/example_dags/example_short_circuit_operator.py
[2024-10-31T22:51:58.905+0000] {processor.py:914} INFO - Processing file /home/airflow/.local/lib/python3.12/site-packages/airflow/example_dags/example_short_circuit_operator.py for tasks to queue
[2024-10-31T22:51:58.907+0000] {logging_mixin.py:190} INFO - [2024-10-31T22:51:58.907+0000] {dagbag.py:588} INFO - Filling up the DagBag from /home/airflow/.local/lib/python3.12/site-packages/airflow/example_dags/example_short_circuit_operator.py
[2024-10-31T22:51:58.916+0000] {processor.py:925} INFO - DAG(s) 'example_short_circuit_operator' retrieved from /home/airflow/.local/lib/python3.12/site-packages/airflow/example_dags/example_short_circuit_operator.py
[2024-10-31T22:51:58.937+0000] {logging_mixin.py:190} INFO - [2024-10-31T22:51:58.937+0000] {dag.py:3239} INFO - Sync 1 DAGs
[2024-10-31T22:51:58.947+0000] {logging_mixin.py:190} INFO - [2024-10-31T22:51:58.947+0000] {dag.py:4180} INFO - Setting next_dagrun for example_short_circuit_operator to None, run_after=None
[2024-10-31T22:51:59.033+0000] {processor.py:208} INFO - Processing /home/airflow/.local/lib/python3.12/site-packages/airflow/example_dags/example_short_circuit_operator.py took 0.150 seconds
[2024-10-31T22:52:29.777+0000] {processor.py:186} INFO - Started process (PID=2586) to work on /home/airflow/.local/lib/python3.12/site-packages/airflow/example_dags/example_short_circuit_operator.py
[2024-10-31T22:52:29.779+0000] {processor.py:914} INFO - Processing file /home/airflow/.local/lib/python3.12/site-packages/airflow/example_dags/example_short_circuit_operator.py for tasks to queue
[2024-10-31T22:52:29.782+0000] {logging_mixin.py:190} INFO - [2024-10-31T22:52:29.782+0000] {dagbag.py:588} INFO - Filling up the DagBag from /home/airflow/.local/lib/python3.12/site-packages/airflow/example_dags/example_short_circuit_operator.py
[2024-10-31T22:52:29.787+0000] {processor.py:925} INFO - DAG(s) 'example_short_circuit_operator' retrieved from /home/airflow/.local/lib/python3.12/site-packages/airflow/example_dags/example_short_circuit_operator.py
[2024-10-31T22:52:29.800+0000] {logging_mixin.py:190} INFO - [2024-10-31T22:52:29.800+0000] {dag.py:3239} INFO - Sync 1 DAGs
[2024-10-31T22:52:29.810+0000] {logging_mixin.py:190} INFO - [2024-10-31T22:52:29.810+0000] {dag.py:4180} INFO - Setting next_dagrun for example_short_circuit_operator to None, run_after=None
[2024-10-31T22:52:29.824+0000] {processor.py:208} INFO - Processing /home/airflow/.local/lib/python3.12/site-packages/airflow/example_dags/example_short_circuit_operator.py took 0.052 seconds
