[2024-10-31T22:45:11.591+0000] {processor.py:186} INFO - Started process (PID=208) to work on /home/airflow/.local/lib/python3.12/site-packages/airflow/example_dags/example_params_ui_tutorial.py
[2024-10-31T22:45:11.592+0000] {processor.py:914} INFO - Processing file /home/airflow/.local/lib/python3.12/site-packages/airflow/example_dags/example_params_ui_tutorial.py for tasks to queue
[2024-10-31T22:45:11.598+0000] {logging_mixin.py:190} INFO - [2024-10-31T22:45:11.597+0000] {dagbag.py:588} INFO - Filling up the DagBag from /home/airflow/.local/lib/python3.12/site-packages/airflow/example_dags/example_params_ui_tutorial.py
[2024-10-31T22:45:11.616+0000] {processor.py:925} INFO - DAG(s) 'example_params_ui_tutorial' retrieved from /home/airflow/.local/lib/python3.12/site-packages/airflow/example_dags/example_params_ui_tutorial.py
[2024-10-31T22:45:11.859+0000] {logging_mixin.py:190} INFO - [2024-10-31T22:45:11.859+0000] {override.py:1900} INFO - Created Permission View: can delete on DAG:example_params_ui_tutorial
[2024-10-31T22:45:11.869+0000] {logging_mixin.py:190} INFO - [2024-10-31T22:45:11.869+0000] {override.py:1900} INFO - Created Permission View: can read on DAG:example_params_ui_tutorial
[2024-10-31T22:45:11.876+0000] {logging_mixin.py:190} INFO - [2024-10-31T22:45:11.876+0000] {override.py:1900} INFO - Created Permission View: can edit on DAG:example_params_ui_tutorial
[2024-10-31T22:45:11.881+0000] {logging_mixin.py:190} INFO - [2024-10-31T22:45:11.881+0000] {override.py:1900} INFO - Created Permission View: can create on DAG Run:example_params_ui_tutorial
[2024-10-31T22:45:11.889+0000] {logging_mixin.py:190} INFO - [2024-10-31T22:45:11.889+0000] {override.py:1900} INFO - Created Permission View: can delete on DAG Run:example_params_ui_tutorial
[2024-10-31T22:45:11.896+0000] {logging_mixin.py:190} INFO - [2024-10-31T22:45:11.895+0000] {override.py:1900} INFO - Created Permission View: can read on DAG Run:example_params_ui_tutorial
[2024-10-31T22:45:11.902+0000] {logging_mixin.py:190} INFO - [2024-10-31T22:45:11.901+0000] {override.py:1900} INFO - Created Permission View: menu access on DAG Run:example_params_ui_tutorial
[2024-10-31T22:45:11.902+0000] {logging_mixin.py:190} INFO - [2024-10-31T22:45:11.902+0000] {dag.py:3239} INFO - Sync 1 DAGs
[2024-10-31T22:45:11.959+0000] {logging_mixin.py:190} INFO - [2024-10-31T22:45:11.958+0000] {dag.py:3262} INFO - Creating ORM DAG for example_params_ui_tutorial
[2024-10-31T22:45:11.960+0000] {logging_mixin.py:190} INFO - [2024-10-31T22:45:11.960+0000] {dag.py:4180} INFO - Setting next_dagrun for example_params_ui_tutorial to None, run_after=None
[2024-10-31T22:45:12.021+0000] {processor.py:208} INFO - Processing /home/airflow/.local/lib/python3.12/site-packages/airflow/example_dags/example_params_ui_tutorial.py took 0.460 seconds
[2024-10-31T22:45:42.195+0000] {processor.py:186} INFO - Started process (PID=499) to work on /home/airflow/.local/lib/python3.12/site-packages/airflow/example_dags/example_params_ui_tutorial.py
[2024-10-31T22:45:42.196+0000] {processor.py:914} INFO - Processing file /home/airflow/.local/lib/python3.12/site-packages/airflow/example_dags/example_params_ui_tutorial.py for tasks to queue
[2024-10-31T22:45:42.198+0000] {logging_mixin.py:190} INFO - [2024-10-31T22:45:42.198+0000] {dagbag.py:588} INFO - Filling up the DagBag from /home/airflow/.local/lib/python3.12/site-packages/airflow/example_dags/example_params_ui_tutorial.py
[2024-10-31T22:45:42.206+0000] {processor.py:925} INFO - DAG(s) 'example_params_ui_tutorial' retrieved from /home/airflow/.local/lib/python3.12/site-packages/airflow/example_dags/example_params_ui_tutorial.py
[2024-10-31T22:45:42.234+0000] {logging_mixin.py:190} INFO - [2024-10-31T22:45:42.234+0000] {dag.py:3239} INFO - Sync 1 DAGs
[2024-10-31T22:45:42.245+0000] {logging_mixin.py:190} INFO - [2024-10-31T22:45:42.244+0000] {dag.py:4180} INFO - Setting next_dagrun for example_params_ui_tutorial to None, run_after=None
[2024-10-31T22:45:42.259+0000] {processor.py:208} INFO - Processing /home/airflow/.local/lib/python3.12/site-packages/airflow/example_dags/example_params_ui_tutorial.py took 0.070 seconds
[2024-10-31T22:46:13.263+0000] {processor.py:186} INFO - Started process (PID=792) to work on /home/airflow/.local/lib/python3.12/site-packages/airflow/example_dags/example_params_ui_tutorial.py
[2024-10-31T22:46:13.264+0000] {processor.py:914} INFO - Processing file /home/airflow/.local/lib/python3.12/site-packages/airflow/example_dags/example_params_ui_tutorial.py for tasks to queue
[2024-10-31T22:46:13.266+0000] {logging_mixin.py:190} INFO - [2024-10-31T22:46:13.266+0000] {dagbag.py:588} INFO - Filling up the DagBag from /home/airflow/.local/lib/python3.12/site-packages/airflow/example_dags/example_params_ui_tutorial.py
[2024-10-31T22:46:13.277+0000] {processor.py:925} INFO - DAG(s) 'example_params_ui_tutorial' retrieved from /home/airflow/.local/lib/python3.12/site-packages/airflow/example_dags/example_params_ui_tutorial.py
[2024-10-31T22:46:13.311+0000] {logging_mixin.py:190} INFO - [2024-10-31T22:46:13.311+0000] {dag.py:3239} INFO - Sync 1 DAGs
[2024-10-31T22:46:13.336+0000] {logging_mixin.py:190} INFO - [2024-10-31T22:46:13.336+0000] {dag.py:4180} INFO - Setting next_dagrun for example_params_ui_tutorial to None, run_after=None
[2024-10-31T22:46:13.354+0000] {processor.py:208} INFO - Processing /home/airflow/.local/lib/python3.12/site-packages/airflow/example_dags/example_params_ui_tutorial.py took 0.096 seconds
[2024-10-31T22:46:44.114+0000] {processor.py:186} INFO - Started process (PID=1081) to work on /home/airflow/.local/lib/python3.12/site-packages/airflow/example_dags/example_params_ui_tutorial.py
[2024-10-31T22:46:44.115+0000] {processor.py:914} INFO - Processing file /home/airflow/.local/lib/python3.12/site-packages/airflow/example_dags/example_params_ui_tutorial.py for tasks to queue
[2024-10-31T22:46:44.117+0000] {logging_mixin.py:190} INFO - [2024-10-31T22:46:44.116+0000] {dagbag.py:588} INFO - Filling up the DagBag from /home/airflow/.local/lib/python3.12/site-packages/airflow/example_dags/example_params_ui_tutorial.py
[2024-10-31T22:46:44.126+0000] {processor.py:925} INFO - DAG(s) 'example_params_ui_tutorial' retrieved from /home/airflow/.local/lib/python3.12/site-packages/airflow/example_dags/example_params_ui_tutorial.py
[2024-10-31T22:46:44.165+0000] {logging_mixin.py:190} INFO - [2024-10-31T22:46:44.165+0000] {dag.py:3239} INFO - Sync 1 DAGs
[2024-10-31T22:46:44.174+0000] {logging_mixin.py:190} INFO - [2024-10-31T22:46:44.174+0000] {dag.py:4180} INFO - Setting next_dagrun for example_params_ui_tutorial to None, run_after=None
[2024-10-31T22:46:44.185+0000] {processor.py:208} INFO - Processing /home/airflow/.local/lib/python3.12/site-packages/airflow/example_dags/example_params_ui_tutorial.py took 0.076 seconds
[2024-10-31T22:47:14.203+0000] {processor.py:186} INFO - Started process (PID=1369) to work on /home/airflow/.local/lib/python3.12/site-packages/airflow/example_dags/example_params_ui_tutorial.py
[2024-10-31T22:47:14.203+0000] {processor.py:914} INFO - Processing file /home/airflow/.local/lib/python3.12/site-packages/airflow/example_dags/example_params_ui_tutorial.py for tasks to queue
[2024-10-31T22:47:14.204+0000] {logging_mixin.py:190} INFO - [2024-10-31T22:47:14.204+0000] {dagbag.py:588} INFO - Filling up the DagBag from /home/airflow/.local/lib/python3.12/site-packages/airflow/example_dags/example_params_ui_tutorial.py
[2024-10-31T22:47:14.209+0000] {processor.py:925} INFO - DAG(s) 'example_params_ui_tutorial' retrieved from /home/airflow/.local/lib/python3.12/site-packages/airflow/example_dags/example_params_ui_tutorial.py
[2024-10-31T22:47:14.238+0000] {logging_mixin.py:190} INFO - [2024-10-31T22:47:14.238+0000] {dag.py:3239} INFO - Sync 1 DAGs
[2024-10-31T22:47:14.245+0000] {logging_mixin.py:190} INFO - [2024-10-31T22:47:14.245+0000] {dag.py:4180} INFO - Setting next_dagrun for example_params_ui_tutorial to None, run_after=None
[2024-10-31T22:47:14.256+0000] {processor.py:208} INFO - Processing /home/airflow/.local/lib/python3.12/site-packages/airflow/example_dags/example_params_ui_tutorial.py took 0.056 seconds
[2024-10-31T22:48:22.972+0000] {processor.py:186} INFO - Started process (PID=203) to work on /home/airflow/.local/lib/python3.12/site-packages/airflow/example_dags/example_params_ui_tutorial.py
[2024-10-31T22:48:22.974+0000] {processor.py:914} INFO - Processing file /home/airflow/.local/lib/python3.12/site-packages/airflow/example_dags/example_params_ui_tutorial.py for tasks to queue
[2024-10-31T22:48:22.976+0000] {logging_mixin.py:190} INFO - [2024-10-31T22:48:22.976+0000] {dagbag.py:588} INFO - Filling up the DagBag from /home/airflow/.local/lib/python3.12/site-packages/airflow/example_dags/example_params_ui_tutorial.py
[2024-10-31T22:48:22.992+0000] {processor.py:925} INFO - DAG(s) 'example_params_ui_tutorial' retrieved from /home/airflow/.local/lib/python3.12/site-packages/airflow/example_dags/example_params_ui_tutorial.py
[2024-10-31T22:48:23.025+0000] {logging_mixin.py:190} INFO - [2024-10-31T22:48:23.024+0000] {dag.py:3239} INFO - Sync 1 DAGs
[2024-10-31T22:48:23.034+0000] {logging_mixin.py:190} INFO - [2024-10-31T22:48:23.034+0000] {dag.py:4180} INFO - Setting next_dagrun for example_params_ui_tutorial to None, run_after=None
[2024-10-31T22:48:23.046+0000] {processor.py:208} INFO - Processing /home/airflow/.local/lib/python3.12/site-packages/airflow/example_dags/example_params_ui_tutorial.py took 0.081 seconds
[2024-10-31T22:48:53.878+0000] {processor.py:186} INFO - Started process (PID=496) to work on /home/airflow/.local/lib/python3.12/site-packages/airflow/example_dags/example_params_ui_tutorial.py
[2024-10-31T22:48:53.879+0000] {processor.py:914} INFO - Processing file /home/airflow/.local/lib/python3.12/site-packages/airflow/example_dags/example_params_ui_tutorial.py for tasks to queue
[2024-10-31T22:48:53.880+0000] {logging_mixin.py:190} INFO - [2024-10-31T22:48:53.880+0000] {dagbag.py:588} INFO - Filling up the DagBag from /home/airflow/.local/lib/python3.12/site-packages/airflow/example_dags/example_params_ui_tutorial.py
[2024-10-31T22:48:53.890+0000] {processor.py:925} INFO - DAG(s) 'example_params_ui_tutorial' retrieved from /home/airflow/.local/lib/python3.12/site-packages/airflow/example_dags/example_params_ui_tutorial.py
[2024-10-31T22:48:53.924+0000] {logging_mixin.py:190} INFO - [2024-10-31T22:48:53.924+0000] {dag.py:3239} INFO - Sync 1 DAGs
[2024-10-31T22:48:53.936+0000] {logging_mixin.py:190} INFO - [2024-10-31T22:48:53.935+0000] {dag.py:4180} INFO - Setting next_dagrun for example_params_ui_tutorial to None, run_after=None
[2024-10-31T22:48:53.952+0000] {processor.py:208} INFO - Processing /home/airflow/.local/lib/python3.12/site-packages/airflow/example_dags/example_params_ui_tutorial.py took 0.078 seconds
[2024-10-31T22:49:24.111+0000] {processor.py:186} INFO - Started process (PID=785) to work on /home/airflow/.local/lib/python3.12/site-packages/airflow/example_dags/example_params_ui_tutorial.py
[2024-10-31T22:49:24.112+0000] {processor.py:914} INFO - Processing file /home/airflow/.local/lib/python3.12/site-packages/airflow/example_dags/example_params_ui_tutorial.py for tasks to queue
[2024-10-31T22:49:24.114+0000] {logging_mixin.py:190} INFO - [2024-10-31T22:49:24.113+0000] {dagbag.py:588} INFO - Filling up the DagBag from /home/airflow/.local/lib/python3.12/site-packages/airflow/example_dags/example_params_ui_tutorial.py
[2024-10-31T22:49:24.122+0000] {processor.py:925} INFO - DAG(s) 'example_params_ui_tutorial' retrieved from /home/airflow/.local/lib/python3.12/site-packages/airflow/example_dags/example_params_ui_tutorial.py
[2024-10-31T22:49:24.157+0000] {logging_mixin.py:190} INFO - [2024-10-31T22:49:24.157+0000] {dag.py:3239} INFO - Sync 1 DAGs
[2024-10-31T22:49:24.173+0000] {logging_mixin.py:190} INFO - [2024-10-31T22:49:24.173+0000] {dag.py:4180} INFO - Setting next_dagrun for example_params_ui_tutorial to None, run_after=None
[2024-10-31T22:49:24.197+0000] {processor.py:208} INFO - Processing /home/airflow/.local/lib/python3.12/site-packages/airflow/example_dags/example_params_ui_tutorial.py took 0.097 seconds
[2024-10-31T22:49:55.097+0000] {processor.py:186} INFO - Started process (PID=1076) to work on /home/airflow/.local/lib/python3.12/site-packages/airflow/example_dags/example_params_ui_tutorial.py
[2024-10-31T22:49:55.099+0000] {processor.py:914} INFO - Processing file /home/airflow/.local/lib/python3.12/site-packages/airflow/example_dags/example_params_ui_tutorial.py for tasks to queue
[2024-10-31T22:49:55.102+0000] {logging_mixin.py:190} INFO - [2024-10-31T22:49:55.102+0000] {dagbag.py:588} INFO - Filling up the DagBag from /home/airflow/.local/lib/python3.12/site-packages/airflow/example_dags/example_params_ui_tutorial.py
[2024-10-31T22:49:55.124+0000] {processor.py:925} INFO - DAG(s) 'example_params_ui_tutorial' retrieved from /home/airflow/.local/lib/python3.12/site-packages/airflow/example_dags/example_params_ui_tutorial.py
[2024-10-31T22:49:55.203+0000] {logging_mixin.py:190} INFO - [2024-10-31T22:49:55.203+0000] {dag.py:3239} INFO - Sync 1 DAGs
[2024-10-31T22:49:55.235+0000] {logging_mixin.py:190} INFO - [2024-10-31T22:49:55.234+0000] {dag.py:4180} INFO - Setting next_dagrun for example_params_ui_tutorial to None, run_after=None
[2024-10-31T22:49:55.259+0000] {processor.py:208} INFO - Processing /home/airflow/.local/lib/python3.12/site-packages/airflow/example_dags/example_params_ui_tutorial.py took 0.166 seconds
[2024-10-31T22:50:25.507+0000] {processor.py:186} INFO - Started process (PID=1372) to work on /home/airflow/.local/lib/python3.12/site-packages/airflow/example_dags/example_params_ui_tutorial.py
[2024-10-31T22:50:25.508+0000] {processor.py:914} INFO - Processing file /home/airflow/.local/lib/python3.12/site-packages/airflow/example_dags/example_params_ui_tutorial.py for tasks to queue
[2024-10-31T22:50:25.510+0000] {logging_mixin.py:190} INFO - [2024-10-31T22:50:25.509+0000] {dagbag.py:588} INFO - Filling up the DagBag from /home/airflow/.local/lib/python3.12/site-packages/airflow/example_dags/example_params_ui_tutorial.py
[2024-10-31T22:50:25.519+0000] {processor.py:925} INFO - DAG(s) 'example_params_ui_tutorial' retrieved from /home/airflow/.local/lib/python3.12/site-packages/airflow/example_dags/example_params_ui_tutorial.py
[2024-10-31T22:50:25.551+0000] {logging_mixin.py:190} INFO - [2024-10-31T22:50:25.550+0000] {dag.py:3239} INFO - Sync 1 DAGs
[2024-10-31T22:50:25.559+0000] {logging_mixin.py:190} INFO - [2024-10-31T22:50:25.559+0000] {dag.py:4180} INFO - Setting next_dagrun for example_params_ui_tutorial to None, run_after=None
[2024-10-31T22:50:25.575+0000] {processor.py:208} INFO - Processing /home/airflow/.local/lib/python3.12/site-packages/airflow/example_dags/example_params_ui_tutorial.py took 0.075 seconds
[2024-10-31T22:50:56.379+0000] {processor.py:186} INFO - Started process (PID=1663) to work on /home/airflow/.local/lib/python3.12/site-packages/airflow/example_dags/example_params_ui_tutorial.py
[2024-10-31T22:50:56.381+0000] {processor.py:914} INFO - Processing file /home/airflow/.local/lib/python3.12/site-packages/airflow/example_dags/example_params_ui_tutorial.py for tasks to queue
[2024-10-31T22:50:56.387+0000] {logging_mixin.py:190} INFO - [2024-10-31T22:50:56.386+0000] {dagbag.py:588} INFO - Filling up the DagBag from /home/airflow/.local/lib/python3.12/site-packages/airflow/example_dags/example_params_ui_tutorial.py
[2024-10-31T22:50:56.400+0000] {processor.py:925} INFO - DAG(s) 'example_params_ui_tutorial' retrieved from /home/airflow/.local/lib/python3.12/site-packages/airflow/example_dags/example_params_ui_tutorial.py
[2024-10-31T22:50:56.433+0000] {logging_mixin.py:190} INFO - [2024-10-31T22:50:56.433+0000] {dag.py:3239} INFO - Sync 1 DAGs
[2024-10-31T22:50:56.442+0000] {logging_mixin.py:190} INFO - [2024-10-31T22:50:56.441+0000] {dag.py:4180} INFO - Setting next_dagrun for example_params_ui_tutorial to None, run_after=None
[2024-10-31T22:50:56.459+0000] {processor.py:208} INFO - Processing /home/airflow/.local/lib/python3.12/site-packages/airflow/example_dags/example_params_ui_tutorial.py took 0.088 seconds
[2024-10-31T22:51:26.960+0000] {processor.py:186} INFO - Started process (PID=1954) to work on /home/airflow/.local/lib/python3.12/site-packages/airflow/example_dags/example_params_ui_tutorial.py
[2024-10-31T22:51:26.961+0000] {processor.py:914} INFO - Processing file /home/airflow/.local/lib/python3.12/site-packages/airflow/example_dags/example_params_ui_tutorial.py for tasks to queue
[2024-10-31T22:51:26.963+0000] {logging_mixin.py:190} INFO - [2024-10-31T22:51:26.963+0000] {dagbag.py:588} INFO - Filling up the DagBag from /home/airflow/.local/lib/python3.12/site-packages/airflow/example_dags/example_params_ui_tutorial.py
[2024-10-31T22:51:26.973+0000] {processor.py:925} INFO - DAG(s) 'example_params_ui_tutorial' retrieved from /home/airflow/.local/lib/python3.12/site-packages/airflow/example_dags/example_params_ui_tutorial.py
[2024-10-31T22:51:27.003+0000] {logging_mixin.py:190} INFO - [2024-10-31T22:51:27.002+0000] {dag.py:3239} INFO - Sync 1 DAGs
[2024-10-31T22:51:27.012+0000] {logging_mixin.py:190} INFO - [2024-10-31T22:51:27.012+0000] {dag.py:4180} INFO - Setting next_dagrun for example_params_ui_tutorial to None, run_after=None
[2024-10-31T22:51:27.023+0000] {processor.py:208} INFO - Processing /home/airflow/.local/lib/python3.12/site-packages/airflow/example_dags/example_params_ui_tutorial.py took 0.066 seconds
[2024-10-31T22:51:58.037+0000] {processor.py:186} INFO - Started process (PID=2247) to work on /home/airflow/.local/lib/python3.12/site-packages/airflow/example_dags/example_params_ui_tutorial.py
[2024-10-31T22:51:58.038+0000] {processor.py:914} INFO - Processing file /home/airflow/.local/lib/python3.12/site-packages/airflow/example_dags/example_params_ui_tutorial.py for tasks to queue
[2024-10-31T22:51:58.042+0000] {logging_mixin.py:190} INFO - [2024-10-31T22:51:58.041+0000] {dagbag.py:588} INFO - Filling up the DagBag from /home/airflow/.local/lib/python3.12/site-packages/airflow/example_dags/example_params_ui_tutorial.py
[2024-10-31T22:51:58.048+0000] {processor.py:925} INFO - DAG(s) 'example_params_ui_tutorial' retrieved from /home/airflow/.local/lib/python3.12/site-packages/airflow/example_dags/example_params_ui_tutorial.py
[2024-10-31T22:51:58.090+0000] {logging_mixin.py:190} INFO - [2024-10-31T22:51:58.090+0000] {dag.py:3239} INFO - Sync 1 DAGs
[2024-10-31T22:51:58.110+0000] {logging_mixin.py:190} INFO - [2024-10-31T22:51:58.110+0000] {dag.py:4180} INFO - Setting next_dagrun for example_params_ui_tutorial to None, run_after=None
[2024-10-31T22:51:58.130+0000] {processor.py:208} INFO - Processing /home/airflow/.local/lib/python3.12/site-packages/airflow/example_dags/example_params_ui_tutorial.py took 0.099 seconds
[2024-10-31T22:52:28.266+0000] {processor.py:186} INFO - Started process (PID=2536) to work on /home/airflow/.local/lib/python3.12/site-packages/airflow/example_dags/example_params_ui_tutorial.py
[2024-10-31T22:52:28.267+0000] {processor.py:914} INFO - Processing file /home/airflow/.local/lib/python3.12/site-packages/airflow/example_dags/example_params_ui_tutorial.py for tasks to queue
[2024-10-31T22:52:28.268+0000] {logging_mixin.py:190} INFO - [2024-10-31T22:52:28.268+0000] {dagbag.py:588} INFO - Filling up the DagBag from /home/airflow/.local/lib/python3.12/site-packages/airflow/example_dags/example_params_ui_tutorial.py
[2024-10-31T22:52:28.275+0000] {processor.py:925} INFO - DAG(s) 'example_params_ui_tutorial' retrieved from /home/airflow/.local/lib/python3.12/site-packages/airflow/example_dags/example_params_ui_tutorial.py
[2024-10-31T22:52:28.306+0000] {logging_mixin.py:190} INFO - [2024-10-31T22:52:28.305+0000] {dag.py:3239} INFO - Sync 1 DAGs
[2024-10-31T22:52:28.319+0000] {logging_mixin.py:190} INFO - [2024-10-31T22:52:28.319+0000] {dag.py:4180} INFO - Setting next_dagrun for example_params_ui_tutorial to None, run_after=None
[2024-10-31T22:52:28.332+0000] {processor.py:208} INFO - Processing /home/airflow/.local/lib/python3.12/site-packages/airflow/example_dags/example_params_ui_tutorial.py took 0.070 seconds
