[2024-10-31T22:45:14.253+0000] {processor.py:186} INFO - Started process (PID=303) to work on /home/airflow/.local/lib/python3.12/site-packages/airflow/example_dags/example_outlet_event_extra.py
[2024-10-31T22:45:14.255+0000] {processor.py:914} INFO - Processing file /home/airflow/.local/lib/python3.12/site-packages/airflow/example_dags/example_outlet_event_extra.py for tasks to queue
[2024-10-31T22:45:14.258+0000] {logging_mixin.py:190} INFO - [2024-10-31T22:45:14.258+0000] {dagbag.py:588} INFO - Filling up the DagBag from /home/airflow/.local/lib/python3.12/site-packages/airflow/example_dags/example_outlet_event_extra.py
[2024-10-31T22:45:14.413+0000] {processor.py:925} INFO - DAG(s) 'dataset_with_extra_from_classic_operator', 'dataset_with_extra_by_context', 'dataset_with_extra_by_yield' retrieved from /home/airflow/.local/lib/python3.12/site-packages/airflow/example_dags/example_outlet_event_extra.py
[2024-10-31T22:45:14.526+0000] {logging_mixin.py:190} INFO - [2024-10-31T22:45:14.525+0000] {override.py:1900} INFO - Created Permission View: can delete on DAG:dataset_with_extra_from_classic_operator
[2024-10-31T22:45:14.566+0000] {logging_mixin.py:190} INFO - [2024-10-31T22:45:14.566+0000] {override.py:1900} INFO - Created Permission View: can read on DAG:dataset_with_extra_from_classic_operator
[2024-10-31T22:45:14.580+0000] {logging_mixin.py:190} INFO - [2024-10-31T22:45:14.579+0000] {override.py:1900} INFO - Created Permission View: can edit on DAG:dataset_with_extra_from_classic_operator
[2024-10-31T22:45:14.592+0000] {logging_mixin.py:190} INFO - [2024-10-31T22:45:14.591+0000] {override.py:1900} INFO - Created Permission View: can create on DAG Run:dataset_with_extra_from_classic_operator
[2024-10-31T22:45:14.599+0000] {logging_mixin.py:190} INFO - [2024-10-31T22:45:14.598+0000] {override.py:1900} INFO - Created Permission View: can delete on DAG Run:dataset_with_extra_from_classic_operator
[2024-10-31T22:45:14.608+0000] {logging_mixin.py:190} INFO - [2024-10-31T22:45:14.608+0000] {override.py:1900} INFO - Created Permission View: can read on DAG Run:dataset_with_extra_from_classic_operator
[2024-10-31T22:45:14.657+0000] {logging_mixin.py:190} INFO - [2024-10-31T22:45:14.653+0000] {override.py:1900} INFO - Created Permission View: menu access on DAG Run:dataset_with_extra_from_classic_operator
[2024-10-31T22:45:14.734+0000] {logging_mixin.py:190} INFO - [2024-10-31T22:45:14.731+0000] {override.py:1900} INFO - Created Permission View: can delete on DAG:dataset_with_extra_by_context
[2024-10-31T22:45:14.757+0000] {logging_mixin.py:190} INFO - [2024-10-31T22:45:14.756+0000] {override.py:1900} INFO - Created Permission View: can read on DAG:dataset_with_extra_by_context
[2024-10-31T22:45:14.784+0000] {logging_mixin.py:190} INFO - [2024-10-31T22:45:14.783+0000] {override.py:1900} INFO - Created Permission View: can edit on DAG:dataset_with_extra_by_context
[2024-10-31T22:45:14.796+0000] {logging_mixin.py:190} INFO - [2024-10-31T22:45:14.796+0000] {override.py:1900} INFO - Created Permission View: can create on DAG Run:dataset_with_extra_by_context
[2024-10-31T22:45:14.803+0000] {logging_mixin.py:190} INFO - [2024-10-31T22:45:14.803+0000] {override.py:1900} INFO - Created Permission View: can delete on DAG Run:dataset_with_extra_by_context
[2024-10-31T22:45:14.814+0000] {logging_mixin.py:190} INFO - [2024-10-31T22:45:14.813+0000] {override.py:1900} INFO - Created Permission View: can read on DAG Run:dataset_with_extra_by_context
[2024-10-31T22:45:14.829+0000] {logging_mixin.py:190} INFO - [2024-10-31T22:45:14.829+0000] {override.py:1900} INFO - Created Permission View: menu access on DAG Run:dataset_with_extra_by_context
[2024-10-31T22:45:14.856+0000] {logging_mixin.py:190} INFO - [2024-10-31T22:45:14.855+0000] {override.py:1900} INFO - Created Permission View: can delete on DAG:dataset_with_extra_by_yield
[2024-10-31T22:45:14.868+0000] {logging_mixin.py:190} INFO - [2024-10-31T22:45:14.867+0000] {override.py:1900} INFO - Created Permission View: can read on DAG:dataset_with_extra_by_yield
[2024-10-31T22:45:14.877+0000] {logging_mixin.py:190} INFO - [2024-10-31T22:45:14.877+0000] {override.py:1900} INFO - Created Permission View: can edit on DAG:dataset_with_extra_by_yield
[2024-10-31T22:45:14.900+0000] {logging_mixin.py:190} INFO - [2024-10-31T22:45:14.899+0000] {override.py:1900} INFO - Created Permission View: can create on DAG Run:dataset_with_extra_by_yield
[2024-10-31T22:45:14.909+0000] {logging_mixin.py:190} INFO - [2024-10-31T22:45:14.909+0000] {override.py:1900} INFO - Created Permission View: can delete on DAG Run:dataset_with_extra_by_yield
[2024-10-31T22:45:14.919+0000] {logging_mixin.py:190} INFO - [2024-10-31T22:45:14.918+0000] {override.py:1900} INFO - Created Permission View: can read on DAG Run:dataset_with_extra_by_yield
[2024-10-31T22:45:14.926+0000] {logging_mixin.py:190} INFO - [2024-10-31T22:45:14.926+0000] {override.py:1900} INFO - Created Permission View: menu access on DAG Run:dataset_with_extra_by_yield
[2024-10-31T22:45:14.926+0000] {logging_mixin.py:190} INFO - [2024-10-31T22:45:14.926+0000] {dag.py:3239} INFO - Sync 3 DAGs
[2024-10-31T22:45:14.955+0000] {logging_mixin.py:190} INFO - [2024-10-31T22:45:14.954+0000] {dag.py:3262} INFO - Creating ORM DAG for dataset_with_extra_by_yield
[2024-10-31T22:45:14.959+0000] {logging_mixin.py:190} INFO - [2024-10-31T22:45:14.959+0000] {dag.py:3262} INFO - Creating ORM DAG for dataset_with_extra_by_context
[2024-10-31T22:45:14.960+0000] {logging_mixin.py:190} INFO - [2024-10-31T22:45:14.960+0000] {dag.py:3262} INFO - Creating ORM DAG for dataset_with_extra_from_classic_operator
[2024-10-31T22:45:14.986+0000] {logging_mixin.py:190} INFO - [2024-10-31T22:45:14.986+0000] {dag.py:4180} INFO - Setting next_dagrun for dataset_with_extra_by_context to 2024-10-30 00:00:00+00:00, run_after=2024-10-31 00:00:00+00:00
[2024-10-31T22:45:14.990+0000] {logging_mixin.py:190} INFO - [2024-10-31T22:45:14.989+0000] {dag.py:4180} INFO - Setting next_dagrun for dataset_with_extra_by_yield to 2024-10-30 00:00:00+00:00, run_after=2024-10-31 00:00:00+00:00
[2024-10-31T22:45:14.992+0000] {logging_mixin.py:190} INFO - [2024-10-31T22:45:14.991+0000] {dag.py:4180} INFO - Setting next_dagrun for dataset_with_extra_from_classic_operator to 2024-10-30 00:00:00+00:00, run_after=2024-10-31 00:00:00+00:00
[2024-10-31T22:45:15.065+0000] {processor.py:208} INFO - Processing /home/airflow/.local/lib/python3.12/site-packages/airflow/example_dags/example_outlet_event_extra.py took 0.817 seconds
[2024-10-31T22:45:46.017+0000] {processor.py:186} INFO - Started process (PID=596) to work on /home/airflow/.local/lib/python3.12/site-packages/airflow/example_dags/example_outlet_event_extra.py
[2024-10-31T22:45:46.019+0000] {processor.py:914} INFO - Processing file /home/airflow/.local/lib/python3.12/site-packages/airflow/example_dags/example_outlet_event_extra.py for tasks to queue
[2024-10-31T22:45:46.023+0000] {logging_mixin.py:190} INFO - [2024-10-31T22:45:46.022+0000] {dagbag.py:588} INFO - Filling up the DagBag from /home/airflow/.local/lib/python3.12/site-packages/airflow/example_dags/example_outlet_event_extra.py
[2024-10-31T22:45:46.125+0000] {processor.py:925} INFO - DAG(s) 'dataset_with_extra_by_yield', 'dataset_with_extra_from_classic_operator', 'dataset_with_extra_by_context' retrieved from /home/airflow/.local/lib/python3.12/site-packages/airflow/example_dags/example_outlet_event_extra.py
[2024-10-31T22:45:46.155+0000] {logging_mixin.py:190} INFO - [2024-10-31T22:45:46.154+0000] {dag.py:3239} INFO - Sync 3 DAGs
[2024-10-31T22:45:46.174+0000] {logging_mixin.py:190} INFO - [2024-10-31T22:45:46.174+0000] {dag.py:4180} INFO - Setting next_dagrun for dataset_with_extra_by_context to 2024-10-30 00:00:00+00:00, run_after=2024-10-31 00:00:00+00:00
[2024-10-31T22:45:46.176+0000] {logging_mixin.py:190} INFO - [2024-10-31T22:45:46.176+0000] {dag.py:4180} INFO - Setting next_dagrun for dataset_with_extra_by_yield to 2024-10-30 00:00:00+00:00, run_after=2024-10-31 00:00:00+00:00
[2024-10-31T22:45:46.177+0000] {logging_mixin.py:190} INFO - [2024-10-31T22:45:46.177+0000] {dag.py:4180} INFO - Setting next_dagrun for dataset_with_extra_from_classic_operator to 2024-10-30 00:00:00+00:00, run_after=2024-10-31 00:00:00+00:00
[2024-10-31T22:45:46.188+0000] {processor.py:208} INFO - Processing /home/airflow/.local/lib/python3.12/site-packages/airflow/example_dags/example_outlet_event_extra.py took 0.178 seconds
[2024-10-31T22:46:16.560+0000] {processor.py:186} INFO - Started process (PID=887) to work on /home/airflow/.local/lib/python3.12/site-packages/airflow/example_dags/example_outlet_event_extra.py
[2024-10-31T22:46:16.563+0000] {processor.py:914} INFO - Processing file /home/airflow/.local/lib/python3.12/site-packages/airflow/example_dags/example_outlet_event_extra.py for tasks to queue
[2024-10-31T22:46:16.568+0000] {logging_mixin.py:190} INFO - [2024-10-31T22:46:16.568+0000] {dagbag.py:588} INFO - Filling up the DagBag from /home/airflow/.local/lib/python3.12/site-packages/airflow/example_dags/example_outlet_event_extra.py
[2024-10-31T22:46:16.887+0000] {processor.py:925} INFO - DAG(s) 'dataset_with_extra_from_classic_operator', 'dataset_with_extra_by_context', 'dataset_with_extra_by_yield' retrieved from /home/airflow/.local/lib/python3.12/site-packages/airflow/example_dags/example_outlet_event_extra.py
[2024-10-31T22:46:16.941+0000] {logging_mixin.py:190} INFO - [2024-10-31T22:46:16.940+0000] {dag.py:3239} INFO - Sync 3 DAGs
[2024-10-31T22:46:16.997+0000] {logging_mixin.py:190} INFO - [2024-10-31T22:46:16.997+0000] {dag.py:4180} INFO - Setting next_dagrun for dataset_with_extra_by_context to 2024-10-30 00:00:00+00:00, run_after=2024-10-31 00:00:00+00:00
[2024-10-31T22:46:17.009+0000] {logging_mixin.py:190} INFO - [2024-10-31T22:46:17.008+0000] {dag.py:4180} INFO - Setting next_dagrun for dataset_with_extra_by_yield to 2024-10-30 00:00:00+00:00, run_after=2024-10-31 00:00:00+00:00
[2024-10-31T22:46:17.022+0000] {logging_mixin.py:190} INFO - [2024-10-31T22:46:17.022+0000] {dag.py:4180} INFO - Setting next_dagrun for dataset_with_extra_from_classic_operator to 2024-10-30 00:00:00+00:00, run_after=2024-10-31 00:00:00+00:00
[2024-10-31T22:46:17.084+0000] {processor.py:208} INFO - Processing /home/airflow/.local/lib/python3.12/site-packages/airflow/example_dags/example_outlet_event_extra.py took 0.534 seconds
[2024-10-31T22:46:47.107+0000] {processor.py:186} INFO - Started process (PID=1188) to work on /home/airflow/.local/lib/python3.12/site-packages/airflow/example_dags/example_outlet_event_extra.py
[2024-10-31T22:46:47.108+0000] {processor.py:914} INFO - Processing file /home/airflow/.local/lib/python3.12/site-packages/airflow/example_dags/example_outlet_event_extra.py for tasks to queue
[2024-10-31T22:46:47.109+0000] {logging_mixin.py:190} INFO - [2024-10-31T22:46:47.109+0000] {dagbag.py:588} INFO - Filling up the DagBag from /home/airflow/.local/lib/python3.12/site-packages/airflow/example_dags/example_outlet_event_extra.py
[2024-10-31T22:46:47.179+0000] {processor.py:925} INFO - DAG(s) 'dataset_with_extra_by_context', 'dataset_with_extra_by_yield', 'dataset_with_extra_from_classic_operator' retrieved from /home/airflow/.local/lib/python3.12/site-packages/airflow/example_dags/example_outlet_event_extra.py
[2024-10-31T22:46:47.191+0000] {logging_mixin.py:190} INFO - [2024-10-31T22:46:47.191+0000] {dag.py:3239} INFO - Sync 3 DAGs
[2024-10-31T22:46:47.204+0000] {logging_mixin.py:190} INFO - [2024-10-31T22:46:47.204+0000] {dag.py:4180} INFO - Setting next_dagrun for dataset_with_extra_by_context to 2024-10-30 00:00:00+00:00, run_after=2024-10-31 00:00:00+00:00
[2024-10-31T22:46:47.207+0000] {logging_mixin.py:190} INFO - [2024-10-31T22:46:47.207+0000] {dag.py:4180} INFO - Setting next_dagrun for dataset_with_extra_by_yield to 2024-10-30 00:00:00+00:00, run_after=2024-10-31 00:00:00+00:00
[2024-10-31T22:46:47.208+0000] {logging_mixin.py:190} INFO - [2024-10-31T22:46:47.208+0000] {dag.py:4180} INFO - Setting next_dagrun for dataset_with_extra_from_classic_operator to 2024-10-30 00:00:00+00:00, run_after=2024-10-31 00:00:00+00:00
[2024-10-31T22:46:47.218+0000] {processor.py:208} INFO - Processing /home/airflow/.local/lib/python3.12/site-packages/airflow/example_dags/example_outlet_event_extra.py took 0.115 seconds
[2024-10-31T22:47:17.269+0000] {processor.py:186} INFO - Started process (PID=1477) to work on /home/airflow/.local/lib/python3.12/site-packages/airflow/example_dags/example_outlet_event_extra.py
[2024-10-31T22:47:17.270+0000] {processor.py:914} INFO - Processing file /home/airflow/.local/lib/python3.12/site-packages/airflow/example_dags/example_outlet_event_extra.py for tasks to queue
[2024-10-31T22:47:17.271+0000] {logging_mixin.py:190} INFO - [2024-10-31T22:47:17.271+0000] {dagbag.py:588} INFO - Filling up the DagBag from /home/airflow/.local/lib/python3.12/site-packages/airflow/example_dags/example_outlet_event_extra.py
[2024-10-31T22:47:17.353+0000] {processor.py:925} INFO - DAG(s) 'dataset_with_extra_by_context', 'dataset_with_extra_from_classic_operator', 'dataset_with_extra_by_yield' retrieved from /home/airflow/.local/lib/python3.12/site-packages/airflow/example_dags/example_outlet_event_extra.py
[2024-10-31T22:47:17.377+0000] {logging_mixin.py:190} INFO - [2024-10-31T22:47:17.376+0000] {dag.py:3239} INFO - Sync 3 DAGs
[2024-10-31T22:47:17.397+0000] {logging_mixin.py:190} INFO - [2024-10-31T22:47:17.397+0000] {dag.py:4180} INFO - Setting next_dagrun for dataset_with_extra_by_context to 2024-10-30 00:00:00+00:00, run_after=2024-10-31 00:00:00+00:00
[2024-10-31T22:47:17.400+0000] {logging_mixin.py:190} INFO - [2024-10-31T22:47:17.400+0000] {dag.py:4180} INFO - Setting next_dagrun for dataset_with_extra_by_yield to 2024-10-30 00:00:00+00:00, run_after=2024-10-31 00:00:00+00:00
[2024-10-31T22:47:17.401+0000] {logging_mixin.py:190} INFO - [2024-10-31T22:47:17.401+0000] {dag.py:4180} INFO - Setting next_dagrun for dataset_with_extra_from_classic_operator to 2024-10-30 00:00:00+00:00, run_after=2024-10-31 00:00:00+00:00
[2024-10-31T22:47:17.415+0000] {processor.py:208} INFO - Processing /home/airflow/.local/lib/python3.12/site-packages/airflow/example_dags/example_outlet_event_extra.py took 0.153 seconds
[2024-10-31T22:48:24.356+0000] {processor.py:186} INFO - Started process (PID=298) to work on /home/airflow/.local/lib/python3.12/site-packages/airflow/example_dags/example_outlet_event_extra.py
[2024-10-31T22:48:24.358+0000] {processor.py:914} INFO - Processing file /home/airflow/.local/lib/python3.12/site-packages/airflow/example_dags/example_outlet_event_extra.py for tasks to queue
[2024-10-31T22:48:24.360+0000] {logging_mixin.py:190} INFO - [2024-10-31T22:48:24.360+0000] {dagbag.py:588} INFO - Filling up the DagBag from /home/airflow/.local/lib/python3.12/site-packages/airflow/example_dags/example_outlet_event_extra.py
[2024-10-31T22:48:24.473+0000] {processor.py:925} INFO - DAG(s) 'dataset_with_extra_by_context', 'dataset_with_extra_from_classic_operator', 'dataset_with_extra_by_yield' retrieved from /home/airflow/.local/lib/python3.12/site-packages/airflow/example_dags/example_outlet_event_extra.py
[2024-10-31T22:48:24.498+0000] {logging_mixin.py:190} INFO - [2024-10-31T22:48:24.498+0000] {dag.py:3239} INFO - Sync 3 DAGs
[2024-10-31T22:48:24.537+0000] {logging_mixin.py:190} INFO - [2024-10-31T22:48:24.537+0000] {dag.py:4180} INFO - Setting next_dagrun for dataset_with_extra_by_context to 2024-10-30 00:00:00+00:00, run_after=2024-10-31 00:00:00+00:00
[2024-10-31T22:48:24.544+0000] {logging_mixin.py:190} INFO - [2024-10-31T22:48:24.544+0000] {dag.py:4180} INFO - Setting next_dagrun for dataset_with_extra_by_yield to 2024-10-30 00:00:00+00:00, run_after=2024-10-31 00:00:00+00:00
[2024-10-31T22:48:24.554+0000] {logging_mixin.py:190} INFO - [2024-10-31T22:48:24.553+0000] {dag.py:4180} INFO - Setting next_dagrun for dataset_with_extra_from_classic_operator to 2024-10-30 00:00:00+00:00, run_after=2024-10-31 00:00:00+00:00
[2024-10-31T22:48:24.636+0000] {processor.py:208} INFO - Processing /home/airflow/.local/lib/python3.12/site-packages/airflow/example_dags/example_outlet_event_extra.py took 0.290 seconds
[2024-10-31T22:48:54.855+0000] {processor.py:186} INFO - Started process (PID=594) to work on /home/airflow/.local/lib/python3.12/site-packages/airflow/example_dags/example_outlet_event_extra.py
[2024-10-31T22:48:54.855+0000] {processor.py:914} INFO - Processing file /home/airflow/.local/lib/python3.12/site-packages/airflow/example_dags/example_outlet_event_extra.py for tasks to queue
[2024-10-31T22:48:54.857+0000] {logging_mixin.py:190} INFO - [2024-10-31T22:48:54.856+0000] {dagbag.py:588} INFO - Filling up the DagBag from /home/airflow/.local/lib/python3.12/site-packages/airflow/example_dags/example_outlet_event_extra.py
[2024-10-31T22:48:54.931+0000] {processor.py:925} INFO - DAG(s) 'dataset_with_extra_by_yield', 'dataset_with_extra_by_context', 'dataset_with_extra_from_classic_operator' retrieved from /home/airflow/.local/lib/python3.12/site-packages/airflow/example_dags/example_outlet_event_extra.py
[2024-10-31T22:48:54.953+0000] {logging_mixin.py:190} INFO - [2024-10-31T22:48:54.952+0000] {dag.py:3239} INFO - Sync 3 DAGs
[2024-10-31T22:48:54.966+0000] {logging_mixin.py:190} INFO - [2024-10-31T22:48:54.966+0000] {dag.py:4180} INFO - Setting next_dagrun for dataset_with_extra_by_context to 2024-10-30 00:00:00+00:00, run_after=2024-10-31 00:00:00+00:00
[2024-10-31T22:48:54.968+0000] {logging_mixin.py:190} INFO - [2024-10-31T22:48:54.968+0000] {dag.py:4180} INFO - Setting next_dagrun for dataset_with_extra_by_yield to 2024-10-30 00:00:00+00:00, run_after=2024-10-31 00:00:00+00:00
[2024-10-31T22:48:54.972+0000] {logging_mixin.py:190} INFO - [2024-10-31T22:48:54.971+0000] {dag.py:4180} INFO - Setting next_dagrun for dataset_with_extra_from_classic_operator to 2024-10-30 00:00:00+00:00, run_after=2024-10-31 00:00:00+00:00
[2024-10-31T22:48:55.009+0000] {processor.py:208} INFO - Processing /home/airflow/.local/lib/python3.12/site-packages/airflow/example_dags/example_outlet_event_extra.py took 0.158 seconds
[2024-10-31T22:49:25.072+0000] {processor.py:186} INFO - Started process (PID=890) to work on /home/airflow/.local/lib/python3.12/site-packages/airflow/example_dags/example_outlet_event_extra.py
[2024-10-31T22:49:25.074+0000] {processor.py:914} INFO - Processing file /home/airflow/.local/lib/python3.12/site-packages/airflow/example_dags/example_outlet_event_extra.py for tasks to queue
[2024-10-31T22:49:25.076+0000] {logging_mixin.py:190} INFO - [2024-10-31T22:49:25.076+0000] {dagbag.py:588} INFO - Filling up the DagBag from /home/airflow/.local/lib/python3.12/site-packages/airflow/example_dags/example_outlet_event_extra.py
[2024-10-31T22:49:25.237+0000] {processor.py:925} INFO - DAG(s) 'dataset_with_extra_from_classic_operator', 'dataset_with_extra_by_context', 'dataset_with_extra_by_yield' retrieved from /home/airflow/.local/lib/python3.12/site-packages/airflow/example_dags/example_outlet_event_extra.py
[2024-10-31T22:49:25.252+0000] {logging_mixin.py:190} INFO - [2024-10-31T22:49:25.252+0000] {dag.py:3239} INFO - Sync 3 DAGs
[2024-10-31T22:49:25.268+0000] {logging_mixin.py:190} INFO - [2024-10-31T22:49:25.268+0000] {dag.py:4180} INFO - Setting next_dagrun for dataset_with_extra_by_context to 2024-10-30 00:00:00+00:00, run_after=2024-10-31 00:00:00+00:00
[2024-10-31T22:49:25.271+0000] {logging_mixin.py:190} INFO - [2024-10-31T22:49:25.271+0000] {dag.py:4180} INFO - Setting next_dagrun for dataset_with_extra_by_yield to 2024-10-30 00:00:00+00:00, run_after=2024-10-31 00:00:00+00:00
[2024-10-31T22:49:25.272+0000] {logging_mixin.py:190} INFO - [2024-10-31T22:49:25.272+0000] {dag.py:4180} INFO - Setting next_dagrun for dataset_with_extra_from_classic_operator to 2024-10-30 00:00:00+00:00, run_after=2024-10-31 00:00:00+00:00
[2024-10-31T22:49:25.281+0000] {processor.py:208} INFO - Processing /home/airflow/.local/lib/python3.12/site-packages/airflow/example_dags/example_outlet_event_extra.py took 0.214 seconds
[2024-10-31T22:49:56.136+0000] {processor.py:186} INFO - Started process (PID=1177) to work on /home/airflow/.local/lib/python3.12/site-packages/airflow/example_dags/example_outlet_event_extra.py
[2024-10-31T22:49:56.137+0000] {processor.py:914} INFO - Processing file /home/airflow/.local/lib/python3.12/site-packages/airflow/example_dags/example_outlet_event_extra.py for tasks to queue
[2024-10-31T22:49:56.139+0000] {logging_mixin.py:190} INFO - [2024-10-31T22:49:56.139+0000] {dagbag.py:588} INFO - Filling up the DagBag from /home/airflow/.local/lib/python3.12/site-packages/airflow/example_dags/example_outlet_event_extra.py
[2024-10-31T22:49:56.242+0000] {processor.py:925} INFO - DAG(s) 'dataset_with_extra_from_classic_operator', 'dataset_with_extra_by_context', 'dataset_with_extra_by_yield' retrieved from /home/airflow/.local/lib/python3.12/site-packages/airflow/example_dags/example_outlet_event_extra.py
[2024-10-31T22:49:56.273+0000] {logging_mixin.py:190} INFO - [2024-10-31T22:49:56.273+0000] {dag.py:3239} INFO - Sync 3 DAGs
[2024-10-31T22:49:56.301+0000] {logging_mixin.py:190} INFO - [2024-10-31T22:49:56.301+0000] {dag.py:4180} INFO - Setting next_dagrun for dataset_with_extra_by_context to 2024-10-30 00:00:00+00:00, run_after=2024-10-31 00:00:00+00:00
[2024-10-31T22:49:56.305+0000] {logging_mixin.py:190} INFO - [2024-10-31T22:49:56.305+0000] {dag.py:4180} INFO - Setting next_dagrun for dataset_with_extra_by_yield to 2024-10-30 00:00:00+00:00, run_after=2024-10-31 00:00:00+00:00
[2024-10-31T22:49:56.306+0000] {logging_mixin.py:190} INFO - [2024-10-31T22:49:56.306+0000] {dag.py:4180} INFO - Setting next_dagrun for dataset_with_extra_from_classic_operator to 2024-10-30 00:00:00+00:00, run_after=2024-10-31 00:00:00+00:00
[2024-10-31T22:49:56.324+0000] {processor.py:208} INFO - Processing /home/airflow/.local/lib/python3.12/site-packages/airflow/example_dags/example_outlet_event_extra.py took 0.192 seconds
