[2024-10-31T22:45:17.082+0000] {processor.py:186} INFO - Started process (PID=348) to work on /home/airflow/.local/lib/python3.12/site-packages/airflow/example_dags/example_latest_only.py
[2024-10-31T22:45:17.084+0000] {processor.py:914} INFO - Processing file /home/airflow/.local/lib/python3.12/site-packages/airflow/example_dags/example_latest_only.py for tasks to queue
[2024-10-31T22:45:17.086+0000] {logging_mixin.py:190} INFO - [2024-10-31T22:45:17.086+0000] {dagbag.py:588} INFO - Filling up the DagBag from /home/airflow/.local/lib/python3.12/site-packages/airflow/example_dags/example_latest_only.py
[2024-10-31T22:45:17.094+0000] {processor.py:925} INFO - DAG(s) 'latest_only' retrieved from /home/airflow/.local/lib/python3.12/site-packages/airflow/example_dags/example_latest_only.py
[2024-10-31T22:45:17.273+0000] {logging_mixin.py:190} INFO - [2024-10-31T22:45:17.272+0000] {override.py:1900} INFO - Created Permission View: can delete on DAG:latest_only
[2024-10-31T22:45:17.284+0000] {logging_mixin.py:190} INFO - [2024-10-31T22:45:17.284+0000] {override.py:1900} INFO - Created Permission View: can read on DAG:latest_only
[2024-10-31T22:45:17.288+0000] {logging_mixin.py:190} INFO - [2024-10-31T22:45:17.288+0000] {override.py:1900} INFO - Created Permission View: can edit on DAG:latest_only
[2024-10-31T22:45:17.293+0000] {logging_mixin.py:190} INFO - [2024-10-31T22:45:17.293+0000] {override.py:1900} INFO - Created Permission View: can create on DAG Run:latest_only
[2024-10-31T22:45:17.301+0000] {logging_mixin.py:190} INFO - [2024-10-31T22:45:17.301+0000] {override.py:1900} INFO - Created Permission View: can delete on DAG Run:latest_only
[2024-10-31T22:45:17.308+0000] {logging_mixin.py:190} INFO - [2024-10-31T22:45:17.307+0000] {override.py:1900} INFO - Created Permission View: can read on DAG Run:latest_only
[2024-10-31T22:45:17.314+0000] {logging_mixin.py:190} INFO - [2024-10-31T22:45:17.314+0000] {override.py:1900} INFO - Created Permission View: menu access on DAG Run:latest_only
[2024-10-31T22:45:17.314+0000] {logging_mixin.py:190} INFO - [2024-10-31T22:45:17.314+0000] {dag.py:3239} INFO - Sync 1 DAGs
[2024-10-31T22:45:17.326+0000] {logging_mixin.py:190} INFO - [2024-10-31T22:45:17.326+0000] {dag.py:3262} INFO - Creating ORM DAG for latest_only
[2024-10-31T22:45:17.338+0000] {logging_mixin.py:190} INFO - [2024-10-31T22:45:17.338+0000] {dag.py:4180} INFO - Setting next_dagrun for latest_only to 2024-10-31 16:00:00+00:00, run_after=2024-10-31 20:00:00+00:00
[2024-10-31T22:45:17.359+0000] {processor.py:208} INFO - Processing /home/airflow/.local/lib/python3.12/site-packages/airflow/example_dags/example_latest_only.py took 0.283 seconds
[2024-10-31T22:45:47.488+0000] {processor.py:186} INFO - Started process (PID=634) to work on /home/airflow/.local/lib/python3.12/site-packages/airflow/example_dags/example_latest_only.py
[2024-10-31T22:45:47.489+0000] {processor.py:914} INFO - Processing file /home/airflow/.local/lib/python3.12/site-packages/airflow/example_dags/example_latest_only.py for tasks to queue
[2024-10-31T22:45:47.490+0000] {logging_mixin.py:190} INFO - [2024-10-31T22:45:47.490+0000] {dagbag.py:588} INFO - Filling up the DagBag from /home/airflow/.local/lib/python3.12/site-packages/airflow/example_dags/example_latest_only.py
[2024-10-31T22:45:47.497+0000] {processor.py:925} INFO - DAG(s) 'latest_only' retrieved from /home/airflow/.local/lib/python3.12/site-packages/airflow/example_dags/example_latest_only.py
[2024-10-31T22:45:47.507+0000] {logging_mixin.py:190} INFO - [2024-10-31T22:45:47.506+0000] {dag.py:3239} INFO - Sync 1 DAGs
[2024-10-31T22:45:47.517+0000] {logging_mixin.py:190} INFO - [2024-10-31T22:45:47.516+0000] {dag.py:4180} INFO - Setting next_dagrun for latest_only to 2024-10-31 16:00:00+00:00, run_after=2024-10-31 20:00:00+00:00
[2024-10-31T22:45:47.526+0000] {processor.py:208} INFO - Processing /home/airflow/.local/lib/python3.12/site-packages/airflow/example_dags/example_latest_only.py took 0.043 seconds
[2024-10-31T22:46:19.274+0000] {processor.py:186} INFO - Started process (PID=930) to work on /home/airflow/.local/lib/python3.12/site-packages/airflow/example_dags/example_latest_only.py
[2024-10-31T22:46:19.275+0000] {processor.py:914} INFO - Processing file /home/airflow/.local/lib/python3.12/site-packages/airflow/example_dags/example_latest_only.py for tasks to queue
[2024-10-31T22:46:19.276+0000] {logging_mixin.py:190} INFO - [2024-10-31T22:46:19.276+0000] {dagbag.py:588} INFO - Filling up the DagBag from /home/airflow/.local/lib/python3.12/site-packages/airflow/example_dags/example_latest_only.py
[2024-10-31T22:46:19.281+0000] {processor.py:925} INFO - DAG(s) 'latest_only' retrieved from /home/airflow/.local/lib/python3.12/site-packages/airflow/example_dags/example_latest_only.py
[2024-10-31T22:46:19.293+0000] {logging_mixin.py:190} INFO - [2024-10-31T22:46:19.293+0000] {dag.py:3239} INFO - Sync 1 DAGs
[2024-10-31T22:46:19.307+0000] {logging_mixin.py:190} INFO - [2024-10-31T22:46:19.307+0000] {dag.py:4180} INFO - Setting next_dagrun for latest_only to 2024-10-31 16:00:00+00:00, run_after=2024-10-31 20:00:00+00:00
[2024-10-31T22:46:19.321+0000] {processor.py:208} INFO - Processing /home/airflow/.local/lib/python3.12/site-packages/airflow/example_dags/example_latest_only.py took 0.052 seconds
[2024-10-31T22:46:49.577+0000] {processor.py:186} INFO - Started process (PID=1221) to work on /home/airflow/.local/lib/python3.12/site-packages/airflow/example_dags/example_latest_only.py
[2024-10-31T22:46:49.577+0000] {processor.py:914} INFO - Processing file /home/airflow/.local/lib/python3.12/site-packages/airflow/example_dags/example_latest_only.py for tasks to queue
[2024-10-31T22:46:49.579+0000] {logging_mixin.py:190} INFO - [2024-10-31T22:46:49.578+0000] {dagbag.py:588} INFO - Filling up the DagBag from /home/airflow/.local/lib/python3.12/site-packages/airflow/example_dags/example_latest_only.py
[2024-10-31T22:46:49.583+0000] {processor.py:925} INFO - DAG(s) 'latest_only' retrieved from /home/airflow/.local/lib/python3.12/site-packages/airflow/example_dags/example_latest_only.py
[2024-10-31T22:46:49.597+0000] {logging_mixin.py:190} INFO - [2024-10-31T22:46:49.597+0000] {dag.py:3239} INFO - Sync 1 DAGs
[2024-10-31T22:46:49.613+0000] {logging_mixin.py:190} INFO - [2024-10-31T22:46:49.613+0000] {dag.py:4180} INFO - Setting next_dagrun for latest_only to 2024-10-31 16:00:00+00:00, run_after=2024-10-31 20:00:00+00:00
[2024-10-31T22:46:49.641+0000] {processor.py:208} INFO - Processing /home/airflow/.local/lib/python3.12/site-packages/airflow/example_dags/example_latest_only.py took 0.069 seconds
[2024-10-31T22:47:20.720+0000] {processor.py:186} INFO - Started process (PID=1514) to work on /home/airflow/.local/lib/python3.12/site-packages/airflow/example_dags/example_latest_only.py
[2024-10-31T22:47:20.720+0000] {processor.py:914} INFO - Processing file /home/airflow/.local/lib/python3.12/site-packages/airflow/example_dags/example_latest_only.py for tasks to queue
[2024-10-31T22:47:20.722+0000] {logging_mixin.py:190} INFO - [2024-10-31T22:47:20.722+0000] {dagbag.py:588} INFO - Filling up the DagBag from /home/airflow/.local/lib/python3.12/site-packages/airflow/example_dags/example_latest_only.py
[2024-10-31T22:47:20.727+0000] {processor.py:925} INFO - DAG(s) 'latest_only' retrieved from /home/airflow/.local/lib/python3.12/site-packages/airflow/example_dags/example_latest_only.py
[2024-10-31T22:47:20.738+0000] {logging_mixin.py:190} INFO - [2024-10-31T22:47:20.738+0000] {dag.py:3239} INFO - Sync 1 DAGs
[2024-10-31T22:47:20.756+0000] {logging_mixin.py:190} INFO - [2024-10-31T22:47:20.756+0000] {dag.py:4180} INFO - Setting next_dagrun for latest_only to 2024-10-31 16:00:00+00:00, run_after=2024-10-31 20:00:00+00:00
[2024-10-31T22:47:20.773+0000] {processor.py:208} INFO - Processing /home/airflow/.local/lib/python3.12/site-packages/airflow/example_dags/example_latest_only.py took 0.056 seconds
[2024-10-31T22:48:25.656+0000] {processor.py:186} INFO - Started process (PID=351) to work on /home/airflow/.local/lib/python3.12/site-packages/airflow/example_dags/example_latest_only.py
[2024-10-31T22:48:25.657+0000] {processor.py:914} INFO - Processing file /home/airflow/.local/lib/python3.12/site-packages/airflow/example_dags/example_latest_only.py for tasks to queue
[2024-10-31T22:48:25.660+0000] {logging_mixin.py:190} INFO - [2024-10-31T22:48:25.659+0000] {dagbag.py:588} INFO - Filling up the DagBag from /home/airflow/.local/lib/python3.12/site-packages/airflow/example_dags/example_latest_only.py
[2024-10-31T22:48:25.664+0000] {processor.py:925} INFO - DAG(s) 'latest_only' retrieved from /home/airflow/.local/lib/python3.12/site-packages/airflow/example_dags/example_latest_only.py
[2024-10-31T22:48:25.687+0000] {logging_mixin.py:190} INFO - [2024-10-31T22:48:25.687+0000] {dag.py:3239} INFO - Sync 1 DAGs
[2024-10-31T22:48:25.707+0000] {logging_mixin.py:190} INFO - [2024-10-31T22:48:25.707+0000] {dag.py:4180} INFO - Setting next_dagrun for latest_only to 2024-10-31 16:00:00+00:00, run_after=2024-10-31 20:00:00+00:00
[2024-10-31T22:48:25.722+0000] {processor.py:208} INFO - Processing /home/airflow/.local/lib/python3.12/site-packages/airflow/example_dags/example_latest_only.py took 0.071 seconds
[2024-10-31T22:48:56.390+0000] {processor.py:186} INFO - Started process (PID=640) to work on /home/airflow/.local/lib/python3.12/site-packages/airflow/example_dags/example_latest_only.py
[2024-10-31T22:48:56.392+0000] {processor.py:914} INFO - Processing file /home/airflow/.local/lib/python3.12/site-packages/airflow/example_dags/example_latest_only.py for tasks to queue
[2024-10-31T22:48:56.395+0000] {logging_mixin.py:190} INFO - [2024-10-31T22:48:56.394+0000] {dagbag.py:588} INFO - Filling up the DagBag from /home/airflow/.local/lib/python3.12/site-packages/airflow/example_dags/example_latest_only.py
[2024-10-31T22:48:56.399+0000] {processor.py:925} INFO - DAG(s) 'latest_only' retrieved from /home/airflow/.local/lib/python3.12/site-packages/airflow/example_dags/example_latest_only.py
[2024-10-31T22:48:56.421+0000] {logging_mixin.py:190} INFO - [2024-10-31T22:48:56.421+0000] {dag.py:3239} INFO - Sync 1 DAGs
[2024-10-31T22:48:56.436+0000] {logging_mixin.py:190} INFO - [2024-10-31T22:48:56.436+0000] {dag.py:4180} INFO - Setting next_dagrun for latest_only to 2024-10-31 16:00:00+00:00, run_after=2024-10-31 20:00:00+00:00
[2024-10-31T22:48:56.451+0000] {processor.py:208} INFO - Processing /home/airflow/.local/lib/python3.12/site-packages/airflow/example_dags/example_latest_only.py took 0.065 seconds
[2024-10-31T22:49:27.499+0000] {processor.py:186} INFO - Started process (PID=933) to work on /home/airflow/.local/lib/python3.12/site-packages/airflow/example_dags/example_latest_only.py
[2024-10-31T22:49:27.501+0000] {processor.py:914} INFO - Processing file /home/airflow/.local/lib/python3.12/site-packages/airflow/example_dags/example_latest_only.py for tasks to queue
[2024-10-31T22:49:27.502+0000] {logging_mixin.py:190} INFO - [2024-10-31T22:49:27.502+0000] {dagbag.py:588} INFO - Filling up the DagBag from /home/airflow/.local/lib/python3.12/site-packages/airflow/example_dags/example_latest_only.py
[2024-10-31T22:49:27.506+0000] {processor.py:925} INFO - DAG(s) 'latest_only' retrieved from /home/airflow/.local/lib/python3.12/site-packages/airflow/example_dags/example_latest_only.py
[2024-10-31T22:49:27.517+0000] {logging_mixin.py:190} INFO - [2024-10-31T22:49:27.516+0000] {dag.py:3239} INFO - Sync 1 DAGs
[2024-10-31T22:49:27.532+0000] {logging_mixin.py:190} INFO - [2024-10-31T22:49:27.532+0000] {dag.py:4180} INFO - Setting next_dagrun for latest_only to 2024-10-31 16:00:00+00:00, run_after=2024-10-31 20:00:00+00:00
[2024-10-31T22:49:27.548+0000] {processor.py:208} INFO - Processing /home/airflow/.local/lib/python3.12/site-packages/airflow/example_dags/example_latest_only.py took 0.054 seconds
[2024-10-31T22:49:57.647+0000] {processor.py:186} INFO - Started process (PID=1222) to work on /home/airflow/.local/lib/python3.12/site-packages/airflow/example_dags/example_latest_only.py
[2024-10-31T22:49:57.647+0000] {processor.py:914} INFO - Processing file /home/airflow/.local/lib/python3.12/site-packages/airflow/example_dags/example_latest_only.py for tasks to queue
[2024-10-31T22:49:57.649+0000] {logging_mixin.py:190} INFO - [2024-10-31T22:49:57.649+0000] {dagbag.py:588} INFO - Filling up the DagBag from /home/airflow/.local/lib/python3.12/site-packages/airflow/example_dags/example_latest_only.py
[2024-10-31T22:49:57.653+0000] {processor.py:925} INFO - DAG(s) 'latest_only' retrieved from /home/airflow/.local/lib/python3.12/site-packages/airflow/example_dags/example_latest_only.py
[2024-10-31T22:49:57.665+0000] {logging_mixin.py:190} INFO - [2024-10-31T22:49:57.665+0000] {dag.py:3239} INFO - Sync 1 DAGs
[2024-10-31T22:49:57.679+0000] {logging_mixin.py:190} INFO - [2024-10-31T22:49:57.679+0000] {dag.py:4180} INFO - Setting next_dagrun for latest_only to 2024-10-31 16:00:00+00:00, run_after=2024-10-31 20:00:00+00:00
[2024-10-31T22:49:57.691+0000] {processor.py:208} INFO - Processing /home/airflow/.local/lib/python3.12/site-packages/airflow/example_dags/example_latest_only.py took 0.048 seconds
