[2024-10-31T22:45:14.232+0000] {processor.py:186} INFO - Started process (PID=299) to work on /home/airflow/.local/lib/python3.12/site-packages/airflow/example_dags/example_params_trigger_ui.py
[2024-10-31T22:45:14.235+0000] {processor.py:914} INFO - Processing file /home/airflow/.local/lib/python3.12/site-packages/airflow/example_dags/example_params_trigger_ui.py for tasks to queue
[2024-10-31T22:45:14.239+0000] {logging_mixin.py:190} INFO - [2024-10-31T22:45:14.239+0000] {dagbag.py:588} INFO - Filling up the DagBag from /home/airflow/.local/lib/python3.12/site-packages/airflow/example_dags/example_params_trigger_ui.py
[2024-10-31T22:45:14.252+0000] {processor.py:925} INFO - DAG(s) 'example_params_trigger_ui' retrieved from /home/airflow/.local/lib/python3.12/site-packages/airflow/example_dags/example_params_trigger_ui.py
[2024-10-31T22:45:14.378+0000] {logging_mixin.py:190} INFO - [2024-10-31T22:45:14.377+0000] {override.py:1900} INFO - Created Permission View: can delete on DAG:example_params_trigger_ui
[2024-10-31T22:45:14.392+0000] {logging_mixin.py:190} INFO - [2024-10-31T22:45:14.391+0000] {override.py:1900} INFO - Created Permission View: can read on DAG:example_params_trigger_ui
[2024-10-31T22:45:14.416+0000] {logging_mixin.py:190} INFO - [2024-10-31T22:45:14.415+0000] {override.py:1900} INFO - Created Permission View: can edit on DAG:example_params_trigger_ui
[2024-10-31T22:45:14.426+0000] {logging_mixin.py:190} INFO - [2024-10-31T22:45:14.426+0000] {override.py:1900} INFO - Created Permission View: can create on DAG Run:example_params_trigger_ui
[2024-10-31T22:45:14.434+0000] {logging_mixin.py:190} INFO - [2024-10-31T22:45:14.433+0000] {override.py:1900} INFO - Created Permission View: can delete on DAG Run:example_params_trigger_ui
[2024-10-31T22:45:14.444+0000] {logging_mixin.py:190} INFO - [2024-10-31T22:45:14.443+0000] {override.py:1900} INFO - Created Permission View: can read on DAG Run:example_params_trigger_ui
[2024-10-31T22:45:14.448+0000] {logging_mixin.py:190} INFO - [2024-10-31T22:45:14.448+0000] {override.py:1900} INFO - Created Permission View: menu access on DAG Run:example_params_trigger_ui
[2024-10-31T22:45:14.449+0000] {logging_mixin.py:190} INFO - [2024-10-31T22:45:14.448+0000] {dag.py:3239} INFO - Sync 1 DAGs
[2024-10-31T22:45:14.458+0000] {logging_mixin.py:190} INFO - [2024-10-31T22:45:14.458+0000] {dag.py:3262} INFO - Creating ORM DAG for example_params_trigger_ui
[2024-10-31T22:45:14.459+0000] {logging_mixin.py:190} INFO - [2024-10-31T22:45:14.459+0000] {dag.py:4180} INFO - Setting next_dagrun for example_params_trigger_ui to None, run_after=None
[2024-10-31T22:45:14.472+0000] {processor.py:208} INFO - Processing /home/airflow/.local/lib/python3.12/site-packages/airflow/example_dags/example_params_trigger_ui.py took 0.248 seconds
[2024-10-31T22:45:44.988+0000] {processor.py:186} INFO - Started process (PID=591) to work on /home/airflow/.local/lib/python3.12/site-packages/airflow/example_dags/example_params_trigger_ui.py
[2024-10-31T22:45:44.988+0000] {processor.py:914} INFO - Processing file /home/airflow/.local/lib/python3.12/site-packages/airflow/example_dags/example_params_trigger_ui.py for tasks to queue
[2024-10-31T22:45:44.990+0000] {logging_mixin.py:190} INFO - [2024-10-31T22:45:44.990+0000] {dagbag.py:588} INFO - Filling up the DagBag from /home/airflow/.local/lib/python3.12/site-packages/airflow/example_dags/example_params_trigger_ui.py
[2024-10-31T22:45:44.996+0000] {processor.py:925} INFO - DAG(s) 'example_params_trigger_ui' retrieved from /home/airflow/.local/lib/python3.12/site-packages/airflow/example_dags/example_params_trigger_ui.py
[2024-10-31T22:45:45.015+0000] {logging_mixin.py:190} INFO - [2024-10-31T22:45:45.015+0000] {dag.py:3239} INFO - Sync 1 DAGs
[2024-10-31T22:45:45.023+0000] {logging_mixin.py:190} INFO - [2024-10-31T22:45:45.023+0000] {dag.py:4180} INFO - Setting next_dagrun for example_params_trigger_ui to None, run_after=None
[2024-10-31T22:45:45.033+0000] {processor.py:208} INFO - Processing /home/airflow/.local/lib/python3.12/site-packages/airflow/example_dags/example_params_trigger_ui.py took 0.048 seconds
[2024-10-31T22:46:15.524+0000] {processor.py:186} INFO - Started process (PID=882) to work on /home/airflow/.local/lib/python3.12/site-packages/airflow/example_dags/example_params_trigger_ui.py
[2024-10-31T22:46:15.525+0000] {processor.py:914} INFO - Processing file /home/airflow/.local/lib/python3.12/site-packages/airflow/example_dags/example_params_trigger_ui.py for tasks to queue
[2024-10-31T22:46:15.526+0000] {logging_mixin.py:190} INFO - [2024-10-31T22:46:15.526+0000] {dagbag.py:588} INFO - Filling up the DagBag from /home/airflow/.local/lib/python3.12/site-packages/airflow/example_dags/example_params_trigger_ui.py
[2024-10-31T22:46:15.533+0000] {processor.py:925} INFO - DAG(s) 'example_params_trigger_ui' retrieved from /home/airflow/.local/lib/python3.12/site-packages/airflow/example_dags/example_params_trigger_ui.py
[2024-10-31T22:46:15.553+0000] {logging_mixin.py:190} INFO - [2024-10-31T22:46:15.553+0000] {dag.py:3239} INFO - Sync 1 DAGs
[2024-10-31T22:46:15.561+0000] {logging_mixin.py:190} INFO - [2024-10-31T22:46:15.560+0000] {dag.py:4180} INFO - Setting next_dagrun for example_params_trigger_ui to None, run_after=None
[2024-10-31T22:46:15.569+0000] {processor.py:208} INFO - Processing /home/airflow/.local/lib/python3.12/site-packages/airflow/example_dags/example_params_trigger_ui.py took 0.048 seconds
[2024-10-31T22:46:45.956+0000] {processor.py:186} INFO - Started process (PID=1173) to work on /home/airflow/.local/lib/python3.12/site-packages/airflow/example_dags/example_params_trigger_ui.py
[2024-10-31T22:46:45.957+0000] {processor.py:914} INFO - Processing file /home/airflow/.local/lib/python3.12/site-packages/airflow/example_dags/example_params_trigger_ui.py for tasks to queue
[2024-10-31T22:46:45.958+0000] {logging_mixin.py:190} INFO - [2024-10-31T22:46:45.958+0000] {dagbag.py:588} INFO - Filling up the DagBag from /home/airflow/.local/lib/python3.12/site-packages/airflow/example_dags/example_params_trigger_ui.py
[2024-10-31T22:46:45.968+0000] {processor.py:925} INFO - DAG(s) 'example_params_trigger_ui' retrieved from /home/airflow/.local/lib/python3.12/site-packages/airflow/example_dags/example_params_trigger_ui.py
[2024-10-31T22:46:45.990+0000] {logging_mixin.py:190} INFO - [2024-10-31T22:46:45.990+0000] {dag.py:3239} INFO - Sync 1 DAGs
[2024-10-31T22:46:45.999+0000] {logging_mixin.py:190} INFO - [2024-10-31T22:46:45.999+0000] {dag.py:4180} INFO - Setting next_dagrun for example_params_trigger_ui to None, run_after=None
[2024-10-31T22:46:46.010+0000] {processor.py:208} INFO - Processing /home/airflow/.local/lib/python3.12/site-packages/airflow/example_dags/example_params_trigger_ui.py took 0.057 seconds
[2024-10-31T22:47:16.140+0000] {processor.py:186} INFO - Started process (PID=1464) to work on /home/airflow/.local/lib/python3.12/site-packages/airflow/example_dags/example_params_trigger_ui.py
[2024-10-31T22:47:16.141+0000] {processor.py:914} INFO - Processing file /home/airflow/.local/lib/python3.12/site-packages/airflow/example_dags/example_params_trigger_ui.py for tasks to queue
[2024-10-31T22:47:16.144+0000] {logging_mixin.py:190} INFO - [2024-10-31T22:47:16.143+0000] {dagbag.py:588} INFO - Filling up the DagBag from /home/airflow/.local/lib/python3.12/site-packages/airflow/example_dags/example_params_trigger_ui.py
[2024-10-31T22:47:16.154+0000] {processor.py:925} INFO - DAG(s) 'example_params_trigger_ui' retrieved from /home/airflow/.local/lib/python3.12/site-packages/airflow/example_dags/example_params_trigger_ui.py
[2024-10-31T22:47:16.175+0000] {logging_mixin.py:190} INFO - [2024-10-31T22:47:16.175+0000] {dag.py:3239} INFO - Sync 1 DAGs
[2024-10-31T22:47:16.185+0000] {logging_mixin.py:190} INFO - [2024-10-31T22:47:16.185+0000] {dag.py:4180} INFO - Setting next_dagrun for example_params_trigger_ui to None, run_after=None
[2024-10-31T22:47:16.195+0000] {processor.py:208} INFO - Processing /home/airflow/.local/lib/python3.12/site-packages/airflow/example_dags/example_params_trigger_ui.py took 0.059 seconds
[2024-10-31T22:48:24.321+0000] {processor.py:186} INFO - Started process (PID=293) to work on /home/airflow/.local/lib/python3.12/site-packages/airflow/example_dags/example_params_trigger_ui.py
[2024-10-31T22:48:24.323+0000] {processor.py:914} INFO - Processing file /home/airflow/.local/lib/python3.12/site-packages/airflow/example_dags/example_params_trigger_ui.py for tasks to queue
[2024-10-31T22:48:24.326+0000] {logging_mixin.py:190} INFO - [2024-10-31T22:48:24.325+0000] {dagbag.py:588} INFO - Filling up the DagBag from /home/airflow/.local/lib/python3.12/site-packages/airflow/example_dags/example_params_trigger_ui.py
[2024-10-31T22:48:24.350+0000] {processor.py:925} INFO - DAG(s) 'example_params_trigger_ui' retrieved from /home/airflow/.local/lib/python3.12/site-packages/airflow/example_dags/example_params_trigger_ui.py
[2024-10-31T22:48:24.396+0000] {logging_mixin.py:190} INFO - [2024-10-31T22:48:24.395+0000] {dag.py:3239} INFO - Sync 1 DAGs
[2024-10-31T22:48:24.405+0000] {logging_mixin.py:190} INFO - [2024-10-31T22:48:24.405+0000] {dag.py:4180} INFO - Setting next_dagrun for example_params_trigger_ui to None, run_after=None
[2024-10-31T22:48:24.425+0000] {processor.py:208} INFO - Processing /home/airflow/.local/lib/python3.12/site-packages/airflow/example_dags/example_params_trigger_ui.py took 0.111 seconds
[2024-10-31T22:48:54.768+0000] {processor.py:186} INFO - Started process (PID=584) to work on /home/airflow/.local/lib/python3.12/site-packages/airflow/example_dags/example_params_trigger_ui.py
[2024-10-31T22:48:54.769+0000] {processor.py:914} INFO - Processing file /home/airflow/.local/lib/python3.12/site-packages/airflow/example_dags/example_params_trigger_ui.py for tasks to queue
[2024-10-31T22:48:54.773+0000] {logging_mixin.py:190} INFO - [2024-10-31T22:48:54.773+0000] {dagbag.py:588} INFO - Filling up the DagBag from /home/airflow/.local/lib/python3.12/site-packages/airflow/example_dags/example_params_trigger_ui.py
[2024-10-31T22:48:54.780+0000] {processor.py:925} INFO - DAG(s) 'example_params_trigger_ui' retrieved from /home/airflow/.local/lib/python3.12/site-packages/airflow/example_dags/example_params_trigger_ui.py
[2024-10-31T22:48:54.807+0000] {logging_mixin.py:190} INFO - [2024-10-31T22:48:54.807+0000] {dag.py:3239} INFO - Sync 1 DAGs
[2024-10-31T22:48:54.816+0000] {logging_mixin.py:190} INFO - [2024-10-31T22:48:54.816+0000] {dag.py:4180} INFO - Setting next_dagrun for example_params_trigger_ui to None, run_after=None
[2024-10-31T22:48:54.830+0000] {processor.py:208} INFO - Processing /home/airflow/.local/lib/python3.12/site-packages/airflow/example_dags/example_params_trigger_ui.py took 0.065 seconds
[2024-10-31T22:49:24.939+0000] {processor.py:186} INFO - Started process (PID=875) to work on /home/airflow/.local/lib/python3.12/site-packages/airflow/example_dags/example_params_trigger_ui.py
[2024-10-31T22:49:24.940+0000] {processor.py:914} INFO - Processing file /home/airflow/.local/lib/python3.12/site-packages/airflow/example_dags/example_params_trigger_ui.py for tasks to queue
[2024-10-31T22:49:24.942+0000] {logging_mixin.py:190} INFO - [2024-10-31T22:49:24.942+0000] {dagbag.py:588} INFO - Filling up the DagBag from /home/airflow/.local/lib/python3.12/site-packages/airflow/example_dags/example_params_trigger_ui.py
[2024-10-31T22:49:24.950+0000] {processor.py:925} INFO - DAG(s) 'example_params_trigger_ui' retrieved from /home/airflow/.local/lib/python3.12/site-packages/airflow/example_dags/example_params_trigger_ui.py
[2024-10-31T22:49:24.979+0000] {logging_mixin.py:190} INFO - [2024-10-31T22:49:24.979+0000] {dag.py:3239} INFO - Sync 1 DAGs
[2024-10-31T22:49:24.990+0000] {logging_mixin.py:190} INFO - [2024-10-31T22:49:24.990+0000] {dag.py:4180} INFO - Setting next_dagrun for example_params_trigger_ui to None, run_after=None
[2024-10-31T22:49:25.002+0000] {processor.py:208} INFO - Processing /home/airflow/.local/lib/python3.12/site-packages/airflow/example_dags/example_params_trigger_ui.py took 0.066 seconds
[2024-10-31T22:49:56.063+0000] {processor.py:186} INFO - Started process (PID=1172) to work on /home/airflow/.local/lib/python3.12/site-packages/airflow/example_dags/example_params_trigger_ui.py
[2024-10-31T22:49:56.066+0000] {processor.py:914} INFO - Processing file /home/airflow/.local/lib/python3.12/site-packages/airflow/example_dags/example_params_trigger_ui.py for tasks to queue
[2024-10-31T22:49:56.069+0000] {logging_mixin.py:190} INFO - [2024-10-31T22:49:56.068+0000] {dagbag.py:588} INFO - Filling up the DagBag from /home/airflow/.local/lib/python3.12/site-packages/airflow/example_dags/example_params_trigger_ui.py
[2024-10-31T22:49:56.079+0000] {processor.py:925} INFO - DAG(s) 'example_params_trigger_ui' retrieved from /home/airflow/.local/lib/python3.12/site-packages/airflow/example_dags/example_params_trigger_ui.py
[2024-10-31T22:49:56.109+0000] {logging_mixin.py:190} INFO - [2024-10-31T22:49:56.109+0000] {dag.py:3239} INFO - Sync 1 DAGs
[2024-10-31T22:49:56.119+0000] {logging_mixin.py:190} INFO - [2024-10-31T22:49:56.119+0000] {dag.py:4180} INFO - Setting next_dagrun for example_params_trigger_ui to None, run_after=None
[2024-10-31T22:49:56.131+0000] {processor.py:208} INFO - Processing /home/airflow/.local/lib/python3.12/site-packages/airflow/example_dags/example_params_trigger_ui.py took 0.072 seconds
[2024-10-31T22:50:26.602+0000] {processor.py:186} INFO - Started process (PID=1462) to work on /home/airflow/.local/lib/python3.12/site-packages/airflow/example_dags/example_params_trigger_ui.py
[2024-10-31T22:50:26.610+0000] {processor.py:914} INFO - Processing file /home/airflow/.local/lib/python3.12/site-packages/airflow/example_dags/example_params_trigger_ui.py for tasks to queue
[2024-10-31T22:50:26.612+0000] {logging_mixin.py:190} INFO - [2024-10-31T22:50:26.612+0000] {dagbag.py:588} INFO - Filling up the DagBag from /home/airflow/.local/lib/python3.12/site-packages/airflow/example_dags/example_params_trigger_ui.py
[2024-10-31T22:50:26.622+0000] {processor.py:925} INFO - DAG(s) 'example_params_trigger_ui' retrieved from /home/airflow/.local/lib/python3.12/site-packages/airflow/example_dags/example_params_trigger_ui.py
[2024-10-31T22:50:26.685+0000] {logging_mixin.py:190} INFO - [2024-10-31T22:50:26.685+0000] {dag.py:3239} INFO - Sync 1 DAGs
[2024-10-31T22:50:26.696+0000] {logging_mixin.py:190} INFO - [2024-10-31T22:50:26.696+0000] {dag.py:4180} INFO - Setting next_dagrun for example_params_trigger_ui to None, run_after=None
[2024-10-31T22:50:26.714+0000] {processor.py:208} INFO - Processing /home/airflow/.local/lib/python3.12/site-packages/airflow/example_dags/example_params_trigger_ui.py took 0.127 seconds
[2024-10-31T22:50:57.294+0000] {processor.py:186} INFO - Started process (PID=1753) to work on /home/airflow/.local/lib/python3.12/site-packages/airflow/example_dags/example_params_trigger_ui.py
[2024-10-31T22:50:57.295+0000] {processor.py:914} INFO - Processing file /home/airflow/.local/lib/python3.12/site-packages/airflow/example_dags/example_params_trigger_ui.py for tasks to queue
[2024-10-31T22:50:57.296+0000] {logging_mixin.py:190} INFO - [2024-10-31T22:50:57.296+0000] {dagbag.py:588} INFO - Filling up the DagBag from /home/airflow/.local/lib/python3.12/site-packages/airflow/example_dags/example_params_trigger_ui.py
[2024-10-31T22:50:57.303+0000] {processor.py:925} INFO - DAG(s) 'example_params_trigger_ui' retrieved from /home/airflow/.local/lib/python3.12/site-packages/airflow/example_dags/example_params_trigger_ui.py
[2024-10-31T22:50:57.329+0000] {logging_mixin.py:190} INFO - [2024-10-31T22:50:57.329+0000] {dag.py:3239} INFO - Sync 1 DAGs
[2024-10-31T22:50:57.339+0000] {logging_mixin.py:190} INFO - [2024-10-31T22:50:57.339+0000] {dag.py:4180} INFO - Setting next_dagrun for example_params_trigger_ui to None, run_after=None
[2024-10-31T22:50:57.361+0000] {processor.py:208} INFO - Processing /home/airflow/.local/lib/python3.12/site-packages/airflow/example_dags/example_params_trigger_ui.py took 0.071 seconds
[2024-10-31T22:51:27.828+0000] {processor.py:186} INFO - Started process (PID=2044) to work on /home/airflow/.local/lib/python3.12/site-packages/airflow/example_dags/example_params_trigger_ui.py
[2024-10-31T22:51:27.829+0000] {processor.py:914} INFO - Processing file /home/airflow/.local/lib/python3.12/site-packages/airflow/example_dags/example_params_trigger_ui.py for tasks to queue
[2024-10-31T22:51:27.831+0000] {logging_mixin.py:190} INFO - [2024-10-31T22:51:27.831+0000] {dagbag.py:588} INFO - Filling up the DagBag from /home/airflow/.local/lib/python3.12/site-packages/airflow/example_dags/example_params_trigger_ui.py
[2024-10-31T22:51:27.841+0000] {processor.py:925} INFO - DAG(s) 'example_params_trigger_ui' retrieved from /home/airflow/.local/lib/python3.12/site-packages/airflow/example_dags/example_params_trigger_ui.py
[2024-10-31T22:51:27.877+0000] {logging_mixin.py:190} INFO - [2024-10-31T22:51:27.877+0000] {dag.py:3239} INFO - Sync 1 DAGs
[2024-10-31T22:51:27.887+0000] {logging_mixin.py:190} INFO - [2024-10-31T22:51:27.887+0000] {dag.py:4180} INFO - Setting next_dagrun for example_params_trigger_ui to None, run_after=None
[2024-10-31T22:51:27.897+0000] {processor.py:208} INFO - Processing /home/airflow/.local/lib/python3.12/site-packages/airflow/example_dags/example_params_trigger_ui.py took 0.073 seconds
[2024-10-31T22:51:59.432+0000] {processor.py:186} INFO - Started process (PID=2337) to work on /home/airflow/.local/lib/python3.12/site-packages/airflow/example_dags/example_params_trigger_ui.py
[2024-10-31T22:51:59.433+0000] {processor.py:914} INFO - Processing file /home/airflow/.local/lib/python3.12/site-packages/airflow/example_dags/example_params_trigger_ui.py for tasks to queue
[2024-10-31T22:51:59.434+0000] {logging_mixin.py:190} INFO - [2024-10-31T22:51:59.434+0000] {dagbag.py:588} INFO - Filling up the DagBag from /home/airflow/.local/lib/python3.12/site-packages/airflow/example_dags/example_params_trigger_ui.py
[2024-10-31T22:51:59.439+0000] {processor.py:925} INFO - DAG(s) 'example_params_trigger_ui' retrieved from /home/airflow/.local/lib/python3.12/site-packages/airflow/example_dags/example_params_trigger_ui.py
[2024-10-31T22:51:59.484+0000] {logging_mixin.py:190} INFO - [2024-10-31T22:51:59.484+0000] {dag.py:3239} INFO - Sync 1 DAGs
[2024-10-31T22:51:59.504+0000] {logging_mixin.py:190} INFO - [2024-10-31T22:51:59.504+0000] {dag.py:4180} INFO - Setting next_dagrun for example_params_trigger_ui to None, run_after=None
[2024-10-31T22:51:59.524+0000] {processor.py:208} INFO - Processing /home/airflow/.local/lib/python3.12/site-packages/airflow/example_dags/example_params_trigger_ui.py took 0.096 seconds
[2024-10-31T22:52:30.189+0000] {processor.py:186} INFO - Started process (PID=2628) to work on /home/airflow/.local/lib/python3.12/site-packages/airflow/example_dags/example_params_trigger_ui.py
[2024-10-31T22:52:30.190+0000] {processor.py:914} INFO - Processing file /home/airflow/.local/lib/python3.12/site-packages/airflow/example_dags/example_params_trigger_ui.py for tasks to queue
[2024-10-31T22:52:30.191+0000] {logging_mixin.py:190} INFO - [2024-10-31T22:52:30.191+0000] {dagbag.py:588} INFO - Filling up the DagBag from /home/airflow/.local/lib/python3.12/site-packages/airflow/example_dags/example_params_trigger_ui.py
[2024-10-31T22:52:30.196+0000] {processor.py:925} INFO - DAG(s) 'example_params_trigger_ui' retrieved from /home/airflow/.local/lib/python3.12/site-packages/airflow/example_dags/example_params_trigger_ui.py
[2024-10-31T22:52:30.217+0000] {logging_mixin.py:190} INFO - [2024-10-31T22:52:30.217+0000] {dag.py:3239} INFO - Sync 1 DAGs
[2024-10-31T22:52:30.224+0000] {logging_mixin.py:190} INFO - [2024-10-31T22:52:30.224+0000] {dag.py:4180} INFO - Setting next_dagrun for example_params_trigger_ui to None, run_after=None
[2024-10-31T22:52:30.233+0000] {processor.py:208} INFO - Processing /home/airflow/.local/lib/python3.12/site-packages/airflow/example_dags/example_params_trigger_ui.py took 0.047 seconds
