[2024-10-31T22:45:21.025+0000] {processor.py:186} INFO - Started process (PID=428) to work on /home/airflow/.local/lib/python3.12/site-packages/airflow/example_dags/example_kubernetes_executor.py
[2024-10-31T22:45:21.028+0000] {processor.py:914} INFO - Processing file /home/airflow/.local/lib/python3.12/site-packages/airflow/example_dags/example_kubernetes_executor.py for tasks to queue
[2024-10-31T22:45:21.032+0000] {logging_mixin.py:190} INFO - [2024-10-31T22:45:21.031+0000] {dagbag.py:588} INFO - Filling up the DagBag from /home/airflow/.local/lib/python3.12/site-packages/airflow/example_dags/example_kubernetes_executor.py
[2024-10-31T22:45:21.051+0000] {processor.py:925} INFO - DAG(s) 'example_kubernetes_executor' retrieved from /home/airflow/.local/lib/python3.12/site-packages/airflow/example_dags/example_kubernetes_executor.py
[2024-10-31T22:45:21.353+0000] {logging_mixin.py:190} INFO - [2024-10-31T22:45:21.352+0000] {override.py:1900} INFO - Created Permission View: can delete on DAG:example_kubernetes_executor
[2024-10-31T22:45:21.360+0000] {logging_mixin.py:190} INFO - [2024-10-31T22:45:21.359+0000] {override.py:1900} INFO - Created Permission View: can read on DAG:example_kubernetes_executor
[2024-10-31T22:45:21.365+0000] {logging_mixin.py:190} INFO - [2024-10-31T22:45:21.365+0000] {override.py:1900} INFO - Created Permission View: can edit on DAG:example_kubernetes_executor
[2024-10-31T22:45:21.385+0000] {logging_mixin.py:190} INFO - [2024-10-31T22:45:21.384+0000] {override.py:1900} INFO - Created Permission View: can create on DAG Run:example_kubernetes_executor
[2024-10-31T22:45:21.393+0000] {logging_mixin.py:190} INFO - [2024-10-31T22:45:21.392+0000] {override.py:1900} INFO - Created Permission View: can delete on DAG Run:example_kubernetes_executor
[2024-10-31T22:45:21.406+0000] {logging_mixin.py:190} INFO - [2024-10-31T22:45:21.405+0000] {override.py:1900} INFO - Created Permission View: can read on DAG Run:example_kubernetes_executor
[2024-10-31T22:45:21.414+0000] {logging_mixin.py:190} INFO - [2024-10-31T22:45:21.414+0000] {override.py:1900} INFO - Created Permission View: menu access on DAG Run:example_kubernetes_executor
[2024-10-31T22:45:21.415+0000] {logging_mixin.py:190} INFO - [2024-10-31T22:45:21.415+0000] {dag.py:3239} INFO - Sync 1 DAGs
[2024-10-31T22:45:21.426+0000] {logging_mixin.py:190} INFO - [2024-10-31T22:45:21.426+0000] {dag.py:3262} INFO - Creating ORM DAG for example_kubernetes_executor
[2024-10-31T22:45:21.427+0000] {logging_mixin.py:190} INFO - [2024-10-31T22:45:21.427+0000] {dag.py:4180} INFO - Setting next_dagrun for example_kubernetes_executor to None, run_after=None
[2024-10-31T22:45:21.444+0000] {processor.py:208} INFO - Processing /home/airflow/.local/lib/python3.12/site-packages/airflow/example_dags/example_kubernetes_executor.py took 0.431 seconds
[2024-10-31T22:45:52.377+0000] {processor.py:186} INFO - Started process (PID=721) to work on /home/airflow/.local/lib/python3.12/site-packages/airflow/example_dags/example_kubernetes_executor.py
[2024-10-31T22:45:52.379+0000] {processor.py:914} INFO - Processing file /home/airflow/.local/lib/python3.12/site-packages/airflow/example_dags/example_kubernetes_executor.py for tasks to queue
[2024-10-31T22:45:52.381+0000] {logging_mixin.py:190} INFO - [2024-10-31T22:45:52.381+0000] {dagbag.py:588} INFO - Filling up the DagBag from /home/airflow/.local/lib/python3.12/site-packages/airflow/example_dags/example_kubernetes_executor.py
[2024-10-31T22:45:52.413+0000] {processor.py:925} INFO - DAG(s) 'example_kubernetes_executor' retrieved from /home/airflow/.local/lib/python3.12/site-packages/airflow/example_dags/example_kubernetes_executor.py
[2024-10-31T22:45:52.445+0000] {logging_mixin.py:190} INFO - [2024-10-31T22:45:52.445+0000] {dag.py:3239} INFO - Sync 1 DAGs
[2024-10-31T22:45:52.455+0000] {logging_mixin.py:190} INFO - [2024-10-31T22:45:52.455+0000] {dag.py:4180} INFO - Setting next_dagrun for example_kubernetes_executor to None, run_after=None
[2024-10-31T22:45:52.470+0000] {processor.py:208} INFO - Processing /home/airflow/.local/lib/python3.12/site-packages/airflow/example_dags/example_kubernetes_executor.py took 0.098 seconds
[2024-10-31T22:46:23.156+0000] {processor.py:186} INFO - Started process (PID=1012) to work on /home/airflow/.local/lib/python3.12/site-packages/airflow/example_dags/example_kubernetes_executor.py
[2024-10-31T22:46:23.157+0000] {processor.py:914} INFO - Processing file /home/airflow/.local/lib/python3.12/site-packages/airflow/example_dags/example_kubernetes_executor.py for tasks to queue
[2024-10-31T22:46:23.159+0000] {logging_mixin.py:190} INFO - [2024-10-31T22:46:23.158+0000] {dagbag.py:588} INFO - Filling up the DagBag from /home/airflow/.local/lib/python3.12/site-packages/airflow/example_dags/example_kubernetes_executor.py
[2024-10-31T22:46:23.172+0000] {processor.py:925} INFO - DAG(s) 'example_kubernetes_executor' retrieved from /home/airflow/.local/lib/python3.12/site-packages/airflow/example_dags/example_kubernetes_executor.py
[2024-10-31T22:46:23.205+0000] {logging_mixin.py:190} INFO - [2024-10-31T22:46:23.205+0000] {dag.py:3239} INFO - Sync 1 DAGs
[2024-10-31T22:46:23.216+0000] {logging_mixin.py:190} INFO - [2024-10-31T22:46:23.215+0000] {dag.py:4180} INFO - Setting next_dagrun for example_kubernetes_executor to None, run_after=None
[2024-10-31T22:46:23.231+0000] {processor.py:208} INFO - Processing /home/airflow/.local/lib/python3.12/site-packages/airflow/example_dags/example_kubernetes_executor.py took 0.082 seconds
[2024-10-31T22:46:53.439+0000] {processor.py:186} INFO - Started process (PID=1303) to work on /home/airflow/.local/lib/python3.12/site-packages/airflow/example_dags/example_kubernetes_executor.py
[2024-10-31T22:46:53.442+0000] {processor.py:914} INFO - Processing file /home/airflow/.local/lib/python3.12/site-packages/airflow/example_dags/example_kubernetes_executor.py for tasks to queue
[2024-10-31T22:46:53.444+0000] {logging_mixin.py:190} INFO - [2024-10-31T22:46:53.444+0000] {dagbag.py:588} INFO - Filling up the DagBag from /home/airflow/.local/lib/python3.12/site-packages/airflow/example_dags/example_kubernetes_executor.py
[2024-10-31T22:46:53.463+0000] {processor.py:925} INFO - DAG(s) 'example_kubernetes_executor' retrieved from /home/airflow/.local/lib/python3.12/site-packages/airflow/example_dags/example_kubernetes_executor.py
[2024-10-31T22:46:53.504+0000] {logging_mixin.py:190} INFO - [2024-10-31T22:46:53.504+0000] {dag.py:3239} INFO - Sync 1 DAGs
[2024-10-31T22:46:53.518+0000] {logging_mixin.py:190} INFO - [2024-10-31T22:46:53.518+0000] {dag.py:4180} INFO - Setting next_dagrun for example_kubernetes_executor to None, run_after=None
[2024-10-31T22:46:53.533+0000] {processor.py:208} INFO - Processing /home/airflow/.local/lib/python3.12/site-packages/airflow/example_dags/example_kubernetes_executor.py took 0.107 seconds
[2024-10-31T22:47:24.018+0000] {processor.py:186} INFO - Started process (PID=1594) to work on /home/airflow/.local/lib/python3.12/site-packages/airflow/example_dags/example_kubernetes_executor.py
[2024-10-31T22:47:24.023+0000] {processor.py:914} INFO - Processing file /home/airflow/.local/lib/python3.12/site-packages/airflow/example_dags/example_kubernetes_executor.py for tasks to queue
[2024-10-31T22:47:24.039+0000] {logging_mixin.py:190} INFO - [2024-10-31T22:47:24.032+0000] {dagbag.py:588} INFO - Filling up the DagBag from /home/airflow/.local/lib/python3.12/site-packages/airflow/example_dags/example_kubernetes_executor.py
[2024-10-31T22:47:24.117+0000] {processor.py:925} INFO - DAG(s) 'example_kubernetes_executor' retrieved from /home/airflow/.local/lib/python3.12/site-packages/airflow/example_dags/example_kubernetes_executor.py
[2024-10-31T22:47:24.368+0000] {logging_mixin.py:190} INFO - [2024-10-31T22:47:24.368+0000] {dag.py:3239} INFO - Sync 1 DAGs
[2024-10-31T22:47:24.424+0000] {logging_mixin.py:190} INFO - [2024-10-31T22:47:24.423+0000] {dag.py:4180} INFO - Setting next_dagrun for example_kubernetes_executor to None, run_after=None
[2024-10-31T22:47:24.488+0000] {processor.py:208} INFO - Processing /home/airflow/.local/lib/python3.12/site-packages/airflow/example_dags/example_kubernetes_executor.py took 0.512 seconds
[2024-10-31T22:48:26.912+0000] {processor.py:186} INFO - Started process (PID=431) to work on /home/airflow/.local/lib/python3.12/site-packages/airflow/example_dags/example_kubernetes_executor.py
[2024-10-31T22:48:26.914+0000] {processor.py:914} INFO - Processing file /home/airflow/.local/lib/python3.12/site-packages/airflow/example_dags/example_kubernetes_executor.py for tasks to queue
[2024-10-31T22:48:26.916+0000] {logging_mixin.py:190} INFO - [2024-10-31T22:48:26.915+0000] {dagbag.py:588} INFO - Filling up the DagBag from /home/airflow/.local/lib/python3.12/site-packages/airflow/example_dags/example_kubernetes_executor.py
[2024-10-31T22:48:26.932+0000] {processor.py:925} INFO - DAG(s) 'example_kubernetes_executor' retrieved from /home/airflow/.local/lib/python3.12/site-packages/airflow/example_dags/example_kubernetes_executor.py
[2024-10-31T22:48:26.972+0000] {logging_mixin.py:190} INFO - [2024-10-31T22:48:26.971+0000] {dag.py:3239} INFO - Sync 1 DAGs
[2024-10-31T22:48:26.987+0000] {logging_mixin.py:190} INFO - [2024-10-31T22:48:26.986+0000] {dag.py:4180} INFO - Setting next_dagrun for example_kubernetes_executor to None, run_after=None
[2024-10-31T22:48:27.023+0000] {processor.py:208} INFO - Processing /home/airflow/.local/lib/python3.12/site-packages/airflow/example_dags/example_kubernetes_executor.py took 0.116 seconds
[2024-10-31T22:48:57.339+0000] {processor.py:186} INFO - Started process (PID=727) to work on /home/airflow/.local/lib/python3.12/site-packages/airflow/example_dags/example_kubernetes_executor.py
[2024-10-31T22:48:57.340+0000] {processor.py:914} INFO - Processing file /home/airflow/.local/lib/python3.12/site-packages/airflow/example_dags/example_kubernetes_executor.py for tasks to queue
[2024-10-31T22:48:57.341+0000] {logging_mixin.py:190} INFO - [2024-10-31T22:48:57.341+0000] {dagbag.py:588} INFO - Filling up the DagBag from /home/airflow/.local/lib/python3.12/site-packages/airflow/example_dags/example_kubernetes_executor.py
[2024-10-31T22:48:57.355+0000] {processor.py:925} INFO - DAG(s) 'example_kubernetes_executor' retrieved from /home/airflow/.local/lib/python3.12/site-packages/airflow/example_dags/example_kubernetes_executor.py
[2024-10-31T22:48:57.397+0000] {logging_mixin.py:190} INFO - [2024-10-31T22:48:57.396+0000] {dag.py:3239} INFO - Sync 1 DAGs
[2024-10-31T22:48:57.408+0000] {logging_mixin.py:190} INFO - [2024-10-31T22:48:57.408+0000] {dag.py:4180} INFO - Setting next_dagrun for example_kubernetes_executor to None, run_after=None
[2024-10-31T22:48:57.417+0000] {processor.py:208} INFO - Processing /home/airflow/.local/lib/python3.12/site-packages/airflow/example_dags/example_kubernetes_executor.py took 0.085 seconds
[2024-10-31T22:49:28.257+0000] {processor.py:186} INFO - Started process (PID=1011) to work on /home/airflow/.local/lib/python3.12/site-packages/airflow/example_dags/example_kubernetes_executor.py
[2024-10-31T22:49:28.258+0000] {processor.py:914} INFO - Processing file /home/airflow/.local/lib/python3.12/site-packages/airflow/example_dags/example_kubernetes_executor.py for tasks to queue
[2024-10-31T22:49:28.260+0000] {logging_mixin.py:190} INFO - [2024-10-31T22:49:28.259+0000] {dagbag.py:588} INFO - Filling up the DagBag from /home/airflow/.local/lib/python3.12/site-packages/airflow/example_dags/example_kubernetes_executor.py
[2024-10-31T22:49:28.272+0000] {processor.py:925} INFO - DAG(s) 'example_kubernetes_executor' retrieved from /home/airflow/.local/lib/python3.12/site-packages/airflow/example_dags/example_kubernetes_executor.py
[2024-10-31T22:49:28.297+0000] {logging_mixin.py:190} INFO - [2024-10-31T22:49:28.296+0000] {dag.py:3239} INFO - Sync 1 DAGs
[2024-10-31T22:49:28.306+0000] {logging_mixin.py:190} INFO - [2024-10-31T22:49:28.305+0000] {dag.py:4180} INFO - Setting next_dagrun for example_kubernetes_executor to None, run_after=None
[2024-10-31T22:49:28.318+0000] {processor.py:208} INFO - Processing /home/airflow/.local/lib/python3.12/site-packages/airflow/example_dags/example_kubernetes_executor.py took 0.066 seconds
[2024-10-31T22:49:58.520+0000] {processor.py:186} INFO - Started process (PID=1302) to work on /home/airflow/.local/lib/python3.12/site-packages/airflow/example_dags/example_kubernetes_executor.py
[2024-10-31T22:49:58.522+0000] {processor.py:914} INFO - Processing file /home/airflow/.local/lib/python3.12/site-packages/airflow/example_dags/example_kubernetes_executor.py for tasks to queue
[2024-10-31T22:49:58.523+0000] {logging_mixin.py:190} INFO - [2024-10-31T22:49:58.523+0000] {dagbag.py:588} INFO - Filling up the DagBag from /home/airflow/.local/lib/python3.12/site-packages/airflow/example_dags/example_kubernetes_executor.py
[2024-10-31T22:49:58.531+0000] {processor.py:925} INFO - DAG(s) 'example_kubernetes_executor' retrieved from /home/airflow/.local/lib/python3.12/site-packages/airflow/example_dags/example_kubernetes_executor.py
[2024-10-31T22:49:58.557+0000] {logging_mixin.py:190} INFO - [2024-10-31T22:49:58.557+0000] {dag.py:3239} INFO - Sync 1 DAGs
[2024-10-31T22:49:58.565+0000] {logging_mixin.py:190} INFO - [2024-10-31T22:49:58.565+0000] {dag.py:4180} INFO - Setting next_dagrun for example_kubernetes_executor to None, run_after=None
[2024-10-31T22:49:58.583+0000] {processor.py:208} INFO - Processing /home/airflow/.local/lib/python3.12/site-packages/airflow/example_dags/example_kubernetes_executor.py took 0.066 seconds
[2024-10-31T22:50:29.375+0000] {processor.py:186} INFO - Started process (PID=1592) to work on /home/airflow/.local/lib/python3.12/site-packages/airflow/example_dags/example_kubernetes_executor.py
[2024-10-31T22:50:29.376+0000] {processor.py:914} INFO - Processing file /home/airflow/.local/lib/python3.12/site-packages/airflow/example_dags/example_kubernetes_executor.py for tasks to queue
[2024-10-31T22:50:29.377+0000] {logging_mixin.py:190} INFO - [2024-10-31T22:50:29.377+0000] {dagbag.py:588} INFO - Filling up the DagBag from /home/airflow/.local/lib/python3.12/site-packages/airflow/example_dags/example_kubernetes_executor.py
[2024-10-31T22:50:29.400+0000] {processor.py:925} INFO - DAG(s) 'example_kubernetes_executor' retrieved from /home/airflow/.local/lib/python3.12/site-packages/airflow/example_dags/example_kubernetes_executor.py
[2024-10-31T22:50:29.454+0000] {logging_mixin.py:190} INFO - [2024-10-31T22:50:29.453+0000] {dag.py:3239} INFO - Sync 1 DAGs
[2024-10-31T22:50:29.466+0000] {logging_mixin.py:190} INFO - [2024-10-31T22:50:29.466+0000] {dag.py:4180} INFO - Setting next_dagrun for example_kubernetes_executor to None, run_after=None
[2024-10-31T22:50:29.481+0000] {processor.py:208} INFO - Processing /home/airflow/.local/lib/python3.12/site-packages/airflow/example_dags/example_kubernetes_executor.py took 0.110 seconds
[2024-10-31T22:50:59.997+0000] {processor.py:186} INFO - Started process (PID=1883) to work on /home/airflow/.local/lib/python3.12/site-packages/airflow/example_dags/example_kubernetes_executor.py
[2024-10-31T22:50:59.998+0000] {processor.py:914} INFO - Processing file /home/airflow/.local/lib/python3.12/site-packages/airflow/example_dags/example_kubernetes_executor.py for tasks to queue
[2024-10-31T22:51:00.000+0000] {logging_mixin.py:190} INFO - [2024-10-31T22:51:00.000+0000] {dagbag.py:588} INFO - Filling up the DagBag from /home/airflow/.local/lib/python3.12/site-packages/airflow/example_dags/example_kubernetes_executor.py
[2024-10-31T22:51:00.013+0000] {processor.py:925} INFO - DAG(s) 'example_kubernetes_executor' retrieved from /home/airflow/.local/lib/python3.12/site-packages/airflow/example_dags/example_kubernetes_executor.py
[2024-10-31T22:51:00.061+0000] {logging_mixin.py:190} INFO - [2024-10-31T22:51:00.061+0000] {dag.py:3239} INFO - Sync 1 DAGs
[2024-10-31T22:51:00.070+0000] {logging_mixin.py:190} INFO - [2024-10-31T22:51:00.070+0000] {dag.py:4180} INFO - Setting next_dagrun for example_kubernetes_executor to None, run_after=None
[2024-10-31T22:51:00.083+0000] {processor.py:208} INFO - Processing /home/airflow/.local/lib/python3.12/site-packages/airflow/example_dags/example_kubernetes_executor.py took 0.092 seconds
[2024-10-31T22:51:30.186+0000] {processor.py:186} INFO - Started process (PID=2174) to work on /home/airflow/.local/lib/python3.12/site-packages/airflow/example_dags/example_kubernetes_executor.py
[2024-10-31T22:51:30.187+0000] {processor.py:914} INFO - Processing file /home/airflow/.local/lib/python3.12/site-packages/airflow/example_dags/example_kubernetes_executor.py for tasks to queue
[2024-10-31T22:51:30.188+0000] {logging_mixin.py:190} INFO - [2024-10-31T22:51:30.188+0000] {dagbag.py:588} INFO - Filling up the DagBag from /home/airflow/.local/lib/python3.12/site-packages/airflow/example_dags/example_kubernetes_executor.py
[2024-10-31T22:51:30.199+0000] {processor.py:925} INFO - DAG(s) 'example_kubernetes_executor' retrieved from /home/airflow/.local/lib/python3.12/site-packages/airflow/example_dags/example_kubernetes_executor.py
[2024-10-31T22:51:30.223+0000] {logging_mixin.py:190} INFO - [2024-10-31T22:51:30.223+0000] {dag.py:3239} INFO - Sync 1 DAGs
[2024-10-31T22:51:30.231+0000] {logging_mixin.py:190} INFO - [2024-10-31T22:51:30.231+0000] {dag.py:4180} INFO - Setting next_dagrun for example_kubernetes_executor to None, run_after=None
[2024-10-31T22:51:30.250+0000] {processor.py:208} INFO - Processing /home/airflow/.local/lib/python3.12/site-packages/airflow/example_dags/example_kubernetes_executor.py took 0.069 seconds
[2024-10-31T22:52:01.275+0000] {processor.py:186} INFO - Started process (PID=2465) to work on /home/airflow/.local/lib/python3.12/site-packages/airflow/example_dags/example_kubernetes_executor.py
[2024-10-31T22:52:01.279+0000] {processor.py:914} INFO - Processing file /home/airflow/.local/lib/python3.12/site-packages/airflow/example_dags/example_kubernetes_executor.py for tasks to queue
[2024-10-31T22:52:01.281+0000] {logging_mixin.py:190} INFO - [2024-10-31T22:52:01.280+0000] {dagbag.py:588} INFO - Filling up the DagBag from /home/airflow/.local/lib/python3.12/site-packages/airflow/example_dags/example_kubernetes_executor.py
[2024-10-31T22:52:01.296+0000] {processor.py:925} INFO - DAG(s) 'example_kubernetes_executor' retrieved from /home/airflow/.local/lib/python3.12/site-packages/airflow/example_dags/example_kubernetes_executor.py
[2024-10-31T22:52:01.333+0000] {logging_mixin.py:190} INFO - [2024-10-31T22:52:01.332+0000] {dag.py:3239} INFO - Sync 1 DAGs
[2024-10-31T22:52:01.344+0000] {logging_mixin.py:190} INFO - [2024-10-31T22:52:01.344+0000] {dag.py:4180} INFO - Setting next_dagrun for example_kubernetes_executor to None, run_after=None
[2024-10-31T22:52:01.358+0000] {processor.py:208} INFO - Processing /home/airflow/.local/lib/python3.12/site-packages/airflow/example_dags/example_kubernetes_executor.py took 0.090 seconds
[2024-10-31T22:52:31.561+0000] {processor.py:186} INFO - Started process (PID=2758) to work on /home/airflow/.local/lib/python3.12/site-packages/airflow/example_dags/example_kubernetes_executor.py
[2024-10-31T22:52:31.562+0000] {processor.py:914} INFO - Processing file /home/airflow/.local/lib/python3.12/site-packages/airflow/example_dags/example_kubernetes_executor.py for tasks to queue
[2024-10-31T22:52:31.563+0000] {logging_mixin.py:190} INFO - [2024-10-31T22:52:31.563+0000] {dagbag.py:588} INFO - Filling up the DagBag from /home/airflow/.local/lib/python3.12/site-packages/airflow/example_dags/example_kubernetes_executor.py
[2024-10-31T22:52:31.574+0000] {processor.py:925} INFO - DAG(s) 'example_kubernetes_executor' retrieved from /home/airflow/.local/lib/python3.12/site-packages/airflow/example_dags/example_kubernetes_executor.py
[2024-10-31T22:52:31.598+0000] {logging_mixin.py:190} INFO - [2024-10-31T22:52:31.598+0000] {dag.py:3239} INFO - Sync 1 DAGs
[2024-10-31T22:52:31.605+0000] {logging_mixin.py:190} INFO - [2024-10-31T22:52:31.605+0000] {dag.py:4180} INFO - Setting next_dagrun for example_kubernetes_executor to None, run_after=None
[2024-10-31T22:52:31.615+0000] {processor.py:208} INFO - Processing /home/airflow/.local/lib/python3.12/site-packages/airflow/example_dags/example_kubernetes_executor.py took 0.058 seconds
