[2024-10-31T22:45:13.420+0000] {processor.py:186} INFO - Started process (PID=268) to work on /home/airflow/.local/lib/python3.12/site-packages/airflow/example_dags/example_branch_labels.py
[2024-10-31T22:45:13.422+0000] {processor.py:914} INFO - Processing file /home/airflow/.local/lib/python3.12/site-packages/airflow/example_dags/example_branch_labels.py for tasks to queue
[2024-10-31T22:45:13.426+0000] {logging_mixin.py:190} INFO - [2024-10-31T22:45:13.425+0000] {dagbag.py:588} INFO - Filling up the DagBag from /home/airflow/.local/lib/python3.12/site-packages/airflow/example_dags/example_branch_labels.py
[2024-10-31T22:45:13.441+0000] {processor.py:925} INFO - DAG(s) 'example_branch_labels' retrieved from /home/airflow/.local/lib/python3.12/site-packages/airflow/example_dags/example_branch_labels.py
[2024-10-31T22:45:13.522+0000] {logging_mixin.py:190} INFO - [2024-10-31T22:45:13.521+0000] {override.py:1900} INFO - Created Permission View: can delete on DAG:example_branch_labels
[2024-10-31T22:45:13.534+0000] {logging_mixin.py:190} INFO - [2024-10-31T22:45:13.534+0000] {override.py:1900} INFO - Created Permission View: can read on DAG:example_branch_labels
[2024-10-31T22:45:13.541+0000] {logging_mixin.py:190} INFO - [2024-10-31T22:45:13.541+0000] {override.py:1900} INFO - Created Permission View: can edit on DAG:example_branch_labels
[2024-10-31T22:45:13.544+0000] {logging_mixin.py:190} INFO - [2024-10-31T22:45:13.544+0000] {override.py:1900} INFO - Created Permission View: can create on DAG Run:example_branch_labels
[2024-10-31T22:45:13.548+0000] {logging_mixin.py:190} INFO - [2024-10-31T22:45:13.548+0000] {override.py:1900} INFO - Created Permission View: can delete on DAG Run:example_branch_labels
[2024-10-31T22:45:13.554+0000] {logging_mixin.py:190} INFO - [2024-10-31T22:45:13.554+0000] {override.py:1900} INFO - Created Permission View: can read on DAG Run:example_branch_labels
[2024-10-31T22:45:13.558+0000] {logging_mixin.py:190} INFO - [2024-10-31T22:45:13.558+0000] {override.py:1900} INFO - Created Permission View: menu access on DAG Run:example_branch_labels
[2024-10-31T22:45:13.558+0000] {logging_mixin.py:190} INFO - [2024-10-31T22:45:13.558+0000] {dag.py:3239} INFO - Sync 1 DAGs
[2024-10-31T22:45:13.567+0000] {logging_mixin.py:190} INFO - [2024-10-31T22:45:13.566+0000] {dag.py:3262} INFO - Creating ORM DAG for example_branch_labels
[2024-10-31T22:45:13.591+0000] {logging_mixin.py:190} INFO - [2024-10-31T22:45:13.591+0000] {dag.py:4180} INFO - Setting next_dagrun for example_branch_labels to 2024-10-30 00:00:00+00:00, run_after=2024-10-31 00:00:00+00:00
[2024-10-31T22:45:13.610+0000] {processor.py:208} INFO - Processing /home/airflow/.local/lib/python3.12/site-packages/airflow/example_dags/example_branch_labels.py took 0.196 seconds
[2024-10-31T22:45:43.705+0000] {processor.py:186} INFO - Started process (PID=559) to work on /home/airflow/.local/lib/python3.12/site-packages/airflow/example_dags/example_branch_labels.py
[2024-10-31T22:45:43.706+0000] {processor.py:914} INFO - Processing file /home/airflow/.local/lib/python3.12/site-packages/airflow/example_dags/example_branch_labels.py for tasks to queue
[2024-10-31T22:45:43.707+0000] {logging_mixin.py:190} INFO - [2024-10-31T22:45:43.707+0000] {dagbag.py:588} INFO - Filling up the DagBag from /home/airflow/.local/lib/python3.12/site-packages/airflow/example_dags/example_branch_labels.py
[2024-10-31T22:45:43.714+0000] {processor.py:925} INFO - DAG(s) 'example_branch_labels' retrieved from /home/airflow/.local/lib/python3.12/site-packages/airflow/example_dags/example_branch_labels.py
[2024-10-31T22:45:43.736+0000] {logging_mixin.py:190} INFO - [2024-10-31T22:45:43.735+0000] {dag.py:3239} INFO - Sync 1 DAGs
[2024-10-31T22:45:43.749+0000] {logging_mixin.py:190} INFO - [2024-10-31T22:45:43.749+0000] {dag.py:4180} INFO - Setting next_dagrun for example_branch_labels to 2024-10-30 00:00:00+00:00, run_after=2024-10-31 00:00:00+00:00
[2024-10-31T22:45:43.759+0000] {processor.py:208} INFO - Processing /home/airflow/.local/lib/python3.12/site-packages/airflow/example_dags/example_branch_labels.py took 0.056 seconds
[2024-10-31T22:46:14.232+0000] {processor.py:186} INFO - Started process (PID=850) to work on /home/airflow/.local/lib/python3.12/site-packages/airflow/example_dags/example_branch_labels.py
[2024-10-31T22:46:14.233+0000] {processor.py:914} INFO - Processing file /home/airflow/.local/lib/python3.12/site-packages/airflow/example_dags/example_branch_labels.py for tasks to queue
[2024-10-31T22:46:14.234+0000] {logging_mixin.py:190} INFO - [2024-10-31T22:46:14.234+0000] {dagbag.py:588} INFO - Filling up the DagBag from /home/airflow/.local/lib/python3.12/site-packages/airflow/example_dags/example_branch_labels.py
[2024-10-31T22:46:14.241+0000] {processor.py:925} INFO - DAG(s) 'example_branch_labels' retrieved from /home/airflow/.local/lib/python3.12/site-packages/airflow/example_dags/example_branch_labels.py
[2024-10-31T22:46:14.261+0000] {logging_mixin.py:190} INFO - [2024-10-31T22:46:14.260+0000] {dag.py:3239} INFO - Sync 1 DAGs
[2024-10-31T22:46:14.278+0000] {logging_mixin.py:190} INFO - [2024-10-31T22:46:14.278+0000] {dag.py:4180} INFO - Setting next_dagrun for example_branch_labels to 2024-10-30 00:00:00+00:00, run_after=2024-10-31 00:00:00+00:00
[2024-10-31T22:46:14.289+0000] {processor.py:208} INFO - Processing /home/airflow/.local/lib/python3.12/site-packages/airflow/example_dags/example_branch_labels.py took 0.060 seconds
[2024-10-31T22:46:44.697+0000] {processor.py:186} INFO - Started process (PID=1141) to work on /home/airflow/.local/lib/python3.12/site-packages/airflow/example_dags/example_branch_labels.py
[2024-10-31T22:46:44.699+0000] {processor.py:914} INFO - Processing file /home/airflow/.local/lib/python3.12/site-packages/airflow/example_dags/example_branch_labels.py for tasks to queue
[2024-10-31T22:46:44.700+0000] {logging_mixin.py:190} INFO - [2024-10-31T22:46:44.700+0000] {dagbag.py:588} INFO - Filling up the DagBag from /home/airflow/.local/lib/python3.12/site-packages/airflow/example_dags/example_branch_labels.py
[2024-10-31T22:46:44.707+0000] {processor.py:925} INFO - DAG(s) 'example_branch_labels' retrieved from /home/airflow/.local/lib/python3.12/site-packages/airflow/example_dags/example_branch_labels.py
[2024-10-31T22:46:44.718+0000] {logging_mixin.py:190} INFO - [2024-10-31T22:46:44.718+0000] {dag.py:3239} INFO - Sync 1 DAGs
[2024-10-31T22:46:44.733+0000] {logging_mixin.py:190} INFO - [2024-10-31T22:46:44.733+0000] {dag.py:4180} INFO - Setting next_dagrun for example_branch_labels to 2024-10-30 00:00:00+00:00, run_after=2024-10-31 00:00:00+00:00
[2024-10-31T22:46:44.745+0000] {processor.py:208} INFO - Processing /home/airflow/.local/lib/python3.12/site-packages/airflow/example_dags/example_branch_labels.py took 0.054 seconds
[2024-10-31T22:47:14.856+0000] {processor.py:186} INFO - Started process (PID=1432) to work on /home/airflow/.local/lib/python3.12/site-packages/airflow/example_dags/example_branch_labels.py
[2024-10-31T22:47:14.860+0000] {processor.py:914} INFO - Processing file /home/airflow/.local/lib/python3.12/site-packages/airflow/example_dags/example_branch_labels.py for tasks to queue
[2024-10-31T22:47:14.862+0000] {logging_mixin.py:190} INFO - [2024-10-31T22:47:14.862+0000] {dagbag.py:588} INFO - Filling up the DagBag from /home/airflow/.local/lib/python3.12/site-packages/airflow/example_dags/example_branch_labels.py
[2024-10-31T22:47:14.867+0000] {processor.py:925} INFO - DAG(s) 'example_branch_labels' retrieved from /home/airflow/.local/lib/python3.12/site-packages/airflow/example_dags/example_branch_labels.py
[2024-10-31T22:47:14.885+0000] {logging_mixin.py:190} INFO - [2024-10-31T22:47:14.885+0000] {dag.py:3239} INFO - Sync 1 DAGs
[2024-10-31T22:47:14.900+0000] {logging_mixin.py:190} INFO - [2024-10-31T22:47:14.899+0000] {dag.py:4180} INFO - Setting next_dagrun for example_branch_labels to 2024-10-30 00:00:00+00:00, run_after=2024-10-31 00:00:00+00:00
[2024-10-31T22:47:14.914+0000] {processor.py:208} INFO - Processing /home/airflow/.local/lib/python3.12/site-packages/airflow/example_dags/example_branch_labels.py took 0.062 seconds
[2024-10-31T22:48:23.937+0000] {processor.py:186} INFO - Started process (PID=263) to work on /home/airflow/.local/lib/python3.12/site-packages/airflow/example_dags/example_branch_labels.py
[2024-10-31T22:48:23.939+0000] {processor.py:914} INFO - Processing file /home/airflow/.local/lib/python3.12/site-packages/airflow/example_dags/example_branch_labels.py for tasks to queue
[2024-10-31T22:48:23.940+0000] {logging_mixin.py:190} INFO - [2024-10-31T22:48:23.940+0000] {dagbag.py:588} INFO - Filling up the DagBag from /home/airflow/.local/lib/python3.12/site-packages/airflow/example_dags/example_branch_labels.py
[2024-10-31T22:48:23.952+0000] {processor.py:925} INFO - DAG(s) 'example_branch_labels' retrieved from /home/airflow/.local/lib/python3.12/site-packages/airflow/example_dags/example_branch_labels.py
[2024-10-31T22:48:23.967+0000] {logging_mixin.py:190} INFO - [2024-10-31T22:48:23.967+0000] {dag.py:3239} INFO - Sync 1 DAGs
[2024-10-31T22:48:23.983+0000] {logging_mixin.py:190} INFO - [2024-10-31T22:48:23.983+0000] {dag.py:4180} INFO - Setting next_dagrun for example_branch_labels to 2024-10-30 00:00:00+00:00, run_after=2024-10-31 00:00:00+00:00
[2024-10-31T22:48:23.998+0000] {processor.py:208} INFO - Processing /home/airflow/.local/lib/python3.12/site-packages/airflow/example_dags/example_branch_labels.py took 0.065 seconds
[2024-10-31T22:48:54.511+0000] {processor.py:186} INFO - Started process (PID=554) to work on /home/airflow/.local/lib/python3.12/site-packages/airflow/example_dags/example_branch_labels.py
[2024-10-31T22:48:54.513+0000] {processor.py:914} INFO - Processing file /home/airflow/.local/lib/python3.12/site-packages/airflow/example_dags/example_branch_labels.py for tasks to queue
[2024-10-31T22:48:54.516+0000] {logging_mixin.py:190} INFO - [2024-10-31T22:48:54.516+0000] {dagbag.py:588} INFO - Filling up the DagBag from /home/airflow/.local/lib/python3.12/site-packages/airflow/example_dags/example_branch_labels.py
[2024-10-31T22:48:54.523+0000] {processor.py:925} INFO - DAG(s) 'example_branch_labels' retrieved from /home/airflow/.local/lib/python3.12/site-packages/airflow/example_dags/example_branch_labels.py
[2024-10-31T22:48:54.542+0000] {logging_mixin.py:190} INFO - [2024-10-31T22:48:54.542+0000] {dag.py:3239} INFO - Sync 1 DAGs
[2024-10-31T22:48:54.558+0000] {logging_mixin.py:190} INFO - [2024-10-31T22:48:54.558+0000] {dag.py:4180} INFO - Setting next_dagrun for example_branch_labels to 2024-10-30 00:00:00+00:00, run_after=2024-10-31 00:00:00+00:00
[2024-10-31T22:48:54.575+0000] {processor.py:208} INFO - Processing /home/airflow/.local/lib/python3.12/site-packages/airflow/example_dags/example_branch_labels.py took 0.071 seconds
[2024-10-31T22:49:24.701+0000] {processor.py:186} INFO - Started process (PID=845) to work on /home/airflow/.local/lib/python3.12/site-packages/airflow/example_dags/example_branch_labels.py
[2024-10-31T22:49:24.702+0000] {processor.py:914} INFO - Processing file /home/airflow/.local/lib/python3.12/site-packages/airflow/example_dags/example_branch_labels.py for tasks to queue
[2024-10-31T22:49:24.704+0000] {logging_mixin.py:190} INFO - [2024-10-31T22:49:24.704+0000] {dagbag.py:588} INFO - Filling up the DagBag from /home/airflow/.local/lib/python3.12/site-packages/airflow/example_dags/example_branch_labels.py
[2024-10-31T22:49:24.709+0000] {processor.py:925} INFO - DAG(s) 'example_branch_labels' retrieved from /home/airflow/.local/lib/python3.12/site-packages/airflow/example_dags/example_branch_labels.py
[2024-10-31T22:49:24.722+0000] {logging_mixin.py:190} INFO - [2024-10-31T22:49:24.722+0000] {dag.py:3239} INFO - Sync 1 DAGs
[2024-10-31T22:49:24.738+0000] {logging_mixin.py:190} INFO - [2024-10-31T22:49:24.738+0000] {dag.py:4180} INFO - Setting next_dagrun for example_branch_labels to 2024-10-30 00:00:00+00:00, run_after=2024-10-31 00:00:00+00:00
[2024-10-31T22:49:24.753+0000] {processor.py:208} INFO - Processing /home/airflow/.local/lib/python3.12/site-packages/airflow/example_dags/example_branch_labels.py took 0.056 seconds
[2024-10-31T22:49:55.758+0000] {processor.py:186} INFO - Started process (PID=1142) to work on /home/airflow/.local/lib/python3.12/site-packages/airflow/example_dags/example_branch_labels.py
[2024-10-31T22:49:55.760+0000] {processor.py:914} INFO - Processing file /home/airflow/.local/lib/python3.12/site-packages/airflow/example_dags/example_branch_labels.py for tasks to queue
[2024-10-31T22:49:55.761+0000] {logging_mixin.py:190} INFO - [2024-10-31T22:49:55.761+0000] {dagbag.py:588} INFO - Filling up the DagBag from /home/airflow/.local/lib/python3.12/site-packages/airflow/example_dags/example_branch_labels.py
[2024-10-31T22:49:55.768+0000] {processor.py:925} INFO - DAG(s) 'example_branch_labels' retrieved from /home/airflow/.local/lib/python3.12/site-packages/airflow/example_dags/example_branch_labels.py
[2024-10-31T22:49:55.781+0000] {logging_mixin.py:190} INFO - [2024-10-31T22:49:55.780+0000] {dag.py:3239} INFO - Sync 1 DAGs
[2024-10-31T22:49:55.794+0000] {logging_mixin.py:190} INFO - [2024-10-31T22:49:55.794+0000] {dag.py:4180} INFO - Setting next_dagrun for example_branch_labels to 2024-10-30 00:00:00+00:00, run_after=2024-10-31 00:00:00+00:00
[2024-10-31T22:49:55.806+0000] {processor.py:208} INFO - Processing /home/airflow/.local/lib/python3.12/site-packages/airflow/example_dags/example_branch_labels.py took 0.051 seconds
[2024-10-31T22:50:26.042+0000] {processor.py:186} INFO - Started process (PID=1432) to work on /home/airflow/.local/lib/python3.12/site-packages/airflow/example_dags/example_branch_labels.py
[2024-10-31T22:50:26.044+0000] {processor.py:914} INFO - Processing file /home/airflow/.local/lib/python3.12/site-packages/airflow/example_dags/example_branch_labels.py for tasks to queue
[2024-10-31T22:50:26.046+0000] {logging_mixin.py:190} INFO - [2024-10-31T22:50:26.046+0000] {dagbag.py:588} INFO - Filling up the DagBag from /home/airflow/.local/lib/python3.12/site-packages/airflow/example_dags/example_branch_labels.py
[2024-10-31T22:50:26.054+0000] {processor.py:925} INFO - DAG(s) 'example_branch_labels' retrieved from /home/airflow/.local/lib/python3.12/site-packages/airflow/example_dags/example_branch_labels.py
[2024-10-31T22:50:26.075+0000] {logging_mixin.py:190} INFO - [2024-10-31T22:50:26.075+0000] {dag.py:3239} INFO - Sync 1 DAGs
[2024-10-31T22:50:26.092+0000] {logging_mixin.py:190} INFO - [2024-10-31T22:50:26.092+0000] {dag.py:4180} INFO - Setting next_dagrun for example_branch_labels to 2024-10-30 00:00:00+00:00, run_after=2024-10-31 00:00:00+00:00
[2024-10-31T22:50:26.105+0000] {processor.py:208} INFO - Processing /home/airflow/.local/lib/python3.12/site-packages/airflow/example_dags/example_branch_labels.py took 0.067 seconds
[2024-10-31T22:50:57.019+0000] {processor.py:186} INFO - Started process (PID=1723) to work on /home/airflow/.local/lib/python3.12/site-packages/airflow/example_dags/example_branch_labels.py
[2024-10-31T22:50:57.020+0000] {processor.py:914} INFO - Processing file /home/airflow/.local/lib/python3.12/site-packages/airflow/example_dags/example_branch_labels.py for tasks to queue
[2024-10-31T22:50:57.021+0000] {logging_mixin.py:190} INFO - [2024-10-31T22:50:57.021+0000] {dagbag.py:588} INFO - Filling up the DagBag from /home/airflow/.local/lib/python3.12/site-packages/airflow/example_dags/example_branch_labels.py
[2024-10-31T22:50:57.031+0000] {processor.py:925} INFO - DAG(s) 'example_branch_labels' retrieved from /home/airflow/.local/lib/python3.12/site-packages/airflow/example_dags/example_branch_labels.py
[2024-10-31T22:50:57.044+0000] {logging_mixin.py:190} INFO - [2024-10-31T22:50:57.043+0000] {dag.py:3239} INFO - Sync 1 DAGs
[2024-10-31T22:50:57.058+0000] {logging_mixin.py:190} INFO - [2024-10-31T22:50:57.058+0000] {dag.py:4180} INFO - Setting next_dagrun for example_branch_labels to 2024-10-30 00:00:00+00:00, run_after=2024-10-31 00:00:00+00:00
[2024-10-31T22:50:57.070+0000] {processor.py:208} INFO - Processing /home/airflow/.local/lib/python3.12/site-packages/airflow/example_dags/example_branch_labels.py took 0.055 seconds
[2024-10-31T22:51:27.549+0000] {processor.py:186} INFO - Started process (PID=2014) to work on /home/airflow/.local/lib/python3.12/site-packages/airflow/example_dags/example_branch_labels.py
[2024-10-31T22:51:27.551+0000] {processor.py:914} INFO - Processing file /home/airflow/.local/lib/python3.12/site-packages/airflow/example_dags/example_branch_labels.py for tasks to queue
[2024-10-31T22:51:27.553+0000] {logging_mixin.py:190} INFO - [2024-10-31T22:51:27.552+0000] {dagbag.py:588} INFO - Filling up the DagBag from /home/airflow/.local/lib/python3.12/site-packages/airflow/example_dags/example_branch_labels.py
[2024-10-31T22:51:27.560+0000] {processor.py:925} INFO - DAG(s) 'example_branch_labels' retrieved from /home/airflow/.local/lib/python3.12/site-packages/airflow/example_dags/example_branch_labels.py
[2024-10-31T22:51:27.593+0000] {logging_mixin.py:190} INFO - [2024-10-31T22:51:27.592+0000] {dag.py:3239} INFO - Sync 1 DAGs
[2024-10-31T22:51:27.616+0000] {logging_mixin.py:190} INFO - [2024-10-31T22:51:27.616+0000] {dag.py:4180} INFO - Setting next_dagrun for example_branch_labels to 2024-10-30 00:00:00+00:00, run_after=2024-10-31 00:00:00+00:00
[2024-10-31T22:51:27.629+0000] {processor.py:208} INFO - Processing /home/airflow/.local/lib/python3.12/site-packages/airflow/example_dags/example_branch_labels.py took 0.085 seconds
[2024-10-31T22:51:59.068+0000] {processor.py:186} INFO - Started process (PID=2305) to work on /home/airflow/.local/lib/python3.12/site-packages/airflow/example_dags/example_branch_labels.py
[2024-10-31T22:51:59.068+0000] {processor.py:914} INFO - Processing file /home/airflow/.local/lib/python3.12/site-packages/airflow/example_dags/example_branch_labels.py for tasks to queue
[2024-10-31T22:51:59.073+0000] {logging_mixin.py:190} INFO - [2024-10-31T22:51:59.073+0000] {dagbag.py:588} INFO - Filling up the DagBag from /home/airflow/.local/lib/python3.12/site-packages/airflow/example_dags/example_branch_labels.py
[2024-10-31T22:51:59.084+0000] {processor.py:925} INFO - DAG(s) 'example_branch_labels' retrieved from /home/airflow/.local/lib/python3.12/site-packages/airflow/example_dags/example_branch_labels.py
[2024-10-31T22:51:59.102+0000] {logging_mixin.py:190} INFO - [2024-10-31T22:51:59.101+0000] {dag.py:3239} INFO - Sync 1 DAGs
[2024-10-31T22:51:59.125+0000] {logging_mixin.py:190} INFO - [2024-10-31T22:51:59.124+0000] {dag.py:4180} INFO - Setting next_dagrun for example_branch_labels to 2024-10-30 00:00:00+00:00, run_after=2024-10-31 00:00:00+00:00
[2024-10-31T22:51:59.144+0000] {processor.py:208} INFO - Processing /home/airflow/.local/lib/python3.12/site-packages/airflow/example_dags/example_branch_labels.py took 0.084 seconds
[2024-10-31T22:52:29.910+0000] {processor.py:186} INFO - Started process (PID=2598) to work on /home/airflow/.local/lib/python3.12/site-packages/airflow/example_dags/example_branch_labels.py
[2024-10-31T22:52:29.912+0000] {processor.py:914} INFO - Processing file /home/airflow/.local/lib/python3.12/site-packages/airflow/example_dags/example_branch_labels.py for tasks to queue
[2024-10-31T22:52:29.914+0000] {logging_mixin.py:190} INFO - [2024-10-31T22:52:29.913+0000] {dagbag.py:588} INFO - Filling up the DagBag from /home/airflow/.local/lib/python3.12/site-packages/airflow/example_dags/example_branch_labels.py
[2024-10-31T22:52:29.919+0000] {processor.py:925} INFO - DAG(s) 'example_branch_labels' retrieved from /home/airflow/.local/lib/python3.12/site-packages/airflow/example_dags/example_branch_labels.py
[2024-10-31T22:52:29.938+0000] {logging_mixin.py:190} INFO - [2024-10-31T22:52:29.938+0000] {dag.py:3239} INFO - Sync 1 DAGs
[2024-10-31T22:52:29.955+0000] {logging_mixin.py:190} INFO - [2024-10-31T22:52:29.955+0000] {dag.py:4180} INFO - Setting next_dagrun for example_branch_labels to 2024-10-30 00:00:00+00:00, run_after=2024-10-31 00:00:00+00:00
[2024-10-31T22:52:29.969+0000] {processor.py:208} INFO - Processing /home/airflow/.local/lib/python3.12/site-packages/airflow/example_dags/example_branch_labels.py took 0.063 seconds
