[2024-10-31T22:45:13.709+0000] {processor.py:186} INFO - Started process (PID=283) to work on /home/airflow/.local/lib/python3.12/site-packages/airflow/example_dags/example_xcom.py
[2024-10-31T22:45:13.711+0000] {processor.py:914} INFO - Processing file /home/airflow/.local/lib/python3.12/site-packages/airflow/example_dags/example_xcom.py for tasks to queue
[2024-10-31T22:45:13.713+0000] {logging_mixin.py:190} INFO - [2024-10-31T22:45:13.713+0000] {dagbag.py:588} INFO - Filling up the DagBag from /home/airflow/.local/lib/python3.12/site-packages/airflow/example_dags/example_xcom.py
[2024-10-31T22:45:13.724+0000] {processor.py:925} INFO - DAG(s) 'example_xcom' retrieved from /home/airflow/.local/lib/python3.12/site-packages/airflow/example_dags/example_xcom.py
[2024-10-31T22:45:13.804+0000] {logging_mixin.py:190} INFO - [2024-10-31T22:45:13.804+0000] {override.py:1900} INFO - Created Permission View: can delete on DAG:example_xcom
[2024-10-31T22:45:13.815+0000] {logging_mixin.py:190} INFO - [2024-10-31T22:45:13.815+0000] {override.py:1900} INFO - Created Permission View: can read on DAG:example_xcom
[2024-10-31T22:45:13.823+0000] {logging_mixin.py:190} INFO - [2024-10-31T22:45:13.823+0000] {override.py:1900} INFO - Created Permission View: can edit on DAG:example_xcom
[2024-10-31T22:45:13.829+0000] {logging_mixin.py:190} INFO - [2024-10-31T22:45:13.829+0000] {override.py:1900} INFO - Created Permission View: can create on DAG Run:example_xcom
[2024-10-31T22:45:13.835+0000] {logging_mixin.py:190} INFO - [2024-10-31T22:45:13.834+0000] {override.py:1900} INFO - Created Permission View: can delete on DAG Run:example_xcom
[2024-10-31T22:45:13.844+0000] {logging_mixin.py:190} INFO - [2024-10-31T22:45:13.844+0000] {override.py:1900} INFO - Created Permission View: can read on DAG Run:example_xcom
[2024-10-31T22:45:13.850+0000] {logging_mixin.py:190} INFO - [2024-10-31T22:45:13.849+0000] {override.py:1900} INFO - Created Permission View: menu access on DAG Run:example_xcom
[2024-10-31T22:45:13.851+0000] {logging_mixin.py:190} INFO - [2024-10-31T22:45:13.851+0000] {dag.py:3239} INFO - Sync 1 DAGs
[2024-10-31T22:45:13.859+0000] {logging_mixin.py:190} INFO - [2024-10-31T22:45:13.859+0000] {dag.py:3262} INFO - Creating ORM DAG for example_xcom
[2024-10-31T22:45:13.868+0000] {logging_mixin.py:190} INFO - [2024-10-31T22:45:13.868+0000] {dag.py:4180} INFO - Setting next_dagrun for example_xcom to 2021-01-01 00:00:00+00:00, run_after=2021-01-01 00:00:00+00:00
[2024-10-31T22:45:13.881+0000] {processor.py:208} INFO - Processing /home/airflow/.local/lib/python3.12/site-packages/airflow/example_dags/example_xcom.py took 0.177 seconds
[2024-10-31T22:45:44.816+0000] {processor.py:186} INFO - Started process (PID=574) to work on /home/airflow/.local/lib/python3.12/site-packages/airflow/example_dags/example_xcom.py
[2024-10-31T22:45:44.819+0000] {processor.py:914} INFO - Processing file /home/airflow/.local/lib/python3.12/site-packages/airflow/example_dags/example_xcom.py for tasks to queue
[2024-10-31T22:45:44.822+0000] {logging_mixin.py:190} INFO - [2024-10-31T22:45:44.822+0000] {dagbag.py:588} INFO - Filling up the DagBag from /home/airflow/.local/lib/python3.12/site-packages/airflow/example_dags/example_xcom.py
[2024-10-31T22:45:44.835+0000] {processor.py:925} INFO - DAG(s) 'example_xcom' retrieved from /home/airflow/.local/lib/python3.12/site-packages/airflow/example_dags/example_xcom.py
[2024-10-31T22:45:44.854+0000] {logging_mixin.py:190} INFO - [2024-10-31T22:45:44.854+0000] {dag.py:3239} INFO - Sync 1 DAGs
[2024-10-31T22:45:44.869+0000] {logging_mixin.py:190} INFO - [2024-10-31T22:45:44.869+0000] {dag.py:4180} INFO - Setting next_dagrun for example_xcom to 2021-01-01 00:00:00+00:00, run_after=2021-01-01 00:00:00+00:00
[2024-10-31T22:45:44.882+0000] {processor.py:208} INFO - Processing /home/airflow/.local/lib/python3.12/site-packages/airflow/example_dags/example_xcom.py took 0.074 seconds
[2024-10-31T22:46:15.337+0000] {processor.py:186} INFO - Started process (PID=865) to work on /home/airflow/.local/lib/python3.12/site-packages/airflow/example_dags/example_xcom.py
[2024-10-31T22:46:15.341+0000] {processor.py:914} INFO - Processing file /home/airflow/.local/lib/python3.12/site-packages/airflow/example_dags/example_xcom.py for tasks to queue
[2024-10-31T22:46:15.346+0000] {logging_mixin.py:190} INFO - [2024-10-31T22:46:15.345+0000] {dagbag.py:588} INFO - Filling up the DagBag from /home/airflow/.local/lib/python3.12/site-packages/airflow/example_dags/example_xcom.py
[2024-10-31T22:46:15.356+0000] {processor.py:925} INFO - DAG(s) 'example_xcom' retrieved from /home/airflow/.local/lib/python3.12/site-packages/airflow/example_dags/example_xcom.py
[2024-10-31T22:46:15.381+0000] {logging_mixin.py:190} INFO - [2024-10-31T22:46:15.381+0000] {dag.py:3239} INFO - Sync 1 DAGs
[2024-10-31T22:46:15.400+0000] {logging_mixin.py:190} INFO - [2024-10-31T22:46:15.400+0000] {dag.py:4180} INFO - Setting next_dagrun for example_xcom to 2021-01-01 00:00:00+00:00, run_after=2021-01-01 00:00:00+00:00
[2024-10-31T22:46:15.418+0000] {processor.py:208} INFO - Processing /home/airflow/.local/lib/python3.12/site-packages/airflow/example_dags/example_xcom.py took 0.085 seconds
[2024-10-31T22:46:45.782+0000] {processor.py:186} INFO - Started process (PID=1156) to work on /home/airflow/.local/lib/python3.12/site-packages/airflow/example_dags/example_xcom.py
[2024-10-31T22:46:45.783+0000] {processor.py:914} INFO - Processing file /home/airflow/.local/lib/python3.12/site-packages/airflow/example_dags/example_xcom.py for tasks to queue
[2024-10-31T22:46:45.788+0000] {logging_mixin.py:190} INFO - [2024-10-31T22:46:45.787+0000] {dagbag.py:588} INFO - Filling up the DagBag from /home/airflow/.local/lib/python3.12/site-packages/airflow/example_dags/example_xcom.py
[2024-10-31T22:46:45.798+0000] {processor.py:925} INFO - DAG(s) 'example_xcom' retrieved from /home/airflow/.local/lib/python3.12/site-packages/airflow/example_dags/example_xcom.py
[2024-10-31T22:46:45.820+0000] {logging_mixin.py:190} INFO - [2024-10-31T22:46:45.819+0000] {dag.py:3239} INFO - Sync 1 DAGs
[2024-10-31T22:46:45.842+0000] {logging_mixin.py:190} INFO - [2024-10-31T22:46:45.842+0000] {dag.py:4180} INFO - Setting next_dagrun for example_xcom to 2021-01-01 00:00:00+00:00, run_after=2021-01-01 00:00:00+00:00
[2024-10-31T22:46:45.854+0000] {processor.py:208} INFO - Processing /home/airflow/.local/lib/python3.12/site-packages/airflow/example_dags/example_xcom.py took 0.079 seconds
[2024-10-31T22:47:15.957+0000] {processor.py:186} INFO - Started process (PID=1447) to work on /home/airflow/.local/lib/python3.12/site-packages/airflow/example_dags/example_xcom.py
[2024-10-31T22:47:15.958+0000] {processor.py:914} INFO - Processing file /home/airflow/.local/lib/python3.12/site-packages/airflow/example_dags/example_xcom.py for tasks to queue
[2024-10-31T22:47:15.961+0000] {logging_mixin.py:190} INFO - [2024-10-31T22:47:15.960+0000] {dagbag.py:588} INFO - Filling up the DagBag from /home/airflow/.local/lib/python3.12/site-packages/airflow/example_dags/example_xcom.py
[2024-10-31T22:47:15.968+0000] {processor.py:925} INFO - DAG(s) 'example_xcom' retrieved from /home/airflow/.local/lib/python3.12/site-packages/airflow/example_dags/example_xcom.py
[2024-10-31T22:47:15.989+0000] {logging_mixin.py:190} INFO - [2024-10-31T22:47:15.989+0000] {dag.py:3239} INFO - Sync 1 DAGs
[2024-10-31T22:47:16.005+0000] {logging_mixin.py:190} INFO - [2024-10-31T22:47:16.004+0000] {dag.py:4180} INFO - Setting next_dagrun for example_xcom to 2021-01-01 00:00:00+00:00, run_after=2021-01-01 00:00:00+00:00
[2024-10-31T22:47:16.019+0000] {processor.py:208} INFO - Processing /home/airflow/.local/lib/python3.12/site-packages/airflow/example_dags/example_xcom.py took 0.069 seconds
[2024-10-31T22:48:24.109+0000] {processor.py:186} INFO - Started process (PID=278) to work on /home/airflow/.local/lib/python3.12/site-packages/airflow/example_dags/example_xcom.py
[2024-10-31T22:48:24.112+0000] {processor.py:914} INFO - Processing file /home/airflow/.local/lib/python3.12/site-packages/airflow/example_dags/example_xcom.py for tasks to queue
[2024-10-31T22:48:24.115+0000] {logging_mixin.py:190} INFO - [2024-10-31T22:48:24.114+0000] {dagbag.py:588} INFO - Filling up the DagBag from /home/airflow/.local/lib/python3.12/site-packages/airflow/example_dags/example_xcom.py
[2024-10-31T22:48:24.129+0000] {processor.py:925} INFO - DAG(s) 'example_xcom' retrieved from /home/airflow/.local/lib/python3.12/site-packages/airflow/example_dags/example_xcom.py
[2024-10-31T22:48:24.163+0000] {logging_mixin.py:190} INFO - [2024-10-31T22:48:24.163+0000] {dag.py:3239} INFO - Sync 1 DAGs
[2024-10-31T22:48:24.186+0000] {logging_mixin.py:190} INFO - [2024-10-31T22:48:24.186+0000] {dag.py:4180} INFO - Setting next_dagrun for example_xcom to 2021-01-01 00:00:00+00:00, run_after=2021-01-01 00:00:00+00:00
[2024-10-31T22:48:24.205+0000] {processor.py:208} INFO - Processing /home/airflow/.local/lib/python3.12/site-packages/airflow/example_dags/example_xcom.py took 0.101 seconds
[2024-10-31T22:48:54.606+0000] {processor.py:186} INFO - Started process (PID=569) to work on /home/airflow/.local/lib/python3.12/site-packages/airflow/example_dags/example_xcom.py
[2024-10-31T22:48:54.607+0000] {processor.py:914} INFO - Processing file /home/airflow/.local/lib/python3.12/site-packages/airflow/example_dags/example_xcom.py for tasks to queue
[2024-10-31T22:48:54.609+0000] {logging_mixin.py:190} INFO - [2024-10-31T22:48:54.609+0000] {dagbag.py:588} INFO - Filling up the DagBag from /home/airflow/.local/lib/python3.12/site-packages/airflow/example_dags/example_xcom.py
[2024-10-31T22:48:54.618+0000] {processor.py:925} INFO - DAG(s) 'example_xcom' retrieved from /home/airflow/.local/lib/python3.12/site-packages/airflow/example_dags/example_xcom.py
[2024-10-31T22:48:54.649+0000] {logging_mixin.py:190} INFO - [2024-10-31T22:48:54.649+0000] {dag.py:3239} INFO - Sync 1 DAGs
[2024-10-31T22:48:54.664+0000] {logging_mixin.py:190} INFO - [2024-10-31T22:48:54.664+0000] {dag.py:4180} INFO - Setting next_dagrun for example_xcom to 2021-01-01 00:00:00+00:00, run_after=2021-01-01 00:00:00+00:00
[2024-10-31T22:48:54.680+0000] {processor.py:208} INFO - Processing /home/airflow/.local/lib/python3.12/site-packages/airflow/example_dags/example_xcom.py took 0.079 seconds
[2024-10-31T22:49:24.802+0000] {processor.py:186} INFO - Started process (PID=860) to work on /home/airflow/.local/lib/python3.12/site-packages/airflow/example_dags/example_xcom.py
[2024-10-31T22:49:24.803+0000] {processor.py:914} INFO - Processing file /home/airflow/.local/lib/python3.12/site-packages/airflow/example_dags/example_xcom.py for tasks to queue
[2024-10-31T22:49:24.804+0000] {logging_mixin.py:190} INFO - [2024-10-31T22:49:24.804+0000] {dagbag.py:588} INFO - Filling up the DagBag from /home/airflow/.local/lib/python3.12/site-packages/airflow/example_dags/example_xcom.py
[2024-10-31T22:49:24.809+0000] {processor.py:925} INFO - DAG(s) 'example_xcom' retrieved from /home/airflow/.local/lib/python3.12/site-packages/airflow/example_dags/example_xcom.py
[2024-10-31T22:49:24.823+0000] {logging_mixin.py:190} INFO - [2024-10-31T22:49:24.823+0000] {dag.py:3239} INFO - Sync 1 DAGs
[2024-10-31T22:49:24.837+0000] {logging_mixin.py:190} INFO - [2024-10-31T22:49:24.837+0000] {dag.py:4180} INFO - Setting next_dagrun for example_xcom to 2021-01-01 00:00:00+00:00, run_after=2021-01-01 00:00:00+00:00
[2024-10-31T22:49:24.848+0000] {processor.py:208} INFO - Processing /home/airflow/.local/lib/python3.12/site-packages/airflow/example_dags/example_xcom.py took 0.054 seconds
[2024-10-31T22:49:55.893+0000] {processor.py:186} INFO - Started process (PID=1157) to work on /home/airflow/.local/lib/python3.12/site-packages/airflow/example_dags/example_xcom.py
[2024-10-31T22:49:55.896+0000] {processor.py:914} INFO - Processing file /home/airflow/.local/lib/python3.12/site-packages/airflow/example_dags/example_xcom.py for tasks to queue
[2024-10-31T22:49:55.898+0000] {logging_mixin.py:190} INFO - [2024-10-31T22:49:55.897+0000] {dagbag.py:588} INFO - Filling up the DagBag from /home/airflow/.local/lib/python3.12/site-packages/airflow/example_dags/example_xcom.py
[2024-10-31T22:49:55.903+0000] {processor.py:925} INFO - DAG(s) 'example_xcom' retrieved from /home/airflow/.local/lib/python3.12/site-packages/airflow/example_dags/example_xcom.py
[2024-10-31T22:49:55.924+0000] {logging_mixin.py:190} INFO - [2024-10-31T22:49:55.924+0000] {dag.py:3239} INFO - Sync 1 DAGs
[2024-10-31T22:49:55.936+0000] {logging_mixin.py:190} INFO - [2024-10-31T22:49:55.936+0000] {dag.py:4180} INFO - Setting next_dagrun for example_xcom to 2021-01-01 00:00:00+00:00, run_after=2021-01-01 00:00:00+00:00
[2024-10-31T22:49:55.950+0000] {processor.py:208} INFO - Processing /home/airflow/.local/lib/python3.12/site-packages/airflow/example_dags/example_xcom.py took 0.060 seconds
[2024-10-31T22:50:26.245+0000] {processor.py:186} INFO - Started process (PID=1447) to work on /home/airflow/.local/lib/python3.12/site-packages/airflow/example_dags/example_xcom.py
[2024-10-31T22:50:26.246+0000] {processor.py:914} INFO - Processing file /home/airflow/.local/lib/python3.12/site-packages/airflow/example_dags/example_xcom.py for tasks to queue
[2024-10-31T22:50:26.248+0000] {logging_mixin.py:190} INFO - [2024-10-31T22:50:26.248+0000] {dagbag.py:588} INFO - Filling up the DagBag from /home/airflow/.local/lib/python3.12/site-packages/airflow/example_dags/example_xcom.py
[2024-10-31T22:50:26.257+0000] {processor.py:925} INFO - DAG(s) 'example_xcom' retrieved from /home/airflow/.local/lib/python3.12/site-packages/airflow/example_dags/example_xcom.py
[2024-10-31T22:50:26.279+0000] {logging_mixin.py:190} INFO - [2024-10-31T22:50:26.279+0000] {dag.py:3239} INFO - Sync 1 DAGs
[2024-10-31T22:50:26.301+0000] {logging_mixin.py:190} INFO - [2024-10-31T22:50:26.299+0000] {dag.py:4180} INFO - Setting next_dagrun for example_xcom to 2021-01-01 00:00:00+00:00, run_after=2021-01-01 00:00:00+00:00
[2024-10-31T22:50:26.325+0000] {processor.py:208} INFO - Processing /home/airflow/.local/lib/python3.12/site-packages/airflow/example_dags/example_xcom.py took 0.085 seconds
[2024-10-31T22:50:57.123+0000] {processor.py:186} INFO - Started process (PID=1738) to work on /home/airflow/.local/lib/python3.12/site-packages/airflow/example_dags/example_xcom.py
[2024-10-31T22:50:57.126+0000] {processor.py:914} INFO - Processing file /home/airflow/.local/lib/python3.12/site-packages/airflow/example_dags/example_xcom.py for tasks to queue
[2024-10-31T22:50:57.127+0000] {logging_mixin.py:190} INFO - [2024-10-31T22:50:57.127+0000] {dagbag.py:588} INFO - Filling up the DagBag from /home/airflow/.local/lib/python3.12/site-packages/airflow/example_dags/example_xcom.py
[2024-10-31T22:50:57.135+0000] {processor.py:925} INFO - DAG(s) 'example_xcom' retrieved from /home/airflow/.local/lib/python3.12/site-packages/airflow/example_dags/example_xcom.py
[2024-10-31T22:50:57.156+0000] {logging_mixin.py:190} INFO - [2024-10-31T22:50:57.156+0000] {dag.py:3239} INFO - Sync 1 DAGs
[2024-10-31T22:50:57.179+0000] {logging_mixin.py:190} INFO - [2024-10-31T22:50:57.178+0000] {dag.py:4180} INFO - Setting next_dagrun for example_xcom to 2021-01-01 00:00:00+00:00, run_after=2021-01-01 00:00:00+00:00
[2024-10-31T22:50:57.193+0000] {processor.py:208} INFO - Processing /home/airflow/.local/lib/python3.12/site-packages/airflow/example_dags/example_xcom.py took 0.074 seconds
[2024-10-31T22:51:27.695+0000] {processor.py:186} INFO - Started process (PID=2029) to work on /home/airflow/.local/lib/python3.12/site-packages/airflow/example_dags/example_xcom.py
[2024-10-31T22:51:27.696+0000] {processor.py:914} INFO - Processing file /home/airflow/.local/lib/python3.12/site-packages/airflow/example_dags/example_xcom.py for tasks to queue
[2024-10-31T22:51:27.699+0000] {logging_mixin.py:190} INFO - [2024-10-31T22:51:27.699+0000] {dagbag.py:588} INFO - Filling up the DagBag from /home/airflow/.local/lib/python3.12/site-packages/airflow/example_dags/example_xcom.py
[2024-10-31T22:51:27.706+0000] {processor.py:925} INFO - DAG(s) 'example_xcom' retrieved from /home/airflow/.local/lib/python3.12/site-packages/airflow/example_dags/example_xcom.py
[2024-10-31T22:51:27.722+0000] {logging_mixin.py:190} INFO - [2024-10-31T22:51:27.722+0000] {dag.py:3239} INFO - Sync 1 DAGs
[2024-10-31T22:51:27.740+0000] {logging_mixin.py:190} INFO - [2024-10-31T22:51:27.740+0000] {dag.py:4180} INFO - Setting next_dagrun for example_xcom to 2021-01-01 00:00:00+00:00, run_after=2021-01-01 00:00:00+00:00
[2024-10-31T22:51:27.751+0000] {processor.py:208} INFO - Processing /home/airflow/.local/lib/python3.12/site-packages/airflow/example_dags/example_xcom.py took 0.060 seconds
[2024-10-31T22:51:59.210+0000] {processor.py:186} INFO - Started process (PID=2320) to work on /home/airflow/.local/lib/python3.12/site-packages/airflow/example_dags/example_xcom.py
[2024-10-31T22:51:59.213+0000] {processor.py:914} INFO - Processing file /home/airflow/.local/lib/python3.12/site-packages/airflow/example_dags/example_xcom.py for tasks to queue
[2024-10-31T22:51:59.219+0000] {logging_mixin.py:190} INFO - [2024-10-31T22:51:59.218+0000] {dagbag.py:588} INFO - Filling up the DagBag from /home/airflow/.local/lib/python3.12/site-packages/airflow/example_dags/example_xcom.py
[2024-10-31T22:51:59.230+0000] {processor.py:925} INFO - DAG(s) 'example_xcom' retrieved from /home/airflow/.local/lib/python3.12/site-packages/airflow/example_dags/example_xcom.py
[2024-10-31T22:51:59.254+0000] {logging_mixin.py:190} INFO - [2024-10-31T22:51:59.253+0000] {dag.py:3239} INFO - Sync 1 DAGs
[2024-10-31T22:51:59.275+0000] {logging_mixin.py:190} INFO - [2024-10-31T22:51:59.274+0000] {dag.py:4180} INFO - Setting next_dagrun for example_xcom to 2021-01-01 00:00:00+00:00, run_after=2021-01-01 00:00:00+00:00
[2024-10-31T22:51:59.315+0000] {processor.py:208} INFO - Processing /home/airflow/.local/lib/python3.12/site-packages/airflow/example_dags/example_xcom.py took 0.113 seconds
[2024-10-31T22:52:30.057+0000] {processor.py:186} INFO - Started process (PID=2613) to work on /home/airflow/.local/lib/python3.12/site-packages/airflow/example_dags/example_xcom.py
[2024-10-31T22:52:30.058+0000] {processor.py:914} INFO - Processing file /home/airflow/.local/lib/python3.12/site-packages/airflow/example_dags/example_xcom.py for tasks to queue
[2024-10-31T22:52:30.059+0000] {logging_mixin.py:190} INFO - [2024-10-31T22:52:30.059+0000] {dagbag.py:588} INFO - Filling up the DagBag from /home/airflow/.local/lib/python3.12/site-packages/airflow/example_dags/example_xcom.py
[2024-10-31T22:52:30.064+0000] {processor.py:925} INFO - DAG(s) 'example_xcom' retrieved from /home/airflow/.local/lib/python3.12/site-packages/airflow/example_dags/example_xcom.py
[2024-10-31T22:52:30.075+0000] {logging_mixin.py:190} INFO - [2024-10-31T22:52:30.075+0000] {dag.py:3239} INFO - Sync 1 DAGs
[2024-10-31T22:52:30.087+0000] {logging_mixin.py:190} INFO - [2024-10-31T22:52:30.086+0000] {dag.py:4180} INFO - Setting next_dagrun for example_xcom to 2021-01-01 00:00:00+00:00, run_after=2021-01-01 00:00:00+00:00
[2024-10-31T22:52:30.095+0000] {processor.py:208} INFO - Processing /home/airflow/.local/lib/python3.12/site-packages/airflow/example_dags/example_xcom.py took 0.040 seconds
