[2024-10-31T22:45:18.726+0000] {processor.py:186} INFO - Started process (PID=380) to work on /home/airflow/.local/lib/python3.12/site-packages/airflow/example_dags/example_branch_python_dop_operator_3.py
[2024-10-31T22:45:18.727+0000] {processor.py:914} INFO - Processing file /home/airflow/.local/lib/python3.12/site-packages/airflow/example_dags/example_branch_python_dop_operator_3.py for tasks to queue
[2024-10-31T22:45:18.728+0000] {logging_mixin.py:190} INFO - [2024-10-31T22:45:18.728+0000] {dagbag.py:588} INFO - Filling up the DagBag from /home/airflow/.local/lib/python3.12/site-packages/airflow/example_dags/example_branch_python_dop_operator_3.py
[2024-10-31T22:45:18.740+0000] {processor.py:925} INFO - DAG(s) 'example_branch_dop_operator_v3' retrieved from /home/airflow/.local/lib/python3.12/site-packages/airflow/example_dags/example_branch_python_dop_operator_3.py
[2024-10-31T22:45:18.831+0000] {logging_mixin.py:190} INFO - [2024-10-31T22:45:18.830+0000] {override.py:1900} INFO - Created Permission View: can delete on DAG:example_branch_dop_operator_v3
[2024-10-31T22:45:18.841+0000] {logging_mixin.py:190} INFO - [2024-10-31T22:45:18.840+0000] {override.py:1900} INFO - Created Permission View: can read on DAG:example_branch_dop_operator_v3
[2024-10-31T22:45:18.847+0000] {logging_mixin.py:190} INFO - [2024-10-31T22:45:18.847+0000] {override.py:1900} INFO - Created Permission View: can edit on DAG:example_branch_dop_operator_v3
[2024-10-31T22:45:18.851+0000] {logging_mixin.py:190} INFO - [2024-10-31T22:45:18.851+0000] {override.py:1900} INFO - Created Permission View: can create on DAG Run:example_branch_dop_operator_v3
[2024-10-31T22:45:18.860+0000] {logging_mixin.py:190} INFO - [2024-10-31T22:45:18.860+0000] {override.py:1900} INFO - Created Permission View: can delete on DAG Run:example_branch_dop_operator_v3
[2024-10-31T22:45:18.873+0000] {logging_mixin.py:190} INFO - [2024-10-31T22:45:18.872+0000] {override.py:1900} INFO - Created Permission View: can read on DAG Run:example_branch_dop_operator_v3
[2024-10-31T22:45:18.879+0000] {logging_mixin.py:190} INFO - [2024-10-31T22:45:18.878+0000] {override.py:1900} INFO - Created Permission View: menu access on DAG Run:example_branch_dop_operator_v3
[2024-10-31T22:45:18.880+0000] {logging_mixin.py:190} INFO - [2024-10-31T22:45:18.880+0000] {dag.py:3239} INFO - Sync 1 DAGs
[2024-10-31T22:45:18.890+0000] {logging_mixin.py:190} INFO - [2024-10-31T22:45:18.890+0000] {dag.py:3262} INFO - Creating ORM DAG for example_branch_dop_operator_v3
[2024-10-31T22:45:18.904+0000] {logging_mixin.py:190} INFO - [2024-10-31T22:45:18.904+0000] {dag.py:4180} INFO - Setting next_dagrun for example_branch_dop_operator_v3 to 2024-10-31 22:44:00+00:00, run_after=2024-10-31 22:45:00+00:00
[2024-10-31T22:45:18.926+0000] {processor.py:208} INFO - Processing /home/airflow/.local/lib/python3.12/site-packages/airflow/example_dags/example_branch_python_dop_operator_3.py took 0.205 seconds
[2024-10-31T22:45:49.831+0000] {processor.py:186} INFO - Started process (PID=671) to work on /home/airflow/.local/lib/python3.12/site-packages/airflow/example_dags/example_branch_python_dop_operator_3.py
[2024-10-31T22:45:49.833+0000] {processor.py:914} INFO - Processing file /home/airflow/.local/lib/python3.12/site-packages/airflow/example_dags/example_branch_python_dop_operator_3.py for tasks to queue
[2024-10-31T22:45:49.836+0000] {logging_mixin.py:190} INFO - [2024-10-31T22:45:49.836+0000] {dagbag.py:588} INFO - Filling up the DagBag from /home/airflow/.local/lib/python3.12/site-packages/airflow/example_dags/example_branch_python_dop_operator_3.py
[2024-10-31T22:45:49.847+0000] {processor.py:925} INFO - DAG(s) 'example_branch_dop_operator_v3' retrieved from /home/airflow/.local/lib/python3.12/site-packages/airflow/example_dags/example_branch_python_dop_operator_3.py
[2024-10-31T22:45:49.870+0000] {logging_mixin.py:190} INFO - [2024-10-31T22:45:49.870+0000] {dag.py:3239} INFO - Sync 1 DAGs
[2024-10-31T22:45:49.890+0000] {logging_mixin.py:190} INFO - [2024-10-31T22:45:49.890+0000] {dag.py:4180} INFO - Setting next_dagrun for example_branch_dop_operator_v3 to 2024-10-31 22:44:00+00:00, run_after=2024-10-31 22:45:00+00:00
[2024-10-31T22:45:49.905+0000] {processor.py:208} INFO - Processing /home/airflow/.local/lib/python3.12/site-packages/airflow/example_dags/example_branch_python_dop_operator_3.py took 0.083 seconds
[2024-10-31T22:46:20.587+0000] {processor.py:186} INFO - Started process (PID=962) to work on /home/airflow/.local/lib/python3.12/site-packages/airflow/example_dags/example_branch_python_dop_operator_3.py
[2024-10-31T22:46:20.588+0000] {processor.py:914} INFO - Processing file /home/airflow/.local/lib/python3.12/site-packages/airflow/example_dags/example_branch_python_dop_operator_3.py for tasks to queue
[2024-10-31T22:46:20.592+0000] {logging_mixin.py:190} INFO - [2024-10-31T22:46:20.592+0000] {dagbag.py:588} INFO - Filling up the DagBag from /home/airflow/.local/lib/python3.12/site-packages/airflow/example_dags/example_branch_python_dop_operator_3.py
[2024-10-31T22:46:20.603+0000] {processor.py:925} INFO - DAG(s) 'example_branch_dop_operator_v3' retrieved from /home/airflow/.local/lib/python3.12/site-packages/airflow/example_dags/example_branch_python_dop_operator_3.py
[2024-10-31T22:46:20.623+0000] {logging_mixin.py:190} INFO - [2024-10-31T22:46:20.623+0000] {dag.py:3239} INFO - Sync 1 DAGs
[2024-10-31T22:46:20.641+0000] {logging_mixin.py:190} INFO - [2024-10-31T22:46:20.641+0000] {dag.py:4180} INFO - Setting next_dagrun for example_branch_dop_operator_v3 to 2024-10-31 22:45:00+00:00, run_after=2024-10-31 22:46:00+00:00
[2024-10-31T22:46:20.660+0000] {processor.py:208} INFO - Processing /home/airflow/.local/lib/python3.12/site-packages/airflow/example_dags/example_branch_python_dop_operator_3.py took 0.081 seconds
[2024-10-31T22:46:50.850+0000] {processor.py:186} INFO - Started process (PID=1253) to work on /home/airflow/.local/lib/python3.12/site-packages/airflow/example_dags/example_branch_python_dop_operator_3.py
[2024-10-31T22:46:50.854+0000] {processor.py:914} INFO - Processing file /home/airflow/.local/lib/python3.12/site-packages/airflow/example_dags/example_branch_python_dop_operator_3.py for tasks to queue
[2024-10-31T22:46:50.861+0000] {logging_mixin.py:190} INFO - [2024-10-31T22:46:50.860+0000] {dagbag.py:588} INFO - Filling up the DagBag from /home/airflow/.local/lib/python3.12/site-packages/airflow/example_dags/example_branch_python_dop_operator_3.py
[2024-10-31T22:46:50.878+0000] {processor.py:925} INFO - DAG(s) 'example_branch_dop_operator_v3' retrieved from /home/airflow/.local/lib/python3.12/site-packages/airflow/example_dags/example_branch_python_dop_operator_3.py
[2024-10-31T22:46:50.906+0000] {logging_mixin.py:190} INFO - [2024-10-31T22:46:50.905+0000] {dag.py:3239} INFO - Sync 1 DAGs
[2024-10-31T22:46:50.930+0000] {logging_mixin.py:190} INFO - [2024-10-31T22:46:50.929+0000] {dag.py:4180} INFO - Setting next_dagrun for example_branch_dop_operator_v3 to 2024-10-31 22:45:00+00:00, run_after=2024-10-31 22:46:00+00:00
[2024-10-31T22:46:50.949+0000] {processor.py:208} INFO - Processing /home/airflow/.local/lib/python3.12/site-packages/airflow/example_dags/example_branch_python_dop_operator_3.py took 0.110 seconds
[2024-10-31T22:47:20.972+0000] {processor.py:186} INFO - Started process (PID=1542) to work on /home/airflow/.local/lib/python3.12/site-packages/airflow/example_dags/example_branch_python_dop_operator_3.py
[2024-10-31T22:47:20.974+0000] {processor.py:914} INFO - Processing file /home/airflow/.local/lib/python3.12/site-packages/airflow/example_dags/example_branch_python_dop_operator_3.py for tasks to queue
[2024-10-31T22:47:20.976+0000] {logging_mixin.py:190} INFO - [2024-10-31T22:47:20.975+0000] {dagbag.py:588} INFO - Filling up the DagBag from /home/airflow/.local/lib/python3.12/site-packages/airflow/example_dags/example_branch_python_dop_operator_3.py
[2024-10-31T22:47:20.983+0000] {processor.py:925} INFO - DAG(s) 'example_branch_dop_operator_v3' retrieved from /home/airflow/.local/lib/python3.12/site-packages/airflow/example_dags/example_branch_python_dop_operator_3.py
[2024-10-31T22:47:20.995+0000] {logging_mixin.py:190} INFO - [2024-10-31T22:47:20.995+0000] {dag.py:3239} INFO - Sync 1 DAGs
[2024-10-31T22:47:21.010+0000] {logging_mixin.py:190} INFO - [2024-10-31T22:47:21.010+0000] {dag.py:4180} INFO - Setting next_dagrun for example_branch_dop_operator_v3 to 2024-10-31 22:46:00+00:00, run_after=2024-10-31 22:47:00+00:00
[2024-10-31T22:47:21.027+0000] {processor.py:208} INFO - Processing /home/airflow/.local/lib/python3.12/site-packages/airflow/example_dags/example_branch_python_dop_operator_3.py took 0.058 seconds
[2024-10-31T22:48:26.020+0000] {processor.py:186} INFO - Started process (PID=379) to work on /home/airflow/.local/lib/python3.12/site-packages/airflow/example_dags/example_branch_python_dop_operator_3.py
[2024-10-31T22:48:26.021+0000] {processor.py:914} INFO - Processing file /home/airflow/.local/lib/python3.12/site-packages/airflow/example_dags/example_branch_python_dop_operator_3.py for tasks to queue
[2024-10-31T22:48:26.023+0000] {logging_mixin.py:190} INFO - [2024-10-31T22:48:26.023+0000] {dagbag.py:588} INFO - Filling up the DagBag from /home/airflow/.local/lib/python3.12/site-packages/airflow/example_dags/example_branch_python_dop_operator_3.py
[2024-10-31T22:48:26.037+0000] {processor.py:925} INFO - DAG(s) 'example_branch_dop_operator_v3' retrieved from /home/airflow/.local/lib/python3.12/site-packages/airflow/example_dags/example_branch_python_dop_operator_3.py
[2024-10-31T22:48:26.056+0000] {logging_mixin.py:190} INFO - [2024-10-31T22:48:26.056+0000] {dag.py:3239} INFO - Sync 1 DAGs
[2024-10-31T22:48:26.081+0000] {logging_mixin.py:190} INFO - [2024-10-31T22:48:26.081+0000] {dag.py:4180} INFO - Setting next_dagrun for example_branch_dop_operator_v3 to 2024-10-31 22:47:00+00:00, run_after=2024-10-31 22:48:00+00:00
[2024-10-31T22:48:26.096+0000] {processor.py:208} INFO - Processing /home/airflow/.local/lib/python3.12/site-packages/airflow/example_dags/example_branch_python_dop_operator_3.py took 0.082 seconds
[2024-10-31T22:48:56.709+0000] {processor.py:186} INFO - Started process (PID=670) to work on /home/airflow/.local/lib/python3.12/site-packages/airflow/example_dags/example_branch_python_dop_operator_3.py
[2024-10-31T22:48:56.711+0000] {processor.py:914} INFO - Processing file /home/airflow/.local/lib/python3.12/site-packages/airflow/example_dags/example_branch_python_dop_operator_3.py for tasks to queue
[2024-10-31T22:48:56.713+0000] {logging_mixin.py:190} INFO - [2024-10-31T22:48:56.713+0000] {dagbag.py:588} INFO - Filling up the DagBag from /home/airflow/.local/lib/python3.12/site-packages/airflow/example_dags/example_branch_python_dop_operator_3.py
[2024-10-31T22:48:56.719+0000] {processor.py:925} INFO - DAG(s) 'example_branch_dop_operator_v3' retrieved from /home/airflow/.local/lib/python3.12/site-packages/airflow/example_dags/example_branch_python_dop_operator_3.py
[2024-10-31T22:48:56.733+0000] {logging_mixin.py:190} INFO - [2024-10-31T22:48:56.733+0000] {dag.py:3239} INFO - Sync 1 DAGs
[2024-10-31T22:48:56.753+0000] {logging_mixin.py:190} INFO - [2024-10-31T22:48:56.753+0000] {dag.py:4180} INFO - Setting next_dagrun for example_branch_dop_operator_v3 to 2024-10-31 22:47:00+00:00, run_after=2024-10-31 22:48:00+00:00
[2024-10-31T22:48:56.766+0000] {processor.py:208} INFO - Processing /home/airflow/.local/lib/python3.12/site-packages/airflow/example_dags/example_branch_python_dop_operator_3.py took 0.061 seconds
[2024-10-31T22:49:27.725+0000] {processor.py:186} INFO - Started process (PID=961) to work on /home/airflow/.local/lib/python3.12/site-packages/airflow/example_dags/example_branch_python_dop_operator_3.py
[2024-10-31T22:49:27.725+0000] {processor.py:914} INFO - Processing file /home/airflow/.local/lib/python3.12/site-packages/airflow/example_dags/example_branch_python_dop_operator_3.py for tasks to queue
[2024-10-31T22:49:27.728+0000] {logging_mixin.py:190} INFO - [2024-10-31T22:49:27.728+0000] {dagbag.py:588} INFO - Filling up the DagBag from /home/airflow/.local/lib/python3.12/site-packages/airflow/example_dags/example_branch_python_dop_operator_3.py
[2024-10-31T22:49:27.773+0000] {processor.py:925} INFO - DAG(s) 'example_branch_dop_operator_v3' retrieved from /home/airflow/.local/lib/python3.12/site-packages/airflow/example_dags/example_branch_python_dop_operator_3.py
[2024-10-31T22:49:27.791+0000] {logging_mixin.py:190} INFO - [2024-10-31T22:49:27.790+0000] {dag.py:3239} INFO - Sync 1 DAGs
[2024-10-31T22:49:27.809+0000] {logging_mixin.py:190} INFO - [2024-10-31T22:49:27.809+0000] {dag.py:4180} INFO - Setting next_dagrun for example_branch_dop_operator_v3 to 2024-10-31 22:48:00+00:00, run_after=2024-10-31 22:49:00+00:00
[2024-10-31T22:49:27.821+0000] {processor.py:208} INFO - Processing /home/airflow/.local/lib/python3.12/site-packages/airflow/example_dags/example_branch_python_dop_operator_3.py took 0.101 seconds
[2024-10-31T22:49:57.956+0000] {processor.py:186} INFO - Started process (PID=1252) to work on /home/airflow/.local/lib/python3.12/site-packages/airflow/example_dags/example_branch_python_dop_operator_3.py
[2024-10-31T22:49:57.957+0000] {processor.py:914} INFO - Processing file /home/airflow/.local/lib/python3.12/site-packages/airflow/example_dags/example_branch_python_dop_operator_3.py for tasks to queue
[2024-10-31T22:49:57.960+0000] {logging_mixin.py:190} INFO - [2024-10-31T22:49:57.959+0000] {dagbag.py:588} INFO - Filling up the DagBag from /home/airflow/.local/lib/python3.12/site-packages/airflow/example_dags/example_branch_python_dop_operator_3.py
[2024-10-31T22:49:57.966+0000] {processor.py:925} INFO - DAG(s) 'example_branch_dop_operator_v3' retrieved from /home/airflow/.local/lib/python3.12/site-packages/airflow/example_dags/example_branch_python_dop_operator_3.py
[2024-10-31T22:49:57.983+0000] {logging_mixin.py:190} INFO - [2024-10-31T22:49:57.983+0000] {dag.py:3239} INFO - Sync 1 DAGs
[2024-10-31T22:49:58.001+0000] {logging_mixin.py:190} INFO - [2024-10-31T22:49:58.001+0000] {dag.py:4180} INFO - Setting next_dagrun for example_branch_dop_operator_v3 to 2024-10-31 22:48:00+00:00, run_after=2024-10-31 22:49:00+00:00
[2024-10-31T22:49:58.016+0000] {processor.py:208} INFO - Processing /home/airflow/.local/lib/python3.12/site-packages/airflow/example_dags/example_branch_python_dop_operator_3.py took 0.064 seconds
