[2024-10-31T22:45:11.247+0000] {processor.py:186} INFO - Started process (PID=194) to work on /home/airflow/.local/lib/python3.12/site-packages/airflow/example_dags/example_setup_teardown.py
[2024-10-31T22:45:11.248+0000] {processor.py:914} INFO - Processing file /home/airflow/.local/lib/python3.12/site-packages/airflow/example_dags/example_setup_teardown.py for tasks to queue
[2024-10-31T22:45:11.255+0000] {logging_mixin.py:190} INFO - [2024-10-31T22:45:11.254+0000] {dagbag.py:588} INFO - Filling up the DagBag from /home/airflow/.local/lib/python3.12/site-packages/airflow/example_dags/example_setup_teardown.py
[2024-10-31T22:45:11.269+0000] {processor.py:925} INFO - DAG(s) 'example_setup_teardown' retrieved from /home/airflow/.local/lib/python3.12/site-packages/airflow/example_dags/example_setup_teardown.py
[2024-10-31T22:45:11.399+0000] {logging_mixin.py:190} INFO - [2024-10-31T22:45:11.399+0000] {override.py:1900} INFO - Created Permission View: can delete on DAG:example_setup_teardown
[2024-10-31T22:45:11.411+0000] {logging_mixin.py:190} INFO - [2024-10-31T22:45:11.411+0000] {override.py:1900} INFO - Created Permission View: can read on DAG:example_setup_teardown
[2024-10-31T22:45:11.421+0000] {logging_mixin.py:190} INFO - [2024-10-31T22:45:11.420+0000] {override.py:1900} INFO - Created Permission View: can edit on DAG:example_setup_teardown
[2024-10-31T22:45:11.427+0000] {logging_mixin.py:190} INFO - [2024-10-31T22:45:11.427+0000] {override.py:1900} INFO - Created Permission View: can create on DAG Run:example_setup_teardown
[2024-10-31T22:45:11.431+0000] {logging_mixin.py:190} INFO - [2024-10-31T22:45:11.431+0000] {override.py:1900} INFO - Created Permission View: can delete on DAG Run:example_setup_teardown
[2024-10-31T22:45:11.435+0000] {logging_mixin.py:190} INFO - [2024-10-31T22:45:11.435+0000] {override.py:1900} INFO - Created Permission View: can read on DAG Run:example_setup_teardown
[2024-10-31T22:45:11.443+0000] {logging_mixin.py:190} INFO - [2024-10-31T22:45:11.443+0000] {override.py:1900} INFO - Created Permission View: menu access on DAG Run:example_setup_teardown
[2024-10-31T22:45:11.443+0000] {logging_mixin.py:190} INFO - [2024-10-31T22:45:11.443+0000] {dag.py:3239} INFO - Sync 1 DAGs
[2024-10-31T22:45:11.459+0000] {logging_mixin.py:190} INFO - [2024-10-31T22:45:11.459+0000] {dag.py:3262} INFO - Creating ORM DAG for example_setup_teardown
[2024-10-31T22:45:11.460+0000] {logging_mixin.py:190} INFO - [2024-10-31T22:45:11.460+0000] {dag.py:4180} INFO - Setting next_dagrun for example_setup_teardown to None, run_after=None
[2024-10-31T22:45:11.482+0000] {processor.py:208} INFO - Processing /home/airflow/.local/lib/python3.12/site-packages/airflow/example_dags/example_setup_teardown.py took 0.248 seconds
[2024-10-31T22:45:42.081+0000] {processor.py:186} INFO - Started process (PID=489) to work on /home/airflow/.local/lib/python3.12/site-packages/airflow/example_dags/example_setup_teardown.py
[2024-10-31T22:45:42.083+0000] {processor.py:914} INFO - Processing file /home/airflow/.local/lib/python3.12/site-packages/airflow/example_dags/example_setup_teardown.py for tasks to queue
[2024-10-31T22:45:42.085+0000] {logging_mixin.py:190} INFO - [2024-10-31T22:45:42.084+0000] {dagbag.py:588} INFO - Filling up the DagBag from /home/airflow/.local/lib/python3.12/site-packages/airflow/example_dags/example_setup_teardown.py
[2024-10-31T22:45:42.093+0000] {processor.py:925} INFO - DAG(s) 'example_setup_teardown' retrieved from /home/airflow/.local/lib/python3.12/site-packages/airflow/example_dags/example_setup_teardown.py
[2024-10-31T22:45:42.107+0000] {logging_mixin.py:190} INFO - [2024-10-31T22:45:42.107+0000] {dag.py:3239} INFO - Sync 1 DAGs
[2024-10-31T22:45:42.115+0000] {logging_mixin.py:190} INFO - [2024-10-31T22:45:42.115+0000] {dag.py:4180} INFO - Setting next_dagrun for example_setup_teardown to None, run_after=None
[2024-10-31T22:45:42.134+0000] {processor.py:208} INFO - Processing /home/airflow/.local/lib/python3.12/site-packages/airflow/example_dags/example_setup_teardown.py took 0.056 seconds
[2024-10-31T22:46:12.659+0000] {processor.py:186} INFO - Started process (PID=780) to work on /home/airflow/.local/lib/python3.12/site-packages/airflow/example_dags/example_setup_teardown.py
[2024-10-31T22:46:12.673+0000] {processor.py:914} INFO - Processing file /home/airflow/.local/lib/python3.12/site-packages/airflow/example_dags/example_setup_teardown.py for tasks to queue
[2024-10-31T22:46:12.710+0000] {logging_mixin.py:190} INFO - [2024-10-31T22:46:12.709+0000] {dagbag.py:588} INFO - Filling up the DagBag from /home/airflow/.local/lib/python3.12/site-packages/airflow/example_dags/example_setup_teardown.py
[2024-10-31T22:46:12.786+0000] {processor.py:925} INFO - DAG(s) 'example_setup_teardown' retrieved from /home/airflow/.local/lib/python3.12/site-packages/airflow/example_dags/example_setup_teardown.py
[2024-10-31T22:46:12.848+0000] {logging_mixin.py:190} INFO - [2024-10-31T22:46:12.848+0000] {dag.py:3239} INFO - Sync 1 DAGs
[2024-10-31T22:46:12.899+0000] {logging_mixin.py:190} INFO - [2024-10-31T22:46:12.899+0000] {dag.py:4180} INFO - Setting next_dagrun for example_setup_teardown to None, run_after=None
[2024-10-31T22:46:12.992+0000] {processor.py:208} INFO - Processing /home/airflow/.local/lib/python3.12/site-packages/airflow/example_dags/example_setup_teardown.py took 0.349 seconds
[2024-10-31T22:46:43.084+0000] {processor.py:186} INFO - Started process (PID=1073) to work on /home/airflow/.local/lib/python3.12/site-packages/airflow/example_dags/example_setup_teardown.py
[2024-10-31T22:46:43.084+0000] {processor.py:914} INFO - Processing file /home/airflow/.local/lib/python3.12/site-packages/airflow/example_dags/example_setup_teardown.py for tasks to queue
[2024-10-31T22:46:43.085+0000] {logging_mixin.py:190} INFO - [2024-10-31T22:46:43.085+0000] {dagbag.py:588} INFO - Filling up the DagBag from /home/airflow/.local/lib/python3.12/site-packages/airflow/example_dags/example_setup_teardown.py
[2024-10-31T22:46:43.090+0000] {processor.py:925} INFO - DAG(s) 'example_setup_teardown' retrieved from /home/airflow/.local/lib/python3.12/site-packages/airflow/example_dags/example_setup_teardown.py
[2024-10-31T22:46:43.102+0000] {logging_mixin.py:190} INFO - [2024-10-31T22:46:43.102+0000] {dag.py:3239} INFO - Sync 1 DAGs
[2024-10-31T22:46:43.109+0000] {logging_mixin.py:190} INFO - [2024-10-31T22:46:43.109+0000] {dag.py:4180} INFO - Setting next_dagrun for example_setup_teardown to None, run_after=None
[2024-10-31T22:46:43.118+0000] {processor.py:208} INFO - Processing /home/airflow/.local/lib/python3.12/site-packages/airflow/example_dags/example_setup_teardown.py took 0.038 seconds
[2024-10-31T22:47:14.131+0000] {processor.py:186} INFO - Started process (PID=1362) to work on /home/airflow/.local/lib/python3.12/site-packages/airflow/example_dags/example_setup_teardown.py
[2024-10-31T22:47:14.133+0000] {processor.py:914} INFO - Processing file /home/airflow/.local/lib/python3.12/site-packages/airflow/example_dags/example_setup_teardown.py for tasks to queue
[2024-10-31T22:47:14.136+0000] {logging_mixin.py:190} INFO - [2024-10-31T22:47:14.136+0000] {dagbag.py:588} INFO - Filling up the DagBag from /home/airflow/.local/lib/python3.12/site-packages/airflow/example_dags/example_setup_teardown.py
[2024-10-31T22:47:14.141+0000] {processor.py:925} INFO - DAG(s) 'example_setup_teardown' retrieved from /home/airflow/.local/lib/python3.12/site-packages/airflow/example_dags/example_setup_teardown.py
[2024-10-31T22:47:14.162+0000] {logging_mixin.py:190} INFO - [2024-10-31T22:47:14.162+0000] {dag.py:3239} INFO - Sync 1 DAGs
[2024-10-31T22:47:14.170+0000] {logging_mixin.py:190} INFO - [2024-10-31T22:47:14.170+0000] {dag.py:4180} INFO - Setting next_dagrun for example_setup_teardown to None, run_after=None
[2024-10-31T22:47:14.186+0000] {processor.py:208} INFO - Processing /home/airflow/.local/lib/python3.12/site-packages/airflow/example_dags/example_setup_teardown.py took 0.059 seconds
[2024-10-31T22:48:22.676+0000] {processor.py:186} INFO - Started process (PID=193) to work on /home/airflow/.local/lib/python3.12/site-packages/airflow/example_dags/example_setup_teardown.py
[2024-10-31T22:48:22.681+0000] {processor.py:914} INFO - Processing file /home/airflow/.local/lib/python3.12/site-packages/airflow/example_dags/example_setup_teardown.py for tasks to queue
[2024-10-31T22:48:22.685+0000] {logging_mixin.py:190} INFO - [2024-10-31T22:48:22.684+0000] {dagbag.py:588} INFO - Filling up the DagBag from /home/airflow/.local/lib/python3.12/site-packages/airflow/example_dags/example_setup_teardown.py
[2024-10-31T22:48:22.695+0000] {processor.py:925} INFO - DAG(s) 'example_setup_teardown' retrieved from /home/airflow/.local/lib/python3.12/site-packages/airflow/example_dags/example_setup_teardown.py
[2024-10-31T22:48:22.728+0000] {logging_mixin.py:190} INFO - [2024-10-31T22:48:22.727+0000] {dag.py:3239} INFO - Sync 1 DAGs
[2024-10-31T22:48:22.741+0000] {logging_mixin.py:190} INFO - [2024-10-31T22:48:22.741+0000] {dag.py:4180} INFO - Setting next_dagrun for example_setup_teardown to None, run_after=None
[2024-10-31T22:48:22.754+0000] {processor.py:208} INFO - Processing /home/airflow/.local/lib/python3.12/site-packages/airflow/example_dags/example_setup_teardown.py took 0.091 seconds
[2024-10-31T22:48:53.723+0000] {processor.py:186} INFO - Started process (PID=484) to work on /home/airflow/.local/lib/python3.12/site-packages/airflow/example_dags/example_setup_teardown.py
[2024-10-31T22:48:53.725+0000] {processor.py:914} INFO - Processing file /home/airflow/.local/lib/python3.12/site-packages/airflow/example_dags/example_setup_teardown.py for tasks to queue
[2024-10-31T22:48:53.727+0000] {logging_mixin.py:190} INFO - [2024-10-31T22:48:53.727+0000] {dagbag.py:588} INFO - Filling up the DagBag from /home/airflow/.local/lib/python3.12/site-packages/airflow/example_dags/example_setup_teardown.py
[2024-10-31T22:48:53.735+0000] {processor.py:925} INFO - DAG(s) 'example_setup_teardown' retrieved from /home/airflow/.local/lib/python3.12/site-packages/airflow/example_dags/example_setup_teardown.py
[2024-10-31T22:48:53.754+0000] {logging_mixin.py:190} INFO - [2024-10-31T22:48:53.754+0000] {dag.py:3239} INFO - Sync 1 DAGs
[2024-10-31T22:48:53.764+0000] {logging_mixin.py:190} INFO - [2024-10-31T22:48:53.764+0000] {dag.py:4180} INFO - Setting next_dagrun for example_setup_teardown to None, run_after=None
[2024-10-31T22:48:53.778+0000] {processor.py:208} INFO - Processing /home/airflow/.local/lib/python3.12/site-packages/airflow/example_dags/example_setup_teardown.py took 0.061 seconds
[2024-10-31T22:49:24.045+0000] {processor.py:186} INFO - Started process (PID=777) to work on /home/airflow/.local/lib/python3.12/site-packages/airflow/example_dags/example_setup_teardown.py
[2024-10-31T22:49:24.046+0000] {processor.py:914} INFO - Processing file /home/airflow/.local/lib/python3.12/site-packages/airflow/example_dags/example_setup_teardown.py for tasks to queue
[2024-10-31T22:49:24.047+0000] {logging_mixin.py:190} INFO - [2024-10-31T22:49:24.047+0000] {dagbag.py:588} INFO - Filling up the DagBag from /home/airflow/.local/lib/python3.12/site-packages/airflow/example_dags/example_setup_teardown.py
[2024-10-31T22:49:24.052+0000] {processor.py:925} INFO - DAG(s) 'example_setup_teardown' retrieved from /home/airflow/.local/lib/python3.12/site-packages/airflow/example_dags/example_setup_teardown.py
[2024-10-31T22:49:24.064+0000] {logging_mixin.py:190} INFO - [2024-10-31T22:49:24.064+0000] {dag.py:3239} INFO - Sync 1 DAGs
[2024-10-31T22:49:24.072+0000] {logging_mixin.py:190} INFO - [2024-10-31T22:49:24.071+0000] {dag.py:4180} INFO - Setting next_dagrun for example_setup_teardown to None, run_after=None
[2024-10-31T22:49:24.080+0000] {processor.py:208} INFO - Processing /home/airflow/.local/lib/python3.12/site-packages/airflow/example_dags/example_setup_teardown.py took 0.037 seconds
[2024-10-31T22:49:55.016+0000] {processor.py:186} INFO - Started process (PID=1068) to work on /home/airflow/.local/lib/python3.12/site-packages/airflow/example_dags/example_setup_teardown.py
[2024-10-31T22:49:55.016+0000] {processor.py:914} INFO - Processing file /home/airflow/.local/lib/python3.12/site-packages/airflow/example_dags/example_setup_teardown.py for tasks to queue
[2024-10-31T22:49:55.019+0000] {logging_mixin.py:190} INFO - [2024-10-31T22:49:55.019+0000] {dagbag.py:588} INFO - Filling up the DagBag from /home/airflow/.local/lib/python3.12/site-packages/airflow/example_dags/example_setup_teardown.py
[2024-10-31T22:49:55.025+0000] {processor.py:925} INFO - DAG(s) 'example_setup_teardown' retrieved from /home/airflow/.local/lib/python3.12/site-packages/airflow/example_dags/example_setup_teardown.py
[2024-10-31T22:49:55.047+0000] {logging_mixin.py:190} INFO - [2024-10-31T22:49:55.046+0000] {dag.py:3239} INFO - Sync 1 DAGs
[2024-10-31T22:49:55.057+0000] {logging_mixin.py:190} INFO - [2024-10-31T22:49:55.057+0000] {dag.py:4180} INFO - Setting next_dagrun for example_setup_teardown to None, run_after=None
[2024-10-31T22:49:55.072+0000] {processor.py:208} INFO - Processing /home/airflow/.local/lib/python3.12/site-packages/airflow/example_dags/example_setup_teardown.py took 0.065 seconds
[2024-10-31T22:50:25.444+0000] {processor.py:186} INFO - Started process (PID=1364) to work on /home/airflow/.local/lib/python3.12/site-packages/airflow/example_dags/example_setup_teardown.py
[2024-10-31T22:50:25.445+0000] {processor.py:914} INFO - Processing file /home/airflow/.local/lib/python3.12/site-packages/airflow/example_dags/example_setup_teardown.py for tasks to queue
[2024-10-31T22:50:25.446+0000] {logging_mixin.py:190} INFO - [2024-10-31T22:50:25.446+0000] {dagbag.py:588} INFO - Filling up the DagBag from /home/airflow/.local/lib/python3.12/site-packages/airflow/example_dags/example_setup_teardown.py
[2024-10-31T22:50:25.450+0000] {processor.py:925} INFO - DAG(s) 'example_setup_teardown' retrieved from /home/airflow/.local/lib/python3.12/site-packages/airflow/example_dags/example_setup_teardown.py
[2024-10-31T22:50:25.462+0000] {logging_mixin.py:190} INFO - [2024-10-31T22:50:25.461+0000] {dag.py:3239} INFO - Sync 1 DAGs
[2024-10-31T22:50:25.470+0000] {logging_mixin.py:190} INFO - [2024-10-31T22:50:25.470+0000] {dag.py:4180} INFO - Setting next_dagrun for example_setup_teardown to None, run_after=None
[2024-10-31T22:50:25.479+0000] {processor.py:208} INFO - Processing /home/airflow/.local/lib/python3.12/site-packages/airflow/example_dags/example_setup_teardown.py took 0.039 seconds
[2024-10-31T22:50:56.264+0000] {processor.py:186} INFO - Started process (PID=1655) to work on /home/airflow/.local/lib/python3.12/site-packages/airflow/example_dags/example_setup_teardown.py
[2024-10-31T22:50:56.266+0000] {processor.py:914} INFO - Processing file /home/airflow/.local/lib/python3.12/site-packages/airflow/example_dags/example_setup_teardown.py for tasks to queue
[2024-10-31T22:50:56.268+0000] {logging_mixin.py:190} INFO - [2024-10-31T22:50:56.268+0000] {dagbag.py:588} INFO - Filling up the DagBag from /home/airflow/.local/lib/python3.12/site-packages/airflow/example_dags/example_setup_teardown.py
[2024-10-31T22:50:56.278+0000] {processor.py:925} INFO - DAG(s) 'example_setup_teardown' retrieved from /home/airflow/.local/lib/python3.12/site-packages/airflow/example_dags/example_setup_teardown.py
[2024-10-31T22:50:56.298+0000] {logging_mixin.py:190} INFO - [2024-10-31T22:50:56.298+0000] {dag.py:3239} INFO - Sync 1 DAGs
[2024-10-31T22:50:56.312+0000] {logging_mixin.py:190} INFO - [2024-10-31T22:50:56.312+0000] {dag.py:4180} INFO - Setting next_dagrun for example_setup_teardown to None, run_after=None
[2024-10-31T22:50:56.328+0000] {processor.py:208} INFO - Processing /home/airflow/.local/lib/python3.12/site-packages/airflow/example_dags/example_setup_teardown.py took 0.075 seconds
[2024-10-31T22:51:26.894+0000] {processor.py:186} INFO - Started process (PID=1946) to work on /home/airflow/.local/lib/python3.12/site-packages/airflow/example_dags/example_setup_teardown.py
[2024-10-31T22:51:26.895+0000] {processor.py:914} INFO - Processing file /home/airflow/.local/lib/python3.12/site-packages/airflow/example_dags/example_setup_teardown.py for tasks to queue
[2024-10-31T22:51:26.896+0000] {logging_mixin.py:190} INFO - [2024-10-31T22:51:26.896+0000] {dagbag.py:588} INFO - Filling up the DagBag from /home/airflow/.local/lib/python3.12/site-packages/airflow/example_dags/example_setup_teardown.py
[2024-10-31T22:51:26.903+0000] {processor.py:925} INFO - DAG(s) 'example_setup_teardown' retrieved from /home/airflow/.local/lib/python3.12/site-packages/airflow/example_dags/example_setup_teardown.py
[2024-10-31T22:51:26.920+0000] {logging_mixin.py:190} INFO - [2024-10-31T22:51:26.920+0000] {dag.py:3239} INFO - Sync 1 DAGs
[2024-10-31T22:51:26.928+0000] {logging_mixin.py:190} INFO - [2024-10-31T22:51:26.928+0000] {dag.py:4180} INFO - Setting next_dagrun for example_setup_teardown to None, run_after=None
[2024-10-31T22:51:26.942+0000] {processor.py:208} INFO - Processing /home/airflow/.local/lib/python3.12/site-packages/airflow/example_dags/example_setup_teardown.py took 0.057 seconds
[2024-10-31T22:51:57.871+0000] {processor.py:186} INFO - Started process (PID=2235) to work on /home/airflow/.local/lib/python3.12/site-packages/airflow/example_dags/example_setup_teardown.py
[2024-10-31T22:51:57.872+0000] {processor.py:914} INFO - Processing file /home/airflow/.local/lib/python3.12/site-packages/airflow/example_dags/example_setup_teardown.py for tasks to queue
[2024-10-31T22:51:57.875+0000] {logging_mixin.py:190} INFO - [2024-10-31T22:51:57.874+0000] {dagbag.py:588} INFO - Filling up the DagBag from /home/airflow/.local/lib/python3.12/site-packages/airflow/example_dags/example_setup_teardown.py
[2024-10-31T22:51:57.883+0000] {processor.py:925} INFO - DAG(s) 'example_setup_teardown' retrieved from /home/airflow/.local/lib/python3.12/site-packages/airflow/example_dags/example_setup_teardown.py
[2024-10-31T22:51:57.906+0000] {logging_mixin.py:190} INFO - [2024-10-31T22:51:57.906+0000] {dag.py:3239} INFO - Sync 1 DAGs
[2024-10-31T22:51:57.913+0000] {logging_mixin.py:190} INFO - [2024-10-31T22:51:57.913+0000] {dag.py:4180} INFO - Setting next_dagrun for example_setup_teardown to None, run_after=None
[2024-10-31T22:51:57.931+0000] {processor.py:208} INFO - Processing /home/airflow/.local/lib/python3.12/site-packages/airflow/example_dags/example_setup_teardown.py took 0.064 seconds
[2024-10-31T22:52:28.173+0000] {processor.py:186} INFO - Started process (PID=2528) to work on /home/airflow/.local/lib/python3.12/site-packages/airflow/example_dags/example_setup_teardown.py
[2024-10-31T22:52:28.179+0000] {processor.py:914} INFO - Processing file /home/airflow/.local/lib/python3.12/site-packages/airflow/example_dags/example_setup_teardown.py for tasks to queue
[2024-10-31T22:52:28.182+0000] {logging_mixin.py:190} INFO - [2024-10-31T22:52:28.182+0000] {dagbag.py:588} INFO - Filling up the DagBag from /home/airflow/.local/lib/python3.12/site-packages/airflow/example_dags/example_setup_teardown.py
[2024-10-31T22:52:28.191+0000] {processor.py:925} INFO - DAG(s) 'example_setup_teardown' retrieved from /home/airflow/.local/lib/python3.12/site-packages/airflow/example_dags/example_setup_teardown.py
[2024-10-31T22:52:28.207+0000] {logging_mixin.py:190} INFO - [2024-10-31T22:52:28.207+0000] {dag.py:3239} INFO - Sync 1 DAGs
[2024-10-31T22:52:28.219+0000] {logging_mixin.py:190} INFO - [2024-10-31T22:52:28.219+0000] {dag.py:4180} INFO - Setting next_dagrun for example_setup_teardown to None, run_after=None
[2024-10-31T22:52:28.241+0000] {processor.py:208} INFO - Processing /home/airflow/.local/lib/python3.12/site-packages/airflow/example_dags/example_setup_teardown.py took 0.114 seconds
