[2024-10-31T22:45:17.078+0000] {processor.py:186} INFO - Started process (PID=345) to work on /home/airflow/.local/lib/python3.12/site-packages/airflow/example_dags/example_external_task_marker_dag.py
[2024-10-31T22:45:17.079+0000] {processor.py:914} INFO - Processing file /home/airflow/.local/lib/python3.12/site-packages/airflow/example_dags/example_external_task_marker_dag.py for tasks to queue
[2024-10-31T22:45:17.082+0000] {logging_mixin.py:190} INFO - [2024-10-31T22:45:17.082+0000] {dagbag.py:588} INFO - Filling up the DagBag from /home/airflow/.local/lib/python3.12/site-packages/airflow/example_dags/example_external_task_marker_dag.py
[2024-10-31T22:45:17.091+0000] {processor.py:925} INFO - DAG(s) 'example_external_task_marker_child', 'example_external_task_marker_parent' retrieved from /home/airflow/.local/lib/python3.12/site-packages/airflow/example_dags/example_external_task_marker_dag.py
[2024-10-31T22:45:17.276+0000] {logging_mixin.py:190} INFO - [2024-10-31T22:45:17.275+0000] {override.py:1900} INFO - Created Permission View: can delete on DAG:example_external_task_marker_child
[2024-10-31T22:45:17.287+0000] {logging_mixin.py:190} INFO - [2024-10-31T22:45:17.286+0000] {override.py:1900} INFO - Created Permission View: can read on DAG:example_external_task_marker_child
[2024-10-31T22:45:17.292+0000] {logging_mixin.py:190} INFO - [2024-10-31T22:45:17.291+0000] {override.py:1900} INFO - Created Permission View: can edit on DAG:example_external_task_marker_child
[2024-10-31T22:45:17.297+0000] {logging_mixin.py:190} INFO - [2024-10-31T22:45:17.297+0000] {override.py:1900} INFO - Created Permission View: can create on DAG Run:example_external_task_marker_child
[2024-10-31T22:45:17.305+0000] {logging_mixin.py:190} INFO - [2024-10-31T22:45:17.305+0000] {override.py:1900} INFO - Created Permission View: can delete on DAG Run:example_external_task_marker_child
[2024-10-31T22:45:17.312+0000] {logging_mixin.py:190} INFO - [2024-10-31T22:45:17.311+0000] {override.py:1900} INFO - Created Permission View: can read on DAG Run:example_external_task_marker_child
[2024-10-31T22:45:17.319+0000] {logging_mixin.py:190} INFO - [2024-10-31T22:45:17.319+0000] {override.py:1900} INFO - Created Permission View: menu access on DAG Run:example_external_task_marker_child
[2024-10-31T22:45:17.328+0000] {logging_mixin.py:190} INFO - [2024-10-31T22:45:17.328+0000] {override.py:1900} INFO - Created Permission View: can delete on DAG:example_external_task_marker_parent
[2024-10-31T22:45:17.337+0000] {logging_mixin.py:190} INFO - [2024-10-31T22:45:17.337+0000] {override.py:1900} INFO - Created Permission View: can read on DAG:example_external_task_marker_parent
[2024-10-31T22:45:17.345+0000] {logging_mixin.py:190} INFO - [2024-10-31T22:45:17.344+0000] {override.py:1900} INFO - Created Permission View: can edit on DAG:example_external_task_marker_parent
[2024-10-31T22:45:17.352+0000] {logging_mixin.py:190} INFO - [2024-10-31T22:45:17.351+0000] {override.py:1900} INFO - Created Permission View: can create on DAG Run:example_external_task_marker_parent
[2024-10-31T22:45:17.369+0000] {logging_mixin.py:190} INFO - [2024-10-31T22:45:17.369+0000] {override.py:1900} INFO - Created Permission View: can delete on DAG Run:example_external_task_marker_parent
[2024-10-31T22:45:17.387+0000] {logging_mixin.py:190} INFO - [2024-10-31T22:45:17.387+0000] {override.py:1900} INFO - Created Permission View: can read on DAG Run:example_external_task_marker_parent
[2024-10-31T22:45:17.416+0000] {logging_mixin.py:190} INFO - [2024-10-31T22:45:17.416+0000] {override.py:1900} INFO - Created Permission View: menu access on DAG Run:example_external_task_marker_parent
[2024-10-31T22:45:17.417+0000] {logging_mixin.py:190} INFO - [2024-10-31T22:45:17.417+0000] {dag.py:3239} INFO - Sync 2 DAGs
[2024-10-31T22:45:17.444+0000] {logging_mixin.py:190} INFO - [2024-10-31T22:45:17.442+0000] {dag.py:3262} INFO - Creating ORM DAG for example_external_task_marker_parent
[2024-10-31T22:45:17.446+0000] {logging_mixin.py:190} INFO - [2024-10-31T22:45:17.446+0000] {dag.py:3262} INFO - Creating ORM DAG for example_external_task_marker_child
[2024-10-31T22:45:17.449+0000] {logging_mixin.py:190} INFO - [2024-10-31T22:45:17.448+0000] {dag.py:4180} INFO - Setting next_dagrun for example_external_task_marker_child to None, run_after=None
[2024-10-31T22:45:17.454+0000] {logging_mixin.py:190} INFO - [2024-10-31T22:45:17.454+0000] {dag.py:4180} INFO - Setting next_dagrun for example_external_task_marker_parent to None, run_after=None
[2024-10-31T22:45:17.504+0000] {processor.py:208} INFO - Processing /home/airflow/.local/lib/python3.12/site-packages/airflow/example_dags/example_external_task_marker_dag.py took 0.432 seconds
[2024-10-31T22:45:47.540+0000] {processor.py:186} INFO - Started process (PID=641) to work on /home/airflow/.local/lib/python3.12/site-packages/airflow/example_dags/example_external_task_marker_dag.py
[2024-10-31T22:45:47.540+0000] {processor.py:914} INFO - Processing file /home/airflow/.local/lib/python3.12/site-packages/airflow/example_dags/example_external_task_marker_dag.py for tasks to queue
[2024-10-31T22:45:47.541+0000] {logging_mixin.py:190} INFO - [2024-10-31T22:45:47.541+0000] {dagbag.py:588} INFO - Filling up the DagBag from /home/airflow/.local/lib/python3.12/site-packages/airflow/example_dags/example_external_task_marker_dag.py
[2024-10-31T22:45:47.546+0000] {processor.py:925} INFO - DAG(s) 'example_external_task_marker_parent', 'example_external_task_marker_child' retrieved from /home/airflow/.local/lib/python3.12/site-packages/airflow/example_dags/example_external_task_marker_dag.py
[2024-10-31T22:45:47.557+0000] {logging_mixin.py:190} INFO - [2024-10-31T22:45:47.557+0000] {dag.py:3239} INFO - Sync 2 DAGs
[2024-10-31T22:45:47.565+0000] {logging_mixin.py:190} INFO - [2024-10-31T22:45:47.565+0000] {dag.py:4180} INFO - Setting next_dagrun for example_external_task_marker_child to None, run_after=None
[2024-10-31T22:45:47.567+0000] {logging_mixin.py:190} INFO - [2024-10-31T22:45:47.567+0000] {dag.py:4180} INFO - Setting next_dagrun for example_external_task_marker_parent to None, run_after=None
[2024-10-31T22:45:47.573+0000] {processor.py:208} INFO - Processing /home/airflow/.local/lib/python3.12/site-packages/airflow/example_dags/example_external_task_marker_dag.py took 0.036 seconds
[2024-10-31T22:46:19.175+0000] {processor.py:186} INFO - Started process (PID=925) to work on /home/airflow/.local/lib/python3.12/site-packages/airflow/example_dags/example_external_task_marker_dag.py
[2024-10-31T22:46:19.180+0000] {processor.py:914} INFO - Processing file /home/airflow/.local/lib/python3.12/site-packages/airflow/example_dags/example_external_task_marker_dag.py for tasks to queue
[2024-10-31T22:46:19.186+0000] {logging_mixin.py:190} INFO - [2024-10-31T22:46:19.185+0000] {dagbag.py:588} INFO - Filling up the DagBag from /home/airflow/.local/lib/python3.12/site-packages/airflow/example_dags/example_external_task_marker_dag.py
[2024-10-31T22:46:19.196+0000] {processor.py:925} INFO - DAG(s) 'example_external_task_marker_child', 'example_external_task_marker_parent' retrieved from /home/airflow/.local/lib/python3.12/site-packages/airflow/example_dags/example_external_task_marker_dag.py
[2024-10-31T22:46:19.225+0000] {logging_mixin.py:190} INFO - [2024-10-31T22:46:19.225+0000] {dag.py:3239} INFO - Sync 2 DAGs
[2024-10-31T22:46:19.255+0000] {logging_mixin.py:190} INFO - [2024-10-31T22:46:19.255+0000] {dag.py:4180} INFO - Setting next_dagrun for example_external_task_marker_child to None, run_after=None
[2024-10-31T22:46:19.259+0000] {logging_mixin.py:190} INFO - [2024-10-31T22:46:19.259+0000] {dag.py:4180} INFO - Setting next_dagrun for example_external_task_marker_parent to None, run_after=None
[2024-10-31T22:46:19.268+0000] {processor.py:208} INFO - Processing /home/airflow/.local/lib/python3.12/site-packages/airflow/example_dags/example_external_task_marker_dag.py took 0.129 seconds
[2024-10-31T22:46:49.508+0000] {processor.py:186} INFO - Started process (PID=1216) to work on /home/airflow/.local/lib/python3.12/site-packages/airflow/example_dags/example_external_task_marker_dag.py
[2024-10-31T22:46:49.510+0000] {processor.py:914} INFO - Processing file /home/airflow/.local/lib/python3.12/site-packages/airflow/example_dags/example_external_task_marker_dag.py for tasks to queue
[2024-10-31T22:46:49.511+0000] {logging_mixin.py:190} INFO - [2024-10-31T22:46:49.511+0000] {dagbag.py:588} INFO - Filling up the DagBag from /home/airflow/.local/lib/python3.12/site-packages/airflow/example_dags/example_external_task_marker_dag.py
[2024-10-31T22:46:49.519+0000] {processor.py:925} INFO - DAG(s) 'example_external_task_marker_parent', 'example_external_task_marker_child' retrieved from /home/airflow/.local/lib/python3.12/site-packages/airflow/example_dags/example_external_task_marker_dag.py
[2024-10-31T22:46:49.543+0000] {logging_mixin.py:190} INFO - [2024-10-31T22:46:49.542+0000] {dag.py:3239} INFO - Sync 2 DAGs
[2024-10-31T22:46:49.555+0000] {logging_mixin.py:190} INFO - [2024-10-31T22:46:49.555+0000] {dag.py:4180} INFO - Setting next_dagrun for example_external_task_marker_child to None, run_after=None
[2024-10-31T22:46:49.557+0000] {logging_mixin.py:190} INFO - [2024-10-31T22:46:49.557+0000] {dag.py:4180} INFO - Setting next_dagrun for example_external_task_marker_parent to None, run_after=None
[2024-10-31T22:46:49.571+0000] {processor.py:208} INFO - Processing /home/airflow/.local/lib/python3.12/site-packages/airflow/example_dags/example_external_task_marker_dag.py took 0.067 seconds
[2024-10-31T22:47:20.646+0000] {processor.py:186} INFO - Started process (PID=1507) to work on /home/airflow/.local/lib/python3.12/site-packages/airflow/example_dags/example_external_task_marker_dag.py
[2024-10-31T22:47:20.649+0000] {processor.py:914} INFO - Processing file /home/airflow/.local/lib/python3.12/site-packages/airflow/example_dags/example_external_task_marker_dag.py for tasks to queue
[2024-10-31T22:47:20.652+0000] {logging_mixin.py:190} INFO - [2024-10-31T22:47:20.652+0000] {dagbag.py:588} INFO - Filling up the DagBag from /home/airflow/.local/lib/python3.12/site-packages/airflow/example_dags/example_external_task_marker_dag.py
[2024-10-31T22:47:20.659+0000] {processor.py:925} INFO - DAG(s) 'example_external_task_marker_child', 'example_external_task_marker_parent' retrieved from /home/airflow/.local/lib/python3.12/site-packages/airflow/example_dags/example_external_task_marker_dag.py
[2024-10-31T22:47:20.680+0000] {logging_mixin.py:190} INFO - [2024-10-31T22:47:20.680+0000] {dag.py:3239} INFO - Sync 2 DAGs
[2024-10-31T22:47:20.690+0000] {logging_mixin.py:190} INFO - [2024-10-31T22:47:20.690+0000] {dag.py:4180} INFO - Setting next_dagrun for example_external_task_marker_child to None, run_after=None
[2024-10-31T22:47:20.694+0000] {logging_mixin.py:190} INFO - [2024-10-31T22:47:20.693+0000] {dag.py:4180} INFO - Setting next_dagrun for example_external_task_marker_parent to None, run_after=None
[2024-10-31T22:47:20.707+0000] {processor.py:208} INFO - Processing /home/airflow/.local/lib/python3.12/site-packages/airflow/example_dags/example_external_task_marker_dag.py took 0.080 seconds
[2024-10-31T22:48:25.563+0000] {processor.py:186} INFO - Started process (PID=346) to work on /home/airflow/.local/lib/python3.12/site-packages/airflow/example_dags/example_external_task_marker_dag.py
[2024-10-31T22:48:25.567+0000] {processor.py:914} INFO - Processing file /home/airflow/.local/lib/python3.12/site-packages/airflow/example_dags/example_external_task_marker_dag.py for tasks to queue
[2024-10-31T22:48:25.571+0000] {logging_mixin.py:190} INFO - [2024-10-31T22:48:25.571+0000] {dagbag.py:588} INFO - Filling up the DagBag from /home/airflow/.local/lib/python3.12/site-packages/airflow/example_dags/example_external_task_marker_dag.py
[2024-10-31T22:48:25.577+0000] {processor.py:925} INFO - DAG(s) 'example_external_task_marker_parent', 'example_external_task_marker_child' retrieved from /home/airflow/.local/lib/python3.12/site-packages/airflow/example_dags/example_external_task_marker_dag.py
[2024-10-31T22:48:25.608+0000] {logging_mixin.py:190} INFO - [2024-10-31T22:48:25.607+0000] {dag.py:3239} INFO - Sync 2 DAGs
[2024-10-31T22:48:25.620+0000] {logging_mixin.py:190} INFO - [2024-10-31T22:48:25.620+0000] {dag.py:4180} INFO - Setting next_dagrun for example_external_task_marker_child to None, run_after=None
[2024-10-31T22:48:25.623+0000] {logging_mixin.py:190} INFO - [2024-10-31T22:48:25.623+0000] {dag.py:4180} INFO - Setting next_dagrun for example_external_task_marker_parent to None, run_after=None
[2024-10-31T22:48:25.633+0000] {processor.py:208} INFO - Processing /home/airflow/.local/lib/python3.12/site-packages/airflow/example_dags/example_external_task_marker_dag.py took 0.076 seconds
[2024-10-31T22:48:56.384+0000] {processor.py:186} INFO - Started process (PID=637) to work on /home/airflow/.local/lib/python3.12/site-packages/airflow/example_dags/example_external_task_marker_dag.py
[2024-10-31T22:48:56.384+0000] {processor.py:914} INFO - Processing file /home/airflow/.local/lib/python3.12/site-packages/airflow/example_dags/example_external_task_marker_dag.py for tasks to queue
[2024-10-31T22:48:56.386+0000] {logging_mixin.py:190} INFO - [2024-10-31T22:48:56.386+0000] {dagbag.py:588} INFO - Filling up the DagBag from /home/airflow/.local/lib/python3.12/site-packages/airflow/example_dags/example_external_task_marker_dag.py
[2024-10-31T22:48:56.391+0000] {processor.py:925} INFO - DAG(s) 'example_external_task_marker_child', 'example_external_task_marker_parent' retrieved from /home/airflow/.local/lib/python3.12/site-packages/airflow/example_dags/example_external_task_marker_dag.py
[2024-10-31T22:48:56.417+0000] {logging_mixin.py:190} INFO - [2024-10-31T22:48:56.417+0000] {dag.py:3239} INFO - Sync 2 DAGs
[2024-10-31T22:48:56.427+0000] {logging_mixin.py:190} INFO - [2024-10-31T22:48:56.427+0000] {dag.py:4180} INFO - Setting next_dagrun for example_external_task_marker_child to None, run_after=None
[2024-10-31T22:48:56.430+0000] {logging_mixin.py:190} INFO - [2024-10-31T22:48:56.430+0000] {dag.py:4180} INFO - Setting next_dagrun for example_external_task_marker_parent to None, run_after=None
[2024-10-31T22:48:56.445+0000] {processor.py:208} INFO - Processing /home/airflow/.local/lib/python3.12/site-packages/airflow/example_dags/example_external_task_marker_dag.py took 0.066 seconds
[2024-10-31T22:49:27.427+0000] {processor.py:186} INFO - Started process (PID=926) to work on /home/airflow/.local/lib/python3.12/site-packages/airflow/example_dags/example_external_task_marker_dag.py
[2024-10-31T22:49:27.428+0000] {processor.py:914} INFO - Processing file /home/airflow/.local/lib/python3.12/site-packages/airflow/example_dags/example_external_task_marker_dag.py for tasks to queue
[2024-10-31T22:49:27.429+0000] {logging_mixin.py:190} INFO - [2024-10-31T22:49:27.429+0000] {dagbag.py:588} INFO - Filling up the DagBag from /home/airflow/.local/lib/python3.12/site-packages/airflow/example_dags/example_external_task_marker_dag.py
[2024-10-31T22:49:27.435+0000] {processor.py:925} INFO - DAG(s) 'example_external_task_marker_child', 'example_external_task_marker_parent' retrieved from /home/airflow/.local/lib/python3.12/site-packages/airflow/example_dags/example_external_task_marker_dag.py
[2024-10-31T22:49:27.455+0000] {logging_mixin.py:190} INFO - [2024-10-31T22:49:27.454+0000] {dag.py:3239} INFO - Sync 2 DAGs
[2024-10-31T22:49:27.462+0000] {logging_mixin.py:190} INFO - [2024-10-31T22:49:27.462+0000] {dag.py:4180} INFO - Setting next_dagrun for example_external_task_marker_child to None, run_after=None
[2024-10-31T22:49:27.468+0000] {logging_mixin.py:190} INFO - [2024-10-31T22:49:27.467+0000] {dag.py:4180} INFO - Setting next_dagrun for example_external_task_marker_parent to None, run_after=None
[2024-10-31T22:49:27.479+0000] {processor.py:208} INFO - Processing /home/airflow/.local/lib/python3.12/site-packages/airflow/example_dags/example_external_task_marker_dag.py took 0.056 seconds
[2024-10-31T22:49:57.573+0000] {processor.py:186} INFO - Started process (PID=1212) to work on /home/airflow/.local/lib/python3.12/site-packages/airflow/example_dags/example_external_task_marker_dag.py
[2024-10-31T22:49:57.575+0000] {processor.py:914} INFO - Processing file /home/airflow/.local/lib/python3.12/site-packages/airflow/example_dags/example_external_task_marker_dag.py for tasks to queue
[2024-10-31T22:49:57.578+0000] {logging_mixin.py:190} INFO - [2024-10-31T22:49:57.578+0000] {dagbag.py:588} INFO - Filling up the DagBag from /home/airflow/.local/lib/python3.12/site-packages/airflow/example_dags/example_external_task_marker_dag.py
[2024-10-31T22:49:57.584+0000] {processor.py:925} INFO - DAG(s) 'example_external_task_marker_parent', 'example_external_task_marker_child' retrieved from /home/airflow/.local/lib/python3.12/site-packages/airflow/example_dags/example_external_task_marker_dag.py
[2024-10-31T22:49:57.602+0000] {logging_mixin.py:190} INFO - [2024-10-31T22:49:57.602+0000] {dag.py:3239} INFO - Sync 2 DAGs
[2024-10-31T22:49:57.612+0000] {logging_mixin.py:190} INFO - [2024-10-31T22:49:57.612+0000] {dag.py:4180} INFO - Setting next_dagrun for example_external_task_marker_child to None, run_after=None
[2024-10-31T22:49:57.615+0000] {logging_mixin.py:190} INFO - [2024-10-31T22:49:57.614+0000] {dag.py:4180} INFO - Setting next_dagrun for example_external_task_marker_parent to None, run_after=None
[2024-10-31T22:49:57.625+0000] {processor.py:208} INFO - Processing /home/airflow/.local/lib/python3.12/site-packages/airflow/example_dags/example_external_task_marker_dag.py took 0.058 seconds
[2024-10-31T22:50:28.421+0000] {processor.py:186} INFO - Started process (PID=1507) to work on /home/airflow/.local/lib/python3.12/site-packages/airflow/example_dags/example_external_task_marker_dag.py
[2024-10-31T22:50:28.422+0000] {processor.py:914} INFO - Processing file /home/airflow/.local/lib/python3.12/site-packages/airflow/example_dags/example_external_task_marker_dag.py for tasks to queue
[2024-10-31T22:50:28.424+0000] {logging_mixin.py:190} INFO - [2024-10-31T22:50:28.423+0000] {dagbag.py:588} INFO - Filling up the DagBag from /home/airflow/.local/lib/python3.12/site-packages/airflow/example_dags/example_external_task_marker_dag.py
[2024-10-31T22:50:28.429+0000] {processor.py:925} INFO - DAG(s) 'example_external_task_marker_child', 'example_external_task_marker_parent' retrieved from /home/airflow/.local/lib/python3.12/site-packages/airflow/example_dags/example_external_task_marker_dag.py
[2024-10-31T22:50:28.456+0000] {logging_mixin.py:190} INFO - [2024-10-31T22:50:28.456+0000] {dag.py:3239} INFO - Sync 2 DAGs
[2024-10-31T22:50:28.469+0000] {logging_mixin.py:190} INFO - [2024-10-31T22:50:28.469+0000] {dag.py:4180} INFO - Setting next_dagrun for example_external_task_marker_child to None, run_after=None
[2024-10-31T22:50:28.472+0000] {logging_mixin.py:190} INFO - [2024-10-31T22:50:28.471+0000] {dag.py:4180} INFO - Setting next_dagrun for example_external_task_marker_parent to None, run_after=None
[2024-10-31T22:50:28.490+0000] {processor.py:208} INFO - Processing /home/airflow/.local/lib/python3.12/site-packages/airflow/example_dags/example_external_task_marker_dag.py took 0.074 seconds
[2024-10-31T22:50:58.914+0000] {processor.py:186} INFO - Started process (PID=1798) to work on /home/airflow/.local/lib/python3.12/site-packages/airflow/example_dags/example_external_task_marker_dag.py
[2024-10-31T22:50:58.919+0000] {processor.py:914} INFO - Processing file /home/airflow/.local/lib/python3.12/site-packages/airflow/example_dags/example_external_task_marker_dag.py for tasks to queue
[2024-10-31T22:50:58.922+0000] {logging_mixin.py:190} INFO - [2024-10-31T22:50:58.922+0000] {dagbag.py:588} INFO - Filling up the DagBag from /home/airflow/.local/lib/python3.12/site-packages/airflow/example_dags/example_external_task_marker_dag.py
[2024-10-31T22:50:58.934+0000] {processor.py:925} INFO - DAG(s) 'example_external_task_marker_parent', 'example_external_task_marker_child' retrieved from /home/airflow/.local/lib/python3.12/site-packages/airflow/example_dags/example_external_task_marker_dag.py
[2024-10-31T22:50:58.978+0000] {logging_mixin.py:190} INFO - [2024-10-31T22:50:58.977+0000] {dag.py:3239} INFO - Sync 2 DAGs
[2024-10-31T22:50:58.991+0000] {logging_mixin.py:190} INFO - [2024-10-31T22:50:58.991+0000] {dag.py:4180} INFO - Setting next_dagrun for example_external_task_marker_child to None, run_after=None
[2024-10-31T22:50:58.994+0000] {logging_mixin.py:190} INFO - [2024-10-31T22:50:58.994+0000] {dag.py:4180} INFO - Setting next_dagrun for example_external_task_marker_parent to None, run_after=None
[2024-10-31T22:50:59.012+0000] {processor.py:208} INFO - Processing /home/airflow/.local/lib/python3.12/site-packages/airflow/example_dags/example_external_task_marker_dag.py took 0.106 seconds
[2024-10-31T22:51:29.377+0000] {processor.py:186} INFO - Started process (PID=2089) to work on /home/airflow/.local/lib/python3.12/site-packages/airflow/example_dags/example_external_task_marker_dag.py
[2024-10-31T22:51:29.381+0000] {processor.py:914} INFO - Processing file /home/airflow/.local/lib/python3.12/site-packages/airflow/example_dags/example_external_task_marker_dag.py for tasks to queue
[2024-10-31T22:51:29.383+0000] {logging_mixin.py:190} INFO - [2024-10-31T22:51:29.383+0000] {dagbag.py:588} INFO - Filling up the DagBag from /home/airflow/.local/lib/python3.12/site-packages/airflow/example_dags/example_external_task_marker_dag.py
[2024-10-31T22:51:29.390+0000] {processor.py:925} INFO - DAG(s) 'example_external_task_marker_child', 'example_external_task_marker_parent' retrieved from /home/airflow/.local/lib/python3.12/site-packages/airflow/example_dags/example_external_task_marker_dag.py
[2024-10-31T22:51:29.412+0000] {logging_mixin.py:190} INFO - [2024-10-31T22:51:29.412+0000] {dag.py:3239} INFO - Sync 2 DAGs
[2024-10-31T22:51:29.422+0000] {logging_mixin.py:190} INFO - [2024-10-31T22:51:29.422+0000] {dag.py:4180} INFO - Setting next_dagrun for example_external_task_marker_child to None, run_after=None
[2024-10-31T22:51:29.428+0000] {logging_mixin.py:190} INFO - [2024-10-31T22:51:29.428+0000] {dag.py:4180} INFO - Setting next_dagrun for example_external_task_marker_parent to None, run_after=None
[2024-10-31T22:51:29.444+0000] {processor.py:208} INFO - Processing /home/airflow/.local/lib/python3.12/site-packages/airflow/example_dags/example_external_task_marker_dag.py took 0.071 seconds
[2024-10-31T22:52:00.103+0000] {processor.py:186} INFO - Started process (PID=2380) to work on /home/airflow/.local/lib/python3.12/site-packages/airflow/example_dags/example_external_task_marker_dag.py
[2024-10-31T22:52:00.104+0000] {processor.py:914} INFO - Processing file /home/airflow/.local/lib/python3.12/site-packages/airflow/example_dags/example_external_task_marker_dag.py for tasks to queue
[2024-10-31T22:52:00.106+0000] {logging_mixin.py:190} INFO - [2024-10-31T22:52:00.105+0000] {dagbag.py:588} INFO - Filling up the DagBag from /home/airflow/.local/lib/python3.12/site-packages/airflow/example_dags/example_external_task_marker_dag.py
[2024-10-31T22:52:00.110+0000] {processor.py:925} INFO - DAG(s) 'example_external_task_marker_parent', 'example_external_task_marker_child' retrieved from /home/airflow/.local/lib/python3.12/site-packages/airflow/example_dags/example_external_task_marker_dag.py
[2024-10-31T22:52:00.130+0000] {logging_mixin.py:190} INFO - [2024-10-31T22:52:00.129+0000] {dag.py:3239} INFO - Sync 2 DAGs
[2024-10-31T22:52:00.139+0000] {logging_mixin.py:190} INFO - [2024-10-31T22:52:00.139+0000] {dag.py:4180} INFO - Setting next_dagrun for example_external_task_marker_child to None, run_after=None
[2024-10-31T22:52:00.145+0000] {logging_mixin.py:190} INFO - [2024-10-31T22:52:00.145+0000] {dag.py:4180} INFO - Setting next_dagrun for example_external_task_marker_parent to None, run_after=None
[2024-10-31T22:52:00.163+0000] {processor.py:208} INFO - Processing /home/airflow/.local/lib/python3.12/site-packages/airflow/example_dags/example_external_task_marker_dag.py took 0.065 seconds
[2024-10-31T22:52:30.589+0000] {processor.py:186} INFO - Started process (PID=2671) to work on /home/airflow/.local/lib/python3.12/site-packages/airflow/example_dags/example_external_task_marker_dag.py
[2024-10-31T22:52:30.590+0000] {processor.py:914} INFO - Processing file /home/airflow/.local/lib/python3.12/site-packages/airflow/example_dags/example_external_task_marker_dag.py for tasks to queue
[2024-10-31T22:52:30.593+0000] {logging_mixin.py:190} INFO - [2024-10-31T22:52:30.593+0000] {dagbag.py:588} INFO - Filling up the DagBag from /home/airflow/.local/lib/python3.12/site-packages/airflow/example_dags/example_external_task_marker_dag.py
[2024-10-31T22:52:30.597+0000] {processor.py:925} INFO - DAG(s) 'example_external_task_marker_parent', 'example_external_task_marker_child' retrieved from /home/airflow/.local/lib/python3.12/site-packages/airflow/example_dags/example_external_task_marker_dag.py
[2024-10-31T22:52:30.616+0000] {logging_mixin.py:190} INFO - [2024-10-31T22:52:30.616+0000] {dag.py:3239} INFO - Sync 2 DAGs
[2024-10-31T22:52:30.634+0000] {logging_mixin.py:190} INFO - [2024-10-31T22:52:30.634+0000] {dag.py:4180} INFO - Setting next_dagrun for example_external_task_marker_child to None, run_after=None
[2024-10-31T22:52:30.643+0000] {logging_mixin.py:190} INFO - [2024-10-31T22:52:30.643+0000] {dag.py:4180} INFO - Setting next_dagrun for example_external_task_marker_parent to None, run_after=None
[2024-10-31T22:52:30.662+0000] {processor.py:208} INFO - Processing /home/airflow/.local/lib/python3.12/site-packages/airflow/example_dags/example_external_task_marker_dag.py took 0.076 seconds
