[2024-10-31T22:45:10.056+0000] {processor.py:186} INFO - Started process (PID=177) to work on /home/airflow/.local/lib/python3.12/site-packages/airflow/example_dags/example_skip_dag.py
[2024-10-31T22:45:10.056+0000] {processor.py:914} INFO - Processing file /home/airflow/.local/lib/python3.12/site-packages/airflow/example_dags/example_skip_dag.py for tasks to queue
[2024-10-31T22:45:10.058+0000] {logging_mixin.py:190} INFO - [2024-10-31T22:45:10.058+0000] {dagbag.py:588} INFO - Filling up the DagBag from /home/airflow/.local/lib/python3.12/site-packages/airflow/example_dags/example_skip_dag.py
[2024-10-31T22:45:10.136+0000] {processor.py:925} INFO - DAG(s) 'example_skip_dag' retrieved from /home/airflow/.local/lib/python3.12/site-packages/airflow/example_dags/example_skip_dag.py
[2024-10-31T22:45:10.597+0000] {logging_mixin.py:190} INFO - [2024-10-31T22:45:10.596+0000] {override.py:1900} INFO - Created Permission View: can delete on DAG:example_skip_dag
[2024-10-31T22:45:10.615+0000] {logging_mixin.py:190} INFO - [2024-10-31T22:45:10.614+0000] {override.py:1900} INFO - Created Permission View: can read on DAG:example_skip_dag
[2024-10-31T22:45:10.625+0000] {logging_mixin.py:190} INFO - [2024-10-31T22:45:10.625+0000] {override.py:1900} INFO - Created Permission View: can edit on DAG:example_skip_dag
[2024-10-31T22:45:10.630+0000] {logging_mixin.py:190} INFO - [2024-10-31T22:45:10.630+0000] {override.py:1900} INFO - Created Permission View: can create on DAG Run:example_skip_dag
[2024-10-31T22:45:10.635+0000] {logging_mixin.py:190} INFO - [2024-10-31T22:45:10.635+0000] {override.py:1900} INFO - Created Permission View: can delete on DAG Run:example_skip_dag
[2024-10-31T22:45:10.650+0000] {logging_mixin.py:190} INFO - [2024-10-31T22:45:10.649+0000] {override.py:1900} INFO - Created Permission View: can read on DAG Run:example_skip_dag
[2024-10-31T22:45:10.661+0000] {logging_mixin.py:190} INFO - [2024-10-31T22:45:10.661+0000] {override.py:1900} INFO - Created Permission View: menu access on DAG Run:example_skip_dag
[2024-10-31T22:45:10.663+0000] {logging_mixin.py:190} INFO - [2024-10-31T22:45:10.663+0000] {dag.py:3239} INFO - Sync 1 DAGs
[2024-10-31T22:45:10.675+0000] {logging_mixin.py:190} INFO - [2024-10-31T22:45:10.674+0000] {dag.py:3262} INFO - Creating ORM DAG for example_skip_dag
[2024-10-31T22:45:10.687+0000] {logging_mixin.py:190} INFO - [2024-10-31T22:45:10.686+0000] {dag.py:4180} INFO - Setting next_dagrun for example_skip_dag to 2024-10-30 00:00:00+00:00, run_after=2024-10-31 00:00:00+00:00
[2024-10-31T22:45:10.701+0000] {processor.py:208} INFO - Processing /home/airflow/.local/lib/python3.12/site-packages/airflow/example_dags/example_skip_dag.py took 0.651 seconds
[2024-10-31T22:45:40.953+0000] {processor.py:186} INFO - Started process (PID=468) to work on /home/airflow/.local/lib/python3.12/site-packages/airflow/example_dags/example_skip_dag.py
[2024-10-31T22:45:40.956+0000] {processor.py:914} INFO - Processing file /home/airflow/.local/lib/python3.12/site-packages/airflow/example_dags/example_skip_dag.py for tasks to queue
[2024-10-31T22:45:40.961+0000] {logging_mixin.py:190} INFO - [2024-10-31T22:45:40.961+0000] {dagbag.py:588} INFO - Filling up the DagBag from /home/airflow/.local/lib/python3.12/site-packages/airflow/example_dags/example_skip_dag.py
[2024-10-31T22:45:40.974+0000] {processor.py:925} INFO - DAG(s) 'example_skip_dag' retrieved from /home/airflow/.local/lib/python3.12/site-packages/airflow/example_dags/example_skip_dag.py
[2024-10-31T22:45:41.009+0000] {logging_mixin.py:190} INFO - [2024-10-31T22:45:41.009+0000] {dag.py:3239} INFO - Sync 1 DAGs
[2024-10-31T22:45:41.029+0000] {logging_mixin.py:190} INFO - [2024-10-31T22:45:41.029+0000] {dag.py:4180} INFO - Setting next_dagrun for example_skip_dag to 2024-10-30 00:00:00+00:00, run_after=2024-10-31 00:00:00+00:00
[2024-10-31T22:45:41.041+0000] {processor.py:208} INFO - Processing /home/airflow/.local/lib/python3.12/site-packages/airflow/example_dags/example_skip_dag.py took 0.096 seconds
[2024-10-31T22:46:11.973+0000] {processor.py:186} INFO - Started process (PID=765) to work on /home/airflow/.local/lib/python3.12/site-packages/airflow/example_dags/example_skip_dag.py
[2024-10-31T22:46:11.979+0000] {processor.py:914} INFO - Processing file /home/airflow/.local/lib/python3.12/site-packages/airflow/example_dags/example_skip_dag.py for tasks to queue
[2024-10-31T22:46:11.993+0000] {logging_mixin.py:190} INFO - [2024-10-31T22:46:11.992+0000] {dagbag.py:588} INFO - Filling up the DagBag from /home/airflow/.local/lib/python3.12/site-packages/airflow/example_dags/example_skip_dag.py
[2024-10-31T22:46:12.032+0000] {processor.py:925} INFO - DAG(s) 'example_skip_dag' retrieved from /home/airflow/.local/lib/python3.12/site-packages/airflow/example_dags/example_skip_dag.py
[2024-10-31T22:46:12.085+0000] {logging_mixin.py:190} INFO - [2024-10-31T22:46:12.085+0000] {dag.py:3239} INFO - Sync 1 DAGs
[2024-10-31T22:46:12.114+0000] {logging_mixin.py:190} INFO - [2024-10-31T22:46:12.114+0000] {dag.py:4180} INFO - Setting next_dagrun for example_skip_dag to 2024-10-30 00:00:00+00:00, run_after=2024-10-31 00:00:00+00:00
[2024-10-31T22:46:12.143+0000] {processor.py:208} INFO - Processing /home/airflow/.local/lib/python3.12/site-packages/airflow/example_dags/example_skip_dag.py took 0.214 seconds
[2024-10-31T22:46:42.856+0000] {processor.py:186} INFO - Started process (PID=1056) to work on /home/airflow/.local/lib/python3.12/site-packages/airflow/example_dags/example_skip_dag.py
[2024-10-31T22:46:42.857+0000] {processor.py:914} INFO - Processing file /home/airflow/.local/lib/python3.12/site-packages/airflow/example_dags/example_skip_dag.py for tasks to queue
[2024-10-31T22:46:42.865+0000] {logging_mixin.py:190} INFO - [2024-10-31T22:46:42.865+0000] {dagbag.py:588} INFO - Filling up the DagBag from /home/airflow/.local/lib/python3.12/site-packages/airflow/example_dags/example_skip_dag.py
[2024-10-31T22:46:42.883+0000] {processor.py:925} INFO - DAG(s) 'example_skip_dag' retrieved from /home/airflow/.local/lib/python3.12/site-packages/airflow/example_dags/example_skip_dag.py
[2024-10-31T22:46:42.917+0000] {logging_mixin.py:190} INFO - [2024-10-31T22:46:42.916+0000] {dag.py:3239} INFO - Sync 1 DAGs
[2024-10-31T22:46:42.940+0000] {logging_mixin.py:190} INFO - [2024-10-31T22:46:42.940+0000] {dag.py:4180} INFO - Setting next_dagrun for example_skip_dag to 2024-10-30 00:00:00+00:00, run_after=2024-10-31 00:00:00+00:00
[2024-10-31T22:46:42.956+0000] {processor.py:208} INFO - Processing /home/airflow/.local/lib/python3.12/site-packages/airflow/example_dags/example_skip_dag.py took 0.116 seconds
[2024-10-31T22:47:13.950+0000] {processor.py:186} INFO - Started process (PID=1347) to work on /home/airflow/.local/lib/python3.12/site-packages/airflow/example_dags/example_skip_dag.py
[2024-10-31T22:47:13.952+0000] {processor.py:914} INFO - Processing file /home/airflow/.local/lib/python3.12/site-packages/airflow/example_dags/example_skip_dag.py for tasks to queue
[2024-10-31T22:47:13.960+0000] {logging_mixin.py:190} INFO - [2024-10-31T22:47:13.959+0000] {dagbag.py:588} INFO - Filling up the DagBag from /home/airflow/.local/lib/python3.12/site-packages/airflow/example_dags/example_skip_dag.py
[2024-10-31T22:47:13.982+0000] {processor.py:925} INFO - DAG(s) 'example_skip_dag' retrieved from /home/airflow/.local/lib/python3.12/site-packages/airflow/example_dags/example_skip_dag.py
[2024-10-31T22:47:14.018+0000] {logging_mixin.py:190} INFO - [2024-10-31T22:47:14.018+0000] {dag.py:3239} INFO - Sync 1 DAGs
[2024-10-31T22:47:14.040+0000] {logging_mixin.py:190} INFO - [2024-10-31T22:47:14.040+0000] {dag.py:4180} INFO - Setting next_dagrun for example_skip_dag to 2024-10-30 00:00:00+00:00, run_after=2024-10-31 00:00:00+00:00
[2024-10-31T22:47:14.054+0000] {processor.py:208} INFO - Processing /home/airflow/.local/lib/python3.12/site-packages/airflow/example_dags/example_skip_dag.py took 0.120 seconds
[2024-10-31T22:48:22.431+0000] {processor.py:186} INFO - Started process (PID=178) to work on /home/airflow/.local/lib/python3.12/site-packages/airflow/example_dags/example_skip_dag.py
[2024-10-31T22:48:22.432+0000] {processor.py:914} INFO - Processing file /home/airflow/.local/lib/python3.12/site-packages/airflow/example_dags/example_skip_dag.py for tasks to queue
[2024-10-31T22:48:22.433+0000] {logging_mixin.py:190} INFO - [2024-10-31T22:48:22.433+0000] {dagbag.py:588} INFO - Filling up the DagBag from /home/airflow/.local/lib/python3.12/site-packages/airflow/example_dags/example_skip_dag.py
[2024-10-31T22:48:22.474+0000] {processor.py:925} INFO - DAG(s) 'example_skip_dag' retrieved from /home/airflow/.local/lib/python3.12/site-packages/airflow/example_dags/example_skip_dag.py
[2024-10-31T22:48:22.528+0000] {logging_mixin.py:190} INFO - [2024-10-31T22:48:22.528+0000] {dag.py:3239} INFO - Sync 1 DAGs
[2024-10-31T22:48:22.551+0000] {logging_mixin.py:190} INFO - [2024-10-31T22:48:22.550+0000] {dag.py:4180} INFO - Setting next_dagrun for example_skip_dag to 2024-10-30 00:00:00+00:00, run_after=2024-10-31 00:00:00+00:00
[2024-10-31T22:48:22.589+0000] {processor.py:208} INFO - Processing /home/airflow/.local/lib/python3.12/site-packages/airflow/example_dags/example_skip_dag.py took 0.165 seconds
[2024-10-31T22:48:53.594+0000] {processor.py:186} INFO - Started process (PID=471) to work on /home/airflow/.local/lib/python3.12/site-packages/airflow/example_dags/example_skip_dag.py
[2024-10-31T22:48:53.598+0000] {processor.py:914} INFO - Processing file /home/airflow/.local/lib/python3.12/site-packages/airflow/example_dags/example_skip_dag.py for tasks to queue
[2024-10-31T22:48:53.601+0000] {logging_mixin.py:190} INFO - [2024-10-31T22:48:53.601+0000] {dagbag.py:588} INFO - Filling up the DagBag from /home/airflow/.local/lib/python3.12/site-packages/airflow/example_dags/example_skip_dag.py
[2024-10-31T22:48:53.614+0000] {processor.py:925} INFO - DAG(s) 'example_skip_dag' retrieved from /home/airflow/.local/lib/python3.12/site-packages/airflow/example_dags/example_skip_dag.py
[2024-10-31T22:48:53.645+0000] {logging_mixin.py:190} INFO - [2024-10-31T22:48:53.645+0000] {dag.py:3239} INFO - Sync 1 DAGs
[2024-10-31T22:48:53.667+0000] {logging_mixin.py:190} INFO - [2024-10-31T22:48:53.667+0000] {dag.py:4180} INFO - Setting next_dagrun for example_skip_dag to 2024-10-30 00:00:00+00:00, run_after=2024-10-31 00:00:00+00:00
[2024-10-31T22:48:53.694+0000] {processor.py:208} INFO - Processing /home/airflow/.local/lib/python3.12/site-packages/airflow/example_dags/example_skip_dag.py took 0.107 seconds
[2024-10-31T22:49:23.869+0000] {processor.py:186} INFO - Started process (PID=762) to work on /home/airflow/.local/lib/python3.12/site-packages/airflow/example_dags/example_skip_dag.py
[2024-10-31T22:49:23.875+0000] {processor.py:914} INFO - Processing file /home/airflow/.local/lib/python3.12/site-packages/airflow/example_dags/example_skip_dag.py for tasks to queue
[2024-10-31T22:49:23.877+0000] {logging_mixin.py:190} INFO - [2024-10-31T22:49:23.877+0000] {dagbag.py:588} INFO - Filling up the DagBag from /home/airflow/.local/lib/python3.12/site-packages/airflow/example_dags/example_skip_dag.py
[2024-10-31T22:49:23.890+0000] {processor.py:925} INFO - DAG(s) 'example_skip_dag' retrieved from /home/airflow/.local/lib/python3.12/site-packages/airflow/example_dags/example_skip_dag.py
[2024-10-31T22:49:23.925+0000] {logging_mixin.py:190} INFO - [2024-10-31T22:49:23.924+0000] {dag.py:3239} INFO - Sync 1 DAGs
[2024-10-31T22:49:23.947+0000] {logging_mixin.py:190} INFO - [2024-10-31T22:49:23.947+0000] {dag.py:4180} INFO - Setting next_dagrun for example_skip_dag to 2024-10-30 00:00:00+00:00, run_after=2024-10-31 00:00:00+00:00
[2024-10-31T22:49:23.963+0000] {processor.py:208} INFO - Processing /home/airflow/.local/lib/python3.12/site-packages/airflow/example_dags/example_skip_dag.py took 0.103 seconds
[2024-10-31T22:49:54.834+0000] {processor.py:186} INFO - Started process (PID=1053) to work on /home/airflow/.local/lib/python3.12/site-packages/airflow/example_dags/example_skip_dag.py
[2024-10-31T22:49:54.838+0000] {processor.py:914} INFO - Processing file /home/airflow/.local/lib/python3.12/site-packages/airflow/example_dags/example_skip_dag.py for tasks to queue
[2024-10-31T22:49:54.841+0000] {logging_mixin.py:190} INFO - [2024-10-31T22:49:54.841+0000] {dagbag.py:588} INFO - Filling up the DagBag from /home/airflow/.local/lib/python3.12/site-packages/airflow/example_dags/example_skip_dag.py
[2024-10-31T22:49:54.858+0000] {processor.py:925} INFO - DAG(s) 'example_skip_dag' retrieved from /home/airflow/.local/lib/python3.12/site-packages/airflow/example_dags/example_skip_dag.py
[2024-10-31T22:49:54.883+0000] {logging_mixin.py:190} INFO - [2024-10-31T22:49:54.883+0000] {dag.py:3239} INFO - Sync 1 DAGs
[2024-10-31T22:49:54.907+0000] {logging_mixin.py:190} INFO - [2024-10-31T22:49:54.907+0000] {dag.py:4180} INFO - Setting next_dagrun for example_skip_dag to 2024-10-30 00:00:00+00:00, run_after=2024-10-31 00:00:00+00:00
[2024-10-31T22:49:54.925+0000] {processor.py:208} INFO - Processing /home/airflow/.local/lib/python3.12/site-packages/airflow/example_dags/example_skip_dag.py took 0.099 seconds
[2024-10-31T22:50:25.175+0000] {processor.py:186} INFO - Started process (PID=1344) to work on /home/airflow/.local/lib/python3.12/site-packages/airflow/example_dags/example_skip_dag.py
[2024-10-31T22:50:25.177+0000] {processor.py:914} INFO - Processing file /home/airflow/.local/lib/python3.12/site-packages/airflow/example_dags/example_skip_dag.py for tasks to queue
[2024-10-31T22:50:25.178+0000] {logging_mixin.py:190} INFO - [2024-10-31T22:50:25.178+0000] {dagbag.py:588} INFO - Filling up the DagBag from /home/airflow/.local/lib/python3.12/site-packages/airflow/example_dags/example_skip_dag.py
[2024-10-31T22:50:25.201+0000] {processor.py:925} INFO - DAG(s) 'example_skip_dag' retrieved from /home/airflow/.local/lib/python3.12/site-packages/airflow/example_dags/example_skip_dag.py
[2024-10-31T22:50:25.236+0000] {logging_mixin.py:190} INFO - [2024-10-31T22:50:25.236+0000] {dag.py:3239} INFO - Sync 1 DAGs
[2024-10-31T22:50:25.262+0000] {logging_mixin.py:190} INFO - [2024-10-31T22:50:25.262+0000] {dag.py:4180} INFO - Setting next_dagrun for example_skip_dag to 2024-10-30 00:00:00+00:00, run_after=2024-10-31 00:00:00+00:00
[2024-10-31T22:50:25.284+0000] {processor.py:208} INFO - Processing /home/airflow/.local/lib/python3.12/site-packages/airflow/example_dags/example_skip_dag.py took 0.117 seconds
[2024-10-31T22:50:56.008+0000] {processor.py:186} INFO - Started process (PID=1640) to work on /home/airflow/.local/lib/python3.12/site-packages/airflow/example_dags/example_skip_dag.py
[2024-10-31T22:50:56.010+0000] {processor.py:914} INFO - Processing file /home/airflow/.local/lib/python3.12/site-packages/airflow/example_dags/example_skip_dag.py for tasks to queue
[2024-10-31T22:50:56.013+0000] {logging_mixin.py:190} INFO - [2024-10-31T22:50:56.013+0000] {dagbag.py:588} INFO - Filling up the DagBag from /home/airflow/.local/lib/python3.12/site-packages/airflow/example_dags/example_skip_dag.py
[2024-10-31T22:50:56.034+0000] {processor.py:925} INFO - DAG(s) 'example_skip_dag' retrieved from /home/airflow/.local/lib/python3.12/site-packages/airflow/example_dags/example_skip_dag.py
[2024-10-31T22:50:56.071+0000] {logging_mixin.py:190} INFO - [2024-10-31T22:50:56.071+0000] {dag.py:3239} INFO - Sync 1 DAGs
[2024-10-31T22:50:56.094+0000] {logging_mixin.py:190} INFO - [2024-10-31T22:50:56.094+0000] {dag.py:4180} INFO - Setting next_dagrun for example_skip_dag to 2024-10-30 00:00:00+00:00, run_after=2024-10-31 00:00:00+00:00
[2024-10-31T22:50:56.128+0000] {processor.py:208} INFO - Processing /home/airflow/.local/lib/python3.12/site-packages/airflow/example_dags/example_skip_dag.py took 0.126 seconds
[2024-10-31T22:51:26.681+0000] {processor.py:186} INFO - Started process (PID=1931) to work on /home/airflow/.local/lib/python3.12/site-packages/airflow/example_dags/example_skip_dag.py
[2024-10-31T22:51:26.683+0000] {processor.py:914} INFO - Processing file /home/airflow/.local/lib/python3.12/site-packages/airflow/example_dags/example_skip_dag.py for tasks to queue
[2024-10-31T22:51:26.685+0000] {logging_mixin.py:190} INFO - [2024-10-31T22:51:26.685+0000] {dagbag.py:588} INFO - Filling up the DagBag from /home/airflow/.local/lib/python3.12/site-packages/airflow/example_dags/example_skip_dag.py
[2024-10-31T22:51:26.695+0000] {processor.py:925} INFO - DAG(s) 'example_skip_dag' retrieved from /home/airflow/.local/lib/python3.12/site-packages/airflow/example_dags/example_skip_dag.py
[2024-10-31T22:51:26.741+0000] {logging_mixin.py:190} INFO - [2024-10-31T22:51:26.741+0000] {dag.py:3239} INFO - Sync 1 DAGs
[2024-10-31T22:51:26.763+0000] {logging_mixin.py:190} INFO - [2024-10-31T22:51:26.762+0000] {dag.py:4180} INFO - Setting next_dagrun for example_skip_dag to 2024-10-30 00:00:00+00:00, run_after=2024-10-31 00:00:00+00:00
[2024-10-31T22:51:26.793+0000] {processor.py:208} INFO - Processing /home/airflow/.local/lib/python3.12/site-packages/airflow/example_dags/example_skip_dag.py took 0.128 seconds
[2024-10-31T22:51:57.724+0000] {processor.py:186} INFO - Started process (PID=2222) to work on /home/airflow/.local/lib/python3.12/site-packages/airflow/example_dags/example_skip_dag.py
[2024-10-31T22:51:57.726+0000] {processor.py:914} INFO - Processing file /home/airflow/.local/lib/python3.12/site-packages/airflow/example_dags/example_skip_dag.py for tasks to queue
[2024-10-31T22:51:57.728+0000] {logging_mixin.py:190} INFO - [2024-10-31T22:51:57.728+0000] {dagbag.py:588} INFO - Filling up the DagBag from /home/airflow/.local/lib/python3.12/site-packages/airflow/example_dags/example_skip_dag.py
[2024-10-31T22:51:57.740+0000] {processor.py:925} INFO - DAG(s) 'example_skip_dag' retrieved from /home/airflow/.local/lib/python3.12/site-packages/airflow/example_dags/example_skip_dag.py
[2024-10-31T22:51:57.771+0000] {logging_mixin.py:190} INFO - [2024-10-31T22:51:57.770+0000] {dag.py:3239} INFO - Sync 1 DAGs
[2024-10-31T22:51:57.798+0000] {logging_mixin.py:190} INFO - [2024-10-31T22:51:57.798+0000] {dag.py:4180} INFO - Setting next_dagrun for example_skip_dag to 2024-10-30 00:00:00+00:00, run_after=2024-10-31 00:00:00+00:00
[2024-10-31T22:51:57.835+0000] {processor.py:208} INFO - Processing /home/airflow/.local/lib/python3.12/site-packages/airflow/example_dags/example_skip_dag.py took 0.124 seconds
[2024-10-31T22:52:27.931+0000] {processor.py:186} INFO - Started process (PID=2513) to work on /home/airflow/.local/lib/python3.12/site-packages/airflow/example_dags/example_skip_dag.py
[2024-10-31T22:52:27.935+0000] {processor.py:914} INFO - Processing file /home/airflow/.local/lib/python3.12/site-packages/airflow/example_dags/example_skip_dag.py for tasks to queue
[2024-10-31T22:52:27.936+0000] {logging_mixin.py:190} INFO - [2024-10-31T22:52:27.936+0000] {dagbag.py:588} INFO - Filling up the DagBag from /home/airflow/.local/lib/python3.12/site-packages/airflow/example_dags/example_skip_dag.py
[2024-10-31T22:52:27.946+0000] {processor.py:925} INFO - DAG(s) 'example_skip_dag' retrieved from /home/airflow/.local/lib/python3.12/site-packages/airflow/example_dags/example_skip_dag.py
[2024-10-31T22:52:27.978+0000] {logging_mixin.py:190} INFO - [2024-10-31T22:52:27.977+0000] {dag.py:3239} INFO - Sync 1 DAGs
[2024-10-31T22:52:28.022+0000] {logging_mixin.py:190} INFO - [2024-10-31T22:52:28.022+0000] {dag.py:4180} INFO - Setting next_dagrun for example_skip_dag to 2024-10-30 00:00:00+00:00, run_after=2024-10-31 00:00:00+00:00
[2024-10-31T22:52:28.038+0000] {processor.py:208} INFO - Processing /home/airflow/.local/lib/python3.12/site-packages/airflow/example_dags/example_skip_dag.py took 0.114 seconds
