[2024-10-31T22:45:12.496+0000] {processor.py:186} INFO - Started process (PID=233) to work on /home/airflow/.local/lib/python3.12/site-packages/airflow/example_dags/example_xcomargs.py
[2024-10-31T22:45:12.497+0000] {processor.py:914} INFO - Processing file /home/airflow/.local/lib/python3.12/site-packages/airflow/example_dags/example_xcomargs.py for tasks to queue
[2024-10-31T22:45:12.499+0000] {logging_mixin.py:190} INFO - [2024-10-31T22:45:12.498+0000] {dagbag.py:588} INFO - Filling up the DagBag from /home/airflow/.local/lib/python3.12/site-packages/airflow/example_dags/example_xcomargs.py
[2024-10-31T22:45:12.509+0000] {processor.py:925} INFO - DAG(s) 'example_xcom_args_with_operators', 'example_xcom_args' retrieved from /home/airflow/.local/lib/python3.12/site-packages/airflow/example_dags/example_xcomargs.py
[2024-10-31T22:45:12.587+0000] {logging_mixin.py:190} INFO - [2024-10-31T22:45:12.586+0000] {override.py:1900} INFO - Created Permission View: can delete on DAG:example_xcom_args_with_operators
[2024-10-31T22:45:12.593+0000] {logging_mixin.py:190} INFO - [2024-10-31T22:45:12.593+0000] {override.py:1900} INFO - Created Permission View: can read on DAG:example_xcom_args_with_operators
[2024-10-31T22:45:12.598+0000] {logging_mixin.py:190} INFO - [2024-10-31T22:45:12.598+0000] {override.py:1900} INFO - Created Permission View: can edit on DAG:example_xcom_args_with_operators
[2024-10-31T22:45:12.602+0000] {logging_mixin.py:190} INFO - [2024-10-31T22:45:12.602+0000] {override.py:1900} INFO - Created Permission View: can create on DAG Run:example_xcom_args_with_operators
[2024-10-31T22:45:12.609+0000] {logging_mixin.py:190} INFO - [2024-10-31T22:45:12.609+0000] {override.py:1900} INFO - Created Permission View: can delete on DAG Run:example_xcom_args_with_operators
[2024-10-31T22:45:12.615+0000] {logging_mixin.py:190} INFO - [2024-10-31T22:45:12.614+0000] {override.py:1900} INFO - Created Permission View: can read on DAG Run:example_xcom_args_with_operators
[2024-10-31T22:45:12.619+0000] {logging_mixin.py:190} INFO - [2024-10-31T22:45:12.619+0000] {override.py:1900} INFO - Created Permission View: menu access on DAG Run:example_xcom_args_with_operators
[2024-10-31T22:45:12.630+0000] {logging_mixin.py:190} INFO - [2024-10-31T22:45:12.630+0000] {override.py:1900} INFO - Created Permission View: can delete on DAG:example_xcom_args
[2024-10-31T22:45:12.641+0000] {logging_mixin.py:190} INFO - [2024-10-31T22:45:12.641+0000] {override.py:1900} INFO - Created Permission View: can read on DAG:example_xcom_args
[2024-10-31T22:45:12.647+0000] {logging_mixin.py:190} INFO - [2024-10-31T22:45:12.646+0000] {override.py:1900} INFO - Created Permission View: can edit on DAG:example_xcom_args
[2024-10-31T22:45:12.655+0000] {logging_mixin.py:190} INFO - [2024-10-31T22:45:12.654+0000] {override.py:1900} INFO - Created Permission View: can create on DAG Run:example_xcom_args
[2024-10-31T22:45:12.661+0000] {logging_mixin.py:190} INFO - [2024-10-31T22:45:12.661+0000] {override.py:1900} INFO - Created Permission View: can delete on DAG Run:example_xcom_args
[2024-10-31T22:45:12.667+0000] {logging_mixin.py:190} INFO - [2024-10-31T22:45:12.667+0000] {override.py:1900} INFO - Created Permission View: can read on DAG Run:example_xcom_args
[2024-10-31T22:45:12.676+0000] {logging_mixin.py:190} INFO - [2024-10-31T22:45:12.676+0000] {override.py:1900} INFO - Created Permission View: menu access on DAG Run:example_xcom_args
[2024-10-31T22:45:12.676+0000] {logging_mixin.py:190} INFO - [2024-10-31T22:45:12.676+0000] {dag.py:3239} INFO - Sync 2 DAGs
[2024-10-31T22:45:12.688+0000] {logging_mixin.py:190} INFO - [2024-10-31T22:45:12.687+0000] {dag.py:3262} INFO - Creating ORM DAG for example_xcom_args
[2024-10-31T22:45:12.688+0000] {logging_mixin.py:190} INFO - [2024-10-31T22:45:12.688+0000] {dag.py:3262} INFO - Creating ORM DAG for example_xcom_args_with_operators
[2024-10-31T22:45:12.688+0000] {logging_mixin.py:190} INFO - [2024-10-31T22:45:12.688+0000] {dag.py:4180} INFO - Setting next_dagrun for example_xcom_args to None, run_after=None
[2024-10-31T22:45:12.689+0000] {logging_mixin.py:190} INFO - [2024-10-31T22:45:12.689+0000] {dag.py:4180} INFO - Setting next_dagrun for example_xcom_args_with_operators to None, run_after=None
[2024-10-31T22:45:12.698+0000] {processor.py:208} INFO - Processing /home/airflow/.local/lib/python3.12/site-packages/airflow/example_dags/example_xcomargs.py took 0.206 seconds
[2024-10-31T22:45:43.424+0000] {processor.py:186} INFO - Started process (PID=524) to work on /home/airflow/.local/lib/python3.12/site-packages/airflow/example_dags/example_xcomargs.py
[2024-10-31T22:45:43.425+0000] {processor.py:914} INFO - Processing file /home/airflow/.local/lib/python3.12/site-packages/airflow/example_dags/example_xcomargs.py for tasks to queue
[2024-10-31T22:45:43.426+0000] {logging_mixin.py:190} INFO - [2024-10-31T22:45:43.426+0000] {dagbag.py:588} INFO - Filling up the DagBag from /home/airflow/.local/lib/python3.12/site-packages/airflow/example_dags/example_xcomargs.py
[2024-10-31T22:45:43.435+0000] {processor.py:925} INFO - DAG(s) 'example_xcom_args_with_operators', 'example_xcom_args' retrieved from /home/airflow/.local/lib/python3.12/site-packages/airflow/example_dags/example_xcomargs.py
[2024-10-31T22:45:43.452+0000] {logging_mixin.py:190} INFO - [2024-10-31T22:45:43.452+0000] {dag.py:3239} INFO - Sync 2 DAGs
[2024-10-31T22:45:43.462+0000] {logging_mixin.py:190} INFO - [2024-10-31T22:45:43.462+0000] {dag.py:4180} INFO - Setting next_dagrun for example_xcom_args to None, run_after=None
[2024-10-31T22:45:43.465+0000] {logging_mixin.py:190} INFO - [2024-10-31T22:45:43.465+0000] {dag.py:4180} INFO - Setting next_dagrun for example_xcom_args_with_operators to None, run_after=None
[2024-10-31T22:45:43.477+0000] {processor.py:208} INFO - Processing /home/airflow/.local/lib/python3.12/site-packages/airflow/example_dags/example_xcomargs.py took 0.058 seconds
[2024-10-31T22:46:13.514+0000] {processor.py:186} INFO - Started process (PID=812) to work on /home/airflow/.local/lib/python3.12/site-packages/airflow/example_dags/example_xcomargs.py
[2024-10-31T22:46:13.515+0000] {processor.py:914} INFO - Processing file /home/airflow/.local/lib/python3.12/site-packages/airflow/example_dags/example_xcomargs.py for tasks to queue
[2024-10-31T22:46:13.516+0000] {logging_mixin.py:190} INFO - [2024-10-31T22:46:13.516+0000] {dagbag.py:588} INFO - Filling up the DagBag from /home/airflow/.local/lib/python3.12/site-packages/airflow/example_dags/example_xcomargs.py
[2024-10-31T22:46:13.522+0000] {processor.py:925} INFO - DAG(s) 'example_xcom_args', 'example_xcom_args_with_operators' retrieved from /home/airflow/.local/lib/python3.12/site-packages/airflow/example_dags/example_xcomargs.py
[2024-10-31T22:46:13.535+0000] {logging_mixin.py:190} INFO - [2024-10-31T22:46:13.534+0000] {dag.py:3239} INFO - Sync 2 DAGs
[2024-10-31T22:46:13.545+0000] {logging_mixin.py:190} INFO - [2024-10-31T22:46:13.544+0000] {dag.py:4180} INFO - Setting next_dagrun for example_xcom_args to None, run_after=None
[2024-10-31T22:46:13.547+0000] {logging_mixin.py:190} INFO - [2024-10-31T22:46:13.547+0000] {dag.py:4180} INFO - Setting next_dagrun for example_xcom_args_with_operators to None, run_after=None
[2024-10-31T22:46:13.556+0000] {processor.py:208} INFO - Processing /home/airflow/.local/lib/python3.12/site-packages/airflow/example_dags/example_xcomargs.py took 0.047 seconds
[2024-10-31T22:46:44.392+0000] {processor.py:186} INFO - Started process (PID=1106) to work on /home/airflow/.local/lib/python3.12/site-packages/airflow/example_dags/example_xcomargs.py
[2024-10-31T22:46:44.394+0000] {processor.py:914} INFO - Processing file /home/airflow/.local/lib/python3.12/site-packages/airflow/example_dags/example_xcomargs.py for tasks to queue
[2024-10-31T22:46:44.395+0000] {logging_mixin.py:190} INFO - [2024-10-31T22:46:44.395+0000] {dagbag.py:588} INFO - Filling up the DagBag from /home/airflow/.local/lib/python3.12/site-packages/airflow/example_dags/example_xcomargs.py
[2024-10-31T22:46:44.403+0000] {processor.py:925} INFO - DAG(s) 'example_xcom_args', 'example_xcom_args_with_operators' retrieved from /home/airflow/.local/lib/python3.12/site-packages/airflow/example_dags/example_xcomargs.py
[2024-10-31T22:46:44.424+0000] {logging_mixin.py:190} INFO - [2024-10-31T22:46:44.424+0000] {dag.py:3239} INFO - Sync 2 DAGs
[2024-10-31T22:46:44.435+0000] {logging_mixin.py:190} INFO - [2024-10-31T22:46:44.435+0000] {dag.py:4180} INFO - Setting next_dagrun for example_xcom_args to None, run_after=None
[2024-10-31T22:46:44.438+0000] {logging_mixin.py:190} INFO - [2024-10-31T22:46:44.438+0000] {dag.py:4180} INFO - Setting next_dagrun for example_xcom_args_with_operators to None, run_after=None
[2024-10-31T22:46:44.452+0000] {processor.py:208} INFO - Processing /home/airflow/.local/lib/python3.12/site-packages/airflow/example_dags/example_xcomargs.py took 0.068 seconds
[2024-10-31T22:47:14.494+0000] {processor.py:186} INFO - Started process (PID=1397) to work on /home/airflow/.local/lib/python3.12/site-packages/airflow/example_dags/example_xcomargs.py
[2024-10-31T22:47:14.495+0000] {processor.py:914} INFO - Processing file /home/airflow/.local/lib/python3.12/site-packages/airflow/example_dags/example_xcomargs.py for tasks to queue
[2024-10-31T22:47:14.497+0000] {logging_mixin.py:190} INFO - [2024-10-31T22:47:14.497+0000] {dagbag.py:588} INFO - Filling up the DagBag from /home/airflow/.local/lib/python3.12/site-packages/airflow/example_dags/example_xcomargs.py
[2024-10-31T22:47:14.510+0000] {processor.py:925} INFO - DAG(s) 'example_xcom_args', 'example_xcom_args_with_operators' retrieved from /home/airflow/.local/lib/python3.12/site-packages/airflow/example_dags/example_xcomargs.py
[2024-10-31T22:47:14.541+0000] {logging_mixin.py:190} INFO - [2024-10-31T22:47:14.540+0000] {dag.py:3239} INFO - Sync 2 DAGs
[2024-10-31T22:47:14.552+0000] {logging_mixin.py:190} INFO - [2024-10-31T22:47:14.552+0000] {dag.py:4180} INFO - Setting next_dagrun for example_xcom_args to None, run_after=None
[2024-10-31T22:47:14.555+0000] {logging_mixin.py:190} INFO - [2024-10-31T22:47:14.555+0000] {dag.py:4180} INFO - Setting next_dagrun for example_xcom_args_with_operators to None, run_after=None
[2024-10-31T22:47:14.566+0000] {processor.py:208} INFO - Processing /home/airflow/.local/lib/python3.12/site-packages/airflow/example_dags/example_xcomargs.py took 0.076 seconds
[2024-10-31T22:48:23.390+0000] {processor.py:186} INFO - Started process (PID=228) to work on /home/airflow/.local/lib/python3.12/site-packages/airflow/example_dags/example_xcomargs.py
[2024-10-31T22:48:23.391+0000] {processor.py:914} INFO - Processing file /home/airflow/.local/lib/python3.12/site-packages/airflow/example_dags/example_xcomargs.py for tasks to queue
[2024-10-31T22:48:23.394+0000] {logging_mixin.py:190} INFO - [2024-10-31T22:48:23.393+0000] {dagbag.py:588} INFO - Filling up the DagBag from /home/airflow/.local/lib/python3.12/site-packages/airflow/example_dags/example_xcomargs.py
[2024-10-31T22:48:23.403+0000] {processor.py:925} INFO - DAG(s) 'example_xcom_args', 'example_xcom_args_with_operators' retrieved from /home/airflow/.local/lib/python3.12/site-packages/airflow/example_dags/example_xcomargs.py
[2024-10-31T22:48:23.429+0000] {logging_mixin.py:190} INFO - [2024-10-31T22:48:23.429+0000] {dag.py:3239} INFO - Sync 2 DAGs
[2024-10-31T22:48:23.438+0000] {logging_mixin.py:190} INFO - [2024-10-31T22:48:23.438+0000] {dag.py:4180} INFO - Setting next_dagrun for example_xcom_args to None, run_after=None
[2024-10-31T22:48:23.441+0000] {logging_mixin.py:190} INFO - [2024-10-31T22:48:23.440+0000] {dag.py:4180} INFO - Setting next_dagrun for example_xcom_args_with_operators to None, run_after=None
[2024-10-31T22:48:23.451+0000] {processor.py:208} INFO - Processing /home/airflow/.local/lib/python3.12/site-packages/airflow/example_dags/example_xcomargs.py took 0.066 seconds
[2024-10-31T22:48:54.042+0000] {processor.py:186} INFO - Started process (PID=514) to work on /home/airflow/.local/lib/python3.12/site-packages/airflow/example_dags/example_xcomargs.py
[2024-10-31T22:48:54.046+0000] {processor.py:914} INFO - Processing file /home/airflow/.local/lib/python3.12/site-packages/airflow/example_dags/example_xcomargs.py for tasks to queue
[2024-10-31T22:48:54.048+0000] {logging_mixin.py:190} INFO - [2024-10-31T22:48:54.048+0000] {dagbag.py:588} INFO - Filling up the DagBag from /home/airflow/.local/lib/python3.12/site-packages/airflow/example_dags/example_xcomargs.py
[2024-10-31T22:48:54.057+0000] {processor.py:925} INFO - DAG(s) 'example_xcom_args', 'example_xcom_args_with_operators' retrieved from /home/airflow/.local/lib/python3.12/site-packages/airflow/example_dags/example_xcomargs.py
[2024-10-31T22:48:54.076+0000] {logging_mixin.py:190} INFO - [2024-10-31T22:48:54.076+0000] {dag.py:3239} INFO - Sync 2 DAGs
[2024-10-31T22:48:54.085+0000] {logging_mixin.py:190} INFO - [2024-10-31T22:48:54.084+0000] {dag.py:4180} INFO - Setting next_dagrun for example_xcom_args to None, run_after=None
[2024-10-31T22:48:54.087+0000] {logging_mixin.py:190} INFO - [2024-10-31T22:48:54.087+0000] {dag.py:4180} INFO - Setting next_dagrun for example_xcom_args_with_operators to None, run_after=None
[2024-10-31T22:48:54.099+0000] {processor.py:208} INFO - Processing /home/airflow/.local/lib/python3.12/site-packages/airflow/example_dags/example_xcomargs.py took 0.060 seconds
[2024-10-31T22:49:24.328+0000] {processor.py:186} INFO - Started process (PID=805) to work on /home/airflow/.local/lib/python3.12/site-packages/airflow/example_dags/example_xcomargs.py
[2024-10-31T22:49:24.329+0000] {processor.py:914} INFO - Processing file /home/airflow/.local/lib/python3.12/site-packages/airflow/example_dags/example_xcomargs.py for tasks to queue
[2024-10-31T22:49:24.330+0000] {logging_mixin.py:190} INFO - [2024-10-31T22:49:24.330+0000] {dagbag.py:588} INFO - Filling up the DagBag from /home/airflow/.local/lib/python3.12/site-packages/airflow/example_dags/example_xcomargs.py
[2024-10-31T22:49:24.343+0000] {processor.py:925} INFO - DAG(s) 'example_xcom_args_with_operators', 'example_xcom_args' retrieved from /home/airflow/.local/lib/python3.12/site-packages/airflow/example_dags/example_xcomargs.py
[2024-10-31T22:49:24.363+0000] {logging_mixin.py:190} INFO - [2024-10-31T22:49:24.363+0000] {dag.py:3239} INFO - Sync 2 DAGs
[2024-10-31T22:49:24.374+0000] {logging_mixin.py:190} INFO - [2024-10-31T22:49:24.373+0000] {dag.py:4180} INFO - Setting next_dagrun for example_xcom_args to None, run_after=None
[2024-10-31T22:49:24.376+0000] {logging_mixin.py:190} INFO - [2024-10-31T22:49:24.376+0000] {dag.py:4180} INFO - Setting next_dagrun for example_xcom_args_with_operators to None, run_after=None
[2024-10-31T22:49:24.389+0000] {processor.py:208} INFO - Processing /home/airflow/.local/lib/python3.12/site-packages/airflow/example_dags/example_xcomargs.py took 0.065 seconds
[2024-10-31T22:49:55.462+0000] {processor.py:186} INFO - Started process (PID=1107) to work on /home/airflow/.local/lib/python3.12/site-packages/airflow/example_dags/example_xcomargs.py
[2024-10-31T22:49:55.463+0000] {processor.py:914} INFO - Processing file /home/airflow/.local/lib/python3.12/site-packages/airflow/example_dags/example_xcomargs.py for tasks to queue
[2024-10-31T22:49:55.465+0000] {logging_mixin.py:190} INFO - [2024-10-31T22:49:55.465+0000] {dagbag.py:588} INFO - Filling up the DagBag from /home/airflow/.local/lib/python3.12/site-packages/airflow/example_dags/example_xcomargs.py
[2024-10-31T22:49:55.477+0000] {processor.py:925} INFO - DAG(s) 'example_xcom_args_with_operators', 'example_xcom_args' retrieved from /home/airflow/.local/lib/python3.12/site-packages/airflow/example_dags/example_xcomargs.py
[2024-10-31T22:49:55.496+0000] {logging_mixin.py:190} INFO - [2024-10-31T22:49:55.496+0000] {dag.py:3239} INFO - Sync 2 DAGs
[2024-10-31T22:49:55.507+0000] {logging_mixin.py:190} INFO - [2024-10-31T22:49:55.507+0000] {dag.py:4180} INFO - Setting next_dagrun for example_xcom_args to None, run_after=None
[2024-10-31T22:49:55.510+0000] {logging_mixin.py:190} INFO - [2024-10-31T22:49:55.509+0000] {dag.py:4180} INFO - Setting next_dagrun for example_xcom_args_with_operators to None, run_after=None
[2024-10-31T22:49:55.522+0000] {processor.py:208} INFO - Processing /home/airflow/.local/lib/python3.12/site-packages/airflow/example_dags/example_xcomargs.py took 0.064 seconds
