[2024-10-31T22:45:15.551+0000] {processor.py:186} INFO - Started process (PID=318) to work on /home/airflow/.local/lib/python3.12/site-packages/airflow/example_dags/example_datasets.py
[2024-10-31T22:45:15.553+0000] {processor.py:914} INFO - Processing file /home/airflow/.local/lib/python3.12/site-packages/airflow/example_dags/example_datasets.py for tasks to queue
[2024-10-31T22:45:15.555+0000] {logging_mixin.py:190} INFO - [2024-10-31T22:45:15.555+0000] {dagbag.py:588} INFO - Filling up the DagBag from /home/airflow/.local/lib/python3.12/site-packages/airflow/example_dags/example_datasets.py
[2024-10-31T22:45:15.777+0000] {processor.py:925} INFO - DAG(s) 'dataset_consumes_1_and_2', 'dataset_consumes_unknown_never_scheduled', 'consume_1_or_2_with_dataset_expressions', 'consume_1_or_both_2_and_3_with_dataset_expressions', 'dataset_produces_2', 'consume_1_and_2_with_dataset_expressions', 'dataset_produces_1', 'conditional_dataset_and_time_based_timetable', 'dataset_consumes_1', 'dataset_consumes_1_never_scheduled' retrieved from /home/airflow/.local/lib/python3.12/site-packages/airflow/example_dags/example_datasets.py
[2024-10-31T22:45:15.973+0000] {logging_mixin.py:190} INFO - [2024-10-31T22:45:15.972+0000] {override.py:1900} INFO - Created Permission View: can delete on DAG:dataset_consumes_1_and_2
[2024-10-31T22:45:15.980+0000] {logging_mixin.py:190} INFO - [2024-10-31T22:45:15.980+0000] {override.py:1900} INFO - Created Permission View: can read on DAG:dataset_consumes_1_and_2
[2024-10-31T22:45:15.993+0000] {logging_mixin.py:190} INFO - [2024-10-31T22:45:15.992+0000] {override.py:1900} INFO - Created Permission View: can edit on DAG:dataset_consumes_1_and_2
[2024-10-31T22:45:16.012+0000] {logging_mixin.py:190} INFO - [2024-10-31T22:45:16.012+0000] {override.py:1900} INFO - Created Permission View: can create on DAG Run:dataset_consumes_1_and_2
[2024-10-31T22:45:16.024+0000] {logging_mixin.py:190} INFO - [2024-10-31T22:45:16.023+0000] {override.py:1900} INFO - Created Permission View: can delete on DAG Run:dataset_consumes_1_and_2
[2024-10-31T22:45:16.030+0000] {logging_mixin.py:190} INFO - [2024-10-31T22:45:16.030+0000] {override.py:1900} INFO - Created Permission View: can read on DAG Run:dataset_consumes_1_and_2
[2024-10-31T22:45:16.037+0000] {logging_mixin.py:190} INFO - [2024-10-31T22:45:16.036+0000] {override.py:1900} INFO - Created Permission View: menu access on DAG Run:dataset_consumes_1_and_2
[2024-10-31T22:45:16.057+0000] {logging_mixin.py:190} INFO - [2024-10-31T22:45:16.056+0000] {override.py:1900} INFO - Created Permission View: can delete on DAG:dataset_consumes_unknown_never_scheduled
[2024-10-31T22:45:16.083+0000] {logging_mixin.py:190} INFO - [2024-10-31T22:45:16.081+0000] {override.py:1900} INFO - Created Permission View: can read on DAG:dataset_consumes_unknown_never_scheduled
[2024-10-31T22:45:16.094+0000] {logging_mixin.py:190} INFO - [2024-10-31T22:45:16.093+0000] {override.py:1900} INFO - Created Permission View: can edit on DAG:dataset_consumes_unknown_never_scheduled
[2024-10-31T22:45:16.104+0000] {logging_mixin.py:190} INFO - [2024-10-31T22:45:16.103+0000] {override.py:1900} INFO - Created Permission View: can create on DAG Run:dataset_consumes_unknown_never_scheduled
[2024-10-31T22:45:16.154+0000] {logging_mixin.py:190} INFO - [2024-10-31T22:45:16.151+0000] {override.py:1900} INFO - Created Permission View: can delete on DAG Run:dataset_consumes_unknown_never_scheduled
[2024-10-31T22:45:16.189+0000] {logging_mixin.py:190} INFO - [2024-10-31T22:45:16.188+0000] {override.py:1900} INFO - Created Permission View: can read on DAG Run:dataset_consumes_unknown_never_scheduled
[2024-10-31T22:45:16.217+0000] {logging_mixin.py:190} INFO - [2024-10-31T22:45:16.217+0000] {override.py:1900} INFO - Created Permission View: menu access on DAG Run:dataset_consumes_unknown_never_scheduled
[2024-10-31T22:45:16.234+0000] {logging_mixin.py:190} INFO - [2024-10-31T22:45:16.234+0000] {override.py:1900} INFO - Created Permission View: can delete on DAG:consume_1_or_2_with_dataset_expressions
[2024-10-31T22:45:16.241+0000] {logging_mixin.py:190} INFO - [2024-10-31T22:45:16.240+0000] {override.py:1900} INFO - Created Permission View: can read on DAG:consume_1_or_2_with_dataset_expressions
[2024-10-31T22:45:16.247+0000] {logging_mixin.py:190} INFO - [2024-10-31T22:45:16.247+0000] {override.py:1900} INFO - Created Permission View: can edit on DAG:consume_1_or_2_with_dataset_expressions
[2024-10-31T22:45:16.251+0000] {logging_mixin.py:190} INFO - [2024-10-31T22:45:16.251+0000] {override.py:1900} INFO - Created Permission View: can create on DAG Run:consume_1_or_2_with_dataset_expressions
[2024-10-31T22:45:16.257+0000] {logging_mixin.py:190} INFO - [2024-10-31T22:45:16.257+0000] {override.py:1900} INFO - Created Permission View: can delete on DAG Run:consume_1_or_2_with_dataset_expressions
[2024-10-31T22:45:16.282+0000] {logging_mixin.py:190} INFO - [2024-10-31T22:45:16.276+0000] {override.py:1900} INFO - Created Permission View: can read on DAG Run:consume_1_or_2_with_dataset_expressions
[2024-10-31T22:45:16.300+0000] {logging_mixin.py:190} INFO - [2024-10-31T22:45:16.300+0000] {override.py:1900} INFO - Created Permission View: menu access on DAG Run:consume_1_or_2_with_dataset_expressions
[2024-10-31T22:45:16.316+0000] {logging_mixin.py:190} INFO - [2024-10-31T22:45:16.315+0000] {override.py:1900} INFO - Created Permission View: can delete on DAG:consume_1_or_both_2_and_3_with_dataset_expressions
[2024-10-31T22:45:16.324+0000] {logging_mixin.py:190} INFO - [2024-10-31T22:45:16.323+0000] {override.py:1900} INFO - Created Permission View: can read on DAG:consume_1_or_both_2_and_3_with_dataset_expressions
[2024-10-31T22:45:16.331+0000] {logging_mixin.py:190} INFO - [2024-10-31T22:45:16.330+0000] {override.py:1900} INFO - Created Permission View: can edit on DAG:consume_1_or_both_2_and_3_with_dataset_expressions
[2024-10-31T22:45:16.340+0000] {logging_mixin.py:190} INFO - [2024-10-31T22:45:16.340+0000] {override.py:1900} INFO - Created Permission View: can create on DAG Run:consume_1_or_both_2_and_3_with_dataset_expressions
[2024-10-31T22:45:16.369+0000] {logging_mixin.py:190} INFO - [2024-10-31T22:45:16.368+0000] {override.py:1900} INFO - Created Permission View: can delete on DAG Run:consume_1_or_both_2_and_3_with_dataset_expressions
[2024-10-31T22:45:16.383+0000] {logging_mixin.py:190} INFO - [2024-10-31T22:45:16.383+0000] {override.py:1900} INFO - Created Permission View: can read on DAG Run:consume_1_or_both_2_and_3_with_dataset_expressions
[2024-10-31T22:45:16.387+0000] {logging_mixin.py:190} INFO - [2024-10-31T22:45:16.387+0000] {override.py:1900} INFO - Created Permission View: menu access on DAG Run:consume_1_or_both_2_and_3_with_dataset_expressions
[2024-10-31T22:45:16.394+0000] {logging_mixin.py:190} INFO - [2024-10-31T22:45:16.394+0000] {override.py:1900} INFO - Created Permission View: can delete on DAG:dataset_produces_2
[2024-10-31T22:45:16.399+0000] {logging_mixin.py:190} INFO - [2024-10-31T22:45:16.398+0000] {override.py:1900} INFO - Created Permission View: can read on DAG:dataset_produces_2
[2024-10-31T22:45:16.407+0000] {logging_mixin.py:190} INFO - [2024-10-31T22:45:16.406+0000] {override.py:1900} INFO - Created Permission View: can edit on DAG:dataset_produces_2
[2024-10-31T22:45:16.420+0000] {logging_mixin.py:190} INFO - [2024-10-31T22:45:16.419+0000] {override.py:1900} INFO - Created Permission View: can create on DAG Run:dataset_produces_2
[2024-10-31T22:45:16.426+0000] {logging_mixin.py:190} INFO - [2024-10-31T22:45:16.426+0000] {override.py:1900} INFO - Created Permission View: can delete on DAG Run:dataset_produces_2
[2024-10-31T22:45:16.431+0000] {logging_mixin.py:190} INFO - [2024-10-31T22:45:16.431+0000] {override.py:1900} INFO - Created Permission View: can read on DAG Run:dataset_produces_2
[2024-10-31T22:45:16.438+0000] {logging_mixin.py:190} INFO - [2024-10-31T22:45:16.438+0000] {override.py:1900} INFO - Created Permission View: menu access on DAG Run:dataset_produces_2
[2024-10-31T22:45:16.451+0000] {logging_mixin.py:190} INFO - [2024-10-31T22:45:16.451+0000] {override.py:1900} INFO - Created Permission View: can delete on DAG:consume_1_and_2_with_dataset_expressions
[2024-10-31T22:45:16.466+0000] {logging_mixin.py:190} INFO - [2024-10-31T22:45:16.465+0000] {override.py:1900} INFO - Created Permission View: can read on DAG:consume_1_and_2_with_dataset_expressions
[2024-10-31T22:45:16.476+0000] {logging_mixin.py:190} INFO - [2024-10-31T22:45:16.475+0000] {override.py:1900} INFO - Created Permission View: can edit on DAG:consume_1_and_2_with_dataset_expressions
[2024-10-31T22:45:16.482+0000] {logging_mixin.py:190} INFO - [2024-10-31T22:45:16.481+0000] {override.py:1900} INFO - Created Permission View: can create on DAG Run:consume_1_and_2_with_dataset_expressions
[2024-10-31T22:45:16.487+0000] {logging_mixin.py:190} INFO - [2024-10-31T22:45:16.487+0000] {override.py:1900} INFO - Created Permission View: can delete on DAG Run:consume_1_and_2_with_dataset_expressions
[2024-10-31T22:45:16.493+0000] {logging_mixin.py:190} INFO - [2024-10-31T22:45:16.493+0000] {override.py:1900} INFO - Created Permission View: can read on DAG Run:consume_1_and_2_with_dataset_expressions
[2024-10-31T22:45:16.504+0000] {logging_mixin.py:190} INFO - [2024-10-31T22:45:16.503+0000] {override.py:1900} INFO - Created Permission View: menu access on DAG Run:consume_1_and_2_with_dataset_expressions
[2024-10-31T22:45:16.518+0000] {logging_mixin.py:190} INFO - [2024-10-31T22:45:16.518+0000] {override.py:1900} INFO - Created Permission View: can delete on DAG:dataset_produces_1
[2024-10-31T22:45:16.525+0000] {logging_mixin.py:190} INFO - [2024-10-31T22:45:16.524+0000] {override.py:1900} INFO - Created Permission View: can read on DAG:dataset_produces_1
[2024-10-31T22:45:16.530+0000] {logging_mixin.py:190} INFO - [2024-10-31T22:45:16.530+0000] {override.py:1900} INFO - Created Permission View: can edit on DAG:dataset_produces_1
[2024-10-31T22:45:16.554+0000] {logging_mixin.py:190} INFO - [2024-10-31T22:45:16.553+0000] {override.py:1900} INFO - Created Permission View: can create on DAG Run:dataset_produces_1
[2024-10-31T22:45:16.580+0000] {logging_mixin.py:190} INFO - [2024-10-31T22:45:16.579+0000] {override.py:1900} INFO - Created Permission View: can delete on DAG Run:dataset_produces_1
[2024-10-31T22:45:16.591+0000] {logging_mixin.py:190} INFO - [2024-10-31T22:45:16.591+0000] {override.py:1900} INFO - Created Permission View: can read on DAG Run:dataset_produces_1
[2024-10-31T22:45:16.597+0000] {logging_mixin.py:190} INFO - [2024-10-31T22:45:16.597+0000] {override.py:1900} INFO - Created Permission View: menu access on DAG Run:dataset_produces_1
[2024-10-31T22:45:16.626+0000] {logging_mixin.py:190} INFO - [2024-10-31T22:45:16.625+0000] {override.py:1900} INFO - Created Permission View: can delete on DAG:conditional_dataset_and_time_based_timetable
[2024-10-31T22:45:16.629+0000] {logging_mixin.py:190} INFO - [2024-10-31T22:45:16.629+0000] {override.py:1900} INFO - Created Permission View: can read on DAG:conditional_dataset_and_time_based_timetable
[2024-10-31T22:45:16.635+0000] {logging_mixin.py:190} INFO - [2024-10-31T22:45:16.635+0000] {override.py:1900} INFO - Created Permission View: can edit on DAG:conditional_dataset_and_time_based_timetable
[2024-10-31T22:45:16.642+0000] {logging_mixin.py:190} INFO - [2024-10-31T22:45:16.642+0000] {override.py:1900} INFO - Created Permission View: can create on DAG Run:conditional_dataset_and_time_based_timetable
[2024-10-31T22:45:16.647+0000] {logging_mixin.py:190} INFO - [2024-10-31T22:45:16.647+0000] {override.py:1900} INFO - Created Permission View: can delete on DAG Run:conditional_dataset_and_time_based_timetable
[2024-10-31T22:45:16.654+0000] {logging_mixin.py:190} INFO - [2024-10-31T22:45:16.653+0000] {override.py:1900} INFO - Created Permission View: can read on DAG Run:conditional_dataset_and_time_based_timetable
[2024-10-31T22:45:16.661+0000] {logging_mixin.py:190} INFO - [2024-10-31T22:45:16.660+0000] {override.py:1900} INFO - Created Permission View: menu access on DAG Run:conditional_dataset_and_time_based_timetable
[2024-10-31T22:45:16.673+0000] {logging_mixin.py:190} INFO - [2024-10-31T22:45:16.672+0000] {override.py:1900} INFO - Created Permission View: can delete on DAG:dataset_consumes_1
[2024-10-31T22:45:16.690+0000] {logging_mixin.py:190} INFO - [2024-10-31T22:45:16.690+0000] {override.py:1900} INFO - Created Permission View: can read on DAG:dataset_consumes_1
[2024-10-31T22:45:16.698+0000] {logging_mixin.py:190} INFO - [2024-10-31T22:45:16.698+0000] {override.py:1900} INFO - Created Permission View: can edit on DAG:dataset_consumes_1
[2024-10-31T22:45:16.707+0000] {logging_mixin.py:190} INFO - [2024-10-31T22:45:16.707+0000] {override.py:1900} INFO - Created Permission View: can create on DAG Run:dataset_consumes_1
[2024-10-31T22:45:16.717+0000] {logging_mixin.py:190} INFO - [2024-10-31T22:45:16.717+0000] {override.py:1900} INFO - Created Permission View: can delete on DAG Run:dataset_consumes_1
[2024-10-31T22:45:16.724+0000] {logging_mixin.py:190} INFO - [2024-10-31T22:45:16.724+0000] {override.py:1900} INFO - Created Permission View: can read on DAG Run:dataset_consumes_1
[2024-10-31T22:45:16.729+0000] {logging_mixin.py:190} INFO - [2024-10-31T22:45:16.729+0000] {override.py:1900} INFO - Created Permission View: menu access on DAG Run:dataset_consumes_1
[2024-10-31T22:45:16.742+0000] {logging_mixin.py:190} INFO - [2024-10-31T22:45:16.742+0000] {override.py:1900} INFO - Created Permission View: can delete on DAG:dataset_consumes_1_never_scheduled
[2024-10-31T22:45:16.748+0000] {logging_mixin.py:190} INFO - [2024-10-31T22:45:16.748+0000] {override.py:1900} INFO - Created Permission View: can read on DAG:dataset_consumes_1_never_scheduled
[2024-10-31T22:45:16.751+0000] {logging_mixin.py:190} INFO - [2024-10-31T22:45:16.751+0000] {override.py:1900} INFO - Created Permission View: can edit on DAG:dataset_consumes_1_never_scheduled
[2024-10-31T22:45:16.758+0000] {logging_mixin.py:190} INFO - [2024-10-31T22:45:16.758+0000] {override.py:1900} INFO - Created Permission View: can create on DAG Run:dataset_consumes_1_never_scheduled
[2024-10-31T22:45:16.772+0000] {logging_mixin.py:190} INFO - [2024-10-31T22:45:16.772+0000] {override.py:1900} INFO - Created Permission View: can delete on DAG Run:dataset_consumes_1_never_scheduled
[2024-10-31T22:45:16.781+0000] {logging_mixin.py:190} INFO - [2024-10-31T22:45:16.781+0000] {override.py:1900} INFO - Created Permission View: can read on DAG Run:dataset_consumes_1_never_scheduled
[2024-10-31T22:45:16.786+0000] {logging_mixin.py:190} INFO - [2024-10-31T22:45:16.786+0000] {override.py:1900} INFO - Created Permission View: menu access on DAG Run:dataset_consumes_1_never_scheduled
[2024-10-31T22:45:16.787+0000] {logging_mixin.py:190} INFO - [2024-10-31T22:45:16.787+0000] {dag.py:3239} INFO - Sync 10 DAGs
[2024-10-31T22:45:16.802+0000] {logging_mixin.py:190} INFO - [2024-10-31T22:45:16.802+0000] {dag.py:3262} INFO - Creating ORM DAG for dataset_produces_1
[2024-10-31T22:45:16.802+0000] {logging_mixin.py:190} INFO - [2024-10-31T22:45:16.802+0000] {dag.py:3262} INFO - Creating ORM DAG for dataset_consumes_1
[2024-10-31T22:45:16.805+0000] {logging_mixin.py:190} INFO - [2024-10-31T22:45:16.805+0000] {dag.py:3262} INFO - Creating ORM DAG for consume_1_or_both_2_and_3_with_dataset_expressions
[2024-10-31T22:45:16.805+0000] {logging_mixin.py:190} INFO - [2024-10-31T22:45:16.805+0000] {dag.py:3262} INFO - Creating ORM DAG for consume_1_and_2_with_dataset_expressions
[2024-10-31T22:45:16.806+0000] {logging_mixin.py:190} INFO - [2024-10-31T22:45:16.806+0000] {dag.py:3262} INFO - Creating ORM DAG for dataset_consumes_unknown_never_scheduled
[2024-10-31T22:45:16.807+0000] {logging_mixin.py:190} INFO - [2024-10-31T22:45:16.807+0000] {dag.py:3262} INFO - Creating ORM DAG for dataset_consumes_1_and_2
[2024-10-31T22:45:16.807+0000] {logging_mixin.py:190} INFO - [2024-10-31T22:45:16.807+0000] {dag.py:3262} INFO - Creating ORM DAG for conditional_dataset_and_time_based_timetable
[2024-10-31T22:45:16.809+0000] {logging_mixin.py:190} INFO - [2024-10-31T22:45:16.809+0000] {dag.py:3262} INFO - Creating ORM DAG for dataset_consumes_1_never_scheduled
[2024-10-31T22:45:16.809+0000] {logging_mixin.py:190} INFO - [2024-10-31T22:45:16.809+0000] {dag.py:3262} INFO - Creating ORM DAG for dataset_produces_2
[2024-10-31T22:45:16.810+0000] {logging_mixin.py:190} INFO - [2024-10-31T22:45:16.810+0000] {dag.py:3262} INFO - Creating ORM DAG for consume_1_or_2_with_dataset_expressions
[2024-10-31T22:45:16.820+0000] {logging_mixin.py:190} INFO - [2024-10-31T22:45:16.820+0000] {dag.py:4180} INFO - Setting next_dagrun for conditional_dataset_and_time_based_timetable to 2024-10-30 01:00:00+00:00, run_after=2024-10-30 01:00:00+00:00
[2024-10-31T22:45:16.821+0000] {logging_mixin.py:190} INFO - [2024-10-31T22:45:16.821+0000] {dag.py:4180} INFO - Setting next_dagrun for consume_1_and_2_with_dataset_expressions to None, run_after=None
[2024-10-31T22:45:16.821+0000] {logging_mixin.py:190} INFO - [2024-10-31T22:45:16.821+0000] {dag.py:4180} INFO - Setting next_dagrun for consume_1_or_2_with_dataset_expressions to None, run_after=None
[2024-10-31T22:45:16.822+0000] {logging_mixin.py:190} INFO - [2024-10-31T22:45:16.821+0000] {dag.py:4180} INFO - Setting next_dagrun for consume_1_or_both_2_and_3_with_dataset_expressions to None, run_after=None
[2024-10-31T22:45:16.822+0000] {logging_mixin.py:190} INFO - [2024-10-31T22:45:16.822+0000] {dag.py:4180} INFO - Setting next_dagrun for dataset_consumes_1 to None, run_after=None
[2024-10-31T22:45:16.822+0000] {logging_mixin.py:190} INFO - [2024-10-31T22:45:16.822+0000] {dag.py:4180} INFO - Setting next_dagrun for dataset_consumes_1_and_2 to None, run_after=None
[2024-10-31T22:45:16.823+0000] {logging_mixin.py:190} INFO - [2024-10-31T22:45:16.823+0000] {dag.py:4180} INFO - Setting next_dagrun for dataset_consumes_1_never_scheduled to None, run_after=None
[2024-10-31T22:45:16.823+0000] {logging_mixin.py:190} INFO - [2024-10-31T22:45:16.823+0000] {dag.py:4180} INFO - Setting next_dagrun for dataset_consumes_unknown_never_scheduled to None, run_after=None
[2024-10-31T22:45:16.824+0000] {logging_mixin.py:190} INFO - [2024-10-31T22:45:16.824+0000] {dag.py:4180} INFO - Setting next_dagrun for dataset_produces_1 to 2024-10-30 00:00:00+00:00, run_after=2024-10-31 00:00:00+00:00
[2024-10-31T22:45:16.825+0000] {logging_mixin.py:190} INFO - [2024-10-31T22:45:16.825+0000] {dag.py:4180} INFO - Setting next_dagrun for dataset_produces_2 to None, run_after=None
[2024-10-31T22:45:16.867+0000] {processor.py:208} INFO - Processing /home/airflow/.local/lib/python3.12/site-packages/airflow/example_dags/example_datasets.py took 1.327 seconds
[2024-10-31T22:45:47.220+0000] {processor.py:186} INFO - Started process (PID=611) to work on /home/airflow/.local/lib/python3.12/site-packages/airflow/example_dags/example_datasets.py
[2024-10-31T22:45:47.222+0000] {processor.py:914} INFO - Processing file /home/airflow/.local/lib/python3.12/site-packages/airflow/example_dags/example_datasets.py for tasks to queue
[2024-10-31T22:45:47.225+0000] {logging_mixin.py:190} INFO - [2024-10-31T22:45:47.225+0000] {dagbag.py:588} INFO - Filling up the DagBag from /home/airflow/.local/lib/python3.12/site-packages/airflow/example_dags/example_datasets.py
[2024-10-31T22:45:47.323+0000] {processor.py:925} INFO - DAG(s) 'dataset_consumes_unknown_never_scheduled', 'conditional_dataset_and_time_based_timetable', 'dataset_produces_2', 'consume_1_or_both_2_and_3_with_dataset_expressions', 'dataset_consumes_1_and_2', 'consume_1_and_2_with_dataset_expressions', 'dataset_produces_1', 'dataset_consumes_1_never_scheduled', 'consume_1_or_2_with_dataset_expressions', 'dataset_consumes_1' retrieved from /home/airflow/.local/lib/python3.12/site-packages/airflow/example_dags/example_datasets.py
[2024-10-31T22:45:47.359+0000] {logging_mixin.py:190} INFO - [2024-10-31T22:45:47.359+0000] {dag.py:3239} INFO - Sync 10 DAGs
[2024-10-31T22:45:47.379+0000] {logging_mixin.py:190} INFO - [2024-10-31T22:45:47.378+0000] {dag.py:4180} INFO - Setting next_dagrun for conditional_dataset_and_time_based_timetable to 2024-10-30 01:00:00+00:00, run_after=2024-10-30 01:00:00+00:00
[2024-10-31T22:45:47.381+0000] {logging_mixin.py:190} INFO - [2024-10-31T22:45:47.381+0000] {dag.py:4180} INFO - Setting next_dagrun for consume_1_and_2_with_dataset_expressions to None, run_after=None
[2024-10-31T22:45:47.382+0000] {logging_mixin.py:190} INFO - [2024-10-31T22:45:47.382+0000] {dag.py:4180} INFO - Setting next_dagrun for consume_1_or_2_with_dataset_expressions to None, run_after=None
[2024-10-31T22:45:47.383+0000] {logging_mixin.py:190} INFO - [2024-10-31T22:45:47.383+0000] {dag.py:4180} INFO - Setting next_dagrun for consume_1_or_both_2_and_3_with_dataset_expressions to None, run_after=None
[2024-10-31T22:45:47.384+0000] {logging_mixin.py:190} INFO - [2024-10-31T22:45:47.384+0000] {dag.py:4180} INFO - Setting next_dagrun for dataset_consumes_1 to None, run_after=None
[2024-10-31T22:45:47.385+0000] {logging_mixin.py:190} INFO - [2024-10-31T22:45:47.385+0000] {dag.py:4180} INFO - Setting next_dagrun for dataset_consumes_1_and_2 to None, run_after=None
[2024-10-31T22:45:47.390+0000] {logging_mixin.py:190} INFO - [2024-10-31T22:45:47.389+0000] {dag.py:4180} INFO - Setting next_dagrun for dataset_consumes_1_never_scheduled to None, run_after=None
[2024-10-31T22:45:47.391+0000] {logging_mixin.py:190} INFO - [2024-10-31T22:45:47.391+0000] {dag.py:4180} INFO - Setting next_dagrun for dataset_consumes_unknown_never_scheduled to None, run_after=None
[2024-10-31T22:45:47.393+0000] {logging_mixin.py:190} INFO - [2024-10-31T22:45:47.393+0000] {dag.py:4180} INFO - Setting next_dagrun for dataset_produces_1 to 2024-10-30 00:00:00+00:00, run_after=2024-10-31 00:00:00+00:00
[2024-10-31T22:45:47.395+0000] {logging_mixin.py:190} INFO - [2024-10-31T22:45:47.394+0000] {dag.py:4180} INFO - Setting next_dagrun for dataset_produces_2 to None, run_after=None
[2024-10-31T22:45:47.426+0000] {processor.py:208} INFO - Processing /home/airflow/.local/lib/python3.12/site-packages/airflow/example_dags/example_datasets.py took 0.217 seconds
[2024-10-31T22:46:18.300+0000] {processor.py:186} INFO - Started process (PID=902) to work on /home/airflow/.local/lib/python3.12/site-packages/airflow/example_dags/example_datasets.py
[2024-10-31T22:46:18.303+0000] {processor.py:914} INFO - Processing file /home/airflow/.local/lib/python3.12/site-packages/airflow/example_dags/example_datasets.py for tasks to queue
[2024-10-31T22:46:18.318+0000] {logging_mixin.py:190} INFO - [2024-10-31T22:46:18.315+0000] {dagbag.py:588} INFO - Filling up the DagBag from /home/airflow/.local/lib/python3.12/site-packages/airflow/example_dags/example_datasets.py
[2024-10-31T22:46:18.851+0000] {processor.py:925} INFO - DAG(s) 'dataset_produces_2', 'dataset_consumes_1', 'dataset_consumes_unknown_never_scheduled', 'consume_1_or_2_with_dataset_expressions', 'consume_1_or_both_2_and_3_with_dataset_expressions', 'dataset_consumes_1_never_scheduled', 'conditional_dataset_and_time_based_timetable', 'consume_1_and_2_with_dataset_expressions', 'dataset_consumes_1_and_2', 'dataset_produces_1' retrieved from /home/airflow/.local/lib/python3.12/site-packages/airflow/example_dags/example_datasets.py
[2024-10-31T22:46:18.963+0000] {logging_mixin.py:190} INFO - [2024-10-31T22:46:18.963+0000] {dag.py:3239} INFO - Sync 10 DAGs
[2024-10-31T22:46:19.005+0000] {logging_mixin.py:190} INFO - [2024-10-31T22:46:19.004+0000] {dag.py:4180} INFO - Setting next_dagrun for conditional_dataset_and_time_based_timetable to 2024-10-30 01:00:00+00:00, run_after=2024-10-30 01:00:00+00:00
[2024-10-31T22:46:19.022+0000] {logging_mixin.py:190} INFO - [2024-10-31T22:46:19.022+0000] {dag.py:4180} INFO - Setting next_dagrun for consume_1_and_2_with_dataset_expressions to None, run_after=None
[2024-10-31T22:46:19.025+0000] {logging_mixin.py:190} INFO - [2024-10-31T22:46:19.024+0000] {dag.py:4180} INFO - Setting next_dagrun for consume_1_or_2_with_dataset_expressions to None, run_after=None
[2024-10-31T22:46:19.031+0000] {logging_mixin.py:190} INFO - [2024-10-31T22:46:19.031+0000] {dag.py:4180} INFO - Setting next_dagrun for consume_1_or_both_2_and_3_with_dataset_expressions to None, run_after=None
[2024-10-31T22:46:19.033+0000] {logging_mixin.py:190} INFO - [2024-10-31T22:46:19.033+0000] {dag.py:4180} INFO - Setting next_dagrun for dataset_consumes_1 to None, run_after=None
[2024-10-31T22:46:19.034+0000] {logging_mixin.py:190} INFO - [2024-10-31T22:46:19.034+0000] {dag.py:4180} INFO - Setting next_dagrun for dataset_consumes_1_and_2 to None, run_after=None
[2024-10-31T22:46:19.035+0000] {logging_mixin.py:190} INFO - [2024-10-31T22:46:19.035+0000] {dag.py:4180} INFO - Setting next_dagrun for dataset_consumes_1_never_scheduled to None, run_after=None
[2024-10-31T22:46:19.036+0000] {logging_mixin.py:190} INFO - [2024-10-31T22:46:19.036+0000] {dag.py:4180} INFO - Setting next_dagrun for dataset_consumes_unknown_never_scheduled to None, run_after=None
[2024-10-31T22:46:19.038+0000] {logging_mixin.py:190} INFO - [2024-10-31T22:46:19.037+0000] {dag.py:4180} INFO - Setting next_dagrun for dataset_produces_1 to 2024-10-30 00:00:00+00:00, run_after=2024-10-31 00:00:00+00:00
[2024-10-31T22:46:19.042+0000] {logging_mixin.py:190} INFO - [2024-10-31T22:46:19.042+0000] {dag.py:4180} INFO - Setting next_dagrun for dataset_produces_2 to None, run_after=None
[2024-10-31T22:46:19.096+0000] {processor.py:208} INFO - Processing /home/airflow/.local/lib/python3.12/site-packages/airflow/example_dags/example_datasets.py took 0.810 seconds
[2024-10-31T22:46:49.146+0000] {processor.py:186} INFO - Started process (PID=1193) to work on /home/airflow/.local/lib/python3.12/site-packages/airflow/example_dags/example_datasets.py
[2024-10-31T22:46:49.147+0000] {processor.py:914} INFO - Processing file /home/airflow/.local/lib/python3.12/site-packages/airflow/example_dags/example_datasets.py for tasks to queue
[2024-10-31T22:46:49.149+0000] {logging_mixin.py:190} INFO - [2024-10-31T22:46:49.149+0000] {dagbag.py:588} INFO - Filling up the DagBag from /home/airflow/.local/lib/python3.12/site-packages/airflow/example_dags/example_datasets.py
[2024-10-31T22:46:49.333+0000] {processor.py:925} INFO - DAG(s) 'dataset_consumes_1_never_scheduled', 'dataset_consumes_unknown_never_scheduled', 'dataset_consumes_1', 'consume_1_or_both_2_and_3_with_dataset_expressions', 'consume_1_or_2_with_dataset_expressions', 'conditional_dataset_and_time_based_timetable', 'consume_1_and_2_with_dataset_expressions', 'dataset_consumes_1_and_2', 'dataset_produces_2', 'dataset_produces_1' retrieved from /home/airflow/.local/lib/python3.12/site-packages/airflow/example_dags/example_datasets.py
[2024-10-31T22:46:49.377+0000] {logging_mixin.py:190} INFO - [2024-10-31T22:46:49.377+0000] {dag.py:3239} INFO - Sync 10 DAGs
[2024-10-31T22:46:49.417+0000] {logging_mixin.py:190} INFO - [2024-10-31T22:46:49.417+0000] {dag.py:4180} INFO - Setting next_dagrun for conditional_dataset_and_time_based_timetable to 2024-10-30 01:00:00+00:00, run_after=2024-10-30 01:00:00+00:00
[2024-10-31T22:46:49.423+0000] {logging_mixin.py:190} INFO - [2024-10-31T22:46:49.422+0000] {dag.py:4180} INFO - Setting next_dagrun for consume_1_and_2_with_dataset_expressions to None, run_after=None
[2024-10-31T22:46:49.424+0000] {logging_mixin.py:190} INFO - [2024-10-31T22:46:49.424+0000] {dag.py:4180} INFO - Setting next_dagrun for consume_1_or_2_with_dataset_expressions to None, run_after=None
[2024-10-31T22:46:49.426+0000] {logging_mixin.py:190} INFO - [2024-10-31T22:46:49.426+0000] {dag.py:4180} INFO - Setting next_dagrun for consume_1_or_both_2_and_3_with_dataset_expressions to None, run_after=None
[2024-10-31T22:46:49.429+0000] {logging_mixin.py:190} INFO - [2024-10-31T22:46:49.428+0000] {dag.py:4180} INFO - Setting next_dagrun for dataset_consumes_1 to None, run_after=None
[2024-10-31T22:46:49.431+0000] {logging_mixin.py:190} INFO - [2024-10-31T22:46:49.431+0000] {dag.py:4180} INFO - Setting next_dagrun for dataset_consumes_1_and_2 to None, run_after=None
[2024-10-31T22:46:49.432+0000] {logging_mixin.py:190} INFO - [2024-10-31T22:46:49.432+0000] {dag.py:4180} INFO - Setting next_dagrun for dataset_consumes_1_never_scheduled to None, run_after=None
[2024-10-31T22:46:49.433+0000] {logging_mixin.py:190} INFO - [2024-10-31T22:46:49.433+0000] {dag.py:4180} INFO - Setting next_dagrun for dataset_consumes_unknown_never_scheduled to None, run_after=None
[2024-10-31T22:46:49.435+0000] {logging_mixin.py:190} INFO - [2024-10-31T22:46:49.435+0000] {dag.py:4180} INFO - Setting next_dagrun for dataset_produces_1 to 2024-10-30 00:00:00+00:00, run_after=2024-10-31 00:00:00+00:00
[2024-10-31T22:46:49.437+0000] {logging_mixin.py:190} INFO - [2024-10-31T22:46:49.437+0000] {dag.py:4180} INFO - Setting next_dagrun for dataset_produces_2 to None, run_after=None
[2024-10-31T22:46:49.470+0000] {processor.py:208} INFO - Processing /home/airflow/.local/lib/python3.12/site-packages/airflow/example_dags/example_datasets.py took 0.330 seconds
[2024-10-31T22:47:20.448+0000] {processor.py:186} INFO - Started process (PID=1494) to work on /home/airflow/.local/lib/python3.12/site-packages/airflow/example_dags/example_datasets.py
[2024-10-31T22:47:20.451+0000] {processor.py:914} INFO - Processing file /home/airflow/.local/lib/python3.12/site-packages/airflow/example_dags/example_datasets.py for tasks to queue
[2024-10-31T22:47:20.457+0000] {logging_mixin.py:190} INFO - [2024-10-31T22:47:20.456+0000] {dagbag.py:588} INFO - Filling up the DagBag from /home/airflow/.local/lib/python3.12/site-packages/airflow/example_dags/example_datasets.py
[2024-10-31T22:47:20.607+0000] {processor.py:925} INFO - DAG(s) 'consume_1_or_both_2_and_3_with_dataset_expressions', 'dataset_consumes_1_and_2', 'dataset_produces_2', 'consume_1_or_2_with_dataset_expressions', 'dataset_consumes_1_never_scheduled', 'dataset_consumes_unknown_never_scheduled', 'consume_1_and_2_with_dataset_expressions', 'conditional_dataset_and_time_based_timetable', 'dataset_produces_1', 'dataset_consumes_1' retrieved from /home/airflow/.local/lib/python3.12/site-packages/airflow/example_dags/example_datasets.py
[2024-10-31T22:47:20.638+0000] {logging_mixin.py:190} INFO - [2024-10-31T22:47:20.637+0000] {dag.py:3239} INFO - Sync 10 DAGs
[2024-10-31T22:47:20.655+0000] {logging_mixin.py:190} INFO - [2024-10-31T22:47:20.655+0000] {dag.py:4180} INFO - Setting next_dagrun for conditional_dataset_and_time_based_timetable to 2024-10-30 01:00:00+00:00, run_after=2024-10-30 01:00:00+00:00
[2024-10-31T22:47:20.657+0000] {logging_mixin.py:190} INFO - [2024-10-31T22:47:20.657+0000] {dag.py:4180} INFO - Setting next_dagrun for consume_1_and_2_with_dataset_expressions to None, run_after=None
[2024-10-31T22:47:20.659+0000] {logging_mixin.py:190} INFO - [2024-10-31T22:47:20.658+0000] {dag.py:4180} INFO - Setting next_dagrun for consume_1_or_2_with_dataset_expressions to None, run_after=None
[2024-10-31T22:47:20.660+0000] {logging_mixin.py:190} INFO - [2024-10-31T22:47:20.659+0000] {dag.py:4180} INFO - Setting next_dagrun for consume_1_or_both_2_and_3_with_dataset_expressions to None, run_after=None
[2024-10-31T22:47:20.662+0000] {logging_mixin.py:190} INFO - [2024-10-31T22:47:20.662+0000] {dag.py:4180} INFO - Setting next_dagrun for dataset_consumes_1 to None, run_after=None
[2024-10-31T22:47:20.663+0000] {logging_mixin.py:190} INFO - [2024-10-31T22:47:20.663+0000] {dag.py:4180} INFO - Setting next_dagrun for dataset_consumes_1_and_2 to None, run_after=None
[2024-10-31T22:47:20.664+0000] {logging_mixin.py:190} INFO - [2024-10-31T22:47:20.664+0000] {dag.py:4180} INFO - Setting next_dagrun for dataset_consumes_1_never_scheduled to None, run_after=None
[2024-10-31T22:47:20.665+0000] {logging_mixin.py:190} INFO - [2024-10-31T22:47:20.665+0000] {dag.py:4180} INFO - Setting next_dagrun for dataset_consumes_unknown_never_scheduled to None, run_after=None
[2024-10-31T22:47:20.666+0000] {logging_mixin.py:190} INFO - [2024-10-31T22:47:20.666+0000] {dag.py:4180} INFO - Setting next_dagrun for dataset_produces_1 to 2024-10-30 00:00:00+00:00, run_after=2024-10-31 00:00:00+00:00
[2024-10-31T22:47:20.666+0000] {logging_mixin.py:190} INFO - [2024-10-31T22:47:20.666+0000] {dag.py:4180} INFO - Setting next_dagrun for dataset_produces_2 to None, run_after=None
[2024-10-31T22:47:20.696+0000] {processor.py:208} INFO - Processing /home/airflow/.local/lib/python3.12/site-packages/airflow/example_dags/example_datasets.py took 0.261 seconds
[2024-10-31T22:48:24.705+0000] {processor.py:186} INFO - Started process (PID=313) to work on /home/airflow/.local/lib/python3.12/site-packages/airflow/example_dags/example_datasets.py
[2024-10-31T22:48:24.706+0000] {processor.py:914} INFO - Processing file /home/airflow/.local/lib/python3.12/site-packages/airflow/example_dags/example_datasets.py for tasks to queue
[2024-10-31T22:48:24.709+0000] {logging_mixin.py:190} INFO - [2024-10-31T22:48:24.708+0000] {dagbag.py:588} INFO - Filling up the DagBag from /home/airflow/.local/lib/python3.12/site-packages/airflow/example_dags/example_datasets.py
[2024-10-31T22:48:24.916+0000] {processor.py:925} INFO - DAG(s) 'dataset_consumes_1_never_scheduled', 'dataset_produces_1', 'consume_1_and_2_with_dataset_expressions', 'dataset_produces_2', 'consume_1_or_both_2_and_3_with_dataset_expressions', 'dataset_consumes_1_and_2', 'conditional_dataset_and_time_based_timetable', 'consume_1_or_2_with_dataset_expressions', 'dataset_consumes_unknown_never_scheduled', 'dataset_consumes_1' retrieved from /home/airflow/.local/lib/python3.12/site-packages/airflow/example_dags/example_datasets.py
[2024-10-31T22:48:25.038+0000] {logging_mixin.py:190} INFO - [2024-10-31T22:48:25.037+0000] {dag.py:3239} INFO - Sync 10 DAGs
[2024-10-31T22:48:25.085+0000] {logging_mixin.py:190} INFO - [2024-10-31T22:48:25.085+0000] {dag.py:4180} INFO - Setting next_dagrun for conditional_dataset_and_time_based_timetable to 2024-10-30 01:00:00+00:00, run_after=2024-10-30 01:00:00+00:00
[2024-10-31T22:48:25.107+0000] {logging_mixin.py:190} INFO - [2024-10-31T22:48:25.106+0000] {dag.py:4180} INFO - Setting next_dagrun for consume_1_and_2_with_dataset_expressions to None, run_after=None
[2024-10-31T22:48:25.140+0000] {logging_mixin.py:190} INFO - [2024-10-31T22:48:25.139+0000] {dag.py:4180} INFO - Setting next_dagrun for consume_1_or_2_with_dataset_expressions to None, run_after=None
[2024-10-31T22:48:25.174+0000] {logging_mixin.py:190} INFO - [2024-10-31T22:48:25.144+0000] {dag.py:4180} INFO - Setting next_dagrun for consume_1_or_both_2_and_3_with_dataset_expressions to None, run_after=None
[2024-10-31T22:48:25.186+0000] {logging_mixin.py:190} INFO - [2024-10-31T22:48:25.184+0000] {dag.py:4180} INFO - Setting next_dagrun for dataset_consumes_1 to None, run_after=None
[2024-10-31T22:48:25.189+0000] {logging_mixin.py:190} INFO - [2024-10-31T22:48:25.189+0000] {dag.py:4180} INFO - Setting next_dagrun for dataset_consumes_1_and_2 to None, run_after=None
[2024-10-31T22:48:25.193+0000] {logging_mixin.py:190} INFO - [2024-10-31T22:48:25.192+0000] {dag.py:4180} INFO - Setting next_dagrun for dataset_consumes_1_never_scheduled to None, run_after=None
[2024-10-31T22:48:25.196+0000] {logging_mixin.py:190} INFO - [2024-10-31T22:48:25.195+0000] {dag.py:4180} INFO - Setting next_dagrun for dataset_consumes_unknown_never_scheduled to None, run_after=None
[2024-10-31T22:48:25.199+0000] {logging_mixin.py:190} INFO - [2024-10-31T22:48:25.199+0000] {dag.py:4180} INFO - Setting next_dagrun for dataset_produces_1 to 2024-10-30 00:00:00+00:00, run_after=2024-10-31 00:00:00+00:00
[2024-10-31T22:48:25.201+0000] {logging_mixin.py:190} INFO - [2024-10-31T22:48:25.201+0000] {dag.py:4180} INFO - Setting next_dagrun for dataset_produces_2 to None, run_after=None
[2024-10-31T22:48:25.285+0000] {processor.py:208} INFO - Processing /home/airflow/.local/lib/python3.12/site-packages/airflow/example_dags/example_datasets.py took 0.585 seconds
[2024-10-31T22:48:56.008+0000] {processor.py:186} INFO - Started process (PID=612) to work on /home/airflow/.local/lib/python3.12/site-packages/airflow/example_dags/example_datasets.py
[2024-10-31T22:48:56.009+0000] {processor.py:914} INFO - Processing file /home/airflow/.local/lib/python3.12/site-packages/airflow/example_dags/example_datasets.py for tasks to queue
[2024-10-31T22:48:56.011+0000] {logging_mixin.py:190} INFO - [2024-10-31T22:48:56.011+0000] {dagbag.py:588} INFO - Filling up the DagBag from /home/airflow/.local/lib/python3.12/site-packages/airflow/example_dags/example_datasets.py
[2024-10-31T22:48:56.176+0000] {processor.py:925} INFO - DAG(s) 'conditional_dataset_and_time_based_timetable', 'consume_1_or_2_with_dataset_expressions', 'consume_1_and_2_with_dataset_expressions', 'dataset_consumes_unknown_never_scheduled', 'dataset_produces_2', 'dataset_consumes_1', 'dataset_consumes_1_and_2', 'dataset_consumes_1_never_scheduled', 'consume_1_or_both_2_and_3_with_dataset_expressions', 'dataset_produces_1' retrieved from /home/airflow/.local/lib/python3.12/site-packages/airflow/example_dags/example_datasets.py
[2024-10-31T22:48:56.226+0000] {logging_mixin.py:190} INFO - [2024-10-31T22:48:56.226+0000] {dag.py:3239} INFO - Sync 10 DAGs
[2024-10-31T22:48:56.265+0000] {logging_mixin.py:190} INFO - [2024-10-31T22:48:56.265+0000] {dag.py:4180} INFO - Setting next_dagrun for conditional_dataset_and_time_based_timetable to 2024-10-30 01:00:00+00:00, run_after=2024-10-30 01:00:00+00:00
[2024-10-31T22:48:56.272+0000] {logging_mixin.py:190} INFO - [2024-10-31T22:48:56.272+0000] {dag.py:4180} INFO - Setting next_dagrun for consume_1_and_2_with_dataset_expressions to None, run_after=None
[2024-10-31T22:48:56.273+0000] {logging_mixin.py:190} INFO - [2024-10-31T22:48:56.273+0000] {dag.py:4180} INFO - Setting next_dagrun for consume_1_or_2_with_dataset_expressions to None, run_after=None
[2024-10-31T22:48:56.273+0000] {logging_mixin.py:190} INFO - [2024-10-31T22:48:56.273+0000] {dag.py:4180} INFO - Setting next_dagrun for consume_1_or_both_2_and_3_with_dataset_expressions to None, run_after=None
[2024-10-31T22:48:56.274+0000] {logging_mixin.py:190} INFO - [2024-10-31T22:48:56.274+0000] {dag.py:4180} INFO - Setting next_dagrun for dataset_consumes_1 to None, run_after=None
[2024-10-31T22:48:56.275+0000] {logging_mixin.py:190} INFO - [2024-10-31T22:48:56.275+0000] {dag.py:4180} INFO - Setting next_dagrun for dataset_consumes_1_and_2 to None, run_after=None
[2024-10-31T22:48:56.277+0000] {logging_mixin.py:190} INFO - [2024-10-31T22:48:56.277+0000] {dag.py:4180} INFO - Setting next_dagrun for dataset_consumes_1_never_scheduled to None, run_after=None
[2024-10-31T22:48:56.277+0000] {logging_mixin.py:190} INFO - [2024-10-31T22:48:56.277+0000] {dag.py:4180} INFO - Setting next_dagrun for dataset_consumes_unknown_never_scheduled to None, run_after=None
[2024-10-31T22:48:56.279+0000] {logging_mixin.py:190} INFO - [2024-10-31T22:48:56.279+0000] {dag.py:4180} INFO - Setting next_dagrun for dataset_produces_1 to 2024-10-30 00:00:00+00:00, run_after=2024-10-31 00:00:00+00:00
[2024-10-31T22:48:56.280+0000] {logging_mixin.py:190} INFO - [2024-10-31T22:48:56.280+0000] {dag.py:4180} INFO - Setting next_dagrun for dataset_produces_2 to None, run_after=None
[2024-10-31T22:48:56.311+0000] {processor.py:208} INFO - Processing /home/airflow/.local/lib/python3.12/site-packages/airflow/example_dags/example_datasets.py took 0.313 seconds
[2024-10-31T22:49:27.271+0000] {processor.py:186} INFO - Started process (PID=913) to work on /home/airflow/.local/lib/python3.12/site-packages/airflow/example_dags/example_datasets.py
[2024-10-31T22:49:27.273+0000] {processor.py:914} INFO - Processing file /home/airflow/.local/lib/python3.12/site-packages/airflow/example_dags/example_datasets.py for tasks to queue
[2024-10-31T22:49:27.275+0000] {logging_mixin.py:190} INFO - [2024-10-31T22:49:27.274+0000] {dagbag.py:588} INFO - Filling up the DagBag from /home/airflow/.local/lib/python3.12/site-packages/airflow/example_dags/example_datasets.py
[2024-10-31T22:49:27.383+0000] {processor.py:925} INFO - DAG(s) 'consume_1_or_both_2_and_3_with_dataset_expressions', 'dataset_consumes_1_never_scheduled', 'dataset_produces_1', 'consume_1_or_2_with_dataset_expressions', 'dataset_consumes_unknown_never_scheduled', 'dataset_consumes_1', 'dataset_produces_2', 'consume_1_and_2_with_dataset_expressions', 'conditional_dataset_and_time_based_timetable', 'dataset_consumes_1_and_2' retrieved from /home/airflow/.local/lib/python3.12/site-packages/airflow/example_dags/example_datasets.py
[2024-10-31T22:49:27.421+0000] {logging_mixin.py:190} INFO - [2024-10-31T22:49:27.421+0000] {dag.py:3239} INFO - Sync 10 DAGs
[2024-10-31T22:49:27.440+0000] {logging_mixin.py:190} INFO - [2024-10-31T22:49:27.440+0000] {dag.py:4180} INFO - Setting next_dagrun for conditional_dataset_and_time_based_timetable to 2024-10-30 01:00:00+00:00, run_after=2024-10-30 01:00:00+00:00
[2024-10-31T22:49:27.442+0000] {logging_mixin.py:190} INFO - [2024-10-31T22:49:27.442+0000] {dag.py:4180} INFO - Setting next_dagrun for consume_1_and_2_with_dataset_expressions to None, run_after=None
[2024-10-31T22:49:27.442+0000] {logging_mixin.py:190} INFO - [2024-10-31T22:49:27.442+0000] {dag.py:4180} INFO - Setting next_dagrun for consume_1_or_2_with_dataset_expressions to None, run_after=None
[2024-10-31T22:49:27.443+0000] {logging_mixin.py:190} INFO - [2024-10-31T22:49:27.443+0000] {dag.py:4180} INFO - Setting next_dagrun for consume_1_or_both_2_and_3_with_dataset_expressions to None, run_after=None
[2024-10-31T22:49:27.445+0000] {logging_mixin.py:190} INFO - [2024-10-31T22:49:27.445+0000] {dag.py:4180} INFO - Setting next_dagrun for dataset_consumes_1 to None, run_after=None
[2024-10-31T22:49:27.447+0000] {logging_mixin.py:190} INFO - [2024-10-31T22:49:27.447+0000] {dag.py:4180} INFO - Setting next_dagrun for dataset_consumes_1_and_2 to None, run_after=None
[2024-10-31T22:49:27.449+0000] {logging_mixin.py:190} INFO - [2024-10-31T22:49:27.449+0000] {dag.py:4180} INFO - Setting next_dagrun for dataset_consumes_1_never_scheduled to None, run_after=None
[2024-10-31T22:49:27.450+0000] {logging_mixin.py:190} INFO - [2024-10-31T22:49:27.450+0000] {dag.py:4180} INFO - Setting next_dagrun for dataset_consumes_unknown_never_scheduled to None, run_after=None
[2024-10-31T22:49:27.454+0000] {logging_mixin.py:190} INFO - [2024-10-31T22:49:27.454+0000] {dag.py:4180} INFO - Setting next_dagrun for dataset_produces_1 to 2024-10-30 00:00:00+00:00, run_after=2024-10-31 00:00:00+00:00
[2024-10-31T22:49:27.457+0000] {logging_mixin.py:190} INFO - [2024-10-31T22:49:27.457+0000] {dag.py:4180} INFO - Setting next_dagrun for dataset_produces_2 to None, run_after=None
[2024-10-31T22:49:27.488+0000] {processor.py:208} INFO - Processing /home/airflow/.local/lib/python3.12/site-packages/airflow/example_dags/example_datasets.py took 0.225 seconds
[2024-10-31T22:49:57.585+0000] {processor.py:186} INFO - Started process (PID=1217) to work on /home/airflow/.local/lib/python3.12/site-packages/airflow/example_dags/example_datasets.py
[2024-10-31T22:49:57.586+0000] {processor.py:914} INFO - Processing file /home/airflow/.local/lib/python3.12/site-packages/airflow/example_dags/example_datasets.py for tasks to queue
[2024-10-31T22:49:57.587+0000] {logging_mixin.py:190} INFO - [2024-10-31T22:49:57.587+0000] {dagbag.py:588} INFO - Filling up the DagBag from /home/airflow/.local/lib/python3.12/site-packages/airflow/example_dags/example_datasets.py
[2024-10-31T22:49:57.690+0000] {processor.py:925} INFO - DAG(s) 'conditional_dataset_and_time_based_timetable', 'dataset_consumes_1_never_scheduled', 'dataset_consumes_1', 'dataset_produces_2', 'consume_1_and_2_with_dataset_expressions', 'dataset_consumes_unknown_never_scheduled', 'dataset_consumes_1_and_2', 'consume_1_or_both_2_and_3_with_dataset_expressions', 'consume_1_or_2_with_dataset_expressions', 'dataset_produces_1' retrieved from /home/airflow/.local/lib/python3.12/site-packages/airflow/example_dags/example_datasets.py
[2024-10-31T22:49:57.719+0000] {logging_mixin.py:190} INFO - [2024-10-31T22:49:57.718+0000] {dag.py:3239} INFO - Sync 10 DAGs
[2024-10-31T22:49:57.736+0000] {logging_mixin.py:190} INFO - [2024-10-31T22:49:57.736+0000] {dag.py:4180} INFO - Setting next_dagrun for conditional_dataset_and_time_based_timetable to 2024-10-30 01:00:00+00:00, run_after=2024-10-30 01:00:00+00:00
[2024-10-31T22:49:57.739+0000] {logging_mixin.py:190} INFO - [2024-10-31T22:49:57.739+0000] {dag.py:4180} INFO - Setting next_dagrun for consume_1_and_2_with_dataset_expressions to None, run_after=None
[2024-10-31T22:49:57.741+0000] {logging_mixin.py:190} INFO - [2024-10-31T22:49:57.741+0000] {dag.py:4180} INFO - Setting next_dagrun for consume_1_or_2_with_dataset_expressions to None, run_after=None
[2024-10-31T22:49:57.747+0000] {logging_mixin.py:190} INFO - [2024-10-31T22:49:57.747+0000] {dag.py:4180} INFO - Setting next_dagrun for consume_1_or_both_2_and_3_with_dataset_expressions to None, run_after=None
[2024-10-31T22:49:57.750+0000] {logging_mixin.py:190} INFO - [2024-10-31T22:49:57.750+0000] {dag.py:4180} INFO - Setting next_dagrun for dataset_consumes_1 to None, run_after=None
[2024-10-31T22:49:57.751+0000] {logging_mixin.py:190} INFO - [2024-10-31T22:49:57.751+0000] {dag.py:4180} INFO - Setting next_dagrun for dataset_consumes_1_and_2 to None, run_after=None
[2024-10-31T22:49:57.753+0000] {logging_mixin.py:190} INFO - [2024-10-31T22:49:57.753+0000] {dag.py:4180} INFO - Setting next_dagrun for dataset_consumes_1_never_scheduled to None, run_after=None
[2024-10-31T22:49:57.755+0000] {logging_mixin.py:190} INFO - [2024-10-31T22:49:57.755+0000] {dag.py:4180} INFO - Setting next_dagrun for dataset_consumes_unknown_never_scheduled to None, run_after=None
[2024-10-31T22:49:57.757+0000] {logging_mixin.py:190} INFO - [2024-10-31T22:49:57.757+0000] {dag.py:4180} INFO - Setting next_dagrun for dataset_produces_1 to 2024-10-30 00:00:00+00:00, run_after=2024-10-31 00:00:00+00:00
[2024-10-31T22:49:57.758+0000] {logging_mixin.py:190} INFO - [2024-10-31T22:49:57.758+0000] {dag.py:4180} INFO - Setting next_dagrun for dataset_produces_2 to None, run_after=None
[2024-10-31T22:49:57.787+0000] {processor.py:208} INFO - Processing /home/airflow/.local/lib/python3.12/site-packages/airflow/example_dags/example_datasets.py took 0.207 seconds
