[2024-10-31T22:45:17.473+0000] {processor.py:186} INFO - Started process (PID=353) to work on /home/airflow/.local/lib/python3.12/site-packages/airflow/example_dags/example_dag_decorator.py
[2024-10-31T22:45:17.476+0000] {processor.py:914} INFO - Processing file /home/airflow/.local/lib/python3.12/site-packages/airflow/example_dags/example_dag_decorator.py for tasks to queue
[2024-10-31T22:45:17.487+0000] {logging_mixin.py:190} INFO - [2024-10-31T22:45:17.486+0000] {dagbag.py:588} INFO - Filling up the DagBag from /home/airflow/.local/lib/python3.12/site-packages/airflow/example_dags/example_dag_decorator.py
[2024-10-31T22:45:17.515+0000] {processor.py:925} INFO - DAG(s) 'example_dag_decorator' retrieved from /home/airflow/.local/lib/python3.12/site-packages/airflow/example_dags/example_dag_decorator.py
[2024-10-31T22:45:17.636+0000] {logging_mixin.py:190} INFO - [2024-10-31T22:45:17.635+0000] {override.py:1900} INFO - Created Permission View: can delete on DAG:example_dag_decorator
[2024-10-31T22:45:17.663+0000] {logging_mixin.py:190} INFO - [2024-10-31T22:45:17.662+0000] {override.py:1900} INFO - Created Permission View: can read on DAG:example_dag_decorator
[2024-10-31T22:45:17.678+0000] {logging_mixin.py:190} INFO - [2024-10-31T22:45:17.677+0000] {override.py:1900} INFO - Created Permission View: can edit on DAG:example_dag_decorator
[2024-10-31T22:45:17.682+0000] {logging_mixin.py:190} INFO - [2024-10-31T22:45:17.682+0000] {override.py:1900} INFO - Created Permission View: can create on DAG Run:example_dag_decorator
[2024-10-31T22:45:17.693+0000] {logging_mixin.py:190} INFO - [2024-10-31T22:45:17.693+0000] {override.py:1900} INFO - Created Permission View: can delete on DAG Run:example_dag_decorator
[2024-10-31T22:45:17.699+0000] {logging_mixin.py:190} INFO - [2024-10-31T22:45:17.699+0000] {override.py:1900} INFO - Created Permission View: can read on DAG Run:example_dag_decorator
[2024-10-31T22:45:17.706+0000] {logging_mixin.py:190} INFO - [2024-10-31T22:45:17.706+0000] {override.py:1900} INFO - Created Permission View: menu access on DAG Run:example_dag_decorator
[2024-10-31T22:45:17.707+0000] {logging_mixin.py:190} INFO - [2024-10-31T22:45:17.706+0000] {dag.py:3239} INFO - Sync 1 DAGs
[2024-10-31T22:45:17.720+0000] {logging_mixin.py:190} INFO - [2024-10-31T22:45:17.720+0000] {dag.py:3262} INFO - Creating ORM DAG for example_dag_decorator
[2024-10-31T22:45:17.722+0000] {logging_mixin.py:190} INFO - [2024-10-31T22:45:17.722+0000] {dag.py:4180} INFO - Setting next_dagrun for example_dag_decorator to None, run_after=None
[2024-10-31T22:45:17.740+0000] {processor.py:208} INFO - Processing /home/airflow/.local/lib/python3.12/site-packages/airflow/example_dags/example_dag_decorator.py took 0.288 seconds
[2024-10-31T22:45:48.567+0000] {processor.py:186} INFO - Started process (PID=646) to work on /home/airflow/.local/lib/python3.12/site-packages/airflow/example_dags/example_dag_decorator.py
[2024-10-31T22:45:48.569+0000] {processor.py:914} INFO - Processing file /home/airflow/.local/lib/python3.12/site-packages/airflow/example_dags/example_dag_decorator.py for tasks to queue
[2024-10-31T22:45:48.573+0000] {logging_mixin.py:190} INFO - [2024-10-31T22:45:48.573+0000] {dagbag.py:588} INFO - Filling up the DagBag from /home/airflow/.local/lib/python3.12/site-packages/airflow/example_dags/example_dag_decorator.py
[2024-10-31T22:45:48.594+0000] {processor.py:925} INFO - DAG(s) 'example_dag_decorator' retrieved from /home/airflow/.local/lib/python3.12/site-packages/airflow/example_dags/example_dag_decorator.py
[2024-10-31T22:45:48.696+0000] {logging_mixin.py:190} INFO - [2024-10-31T22:45:48.695+0000] {dag.py:3239} INFO - Sync 1 DAGs
[2024-10-31T22:45:48.703+0000] {logging_mixin.py:190} INFO - [2024-10-31T22:45:48.703+0000] {dag.py:4180} INFO - Setting next_dagrun for example_dag_decorator to None, run_after=None
[2024-10-31T22:45:48.722+0000] {processor.py:208} INFO - Processing /home/airflow/.local/lib/python3.12/site-packages/airflow/example_dags/example_dag_decorator.py took 0.162 seconds
[2024-10-31T22:46:19.290+0000] {processor.py:186} INFO - Started process (PID=935) to work on /home/airflow/.local/lib/python3.12/site-packages/airflow/example_dags/example_dag_decorator.py
[2024-10-31T22:46:19.293+0000] {processor.py:914} INFO - Processing file /home/airflow/.local/lib/python3.12/site-packages/airflow/example_dags/example_dag_decorator.py for tasks to queue
[2024-10-31T22:46:19.296+0000] {logging_mixin.py:190} INFO - [2024-10-31T22:46:19.295+0000] {dagbag.py:588} INFO - Filling up the DagBag from /home/airflow/.local/lib/python3.12/site-packages/airflow/example_dags/example_dag_decorator.py
[2024-10-31T22:46:19.307+0000] {processor.py:925} INFO - DAG(s) 'example_dag_decorator' retrieved from /home/airflow/.local/lib/python3.12/site-packages/airflow/example_dags/example_dag_decorator.py
[2024-10-31T22:46:19.435+0000] {logging_mixin.py:190} INFO - [2024-10-31T22:46:19.435+0000] {dag.py:3239} INFO - Sync 1 DAGs
[2024-10-31T22:46:19.447+0000] {logging_mixin.py:190} INFO - [2024-10-31T22:46:19.446+0000] {dag.py:4180} INFO - Setting next_dagrun for example_dag_decorator to None, run_after=None
[2024-10-31T22:46:19.460+0000] {processor.py:208} INFO - Processing /home/airflow/.local/lib/python3.12/site-packages/airflow/example_dags/example_dag_decorator.py took 0.174 seconds
[2024-10-31T22:46:49.590+0000] {processor.py:186} INFO - Started process (PID=1226) to work on /home/airflow/.local/lib/python3.12/site-packages/airflow/example_dags/example_dag_decorator.py
[2024-10-31T22:46:49.591+0000] {processor.py:914} INFO - Processing file /home/airflow/.local/lib/python3.12/site-packages/airflow/example_dags/example_dag_decorator.py for tasks to queue
[2024-10-31T22:46:49.595+0000] {logging_mixin.py:190} INFO - [2024-10-31T22:46:49.594+0000] {dagbag.py:588} INFO - Filling up the DagBag from /home/airflow/.local/lib/python3.12/site-packages/airflow/example_dags/example_dag_decorator.py
[2024-10-31T22:46:49.604+0000] {processor.py:925} INFO - DAG(s) 'example_dag_decorator' retrieved from /home/airflow/.local/lib/python3.12/site-packages/airflow/example_dags/example_dag_decorator.py
[2024-10-31T22:46:49.697+0000] {logging_mixin.py:190} INFO - [2024-10-31T22:46:49.697+0000] {dag.py:3239} INFO - Sync 1 DAGs
[2024-10-31T22:46:49.705+0000] {logging_mixin.py:190} INFO - [2024-10-31T22:46:49.705+0000] {dag.py:4180} INFO - Setting next_dagrun for example_dag_decorator to None, run_after=None
[2024-10-31T22:46:49.720+0000] {processor.py:208} INFO - Processing /home/airflow/.local/lib/python3.12/site-packages/airflow/example_dags/example_dag_decorator.py took 0.134 seconds
[2024-10-31T22:47:20.731+0000] {processor.py:186} INFO - Started process (PID=1517) to work on /home/airflow/.local/lib/python3.12/site-packages/airflow/example_dags/example_dag_decorator.py
[2024-10-31T22:47:20.733+0000] {processor.py:914} INFO - Processing file /home/airflow/.local/lib/python3.12/site-packages/airflow/example_dags/example_dag_decorator.py for tasks to queue
[2024-10-31T22:47:20.734+0000] {logging_mixin.py:190} INFO - [2024-10-31T22:47:20.733+0000] {dagbag.py:588} INFO - Filling up the DagBag from /home/airflow/.local/lib/python3.12/site-packages/airflow/example_dags/example_dag_decorator.py
[2024-10-31T22:47:20.747+0000] {processor.py:925} INFO - DAG(s) 'example_dag_decorator' retrieved from /home/airflow/.local/lib/python3.12/site-packages/airflow/example_dags/example_dag_decorator.py
[2024-10-31T22:47:20.762+0000] {logging_mixin.py:190} INFO - [2024-10-31T22:47:20.761+0000] {dag.py:3239} INFO - Sync 1 DAGs
[2024-10-31T22:47:20.770+0000] {logging_mixin.py:190} INFO - [2024-10-31T22:47:20.770+0000] {dag.py:4180} INFO - Setting next_dagrun for example_dag_decorator to None, run_after=None
[2024-10-31T22:47:20.785+0000] {processor.py:208} INFO - Processing /home/airflow/.local/lib/python3.12/site-packages/airflow/example_dags/example_dag_decorator.py took 0.057 seconds
[2024-10-31T22:48:25.661+0000] {processor.py:186} INFO - Started process (PID=354) to work on /home/airflow/.local/lib/python3.12/site-packages/airflow/example_dags/example_dag_decorator.py
[2024-10-31T22:48:25.663+0000] {processor.py:914} INFO - Processing file /home/airflow/.local/lib/python3.12/site-packages/airflow/example_dags/example_dag_decorator.py for tasks to queue
[2024-10-31T22:48:25.666+0000] {logging_mixin.py:190} INFO - [2024-10-31T22:48:25.666+0000] {dagbag.py:588} INFO - Filling up the DagBag from /home/airflow/.local/lib/python3.12/site-packages/airflow/example_dags/example_dag_decorator.py
[2024-10-31T22:48:25.680+0000] {processor.py:925} INFO - DAG(s) 'example_dag_decorator' retrieved from /home/airflow/.local/lib/python3.12/site-packages/airflow/example_dags/example_dag_decorator.py
[2024-10-31T22:48:25.791+0000] {logging_mixin.py:190} INFO - [2024-10-31T22:48:25.791+0000] {dag.py:3239} INFO - Sync 1 DAGs
[2024-10-31T22:48:25.803+0000] {logging_mixin.py:190} INFO - [2024-10-31T22:48:25.803+0000] {dag.py:4180} INFO - Setting next_dagrun for example_dag_decorator to None, run_after=None
[2024-10-31T22:48:25.822+0000] {processor.py:208} INFO - Processing /home/airflow/.local/lib/python3.12/site-packages/airflow/example_dags/example_dag_decorator.py took 0.165 seconds
[2024-10-31T22:48:56.464+0000] {processor.py:186} INFO - Started process (PID=647) to work on /home/airflow/.local/lib/python3.12/site-packages/airflow/example_dags/example_dag_decorator.py
[2024-10-31T22:48:56.464+0000] {processor.py:914} INFO - Processing file /home/airflow/.local/lib/python3.12/site-packages/airflow/example_dags/example_dag_decorator.py for tasks to queue
[2024-10-31T22:48:56.465+0000] {logging_mixin.py:190} INFO - [2024-10-31T22:48:56.465+0000] {dagbag.py:588} INFO - Filling up the DagBag from /home/airflow/.local/lib/python3.12/site-packages/airflow/example_dags/example_dag_decorator.py
[2024-10-31T22:48:56.474+0000] {processor.py:925} INFO - DAG(s) 'example_dag_decorator' retrieved from /home/airflow/.local/lib/python3.12/site-packages/airflow/example_dags/example_dag_decorator.py
[2024-10-31T22:48:56.533+0000] {logging_mixin.py:190} INFO - [2024-10-31T22:48:56.533+0000] {dag.py:3239} INFO - Sync 1 DAGs
[2024-10-31T22:48:56.543+0000] {logging_mixin.py:190} INFO - [2024-10-31T22:48:56.543+0000] {dag.py:4180} INFO - Setting next_dagrun for example_dag_decorator to None, run_after=None
[2024-10-31T22:48:56.554+0000] {processor.py:208} INFO - Processing /home/airflow/.local/lib/python3.12/site-packages/airflow/example_dags/example_dag_decorator.py took 0.094 seconds
[2024-10-31T22:49:27.511+0000] {processor.py:186} INFO - Started process (PID=936) to work on /home/airflow/.local/lib/python3.12/site-packages/airflow/example_dags/example_dag_decorator.py
[2024-10-31T22:49:27.512+0000] {processor.py:914} INFO - Processing file /home/airflow/.local/lib/python3.12/site-packages/airflow/example_dags/example_dag_decorator.py for tasks to queue
[2024-10-31T22:49:27.516+0000] {logging_mixin.py:190} INFO - [2024-10-31T22:49:27.516+0000] {dagbag.py:588} INFO - Filling up the DagBag from /home/airflow/.local/lib/python3.12/site-packages/airflow/example_dags/example_dag_decorator.py
[2024-10-31T22:49:27.525+0000] {processor.py:925} INFO - DAG(s) 'example_dag_decorator' retrieved from /home/airflow/.local/lib/python3.12/site-packages/airflow/example_dags/example_dag_decorator.py
[2024-10-31T22:49:27.610+0000] {logging_mixin.py:190} INFO - [2024-10-31T22:49:27.610+0000] {dag.py:3239} INFO - Sync 1 DAGs
[2024-10-31T22:49:27.619+0000] {logging_mixin.py:190} INFO - [2024-10-31T22:49:27.619+0000] {dag.py:4180} INFO - Setting next_dagrun for example_dag_decorator to None, run_after=None
[2024-10-31T22:49:27.635+0000] {processor.py:208} INFO - Processing /home/airflow/.local/lib/python3.12/site-packages/airflow/example_dags/example_dag_decorator.py took 0.128 seconds
[2024-10-31T22:49:57.712+0000] {processor.py:186} INFO - Started process (PID=1227) to work on /home/airflow/.local/lib/python3.12/site-packages/airflow/example_dags/example_dag_decorator.py
[2024-10-31T22:49:57.713+0000] {processor.py:914} INFO - Processing file /home/airflow/.local/lib/python3.12/site-packages/airflow/example_dags/example_dag_decorator.py for tasks to queue
[2024-10-31T22:49:57.715+0000] {logging_mixin.py:190} INFO - [2024-10-31T22:49:57.715+0000] {dagbag.py:588} INFO - Filling up the DagBag from /home/airflow/.local/lib/python3.12/site-packages/airflow/example_dags/example_dag_decorator.py
[2024-10-31T22:49:57.722+0000] {processor.py:925} INFO - DAG(s) 'example_dag_decorator' retrieved from /home/airflow/.local/lib/python3.12/site-packages/airflow/example_dags/example_dag_decorator.py
[2024-10-31T22:49:57.814+0000] {logging_mixin.py:190} INFO - [2024-10-31T22:49:57.813+0000] {dag.py:3239} INFO - Sync 1 DAGs
[2024-10-31T22:49:57.821+0000] {logging_mixin.py:190} INFO - [2024-10-31T22:49:57.821+0000] {dag.py:4180} INFO - Setting next_dagrun for example_dag_decorator to None, run_after=None
[2024-10-31T22:49:57.835+0000] {processor.py:208} INFO - Processing /home/airflow/.local/lib/python3.12/site-packages/airflow/example_dags/example_dag_decorator.py took 0.126 seconds
[2024-10-31T22:50:28.658+0000] {processor.py:186} INFO - Started process (PID=1519) to work on /home/airflow/.local/lib/python3.12/site-packages/airflow/example_dags/example_dag_decorator.py
[2024-10-31T22:50:28.659+0000] {processor.py:914} INFO - Processing file /home/airflow/.local/lib/python3.12/site-packages/airflow/example_dags/example_dag_decorator.py for tasks to queue
[2024-10-31T22:50:28.663+0000] {logging_mixin.py:190} INFO - [2024-10-31T22:50:28.663+0000] {dagbag.py:588} INFO - Filling up the DagBag from /home/airflow/.local/lib/python3.12/site-packages/airflow/example_dags/example_dag_decorator.py
[2024-10-31T22:50:28.680+0000] {processor.py:925} INFO - DAG(s) 'example_dag_decorator' retrieved from /home/airflow/.local/lib/python3.12/site-packages/airflow/example_dags/example_dag_decorator.py
[2024-10-31T22:50:28.787+0000] {logging_mixin.py:190} INFO - [2024-10-31T22:50:28.787+0000] {dag.py:3239} INFO - Sync 1 DAGs
[2024-10-31T22:50:28.796+0000] {logging_mixin.py:190} INFO - [2024-10-31T22:50:28.796+0000] {dag.py:4180} INFO - Setting next_dagrun for example_dag_decorator to None, run_after=None
[2024-10-31T22:50:28.808+0000] {processor.py:208} INFO - Processing /home/airflow/.local/lib/python3.12/site-packages/airflow/example_dags/example_dag_decorator.py took 0.162 seconds
[2024-10-31T22:50:59.045+0000] {processor.py:186} INFO - Started process (PID=1808) to work on /home/airflow/.local/lib/python3.12/site-packages/airflow/example_dags/example_dag_decorator.py
[2024-10-31T22:50:59.047+0000] {processor.py:914} INFO - Processing file /home/airflow/.local/lib/python3.12/site-packages/airflow/example_dags/example_dag_decorator.py for tasks to queue
[2024-10-31T22:50:59.050+0000] {logging_mixin.py:190} INFO - [2024-10-31T22:50:59.049+0000] {dagbag.py:588} INFO - Filling up the DagBag from /home/airflow/.local/lib/python3.12/site-packages/airflow/example_dags/example_dag_decorator.py
[2024-10-31T22:50:59.059+0000] {processor.py:925} INFO - DAG(s) 'example_dag_decorator' retrieved from /home/airflow/.local/lib/python3.12/site-packages/airflow/example_dags/example_dag_decorator.py
[2024-10-31T22:50:59.082+0000] {logging_mixin.py:190} INFO - [2024-10-31T22:50:59.082+0000] {dag.py:3239} INFO - Sync 1 DAGs
[2024-10-31T22:50:59.093+0000] {logging_mixin.py:190} INFO - [2024-10-31T22:50:59.093+0000] {dag.py:4180} INFO - Setting next_dagrun for example_dag_decorator to None, run_after=None
[2024-10-31T22:50:59.106+0000] {processor.py:208} INFO - Processing /home/airflow/.local/lib/python3.12/site-packages/airflow/example_dags/example_dag_decorator.py took 0.069 seconds
[2024-10-31T22:51:29.470+0000] {processor.py:186} INFO - Started process (PID=2099) to work on /home/airflow/.local/lib/python3.12/site-packages/airflow/example_dags/example_dag_decorator.py
[2024-10-31T22:51:29.471+0000] {processor.py:914} INFO - Processing file /home/airflow/.local/lib/python3.12/site-packages/airflow/example_dags/example_dag_decorator.py for tasks to queue
[2024-10-31T22:51:29.472+0000] {logging_mixin.py:190} INFO - [2024-10-31T22:51:29.472+0000] {dagbag.py:588} INFO - Filling up the DagBag from /home/airflow/.local/lib/python3.12/site-packages/airflow/example_dags/example_dag_decorator.py
[2024-10-31T22:51:29.484+0000] {processor.py:925} INFO - DAG(s) 'example_dag_decorator' retrieved from /home/airflow/.local/lib/python3.12/site-packages/airflow/example_dags/example_dag_decorator.py
[2024-10-31T22:51:29.573+0000] {logging_mixin.py:190} INFO - [2024-10-31T22:51:29.573+0000] {dag.py:3239} INFO - Sync 1 DAGs
[2024-10-31T22:51:29.581+0000] {logging_mixin.py:190} INFO - [2024-10-31T22:51:29.581+0000] {dag.py:4180} INFO - Setting next_dagrun for example_dag_decorator to None, run_after=None
[2024-10-31T22:51:29.591+0000] {processor.py:208} INFO - Processing /home/airflow/.local/lib/python3.12/site-packages/airflow/example_dags/example_dag_decorator.py took 0.126 seconds
[2024-10-31T22:52:00.204+0000] {processor.py:186} INFO - Started process (PID=2390) to work on /home/airflow/.local/lib/python3.12/site-packages/airflow/example_dags/example_dag_decorator.py
[2024-10-31T22:52:00.205+0000] {processor.py:914} INFO - Processing file /home/airflow/.local/lib/python3.12/site-packages/airflow/example_dags/example_dag_decorator.py for tasks to queue
[2024-10-31T22:52:00.208+0000] {logging_mixin.py:190} INFO - [2024-10-31T22:52:00.207+0000] {dagbag.py:588} INFO - Filling up the DagBag from /home/airflow/.local/lib/python3.12/site-packages/airflow/example_dags/example_dag_decorator.py
[2024-10-31T22:52:00.220+0000] {processor.py:925} INFO - DAG(s) 'example_dag_decorator' retrieved from /home/airflow/.local/lib/python3.12/site-packages/airflow/example_dags/example_dag_decorator.py
[2024-10-31T22:52:00.308+0000] {logging_mixin.py:190} INFO - [2024-10-31T22:52:00.308+0000] {dag.py:3239} INFO - Sync 1 DAGs
[2024-10-31T22:52:00.318+0000] {logging_mixin.py:190} INFO - [2024-10-31T22:52:00.318+0000] {dag.py:4180} INFO - Setting next_dagrun for example_dag_decorator to None, run_after=None
[2024-10-31T22:52:00.336+0000] {processor.py:208} INFO - Processing /home/airflow/.local/lib/python3.12/site-packages/airflow/example_dags/example_dag_decorator.py took 0.138 seconds
[2024-10-31T22:52:30.842+0000] {processor.py:186} INFO - Started process (PID=2681) to work on /home/airflow/.local/lib/python3.12/site-packages/airflow/example_dags/example_dag_decorator.py
[2024-10-31T22:52:30.843+0000] {processor.py:914} INFO - Processing file /home/airflow/.local/lib/python3.12/site-packages/airflow/example_dags/example_dag_decorator.py for tasks to queue
[2024-10-31T22:52:30.845+0000] {logging_mixin.py:190} INFO - [2024-10-31T22:52:30.844+0000] {dagbag.py:588} INFO - Filling up the DagBag from /home/airflow/.local/lib/python3.12/site-packages/airflow/example_dags/example_dag_decorator.py
[2024-10-31T22:52:30.857+0000] {processor.py:925} INFO - DAG(s) 'example_dag_decorator' retrieved from /home/airflow/.local/lib/python3.12/site-packages/airflow/example_dags/example_dag_decorator.py
[2024-10-31T22:52:30.938+0000] {logging_mixin.py:190} INFO - [2024-10-31T22:52:30.938+0000] {dag.py:3239} INFO - Sync 1 DAGs
[2024-10-31T22:52:30.945+0000] {logging_mixin.py:190} INFO - [2024-10-31T22:52:30.945+0000] {dag.py:4180} INFO - Setting next_dagrun for example_dag_decorator to None, run_after=None
[2024-10-31T22:52:30.958+0000] {processor.py:208} INFO - Processing /home/airflow/.local/lib/python3.12/site-packages/airflow/example_dags/example_dag_decorator.py took 0.123 seconds
