[2024-10-31T22:45:12.285+0000] {processor.py:186} INFO - Started process (PID=225) to work on /home/airflow/.local/lib/python3.12/site-packages/airflow/example_dags/example_dataset_alias_with_no_taskflow.py
[2024-10-31T22:45:12.287+0000] {processor.py:914} INFO - Processing file /home/airflow/.local/lib/python3.12/site-packages/airflow/example_dags/example_dataset_alias_with_no_taskflow.py for tasks to queue
[2024-10-31T22:45:12.289+0000] {logging_mixin.py:190} INFO - [2024-10-31T22:45:12.289+0000] {dagbag.py:588} INFO - Filling up the DagBag from /home/airflow/.local/lib/python3.12/site-packages/airflow/example_dags/example_dataset_alias_with_no_taskflow.py
[2024-10-31T22:45:12.759+0000] {processor.py:925} INFO - DAG(s) 'dataset_s3_bucket_consumer_with_no_taskflow', 'dataset_alias_example_alias_consumer_with_no_taskflow', 'dataset_s3_bucket_producer_with_no_taskflow', 'dataset_alias_example_alias_producer_with_no_taskflow' retrieved from /home/airflow/.local/lib/python3.12/site-packages/airflow/example_dags/example_dataset_alias_with_no_taskflow.py
[2024-10-31T22:45:12.829+0000] {logging_mixin.py:190} INFO - [2024-10-31T22:45:12.828+0000] {override.py:1900} INFO - Created Permission View: can delete on DAG:dataset_s3_bucket_consumer_with_no_taskflow
[2024-10-31T22:45:12.845+0000] {logging_mixin.py:190} INFO - [2024-10-31T22:45:12.845+0000] {override.py:1900} INFO - Created Permission View: can read on DAG:dataset_s3_bucket_consumer_with_no_taskflow
[2024-10-31T22:45:12.850+0000] {logging_mixin.py:190} INFO - [2024-10-31T22:45:12.850+0000] {override.py:1900} INFO - Created Permission View: can edit on DAG:dataset_s3_bucket_consumer_with_no_taskflow
[2024-10-31T22:45:12.856+0000] {logging_mixin.py:190} INFO - [2024-10-31T22:45:12.856+0000] {override.py:1900} INFO - Created Permission View: can create on DAG Run:dataset_s3_bucket_consumer_with_no_taskflow
[2024-10-31T22:45:12.860+0000] {logging_mixin.py:190} INFO - [2024-10-31T22:45:12.859+0000] {override.py:1900} INFO - Created Permission View: can delete on DAG Run:dataset_s3_bucket_consumer_with_no_taskflow
[2024-10-31T22:45:12.864+0000] {logging_mixin.py:190} INFO - [2024-10-31T22:45:12.864+0000] {override.py:1900} INFO - Created Permission View: can read on DAG Run:dataset_s3_bucket_consumer_with_no_taskflow
[2024-10-31T22:45:12.869+0000] {logging_mixin.py:190} INFO - [2024-10-31T22:45:12.869+0000] {override.py:1900} INFO - Created Permission View: menu access on DAG Run:dataset_s3_bucket_consumer_with_no_taskflow
[2024-10-31T22:45:12.883+0000] {logging_mixin.py:190} INFO - [2024-10-31T22:45:12.882+0000] {override.py:1900} INFO - Created Permission View: can delete on DAG:dataset_alias_example_alias_consumer_with_no_taskflow
[2024-10-31T22:45:12.889+0000] {logging_mixin.py:190} INFO - [2024-10-31T22:45:12.889+0000] {override.py:1900} INFO - Created Permission View: can read on DAG:dataset_alias_example_alias_consumer_with_no_taskflow
[2024-10-31T22:45:12.894+0000] {logging_mixin.py:190} INFO - [2024-10-31T22:45:12.893+0000] {override.py:1900} INFO - Created Permission View: can edit on DAG:dataset_alias_example_alias_consumer_with_no_taskflow
[2024-10-31T22:45:12.898+0000] {logging_mixin.py:190} INFO - [2024-10-31T22:45:12.898+0000] {override.py:1900} INFO - Created Permission View: can create on DAG Run:dataset_alias_example_alias_consumer_with_no_taskflow
[2024-10-31T22:45:12.909+0000] {logging_mixin.py:190} INFO - [2024-10-31T22:45:12.908+0000] {override.py:1900} INFO - Created Permission View: can delete on DAG Run:dataset_alias_example_alias_consumer_with_no_taskflow
[2024-10-31T22:45:12.912+0000] {logging_mixin.py:190} INFO - [2024-10-31T22:45:12.912+0000] {override.py:1900} INFO - Created Permission View: can read on DAG Run:dataset_alias_example_alias_consumer_with_no_taskflow
[2024-10-31T22:45:12.919+0000] {logging_mixin.py:190} INFO - [2024-10-31T22:45:12.918+0000] {override.py:1900} INFO - Created Permission View: menu access on DAG Run:dataset_alias_example_alias_consumer_with_no_taskflow
[2024-10-31T22:45:12.926+0000] {logging_mixin.py:190} INFO - [2024-10-31T22:45:12.926+0000] {override.py:1900} INFO - Created Permission View: can delete on DAG:dataset_s3_bucket_producer_with_no_taskflow
[2024-10-31T22:45:12.934+0000] {logging_mixin.py:190} INFO - [2024-10-31T22:45:12.934+0000] {override.py:1900} INFO - Created Permission View: can read on DAG:dataset_s3_bucket_producer_with_no_taskflow
[2024-10-31T22:45:12.940+0000] {logging_mixin.py:190} INFO - [2024-10-31T22:45:12.940+0000] {override.py:1900} INFO - Created Permission View: can edit on DAG:dataset_s3_bucket_producer_with_no_taskflow
[2024-10-31T22:45:12.945+0000] {logging_mixin.py:190} INFO - [2024-10-31T22:45:12.945+0000] {override.py:1900} INFO - Created Permission View: can create on DAG Run:dataset_s3_bucket_producer_with_no_taskflow
[2024-10-31T22:45:12.951+0000] {logging_mixin.py:190} INFO - [2024-10-31T22:45:12.951+0000] {override.py:1900} INFO - Created Permission View: can delete on DAG Run:dataset_s3_bucket_producer_with_no_taskflow
[2024-10-31T22:45:12.958+0000] {logging_mixin.py:190} INFO - [2024-10-31T22:45:12.958+0000] {override.py:1900} INFO - Created Permission View: can read on DAG Run:dataset_s3_bucket_producer_with_no_taskflow
[2024-10-31T22:45:12.963+0000] {logging_mixin.py:190} INFO - [2024-10-31T22:45:12.963+0000] {override.py:1900} INFO - Created Permission View: menu access on DAG Run:dataset_s3_bucket_producer_with_no_taskflow
[2024-10-31T22:45:12.977+0000] {logging_mixin.py:190} INFO - [2024-10-31T22:45:12.976+0000] {override.py:1900} INFO - Created Permission View: can delete on DAG:dataset_alias_example_alias_producer_with_no_taskflow
[2024-10-31T22:45:12.986+0000] {logging_mixin.py:190} INFO - [2024-10-31T22:45:12.985+0000] {override.py:1900} INFO - Created Permission View: can read on DAG:dataset_alias_example_alias_producer_with_no_taskflow
[2024-10-31T22:45:12.991+0000] {logging_mixin.py:190} INFO - [2024-10-31T22:45:12.991+0000] {override.py:1900} INFO - Created Permission View: can edit on DAG:dataset_alias_example_alias_producer_with_no_taskflow
[2024-10-31T22:45:12.994+0000] {logging_mixin.py:190} INFO - [2024-10-31T22:45:12.994+0000] {override.py:1900} INFO - Created Permission View: can create on DAG Run:dataset_alias_example_alias_producer_with_no_taskflow
[2024-10-31T22:45:13.001+0000] {logging_mixin.py:190} INFO - [2024-10-31T22:45:13.000+0000] {override.py:1900} INFO - Created Permission View: can delete on DAG Run:dataset_alias_example_alias_producer_with_no_taskflow
[2024-10-31T22:45:13.008+0000] {logging_mixin.py:190} INFO - [2024-10-31T22:45:13.007+0000] {override.py:1900} INFO - Created Permission View: can read on DAG Run:dataset_alias_example_alias_producer_with_no_taskflow
[2024-10-31T22:45:13.014+0000] {logging_mixin.py:190} INFO - [2024-10-31T22:45:13.014+0000] {override.py:1900} INFO - Created Permission View: menu access on DAG Run:dataset_alias_example_alias_producer_with_no_taskflow
[2024-10-31T22:45:13.015+0000] {logging_mixin.py:190} INFO - [2024-10-31T22:45:13.015+0000] {dag.py:3239} INFO - Sync 4 DAGs
[2024-10-31T22:45:13.023+0000] {logging_mixin.py:190} INFO - [2024-10-31T22:45:13.023+0000] {dag.py:3262} INFO - Creating ORM DAG for dataset_alias_example_alias_producer_with_no_taskflow
[2024-10-31T22:45:13.024+0000] {logging_mixin.py:190} INFO - [2024-10-31T22:45:13.024+0000] {dag.py:3262} INFO - Creating ORM DAG for dataset_s3_bucket_producer_with_no_taskflow
[2024-10-31T22:45:13.024+0000] {logging_mixin.py:190} INFO - [2024-10-31T22:45:13.024+0000] {dag.py:3262} INFO - Creating ORM DAG for dataset_alias_example_alias_consumer_with_no_taskflow
[2024-10-31T22:45:13.024+0000] {logging_mixin.py:190} INFO - [2024-10-31T22:45:13.024+0000] {dag.py:3262} INFO - Creating ORM DAG for dataset_s3_bucket_consumer_with_no_taskflow
[2024-10-31T22:45:13.029+0000] {logging_mixin.py:190} INFO - [2024-10-31T22:45:13.029+0000] {dag.py:4180} INFO - Setting next_dagrun for dataset_alias_example_alias_consumer_with_no_taskflow to None, run_after=None
[2024-10-31T22:45:13.030+0000] {logging_mixin.py:190} INFO - [2024-10-31T22:45:13.030+0000] {dag.py:4180} INFO - Setting next_dagrun for dataset_alias_example_alias_producer_with_no_taskflow to None, run_after=None
[2024-10-31T22:45:13.031+0000] {logging_mixin.py:190} INFO - [2024-10-31T22:45:13.031+0000] {dag.py:4180} INFO - Setting next_dagrun for dataset_s3_bucket_consumer_with_no_taskflow to None, run_after=None
[2024-10-31T22:45:13.031+0000] {logging_mixin.py:190} INFO - [2024-10-31T22:45:13.031+0000] {dag.py:4180} INFO - Setting next_dagrun for dataset_s3_bucket_producer_with_no_taskflow to None, run_after=None
[2024-10-31T22:45:13.053+0000] {processor.py:208} INFO - Processing /home/airflow/.local/lib/python3.12/site-packages/airflow/example_dags/example_dataset_alias_with_no_taskflow.py took 0.772 seconds
[2024-10-31T22:45:43.346+0000] {processor.py:186} INFO - Started process (PID=516) to work on /home/airflow/.local/lib/python3.12/site-packages/airflow/example_dags/example_dataset_alias_with_no_taskflow.py
[2024-10-31T22:45:43.347+0000] {processor.py:914} INFO - Processing file /home/airflow/.local/lib/python3.12/site-packages/airflow/example_dags/example_dataset_alias_with_no_taskflow.py for tasks to queue
[2024-10-31T22:45:43.349+0000] {logging_mixin.py:190} INFO - [2024-10-31T22:45:43.349+0000] {dagbag.py:588} INFO - Filling up the DagBag from /home/airflow/.local/lib/python3.12/site-packages/airflow/example_dags/example_dataset_alias_with_no_taskflow.py
[2024-10-31T22:45:43.479+0000] {processor.py:925} INFO - DAG(s) 'dataset_alias_example_alias_producer_with_no_taskflow', 'dataset_alias_example_alias_consumer_with_no_taskflow', 'dataset_s3_bucket_consumer_with_no_taskflow', 'dataset_s3_bucket_producer_with_no_taskflow' retrieved from /home/airflow/.local/lib/python3.12/site-packages/airflow/example_dags/example_dataset_alias_with_no_taskflow.py
[2024-10-31T22:45:43.494+0000] {logging_mixin.py:190} INFO - [2024-10-31T22:45:43.494+0000] {dag.py:3239} INFO - Sync 4 DAGs
[2024-10-31T22:45:43.510+0000] {logging_mixin.py:190} INFO - [2024-10-31T22:45:43.509+0000] {dag.py:4180} INFO - Setting next_dagrun for dataset_alias_example_alias_consumer_with_no_taskflow to None, run_after=None
[2024-10-31T22:45:43.512+0000] {logging_mixin.py:190} INFO - [2024-10-31T22:45:43.512+0000] {dag.py:4180} INFO - Setting next_dagrun for dataset_alias_example_alias_producer_with_no_taskflow to None, run_after=None
[2024-10-31T22:45:43.513+0000] {logging_mixin.py:190} INFO - [2024-10-31T22:45:43.512+0000] {dag.py:4180} INFO - Setting next_dagrun for dataset_s3_bucket_consumer_with_no_taskflow to None, run_after=None
[2024-10-31T22:45:43.513+0000] {logging_mixin.py:190} INFO - [2024-10-31T22:45:43.513+0000] {dag.py:4180} INFO - Setting next_dagrun for dataset_s3_bucket_producer_with_no_taskflow to None, run_after=None
[2024-10-31T22:45:43.530+0000] {processor.py:208} INFO - Processing /home/airflow/.local/lib/python3.12/site-packages/airflow/example_dags/example_dataset_alias_with_no_taskflow.py took 0.190 seconds
[2024-10-31T22:46:13.579+0000] {processor.py:186} INFO - Started process (PID=817) to work on /home/airflow/.local/lib/python3.12/site-packages/airflow/example_dags/example_dataset_alias_with_no_taskflow.py
[2024-10-31T22:46:13.580+0000] {processor.py:914} INFO - Processing file /home/airflow/.local/lib/python3.12/site-packages/airflow/example_dags/example_dataset_alias_with_no_taskflow.py for tasks to queue
[2024-10-31T22:46:13.581+0000] {logging_mixin.py:190} INFO - [2024-10-31T22:46:13.581+0000] {dagbag.py:588} INFO - Filling up the DagBag from /home/airflow/.local/lib/python3.12/site-packages/airflow/example_dags/example_dataset_alias_with_no_taskflow.py
[2024-10-31T22:46:13.873+0000] {processor.py:925} INFO - DAG(s) 'dataset_s3_bucket_consumer_with_no_taskflow', 'dataset_alias_example_alias_producer_with_no_taskflow', 'dataset_s3_bucket_producer_with_no_taskflow', 'dataset_alias_example_alias_consumer_with_no_taskflow' retrieved from /home/airflow/.local/lib/python3.12/site-packages/airflow/example_dags/example_dataset_alias_with_no_taskflow.py
[2024-10-31T22:46:13.926+0000] {logging_mixin.py:190} INFO - [2024-10-31T22:46:13.925+0000] {dag.py:3239} INFO - Sync 4 DAGs
[2024-10-31T22:46:13.968+0000] {logging_mixin.py:190} INFO - [2024-10-31T22:46:13.967+0000] {dag.py:4180} INFO - Setting next_dagrun for dataset_alias_example_alias_consumer_with_no_taskflow to None, run_after=None
[2024-10-31T22:46:13.977+0000] {logging_mixin.py:190} INFO - [2024-10-31T22:46:13.976+0000] {dag.py:4180} INFO - Setting next_dagrun for dataset_alias_example_alias_producer_with_no_taskflow to None, run_after=None
[2024-10-31T22:46:13.979+0000] {logging_mixin.py:190} INFO - [2024-10-31T22:46:13.978+0000] {dag.py:4180} INFO - Setting next_dagrun for dataset_s3_bucket_consumer_with_no_taskflow to None, run_after=None
[2024-10-31T22:46:13.980+0000] {logging_mixin.py:190} INFO - [2024-10-31T22:46:13.980+0000] {dag.py:4180} INFO - Setting next_dagrun for dataset_s3_bucket_producer_with_no_taskflow to None, run_after=None
[2024-10-31T22:46:14.002+0000] {processor.py:208} INFO - Processing /home/airflow/.local/lib/python3.12/site-packages/airflow/example_dags/example_dataset_alias_with_no_taskflow.py took 0.429 seconds
[2024-10-31T22:46:44.285+0000] {processor.py:186} INFO - Started process (PID=1096) to work on /home/airflow/.local/lib/python3.12/site-packages/airflow/example_dags/example_dataset_alias_with_no_taskflow.py
[2024-10-31T22:46:44.286+0000] {processor.py:914} INFO - Processing file /home/airflow/.local/lib/python3.12/site-packages/airflow/example_dags/example_dataset_alias_with_no_taskflow.py for tasks to queue
[2024-10-31T22:46:44.287+0000] {logging_mixin.py:190} INFO - [2024-10-31T22:46:44.287+0000] {dagbag.py:588} INFO - Filling up the DagBag from /home/airflow/.local/lib/python3.12/site-packages/airflow/example_dags/example_dataset_alias_with_no_taskflow.py
[2024-10-31T22:46:44.398+0000] {processor.py:925} INFO - DAG(s) 'dataset_s3_bucket_consumer_with_no_taskflow', 'dataset_s3_bucket_producer_with_no_taskflow', 'dataset_alias_example_alias_consumer_with_no_taskflow', 'dataset_alias_example_alias_producer_with_no_taskflow' retrieved from /home/airflow/.local/lib/python3.12/site-packages/airflow/example_dags/example_dataset_alias_with_no_taskflow.py
[2024-10-31T22:46:44.424+0000] {logging_mixin.py:190} INFO - [2024-10-31T22:46:44.424+0000] {dag.py:3239} INFO - Sync 4 DAGs
[2024-10-31T22:46:44.441+0000] {logging_mixin.py:190} INFO - [2024-10-31T22:46:44.441+0000] {dag.py:4180} INFO - Setting next_dagrun for dataset_alias_example_alias_consumer_with_no_taskflow to None, run_after=None
[2024-10-31T22:46:44.444+0000] {logging_mixin.py:190} INFO - [2024-10-31T22:46:44.444+0000] {dag.py:4180} INFO - Setting next_dagrun for dataset_alias_example_alias_producer_with_no_taskflow to None, run_after=None
[2024-10-31T22:46:44.446+0000] {logging_mixin.py:190} INFO - [2024-10-31T22:46:44.446+0000] {dag.py:4180} INFO - Setting next_dagrun for dataset_s3_bucket_consumer_with_no_taskflow to None, run_after=None
[2024-10-31T22:46:44.447+0000] {logging_mixin.py:190} INFO - [2024-10-31T22:46:44.447+0000] {dag.py:4180} INFO - Setting next_dagrun for dataset_s3_bucket_producer_with_no_taskflow to None, run_after=None
[2024-10-31T22:46:44.464+0000] {processor.py:208} INFO - Processing /home/airflow/.local/lib/python3.12/site-packages/airflow/example_dags/example_dataset_alias_with_no_taskflow.py took 0.182 seconds
[2024-10-31T22:47:14.489+0000] {processor.py:186} INFO - Started process (PID=1394) to work on /home/airflow/.local/lib/python3.12/site-packages/airflow/example_dags/example_dataset_alias_with_no_taskflow.py
[2024-10-31T22:47:14.495+0000] {processor.py:914} INFO - Processing file /home/airflow/.local/lib/python3.12/site-packages/airflow/example_dags/example_dataset_alias_with_no_taskflow.py for tasks to queue
[2024-10-31T22:47:14.497+0000] {logging_mixin.py:190} INFO - [2024-10-31T22:47:14.497+0000] {dagbag.py:588} INFO - Filling up the DagBag from /home/airflow/.local/lib/python3.12/site-packages/airflow/example_dags/example_dataset_alias_with_no_taskflow.py
[2024-10-31T22:47:14.635+0000] {processor.py:925} INFO - DAG(s) 'dataset_alias_example_alias_producer_with_no_taskflow', 'dataset_s3_bucket_producer_with_no_taskflow', 'dataset_s3_bucket_consumer_with_no_taskflow', 'dataset_alias_example_alias_consumer_with_no_taskflow' retrieved from /home/airflow/.local/lib/python3.12/site-packages/airflow/example_dags/example_dataset_alias_with_no_taskflow.py
[2024-10-31T22:47:14.652+0000] {logging_mixin.py:190} INFO - [2024-10-31T22:47:14.652+0000] {dag.py:3239} INFO - Sync 4 DAGs
[2024-10-31T22:47:14.667+0000] {logging_mixin.py:190} INFO - [2024-10-31T22:47:14.667+0000] {dag.py:4180} INFO - Setting next_dagrun for dataset_alias_example_alias_consumer_with_no_taskflow to None, run_after=None
[2024-10-31T22:47:14.669+0000] {logging_mixin.py:190} INFO - [2024-10-31T22:47:14.669+0000] {dag.py:4180} INFO - Setting next_dagrun for dataset_alias_example_alias_producer_with_no_taskflow to None, run_after=None
[2024-10-31T22:47:14.669+0000] {logging_mixin.py:190} INFO - [2024-10-31T22:47:14.669+0000] {dag.py:4180} INFO - Setting next_dagrun for dataset_s3_bucket_consumer_with_no_taskflow to None, run_after=None
[2024-10-31T22:47:14.670+0000] {logging_mixin.py:190} INFO - [2024-10-31T22:47:14.670+0000] {dag.py:4180} INFO - Setting next_dagrun for dataset_s3_bucket_producer_with_no_taskflow to None, run_after=None
[2024-10-31T22:47:14.686+0000] {processor.py:208} INFO - Processing /home/airflow/.local/lib/python3.12/site-packages/airflow/example_dags/example_dataset_alias_with_no_taskflow.py took 0.201 seconds
[2024-10-31T22:48:23.095+0000] {processor.py:186} INFO - Started process (PID=218) to work on /home/airflow/.local/lib/python3.12/site-packages/airflow/example_dags/example_dataset_alias_with_no_taskflow.py
[2024-10-31T22:48:23.098+0000] {processor.py:914} INFO - Processing file /home/airflow/.local/lib/python3.12/site-packages/airflow/example_dags/example_dataset_alias_with_no_taskflow.py for tasks to queue
[2024-10-31T22:48:23.103+0000] {logging_mixin.py:190} INFO - [2024-10-31T22:48:23.102+0000] {dagbag.py:588} INFO - Filling up the DagBag from /home/airflow/.local/lib/python3.12/site-packages/airflow/example_dags/example_dataset_alias_with_no_taskflow.py
[2024-10-31T22:48:23.648+0000] {processor.py:925} INFO - DAG(s) 'dataset_alias_example_alias_producer_with_no_taskflow', 'dataset_s3_bucket_consumer_with_no_taskflow', 'dataset_alias_example_alias_consumer_with_no_taskflow', 'dataset_s3_bucket_producer_with_no_taskflow' retrieved from /home/airflow/.local/lib/python3.12/site-packages/airflow/example_dags/example_dataset_alias_with_no_taskflow.py
[2024-10-31T22:48:23.688+0000] {logging_mixin.py:190} INFO - [2024-10-31T22:48:23.688+0000] {dag.py:3239} INFO - Sync 4 DAGs
[2024-10-31T22:48:23.709+0000] {logging_mixin.py:190} INFO - [2024-10-31T22:48:23.709+0000] {dag.py:4180} INFO - Setting next_dagrun for dataset_alias_example_alias_consumer_with_no_taskflow to None, run_after=None
[2024-10-31T22:48:23.714+0000] {logging_mixin.py:190} INFO - [2024-10-31T22:48:23.713+0000] {dag.py:4180} INFO - Setting next_dagrun for dataset_alias_example_alias_producer_with_no_taskflow to None, run_after=None
[2024-10-31T22:48:23.716+0000] {logging_mixin.py:190} INFO - [2024-10-31T22:48:23.716+0000] {dag.py:4180} INFO - Setting next_dagrun for dataset_s3_bucket_consumer_with_no_taskflow to None, run_after=None
[2024-10-31T22:48:23.719+0000] {logging_mixin.py:190} INFO - [2024-10-31T22:48:23.718+0000] {dag.py:4180} INFO - Setting next_dagrun for dataset_s3_bucket_producer_with_no_taskflow to None, run_after=None
[2024-10-31T22:48:23.734+0000] {processor.py:208} INFO - Processing /home/airflow/.local/lib/python3.12/site-packages/airflow/example_dags/example_dataset_alias_with_no_taskflow.py took 0.643 seconds
[2024-10-31T22:48:54.129+0000] {processor.py:186} INFO - Started process (PID=524) to work on /home/airflow/.local/lib/python3.12/site-packages/airflow/example_dags/example_dataset_alias_with_no_taskflow.py
[2024-10-31T22:48:54.133+0000] {processor.py:914} INFO - Processing file /home/airflow/.local/lib/python3.12/site-packages/airflow/example_dags/example_dataset_alias_with_no_taskflow.py for tasks to queue
[2024-10-31T22:48:54.135+0000] {logging_mixin.py:190} INFO - [2024-10-31T22:48:54.134+0000] {dagbag.py:588} INFO - Filling up the DagBag from /home/airflow/.local/lib/python3.12/site-packages/airflow/example_dags/example_dataset_alias_with_no_taskflow.py
[2024-10-31T22:48:54.267+0000] {processor.py:925} INFO - DAG(s) 'dataset_alias_example_alias_consumer_with_no_taskflow', 'dataset_s3_bucket_producer_with_no_taskflow', 'dataset_s3_bucket_consumer_with_no_taskflow', 'dataset_alias_example_alias_producer_with_no_taskflow' retrieved from /home/airflow/.local/lib/python3.12/site-packages/airflow/example_dags/example_dataset_alias_with_no_taskflow.py
[2024-10-31T22:48:54.285+0000] {logging_mixin.py:190} INFO - [2024-10-31T22:48:54.285+0000] {dag.py:3239} INFO - Sync 4 DAGs
[2024-10-31T22:48:54.300+0000] {logging_mixin.py:190} INFO - [2024-10-31T22:48:54.300+0000] {dag.py:4180} INFO - Setting next_dagrun for dataset_alias_example_alias_consumer_with_no_taskflow to None, run_after=None
[2024-10-31T22:48:54.304+0000] {logging_mixin.py:190} INFO - [2024-10-31T22:48:54.304+0000] {dag.py:4180} INFO - Setting next_dagrun for dataset_alias_example_alias_producer_with_no_taskflow to None, run_after=None
[2024-10-31T22:48:54.308+0000] {logging_mixin.py:190} INFO - [2024-10-31T22:48:54.308+0000] {dag.py:4180} INFO - Setting next_dagrun for dataset_s3_bucket_consumer_with_no_taskflow to None, run_after=None
[2024-10-31T22:48:54.309+0000] {logging_mixin.py:190} INFO - [2024-10-31T22:48:54.309+0000] {dag.py:4180} INFO - Setting next_dagrun for dataset_s3_bucket_producer_with_no_taskflow to None, run_after=None
[2024-10-31T22:48:54.333+0000] {processor.py:208} INFO - Processing /home/airflow/.local/lib/python3.12/site-packages/airflow/example_dags/example_dataset_alias_with_no_taskflow.py took 0.208 seconds
[2024-10-31T22:49:24.449+0000] {processor.py:186} INFO - Started process (PID=820) to work on /home/airflow/.local/lib/python3.12/site-packages/airflow/example_dags/example_dataset_alias_with_no_taskflow.py
[2024-10-31T22:49:24.450+0000] {processor.py:914} INFO - Processing file /home/airflow/.local/lib/python3.12/site-packages/airflow/example_dags/example_dataset_alias_with_no_taskflow.py for tasks to queue
[2024-10-31T22:49:24.451+0000] {logging_mixin.py:190} INFO - [2024-10-31T22:49:24.451+0000] {dagbag.py:588} INFO - Filling up the DagBag from /home/airflow/.local/lib/python3.12/site-packages/airflow/example_dags/example_dataset_alias_with_no_taskflow.py
[2024-10-31T22:49:24.572+0000] {processor.py:925} INFO - DAG(s) 'dataset_alias_example_alias_producer_with_no_taskflow', 'dataset_s3_bucket_consumer_with_no_taskflow', 'dataset_s3_bucket_producer_with_no_taskflow', 'dataset_alias_example_alias_consumer_with_no_taskflow' retrieved from /home/airflow/.local/lib/python3.12/site-packages/airflow/example_dags/example_dataset_alias_with_no_taskflow.py
[2024-10-31T22:49:24.591+0000] {logging_mixin.py:190} INFO - [2024-10-31T22:49:24.591+0000] {dag.py:3239} INFO - Sync 4 DAGs
[2024-10-31T22:49:24.606+0000] {logging_mixin.py:190} INFO - [2024-10-31T22:49:24.606+0000] {dag.py:4180} INFO - Setting next_dagrun for dataset_alias_example_alias_consumer_with_no_taskflow to None, run_after=None
[2024-10-31T22:49:24.608+0000] {logging_mixin.py:190} INFO - [2024-10-31T22:49:24.608+0000] {dag.py:4180} INFO - Setting next_dagrun for dataset_alias_example_alias_producer_with_no_taskflow to None, run_after=None
[2024-10-31T22:49:24.609+0000] {logging_mixin.py:190} INFO - [2024-10-31T22:49:24.609+0000] {dag.py:4180} INFO - Setting next_dagrun for dataset_s3_bucket_consumer_with_no_taskflow to None, run_after=None
[2024-10-31T22:49:24.611+0000] {logging_mixin.py:190} INFO - [2024-10-31T22:49:24.611+0000] {dag.py:4180} INFO - Setting next_dagrun for dataset_s3_bucket_producer_with_no_taskflow to None, run_after=None
[2024-10-31T22:49:24.626+0000] {processor.py:208} INFO - Processing /home/airflow/.local/lib/python3.12/site-packages/airflow/example_dags/example_dataset_alias_with_no_taskflow.py took 0.181 seconds
[2024-10-31T22:49:55.334+0000] {processor.py:186} INFO - Started process (PID=1097) to work on /home/airflow/.local/lib/python3.12/site-packages/airflow/example_dags/example_dataset_alias_with_no_taskflow.py
[2024-10-31T22:49:55.337+0000] {processor.py:914} INFO - Processing file /home/airflow/.local/lib/python3.12/site-packages/airflow/example_dags/example_dataset_alias_with_no_taskflow.py for tasks to queue
[2024-10-31T22:49:55.339+0000] {logging_mixin.py:190} INFO - [2024-10-31T22:49:55.339+0000] {dagbag.py:588} INFO - Filling up the DagBag from /home/airflow/.local/lib/python3.12/site-packages/airflow/example_dags/example_dataset_alias_with_no_taskflow.py
[2024-10-31T22:49:55.477+0000] {processor.py:925} INFO - DAG(s) 'dataset_alias_example_alias_consumer_with_no_taskflow', 'dataset_alias_example_alias_producer_with_no_taskflow', 'dataset_s3_bucket_producer_with_no_taskflow', 'dataset_s3_bucket_consumer_with_no_taskflow' retrieved from /home/airflow/.local/lib/python3.12/site-packages/airflow/example_dags/example_dataset_alias_with_no_taskflow.py
[2024-10-31T22:49:55.497+0000] {logging_mixin.py:190} INFO - [2024-10-31T22:49:55.496+0000] {dag.py:3239} INFO - Sync 4 DAGs
[2024-10-31T22:49:55.513+0000] {logging_mixin.py:190} INFO - [2024-10-31T22:49:55.513+0000] {dag.py:4180} INFO - Setting next_dagrun for dataset_alias_example_alias_consumer_with_no_taskflow to None, run_after=None
[2024-10-31T22:49:55.515+0000] {logging_mixin.py:190} INFO - [2024-10-31T22:49:55.515+0000] {dag.py:4180} INFO - Setting next_dagrun for dataset_alias_example_alias_producer_with_no_taskflow to None, run_after=None
[2024-10-31T22:49:55.518+0000] {logging_mixin.py:190} INFO - [2024-10-31T22:49:55.518+0000] {dag.py:4180} INFO - Setting next_dagrun for dataset_s3_bucket_consumer_with_no_taskflow to None, run_after=None
[2024-10-31T22:49:55.519+0000] {logging_mixin.py:190} INFO - [2024-10-31T22:49:55.519+0000] {dag.py:4180} INFO - Setting next_dagrun for dataset_s3_bucket_producer_with_no_taskflow to None, run_after=None
[2024-10-31T22:49:55.532+0000] {processor.py:208} INFO - Processing /home/airflow/.local/lib/python3.12/site-packages/airflow/example_dags/example_dataset_alias_with_no_taskflow.py took 0.202 seconds
