[2024-10-31T22:45:13.118+0000] {processor.py:186} INFO - Started process (PID=253) to work on /home/airflow/.local/lib/python3.12/site-packages/airflow/example_dags/example_python_decorator.py
[2024-10-31T22:45:13.120+0000] {processor.py:914} INFO - Processing file /home/airflow/.local/lib/python3.12/site-packages/airflow/example_dags/example_python_decorator.py for tasks to queue
[2024-10-31T22:45:13.122+0000] {logging_mixin.py:190} INFO - [2024-10-31T22:45:13.122+0000] {dagbag.py:588} INFO - Filling up the DagBag from /home/airflow/.local/lib/python3.12/site-packages/airflow/example_dags/example_python_decorator.py
[2024-10-31T22:45:13.135+0000] {processor.py:925} INFO - DAG(s) 'example_python_decorator' retrieved from /home/airflow/.local/lib/python3.12/site-packages/airflow/example_dags/example_python_decorator.py
[2024-10-31T22:45:13.215+0000] {logging_mixin.py:190} INFO - [2024-10-31T22:45:13.215+0000] {override.py:1900} INFO - Created Permission View: can delete on DAG:example_python_decorator
[2024-10-31T22:45:13.224+0000] {logging_mixin.py:190} INFO - [2024-10-31T22:45:13.223+0000] {override.py:1900} INFO - Created Permission View: can read on DAG:example_python_decorator
[2024-10-31T22:45:13.228+0000] {logging_mixin.py:190} INFO - [2024-10-31T22:45:13.228+0000] {override.py:1900} INFO - Created Permission View: can edit on DAG:example_python_decorator
[2024-10-31T22:45:13.240+0000] {logging_mixin.py:190} INFO - [2024-10-31T22:45:13.240+0000] {override.py:1900} INFO - Created Permission View: can create on DAG Run:example_python_decorator
[2024-10-31T22:45:13.247+0000] {logging_mixin.py:190} INFO - [2024-10-31T22:45:13.246+0000] {override.py:1900} INFO - Created Permission View: can delete on DAG Run:example_python_decorator
[2024-10-31T22:45:13.252+0000] {logging_mixin.py:190} INFO - [2024-10-31T22:45:13.252+0000] {override.py:1900} INFO - Created Permission View: can read on DAG Run:example_python_decorator
[2024-10-31T22:45:13.257+0000] {logging_mixin.py:190} INFO - [2024-10-31T22:45:13.257+0000] {override.py:1900} INFO - Created Permission View: menu access on DAG Run:example_python_decorator
[2024-10-31T22:45:13.257+0000] {logging_mixin.py:190} INFO - [2024-10-31T22:45:13.257+0000] {dag.py:3239} INFO - Sync 1 DAGs
[2024-10-31T22:45:13.268+0000] {logging_mixin.py:190} INFO - [2024-10-31T22:45:13.268+0000] {dag.py:3262} INFO - Creating ORM DAG for example_python_decorator
[2024-10-31T22:45:13.270+0000] {logging_mixin.py:190} INFO - [2024-10-31T22:45:13.270+0000] {dag.py:4180} INFO - Setting next_dagrun for example_python_decorator to None, run_after=None
[2024-10-31T22:45:13.288+0000] {processor.py:208} INFO - Processing /home/airflow/.local/lib/python3.12/site-packages/airflow/example_dags/example_python_decorator.py took 0.174 seconds
[2024-10-31T22:45:43.617+0000] {processor.py:186} INFO - Started process (PID=544) to work on /home/airflow/.local/lib/python3.12/site-packages/airflow/example_dags/example_python_decorator.py
[2024-10-31T22:45:43.618+0000] {processor.py:914} INFO - Processing file /home/airflow/.local/lib/python3.12/site-packages/airflow/example_dags/example_python_decorator.py for tasks to queue
[2024-10-31T22:45:43.620+0000] {logging_mixin.py:190} INFO - [2024-10-31T22:45:43.619+0000] {dagbag.py:588} INFO - Filling up the DagBag from /home/airflow/.local/lib/python3.12/site-packages/airflow/example_dags/example_python_decorator.py
[2024-10-31T22:45:43.631+0000] {processor.py:925} INFO - DAG(s) 'example_python_decorator' retrieved from /home/airflow/.local/lib/python3.12/site-packages/airflow/example_dags/example_python_decorator.py
[2024-10-31T22:45:43.648+0000] {logging_mixin.py:190} INFO - [2024-10-31T22:45:43.648+0000] {dag.py:3239} INFO - Sync 1 DAGs
[2024-10-31T22:45:43.657+0000] {logging_mixin.py:190} INFO - [2024-10-31T22:45:43.657+0000] {dag.py:4180} INFO - Setting next_dagrun for example_python_decorator to None, run_after=None
[2024-10-31T22:45:43.674+0000] {processor.py:208} INFO - Processing /home/airflow/.local/lib/python3.12/site-packages/airflow/example_dags/example_python_decorator.py took 0.060 seconds
[2024-10-31T22:46:14.035+0000] {processor.py:186} INFO - Started process (PID=835) to work on /home/airflow/.local/lib/python3.12/site-packages/airflow/example_dags/example_python_decorator.py
[2024-10-31T22:46:14.045+0000] {processor.py:914} INFO - Processing file /home/airflow/.local/lib/python3.12/site-packages/airflow/example_dags/example_python_decorator.py for tasks to queue
[2024-10-31T22:46:14.049+0000] {logging_mixin.py:190} INFO - [2024-10-31T22:46:14.049+0000] {dagbag.py:588} INFO - Filling up the DagBag from /home/airflow/.local/lib/python3.12/site-packages/airflow/example_dags/example_python_decorator.py
[2024-10-31T22:46:14.070+0000] {processor.py:925} INFO - DAG(s) 'example_python_decorator' retrieved from /home/airflow/.local/lib/python3.12/site-packages/airflow/example_dags/example_python_decorator.py
[2024-10-31T22:46:14.089+0000] {logging_mixin.py:190} INFO - [2024-10-31T22:46:14.089+0000] {dag.py:3239} INFO - Sync 1 DAGs
[2024-10-31T22:46:14.099+0000] {logging_mixin.py:190} INFO - [2024-10-31T22:46:14.098+0000] {dag.py:4180} INFO - Setting next_dagrun for example_python_decorator to None, run_after=None
[2024-10-31T22:46:14.137+0000] {processor.py:208} INFO - Processing /home/airflow/.local/lib/python3.12/site-packages/airflow/example_dags/example_python_decorator.py took 0.110 seconds
[2024-10-31T22:46:44.567+0000] {processor.py:186} INFO - Started process (PID=1126) to work on /home/airflow/.local/lib/python3.12/site-packages/airflow/example_dags/example_python_decorator.py
[2024-10-31T22:46:44.570+0000] {processor.py:914} INFO - Processing file /home/airflow/.local/lib/python3.12/site-packages/airflow/example_dags/example_python_decorator.py for tasks to queue
[2024-10-31T22:46:44.571+0000] {logging_mixin.py:190} INFO - [2024-10-31T22:46:44.571+0000] {dagbag.py:588} INFO - Filling up the DagBag from /home/airflow/.local/lib/python3.12/site-packages/airflow/example_dags/example_python_decorator.py
[2024-10-31T22:46:44.582+0000] {processor.py:925} INFO - DAG(s) 'example_python_decorator' retrieved from /home/airflow/.local/lib/python3.12/site-packages/airflow/example_dags/example_python_decorator.py
[2024-10-31T22:46:44.600+0000] {logging_mixin.py:190} INFO - [2024-10-31T22:46:44.600+0000] {dag.py:3239} INFO - Sync 1 DAGs
[2024-10-31T22:46:44.608+0000] {logging_mixin.py:190} INFO - [2024-10-31T22:46:44.607+0000] {dag.py:4180} INFO - Setting next_dagrun for example_python_decorator to None, run_after=None
[2024-10-31T22:46:44.624+0000] {processor.py:208} INFO - Processing /home/airflow/.local/lib/python3.12/site-packages/airflow/example_dags/example_python_decorator.py took 0.061 seconds
[2024-10-31T22:47:14.760+0000] {processor.py:186} INFO - Started process (PID=1417) to work on /home/airflow/.local/lib/python3.12/site-packages/airflow/example_dags/example_python_decorator.py
[2024-10-31T22:47:14.761+0000] {processor.py:914} INFO - Processing file /home/airflow/.local/lib/python3.12/site-packages/airflow/example_dags/example_python_decorator.py for tasks to queue
[2024-10-31T22:47:14.763+0000] {logging_mixin.py:190} INFO - [2024-10-31T22:47:14.763+0000] {dagbag.py:588} INFO - Filling up the DagBag from /home/airflow/.local/lib/python3.12/site-packages/airflow/example_dags/example_python_decorator.py
[2024-10-31T22:47:14.774+0000] {processor.py:925} INFO - DAG(s) 'example_python_decorator' retrieved from /home/airflow/.local/lib/python3.12/site-packages/airflow/example_dags/example_python_decorator.py
[2024-10-31T22:47:14.788+0000] {logging_mixin.py:190} INFO - [2024-10-31T22:47:14.788+0000] {dag.py:3239} INFO - Sync 1 DAGs
[2024-10-31T22:47:14.797+0000] {logging_mixin.py:190} INFO - [2024-10-31T22:47:14.797+0000] {dag.py:4180} INFO - Setting next_dagrun for example_python_decorator to None, run_after=None
[2024-10-31T22:47:14.808+0000] {processor.py:208} INFO - Processing /home/airflow/.local/lib/python3.12/site-packages/airflow/example_dags/example_python_decorator.py took 0.054 seconds
[2024-10-31T22:48:23.764+0000] {processor.py:186} INFO - Started process (PID=248) to work on /home/airflow/.local/lib/python3.12/site-packages/airflow/example_dags/example_python_decorator.py
[2024-10-31T22:48:23.765+0000] {processor.py:914} INFO - Processing file /home/airflow/.local/lib/python3.12/site-packages/airflow/example_dags/example_python_decorator.py for tasks to queue
[2024-10-31T22:48:23.770+0000] {logging_mixin.py:190} INFO - [2024-10-31T22:48:23.769+0000] {dagbag.py:588} INFO - Filling up the DagBag from /home/airflow/.local/lib/python3.12/site-packages/airflow/example_dags/example_python_decorator.py
[2024-10-31T22:48:23.778+0000] {processor.py:925} INFO - DAG(s) 'example_python_decorator' retrieved from /home/airflow/.local/lib/python3.12/site-packages/airflow/example_dags/example_python_decorator.py
[2024-10-31T22:48:23.885+0000] {logging_mixin.py:190} INFO - [2024-10-31T22:48:23.885+0000] {dag.py:3239} INFO - Sync 1 DAGs
[2024-10-31T22:48:23.898+0000] {logging_mixin.py:190} INFO - [2024-10-31T22:48:23.898+0000] {dag.py:4180} INFO - Setting next_dagrun for example_python_decorator to None, run_after=None
[2024-10-31T22:48:23.911+0000] {processor.py:208} INFO - Processing /home/airflow/.local/lib/python3.12/site-packages/airflow/example_dags/example_python_decorator.py took 0.152 seconds
[2024-10-31T22:48:54.361+0000] {processor.py:186} INFO - Started process (PID=541) to work on /home/airflow/.local/lib/python3.12/site-packages/airflow/example_dags/example_python_decorator.py
[2024-10-31T22:48:54.361+0000] {processor.py:914} INFO - Processing file /home/airflow/.local/lib/python3.12/site-packages/airflow/example_dags/example_python_decorator.py for tasks to queue
[2024-10-31T22:48:54.362+0000] {logging_mixin.py:190} INFO - [2024-10-31T22:48:54.362+0000] {dagbag.py:588} INFO - Filling up the DagBag from /home/airflow/.local/lib/python3.12/site-packages/airflow/example_dags/example_python_decorator.py
[2024-10-31T22:48:54.370+0000] {processor.py:925} INFO - DAG(s) 'example_python_decorator' retrieved from /home/airflow/.local/lib/python3.12/site-packages/airflow/example_dags/example_python_decorator.py
[2024-10-31T22:48:54.382+0000] {logging_mixin.py:190} INFO - [2024-10-31T22:48:54.382+0000] {dag.py:3239} INFO - Sync 1 DAGs
[2024-10-31T22:48:54.390+0000] {logging_mixin.py:190} INFO - [2024-10-31T22:48:54.390+0000] {dag.py:4180} INFO - Setting next_dagrun for example_python_decorator to None, run_after=None
[2024-10-31T22:48:54.398+0000] {processor.py:208} INFO - Processing /home/airflow/.local/lib/python3.12/site-packages/airflow/example_dags/example_python_decorator.py took 0.041 seconds
[2024-10-31T22:49:24.554+0000] {processor.py:186} INFO - Started process (PID=830) to work on /home/airflow/.local/lib/python3.12/site-packages/airflow/example_dags/example_python_decorator.py
[2024-10-31T22:49:24.555+0000] {processor.py:914} INFO - Processing file /home/airflow/.local/lib/python3.12/site-packages/airflow/example_dags/example_python_decorator.py for tasks to queue
[2024-10-31T22:49:24.557+0000] {logging_mixin.py:190} INFO - [2024-10-31T22:49:24.557+0000] {dagbag.py:588} INFO - Filling up the DagBag from /home/airflow/.local/lib/python3.12/site-packages/airflow/example_dags/example_python_decorator.py
[2024-10-31T22:49:24.566+0000] {processor.py:925} INFO - DAG(s) 'example_python_decorator' retrieved from /home/airflow/.local/lib/python3.12/site-packages/airflow/example_dags/example_python_decorator.py
[2024-10-31T22:49:24.580+0000] {logging_mixin.py:190} INFO - [2024-10-31T22:49:24.579+0000] {dag.py:3239} INFO - Sync 1 DAGs
[2024-10-31T22:49:24.591+0000] {logging_mixin.py:190} INFO - [2024-10-31T22:49:24.591+0000] {dag.py:4180} INFO - Setting next_dagrun for example_python_decorator to None, run_after=None
[2024-10-31T22:49:24.608+0000] {processor.py:208} INFO - Processing /home/airflow/.local/lib/python3.12/site-packages/airflow/example_dags/example_python_decorator.py took 0.060 seconds
[2024-10-31T22:49:55.676+0000] {processor.py:186} INFO - Started process (PID=1129) to work on /home/airflow/.local/lib/python3.12/site-packages/airflow/example_dags/example_python_decorator.py
[2024-10-31T22:49:55.677+0000] {processor.py:914} INFO - Processing file /home/airflow/.local/lib/python3.12/site-packages/airflow/example_dags/example_python_decorator.py for tasks to queue
[2024-10-31T22:49:55.678+0000] {logging_mixin.py:190} INFO - [2024-10-31T22:49:55.678+0000] {dagbag.py:588} INFO - Filling up the DagBag from /home/airflow/.local/lib/python3.12/site-packages/airflow/example_dags/example_python_decorator.py
[2024-10-31T22:49:55.691+0000] {processor.py:925} INFO - DAG(s) 'example_python_decorator' retrieved from /home/airflow/.local/lib/python3.12/site-packages/airflow/example_dags/example_python_decorator.py
[2024-10-31T22:49:55.706+0000] {logging_mixin.py:190} INFO - [2024-10-31T22:49:55.705+0000] {dag.py:3239} INFO - Sync 1 DAGs
[2024-10-31T22:49:55.718+0000] {logging_mixin.py:190} INFO - [2024-10-31T22:49:55.718+0000] {dag.py:4180} INFO - Setting next_dagrun for example_python_decorator to None, run_after=None
[2024-10-31T22:49:55.732+0000] {processor.py:208} INFO - Processing /home/airflow/.local/lib/python3.12/site-packages/airflow/example_dags/example_python_decorator.py took 0.062 seconds
