[2024-10-31T22:45:19.460+0000] {processor.py:186} INFO - Started process (PID=403) to work on /home/airflow/.local/lib/python3.12/site-packages/airflow/example_dags/example_display_name.py
[2024-10-31T22:45:19.461+0000] {processor.py:914} INFO - Processing file /home/airflow/.local/lib/python3.12/site-packages/airflow/example_dags/example_display_name.py for tasks to queue
[2024-10-31T22:45:19.463+0000] {logging_mixin.py:190} INFO - [2024-10-31T22:45:19.463+0000] {dagbag.py:588} INFO - Filling up the DagBag from /home/airflow/.local/lib/python3.12/site-packages/airflow/example_dags/example_display_name.py
[2024-10-31T22:45:19.474+0000] {processor.py:925} INFO - DAG(s) 'example_display_name' retrieved from /home/airflow/.local/lib/python3.12/site-packages/airflow/example_dags/example_display_name.py
[2024-10-31T22:45:19.993+0000] {logging_mixin.py:190} INFO - [2024-10-31T22:45:19.986+0000] {override.py:1900} INFO - Created Permission View: can delete on DAG:example_display_name
[2024-10-31T22:45:20.003+0000] {logging_mixin.py:190} INFO - [2024-10-31T22:45:20.002+0000] {override.py:1900} INFO - Created Permission View: can read on DAG:example_display_name
[2024-10-31T22:45:20.014+0000] {logging_mixin.py:190} INFO - [2024-10-31T22:45:20.014+0000] {override.py:1900} INFO - Created Permission View: can edit on DAG:example_display_name
[2024-10-31T22:45:20.021+0000] {logging_mixin.py:190} INFO - [2024-10-31T22:45:20.020+0000] {override.py:1900} INFO - Created Permission View: can create on DAG Run:example_display_name
[2024-10-31T22:45:20.027+0000] {logging_mixin.py:190} INFO - [2024-10-31T22:45:20.026+0000] {override.py:1900} INFO - Created Permission View: can delete on DAG Run:example_display_name
[2024-10-31T22:45:20.034+0000] {logging_mixin.py:190} INFO - [2024-10-31T22:45:20.034+0000] {override.py:1900} INFO - Created Permission View: can read on DAG Run:example_display_name
[2024-10-31T22:45:20.041+0000] {logging_mixin.py:190} INFO - [2024-10-31T22:45:20.041+0000] {override.py:1900} INFO - Created Permission View: menu access on DAG Run:example_display_name
[2024-10-31T22:45:20.042+0000] {logging_mixin.py:190} INFO - [2024-10-31T22:45:20.042+0000] {dag.py:3239} INFO - Sync 1 DAGs
[2024-10-31T22:45:20.054+0000] {logging_mixin.py:190} INFO - [2024-10-31T22:45:20.054+0000] {dag.py:3262} INFO - Creating ORM DAG for example_display_name
[2024-10-31T22:45:20.055+0000] {logging_mixin.py:190} INFO - [2024-10-31T22:45:20.054+0000] {dag.py:4180} INFO - Setting next_dagrun for example_display_name to None, run_after=None
[2024-10-31T22:45:20.070+0000] {processor.py:208} INFO - Processing /home/airflow/.local/lib/python3.12/site-packages/airflow/example_dags/example_display_name.py took 0.615 seconds
[2024-10-31T22:45:51.017+0000] {processor.py:186} INFO - Started process (PID=696) to work on /home/airflow/.local/lib/python3.12/site-packages/airflow/example_dags/example_display_name.py
[2024-10-31T22:45:51.020+0000] {processor.py:914} INFO - Processing file /home/airflow/.local/lib/python3.12/site-packages/airflow/example_dags/example_display_name.py for tasks to queue
[2024-10-31T22:45:51.024+0000] {logging_mixin.py:190} INFO - [2024-10-31T22:45:51.024+0000] {dagbag.py:588} INFO - Filling up the DagBag from /home/airflow/.local/lib/python3.12/site-packages/airflow/example_dags/example_display_name.py
[2024-10-31T22:45:51.033+0000] {processor.py:925} INFO - DAG(s) 'example_display_name' retrieved from /home/airflow/.local/lib/python3.12/site-packages/airflow/example_dags/example_display_name.py
[2024-10-31T22:45:51.052+0000] {logging_mixin.py:190} INFO - [2024-10-31T22:45:51.051+0000] {dag.py:3239} INFO - Sync 1 DAGs
[2024-10-31T22:45:51.062+0000] {logging_mixin.py:190} INFO - [2024-10-31T22:45:51.061+0000] {dag.py:4180} INFO - Setting next_dagrun for example_display_name to None, run_after=None
[2024-10-31T22:45:51.078+0000] {processor.py:208} INFO - Processing /home/airflow/.local/lib/python3.12/site-packages/airflow/example_dags/example_display_name.py took 0.069 seconds
[2024-10-31T22:46:21.827+0000] {processor.py:186} INFO - Started process (PID=987) to work on /home/airflow/.local/lib/python3.12/site-packages/airflow/example_dags/example_display_name.py
[2024-10-31T22:46:21.828+0000] {processor.py:914} INFO - Processing file /home/airflow/.local/lib/python3.12/site-packages/airflow/example_dags/example_display_name.py for tasks to queue
[2024-10-31T22:46:21.830+0000] {logging_mixin.py:190} INFO - [2024-10-31T22:46:21.830+0000] {dagbag.py:588} INFO - Filling up the DagBag from /home/airflow/.local/lib/python3.12/site-packages/airflow/example_dags/example_display_name.py
[2024-10-31T22:46:21.835+0000] {processor.py:925} INFO - DAG(s) 'example_display_name' retrieved from /home/airflow/.local/lib/python3.12/site-packages/airflow/example_dags/example_display_name.py
[2024-10-31T22:46:21.861+0000] {logging_mixin.py:190} INFO - [2024-10-31T22:46:21.860+0000] {dag.py:3239} INFO - Sync 1 DAGs
[2024-10-31T22:46:21.875+0000] {logging_mixin.py:190} INFO - [2024-10-31T22:46:21.875+0000] {dag.py:4180} INFO - Setting next_dagrun for example_display_name to None, run_after=None
[2024-10-31T22:46:21.893+0000] {processor.py:208} INFO - Processing /home/airflow/.local/lib/python3.12/site-packages/airflow/example_dags/example_display_name.py took 0.070 seconds
[2024-10-31T22:46:52.100+0000] {processor.py:186} INFO - Started process (PID=1278) to work on /home/airflow/.local/lib/python3.12/site-packages/airflow/example_dags/example_display_name.py
[2024-10-31T22:46:52.102+0000] {processor.py:914} INFO - Processing file /home/airflow/.local/lib/python3.12/site-packages/airflow/example_dags/example_display_name.py for tasks to queue
[2024-10-31T22:46:52.105+0000] {logging_mixin.py:190} INFO - [2024-10-31T22:46:52.104+0000] {dagbag.py:588} INFO - Filling up the DagBag from /home/airflow/.local/lib/python3.12/site-packages/airflow/example_dags/example_display_name.py
[2024-10-31T22:46:52.114+0000] {processor.py:925} INFO - DAG(s) 'example_display_name' retrieved from /home/airflow/.local/lib/python3.12/site-packages/airflow/example_dags/example_display_name.py
[2024-10-31T22:46:52.136+0000] {logging_mixin.py:190} INFO - [2024-10-31T22:46:52.135+0000] {dag.py:3239} INFO - Sync 1 DAGs
[2024-10-31T22:46:52.148+0000] {logging_mixin.py:190} INFO - [2024-10-31T22:46:52.148+0000] {dag.py:4180} INFO - Setting next_dagrun for example_display_name to None, run_after=None
[2024-10-31T22:46:52.166+0000] {processor.py:208} INFO - Processing /home/airflow/.local/lib/python3.12/site-packages/airflow/example_dags/example_display_name.py took 0.072 seconds
[2024-10-31T22:47:22.236+0000] {processor.py:186} INFO - Started process (PID=1569) to work on /home/airflow/.local/lib/python3.12/site-packages/airflow/example_dags/example_display_name.py
[2024-10-31T22:47:22.237+0000] {processor.py:914} INFO - Processing file /home/airflow/.local/lib/python3.12/site-packages/airflow/example_dags/example_display_name.py for tasks to queue
[2024-10-31T22:47:22.238+0000] {logging_mixin.py:190} INFO - [2024-10-31T22:47:22.238+0000] {dagbag.py:588} INFO - Filling up the DagBag from /home/airflow/.local/lib/python3.12/site-packages/airflow/example_dags/example_display_name.py
[2024-10-31T22:47:22.244+0000] {processor.py:925} INFO - DAG(s) 'example_display_name' retrieved from /home/airflow/.local/lib/python3.12/site-packages/airflow/example_dags/example_display_name.py
[2024-10-31T22:47:22.262+0000] {logging_mixin.py:190} INFO - [2024-10-31T22:47:22.261+0000] {dag.py:3239} INFO - Sync 1 DAGs
[2024-10-31T22:47:22.271+0000] {logging_mixin.py:190} INFO - [2024-10-31T22:47:22.271+0000] {dag.py:4180} INFO - Setting next_dagrun for example_display_name to None, run_after=None
[2024-10-31T22:47:22.292+0000] {processor.py:208} INFO - Processing /home/airflow/.local/lib/python3.12/site-packages/airflow/example_dags/example_display_name.py took 0.060 seconds
[2024-10-31T22:48:26.330+0000] {processor.py:186} INFO - Started process (PID=404) to work on /home/airflow/.local/lib/python3.12/site-packages/airflow/example_dags/example_display_name.py
[2024-10-31T22:48:26.332+0000] {processor.py:914} INFO - Processing file /home/airflow/.local/lib/python3.12/site-packages/airflow/example_dags/example_display_name.py for tasks to queue
[2024-10-31T22:48:26.334+0000] {logging_mixin.py:190} INFO - [2024-10-31T22:48:26.334+0000] {dagbag.py:588} INFO - Filling up the DagBag from /home/airflow/.local/lib/python3.12/site-packages/airflow/example_dags/example_display_name.py
[2024-10-31T22:48:26.351+0000] {processor.py:925} INFO - DAG(s) 'example_display_name' retrieved from /home/airflow/.local/lib/python3.12/site-packages/airflow/example_dags/example_display_name.py
[2024-10-31T22:48:26.373+0000] {logging_mixin.py:190} INFO - [2024-10-31T22:48:26.373+0000] {dag.py:3239} INFO - Sync 1 DAGs
[2024-10-31T22:48:26.390+0000] {logging_mixin.py:190} INFO - [2024-10-31T22:48:26.390+0000] {dag.py:4180} INFO - Setting next_dagrun for example_display_name to None, run_after=None
[2024-10-31T22:48:26.412+0000] {processor.py:208} INFO - Processing /home/airflow/.local/lib/python3.12/site-packages/airflow/example_dags/example_display_name.py took 0.089 seconds
[2024-10-31T22:48:56.971+0000] {processor.py:186} INFO - Started process (PID=697) to work on /home/airflow/.local/lib/python3.12/site-packages/airflow/example_dags/example_display_name.py
[2024-10-31T22:48:56.972+0000] {processor.py:914} INFO - Processing file /home/airflow/.local/lib/python3.12/site-packages/airflow/example_dags/example_display_name.py for tasks to queue
[2024-10-31T22:48:56.973+0000] {logging_mixin.py:190} INFO - [2024-10-31T22:48:56.973+0000] {dagbag.py:588} INFO - Filling up the DagBag from /home/airflow/.local/lib/python3.12/site-packages/airflow/example_dags/example_display_name.py
[2024-10-31T22:48:56.977+0000] {processor.py:925} INFO - DAG(s) 'example_display_name' retrieved from /home/airflow/.local/lib/python3.12/site-packages/airflow/example_dags/example_display_name.py
[2024-10-31T22:48:56.992+0000] {logging_mixin.py:190} INFO - [2024-10-31T22:48:56.992+0000] {dag.py:3239} INFO - Sync 1 DAGs
[2024-10-31T22:48:57.003+0000] {logging_mixin.py:190} INFO - [2024-10-31T22:48:57.003+0000] {dag.py:4180} INFO - Setting next_dagrun for example_display_name to None, run_after=None
[2024-10-31T22:48:57.019+0000] {processor.py:208} INFO - Processing /home/airflow/.local/lib/python3.12/site-packages/airflow/example_dags/example_display_name.py took 0.054 seconds
[2024-10-31T22:49:27.964+0000] {processor.py:186} INFO - Started process (PID=986) to work on /home/airflow/.local/lib/python3.12/site-packages/airflow/example_dags/example_display_name.py
[2024-10-31T22:49:27.965+0000] {processor.py:914} INFO - Processing file /home/airflow/.local/lib/python3.12/site-packages/airflow/example_dags/example_display_name.py for tasks to queue
[2024-10-31T22:49:27.967+0000] {logging_mixin.py:190} INFO - [2024-10-31T22:49:27.967+0000] {dagbag.py:588} INFO - Filling up the DagBag from /home/airflow/.local/lib/python3.12/site-packages/airflow/example_dags/example_display_name.py
[2024-10-31T22:49:27.972+0000] {processor.py:925} INFO - DAG(s) 'example_display_name' retrieved from /home/airflow/.local/lib/python3.12/site-packages/airflow/example_dags/example_display_name.py
[2024-10-31T22:49:27.988+0000] {logging_mixin.py:190} INFO - [2024-10-31T22:49:27.988+0000] {dag.py:3239} INFO - Sync 1 DAGs
[2024-10-31T22:49:27.995+0000] {logging_mixin.py:190} INFO - [2024-10-31T22:49:27.995+0000] {dag.py:4180} INFO - Setting next_dagrun for example_display_name to None, run_after=None
[2024-10-31T22:49:28.007+0000] {processor.py:208} INFO - Processing /home/airflow/.local/lib/python3.12/site-packages/airflow/example_dags/example_display_name.py took 0.046 seconds
[2024-10-31T22:49:58.200+0000] {processor.py:186} INFO - Started process (PID=1277) to work on /home/airflow/.local/lib/python3.12/site-packages/airflow/example_dags/example_display_name.py
[2024-10-31T22:49:58.201+0000] {processor.py:914} INFO - Processing file /home/airflow/.local/lib/python3.12/site-packages/airflow/example_dags/example_display_name.py for tasks to queue
[2024-10-31T22:49:58.204+0000] {logging_mixin.py:190} INFO - [2024-10-31T22:49:58.203+0000] {dagbag.py:588} INFO - Filling up the DagBag from /home/airflow/.local/lib/python3.12/site-packages/airflow/example_dags/example_display_name.py
[2024-10-31T22:49:58.209+0000] {processor.py:925} INFO - DAG(s) 'example_display_name' retrieved from /home/airflow/.local/lib/python3.12/site-packages/airflow/example_dags/example_display_name.py
[2024-10-31T22:49:58.224+0000] {logging_mixin.py:190} INFO - [2024-10-31T22:49:58.224+0000] {dag.py:3239} INFO - Sync 1 DAGs
[2024-10-31T22:49:58.235+0000] {logging_mixin.py:190} INFO - [2024-10-31T22:49:58.235+0000] {dag.py:4180} INFO - Setting next_dagrun for example_display_name to None, run_after=None
[2024-10-31T22:49:58.249+0000] {processor.py:208} INFO - Processing /home/airflow/.local/lib/python3.12/site-packages/airflow/example_dags/example_display_name.py took 0.053 seconds
