[2024-10-31T22:45:18.952+0000] {processor.py:186} INFO - Started process (PID=390) to work on /home/airflow/.local/lib/python3.12/site-packages/airflow/example_dags/example_task_group.py
[2024-10-31T22:45:18.953+0000] {processor.py:914} INFO - Processing file /home/airflow/.local/lib/python3.12/site-packages/airflow/example_dags/example_task_group.py for tasks to queue
[2024-10-31T22:45:18.954+0000] {logging_mixin.py:190} INFO - [2024-10-31T22:45:18.954+0000] {dagbag.py:588} INFO - Filling up the DagBag from /home/airflow/.local/lib/python3.12/site-packages/airflow/example_dags/example_task_group.py
[2024-10-31T22:45:18.959+0000] {processor.py:925} INFO - DAG(s) 'example_task_group' retrieved from /home/airflow/.local/lib/python3.12/site-packages/airflow/example_dags/example_task_group.py
[2024-10-31T22:45:19.024+0000] {logging_mixin.py:190} INFO - [2024-10-31T22:45:19.023+0000] {override.py:1900} INFO - Created Permission View: can delete on DAG:example_task_group
[2024-10-31T22:45:19.029+0000] {logging_mixin.py:190} INFO - [2024-10-31T22:45:19.028+0000] {override.py:1900} INFO - Created Permission View: can read on DAG:example_task_group
[2024-10-31T22:45:19.035+0000] {logging_mixin.py:190} INFO - [2024-10-31T22:45:19.034+0000] {override.py:1900} INFO - Created Permission View: can edit on DAG:example_task_group
[2024-10-31T22:45:19.038+0000] {logging_mixin.py:190} INFO - [2024-10-31T22:45:19.038+0000] {override.py:1900} INFO - Created Permission View: can create on DAG Run:example_task_group
[2024-10-31T22:45:19.042+0000] {logging_mixin.py:190} INFO - [2024-10-31T22:45:19.041+0000] {override.py:1900} INFO - Created Permission View: can delete on DAG Run:example_task_group
[2024-10-31T22:45:19.048+0000] {logging_mixin.py:190} INFO - [2024-10-31T22:45:19.048+0000] {override.py:1900} INFO - Created Permission View: can read on DAG Run:example_task_group
[2024-10-31T22:45:19.053+0000] {logging_mixin.py:190} INFO - [2024-10-31T22:45:19.053+0000] {override.py:1900} INFO - Created Permission View: menu access on DAG Run:example_task_group
[2024-10-31T22:45:19.054+0000] {logging_mixin.py:190} INFO - [2024-10-31T22:45:19.054+0000] {dag.py:3239} INFO - Sync 1 DAGs
[2024-10-31T22:45:19.063+0000] {logging_mixin.py:190} INFO - [2024-10-31T22:45:19.062+0000] {dag.py:3262} INFO - Creating ORM DAG for example_task_group
[2024-10-31T22:45:19.063+0000] {logging_mixin.py:190} INFO - [2024-10-31T22:45:19.063+0000] {dag.py:4180} INFO - Setting next_dagrun for example_task_group to None, run_after=None
[2024-10-31T22:45:19.075+0000] {processor.py:208} INFO - Processing /home/airflow/.local/lib/python3.12/site-packages/airflow/example_dags/example_task_group.py took 0.126 seconds
[2024-10-31T22:45:49.914+0000] {processor.py:186} INFO - Started process (PID=681) to work on /home/airflow/.local/lib/python3.12/site-packages/airflow/example_dags/example_task_group.py
[2024-10-31T22:45:49.916+0000] {processor.py:914} INFO - Processing file /home/airflow/.local/lib/python3.12/site-packages/airflow/example_dags/example_task_group.py for tasks to queue
[2024-10-31T22:45:49.920+0000] {logging_mixin.py:190} INFO - [2024-10-31T22:45:49.920+0000] {dagbag.py:588} INFO - Filling up the DagBag from /home/airflow/.local/lib/python3.12/site-packages/airflow/example_dags/example_task_group.py
[2024-10-31T22:45:49.925+0000] {processor.py:925} INFO - DAG(s) 'example_task_group' retrieved from /home/airflow/.local/lib/python3.12/site-packages/airflow/example_dags/example_task_group.py
[2024-10-31T22:45:49.940+0000] {logging_mixin.py:190} INFO - [2024-10-31T22:45:49.940+0000] {dag.py:3239} INFO - Sync 1 DAGs
[2024-10-31T22:45:49.948+0000] {logging_mixin.py:190} INFO - [2024-10-31T22:45:49.948+0000] {dag.py:4180} INFO - Setting next_dagrun for example_task_group to None, run_after=None
[2024-10-31T22:45:49.966+0000] {processor.py:208} INFO - Processing /home/airflow/.local/lib/python3.12/site-packages/airflow/example_dags/example_task_group.py took 0.054 seconds
[2024-10-31T22:46:20.673+0000] {processor.py:186} INFO - Started process (PID=972) to work on /home/airflow/.local/lib/python3.12/site-packages/airflow/example_dags/example_task_group.py
[2024-10-31T22:46:20.674+0000] {processor.py:914} INFO - Processing file /home/airflow/.local/lib/python3.12/site-packages/airflow/example_dags/example_task_group.py for tasks to queue
[2024-10-31T22:46:20.675+0000] {logging_mixin.py:190} INFO - [2024-10-31T22:46:20.675+0000] {dagbag.py:588} INFO - Filling up the DagBag from /home/airflow/.local/lib/python3.12/site-packages/airflow/example_dags/example_task_group.py
[2024-10-31T22:46:20.680+0000] {processor.py:925} INFO - DAG(s) 'example_task_group' retrieved from /home/airflow/.local/lib/python3.12/site-packages/airflow/example_dags/example_task_group.py
[2024-10-31T22:46:20.692+0000] {logging_mixin.py:190} INFO - [2024-10-31T22:46:20.692+0000] {dag.py:3239} INFO - Sync 1 DAGs
[2024-10-31T22:46:20.700+0000] {logging_mixin.py:190} INFO - [2024-10-31T22:46:20.700+0000] {dag.py:4180} INFO - Setting next_dagrun for example_task_group to None, run_after=None
[2024-10-31T22:46:20.713+0000] {processor.py:208} INFO - Processing /home/airflow/.local/lib/python3.12/site-packages/airflow/example_dags/example_task_group.py took 0.045 seconds
[2024-10-31T22:46:50.964+0000] {processor.py:186} INFO - Started process (PID=1261) to work on /home/airflow/.local/lib/python3.12/site-packages/airflow/example_dags/example_task_group.py
[2024-10-31T22:46:50.966+0000] {processor.py:914} INFO - Processing file /home/airflow/.local/lib/python3.12/site-packages/airflow/example_dags/example_task_group.py for tasks to queue
[2024-10-31T22:46:50.969+0000] {logging_mixin.py:190} INFO - [2024-10-31T22:46:50.969+0000] {dagbag.py:588} INFO - Filling up the DagBag from /home/airflow/.local/lib/python3.12/site-packages/airflow/example_dags/example_task_group.py
[2024-10-31T22:46:50.979+0000] {processor.py:925} INFO - DAG(s) 'example_task_group' retrieved from /home/airflow/.local/lib/python3.12/site-packages/airflow/example_dags/example_task_group.py
[2024-10-31T22:46:50.996+0000] {logging_mixin.py:190} INFO - [2024-10-31T22:46:50.996+0000] {dag.py:3239} INFO - Sync 1 DAGs
[2024-10-31T22:46:51.008+0000] {logging_mixin.py:190} INFO - [2024-10-31T22:46:51.007+0000] {dag.py:4180} INFO - Setting next_dagrun for example_task_group to None, run_after=None
[2024-10-31T22:46:51.031+0000] {processor.py:208} INFO - Processing /home/airflow/.local/lib/python3.12/site-packages/airflow/example_dags/example_task_group.py took 0.074 seconds
[2024-10-31T22:47:22.066+0000] {processor.py:186} INFO - Started process (PID=1554) to work on /home/airflow/.local/lib/python3.12/site-packages/airflow/example_dags/example_task_group.py
[2024-10-31T22:47:22.068+0000] {processor.py:914} INFO - Processing file /home/airflow/.local/lib/python3.12/site-packages/airflow/example_dags/example_task_group.py for tasks to queue
[2024-10-31T22:47:22.070+0000] {logging_mixin.py:190} INFO - [2024-10-31T22:47:22.070+0000] {dagbag.py:588} INFO - Filling up the DagBag from /home/airflow/.local/lib/python3.12/site-packages/airflow/example_dags/example_task_group.py
[2024-10-31T22:47:22.080+0000] {processor.py:925} INFO - DAG(s) 'example_task_group' retrieved from /home/airflow/.local/lib/python3.12/site-packages/airflow/example_dags/example_task_group.py
[2024-10-31T22:47:22.109+0000] {logging_mixin.py:190} INFO - [2024-10-31T22:47:22.108+0000] {dag.py:3239} INFO - Sync 1 DAGs
[2024-10-31T22:47:22.120+0000] {logging_mixin.py:190} INFO - [2024-10-31T22:47:22.120+0000] {dag.py:4180} INFO - Setting next_dagrun for example_task_group to None, run_after=None
[2024-10-31T22:47:22.134+0000] {processor.py:208} INFO - Processing /home/airflow/.local/lib/python3.12/site-packages/airflow/example_dags/example_task_group.py took 0.076 seconds
[2024-10-31T22:48:26.125+0000] {processor.py:186} INFO - Started process (PID=389) to work on /home/airflow/.local/lib/python3.12/site-packages/airflow/example_dags/example_task_group.py
[2024-10-31T22:48:26.126+0000] {processor.py:914} INFO - Processing file /home/airflow/.local/lib/python3.12/site-packages/airflow/example_dags/example_task_group.py for tasks to queue
[2024-10-31T22:48:26.128+0000] {logging_mixin.py:190} INFO - [2024-10-31T22:48:26.128+0000] {dagbag.py:588} INFO - Filling up the DagBag from /home/airflow/.local/lib/python3.12/site-packages/airflow/example_dags/example_task_group.py
[2024-10-31T22:48:26.136+0000] {processor.py:925} INFO - DAG(s) 'example_task_group' retrieved from /home/airflow/.local/lib/python3.12/site-packages/airflow/example_dags/example_task_group.py
[2024-10-31T22:48:26.158+0000] {logging_mixin.py:190} INFO - [2024-10-31T22:48:26.158+0000] {dag.py:3239} INFO - Sync 1 DAGs
[2024-10-31T22:48:26.170+0000] {logging_mixin.py:190} INFO - [2024-10-31T22:48:26.170+0000] {dag.py:4180} INFO - Setting next_dagrun for example_task_group to None, run_after=None
[2024-10-31T22:48:26.193+0000] {processor.py:208} INFO - Processing /home/airflow/.local/lib/python3.12/site-packages/airflow/example_dags/example_task_group.py took 0.073 seconds
[2024-10-31T22:48:56.827+0000] {processor.py:186} INFO - Started process (PID=682) to work on /home/airflow/.local/lib/python3.12/site-packages/airflow/example_dags/example_task_group.py
[2024-10-31T22:48:56.828+0000] {processor.py:914} INFO - Processing file /home/airflow/.local/lib/python3.12/site-packages/airflow/example_dags/example_task_group.py for tasks to queue
[2024-10-31T22:48:56.829+0000] {logging_mixin.py:190} INFO - [2024-10-31T22:48:56.829+0000] {dagbag.py:588} INFO - Filling up the DagBag from /home/airflow/.local/lib/python3.12/site-packages/airflow/example_dags/example_task_group.py
[2024-10-31T22:48:56.834+0000] {processor.py:925} INFO - DAG(s) 'example_task_group' retrieved from /home/airflow/.local/lib/python3.12/site-packages/airflow/example_dags/example_task_group.py
[2024-10-31T22:48:56.857+0000] {logging_mixin.py:190} INFO - [2024-10-31T22:48:56.857+0000] {dag.py:3239} INFO - Sync 1 DAGs
[2024-10-31T22:48:56.866+0000] {logging_mixin.py:190} INFO - [2024-10-31T22:48:56.866+0000] {dag.py:4180} INFO - Setting next_dagrun for example_task_group to None, run_after=None
[2024-10-31T22:48:56.884+0000] {processor.py:208} INFO - Processing /home/airflow/.local/lib/python3.12/site-packages/airflow/example_dags/example_task_group.py took 0.060 seconds
[2024-10-31T22:49:27.842+0000] {processor.py:186} INFO - Started process (PID=971) to work on /home/airflow/.local/lib/python3.12/site-packages/airflow/example_dags/example_task_group.py
[2024-10-31T22:49:27.845+0000] {processor.py:914} INFO - Processing file /home/airflow/.local/lib/python3.12/site-packages/airflow/example_dags/example_task_group.py for tasks to queue
[2024-10-31T22:49:27.846+0000] {logging_mixin.py:190} INFO - [2024-10-31T22:49:27.846+0000] {dagbag.py:588} INFO - Filling up the DagBag from /home/airflow/.local/lib/python3.12/site-packages/airflow/example_dags/example_task_group.py
[2024-10-31T22:49:27.855+0000] {processor.py:925} INFO - DAG(s) 'example_task_group' retrieved from /home/airflow/.local/lib/python3.12/site-packages/airflow/example_dags/example_task_group.py
[2024-10-31T22:49:27.872+0000] {logging_mixin.py:190} INFO - [2024-10-31T22:49:27.872+0000] {dag.py:3239} INFO - Sync 1 DAGs
[2024-10-31T22:49:27.881+0000] {logging_mixin.py:190} INFO - [2024-10-31T22:49:27.880+0000] {dag.py:4180} INFO - Setting next_dagrun for example_task_group to None, run_after=None
[2024-10-31T22:49:27.894+0000] {processor.py:208} INFO - Processing /home/airflow/.local/lib/python3.12/site-packages/airflow/example_dags/example_task_group.py took 0.056 seconds
[2024-10-31T22:49:58.051+0000] {processor.py:186} INFO - Started process (PID=1262) to work on /home/airflow/.local/lib/python3.12/site-packages/airflow/example_dags/example_task_group.py
[2024-10-31T22:49:58.057+0000] {processor.py:914} INFO - Processing file /home/airflow/.local/lib/python3.12/site-packages/airflow/example_dags/example_task_group.py for tasks to queue
[2024-10-31T22:49:58.060+0000] {logging_mixin.py:190} INFO - [2024-10-31T22:49:58.059+0000] {dagbag.py:588} INFO - Filling up the DagBag from /home/airflow/.local/lib/python3.12/site-packages/airflow/example_dags/example_task_group.py
[2024-10-31T22:49:58.068+0000] {processor.py:925} INFO - DAG(s) 'example_task_group' retrieved from /home/airflow/.local/lib/python3.12/site-packages/airflow/example_dags/example_task_group.py
[2024-10-31T22:49:58.101+0000] {logging_mixin.py:190} INFO - [2024-10-31T22:49:58.100+0000] {dag.py:3239} INFO - Sync 1 DAGs
[2024-10-31T22:49:58.114+0000] {logging_mixin.py:190} INFO - [2024-10-31T22:49:58.114+0000] {dag.py:4180} INFO - Setting next_dagrun for example_task_group to None, run_after=None
[2024-10-31T22:49:58.130+0000] {processor.py:208} INFO - Processing /home/airflow/.local/lib/python3.12/site-packages/airflow/example_dags/example_task_group.py took 0.088 seconds
