[2024-10-31T22:45:20.660+0000] {processor.py:186} INFO - Started process (PID=423) to work on /home/airflow/.local/lib/python3.12/site-packages/airflow/example_dags/example_bash_operator.py
[2024-10-31T22:45:20.662+0000] {processor.py:914} INFO - Processing file /home/airflow/.local/lib/python3.12/site-packages/airflow/example_dags/example_bash_operator.py for tasks to queue
[2024-10-31T22:45:20.673+0000] {logging_mixin.py:190} INFO - [2024-10-31T22:45:20.672+0000] {dagbag.py:588} INFO - Filling up the DagBag from /home/airflow/.local/lib/python3.12/site-packages/airflow/example_dags/example_bash_operator.py
[2024-10-31T22:45:20.689+0000] {processor.py:925} INFO - DAG(s) 'example_bash_operator' retrieved from /home/airflow/.local/lib/python3.12/site-packages/airflow/example_dags/example_bash_operator.py
[2024-10-31T22:45:20.803+0000] {logging_mixin.py:190} INFO - [2024-10-31T22:45:20.802+0000] {override.py:1900} INFO - Created Permission View: can delete on DAG:example_bash_operator
[2024-10-31T22:45:20.818+0000] {logging_mixin.py:190} INFO - [2024-10-31T22:45:20.818+0000] {override.py:1900} INFO - Created Permission View: can read on DAG:example_bash_operator
[2024-10-31T22:45:20.824+0000] {logging_mixin.py:190} INFO - [2024-10-31T22:45:20.824+0000] {override.py:1900} INFO - Created Permission View: can edit on DAG:example_bash_operator
[2024-10-31T22:45:20.839+0000] {logging_mixin.py:190} INFO - [2024-10-31T22:45:20.838+0000] {override.py:1900} INFO - Created Permission View: can create on DAG Run:example_bash_operator
[2024-10-31T22:45:20.916+0000] {logging_mixin.py:190} INFO - [2024-10-31T22:45:20.916+0000] {override.py:1900} INFO - Created Permission View: can delete on DAG Run:example_bash_operator
[2024-10-31T22:45:20.995+0000] {logging_mixin.py:190} INFO - [2024-10-31T22:45:20.993+0000] {override.py:1900} INFO - Created Permission View: can read on DAG Run:example_bash_operator
[2024-10-31T22:45:21.017+0000] {logging_mixin.py:190} INFO - [2024-10-31T22:45:21.017+0000] {override.py:1900} INFO - Created Permission View: menu access on DAG Run:example_bash_operator
[2024-10-31T22:45:21.019+0000] {logging_mixin.py:190} INFO - [2024-10-31T22:45:21.019+0000] {dag.py:3239} INFO - Sync 1 DAGs
[2024-10-31T22:45:21.038+0000] {logging_mixin.py:190} INFO - [2024-10-31T22:45:21.038+0000] {dag.py:3262} INFO - Creating ORM DAG for example_bash_operator
[2024-10-31T22:45:21.051+0000] {logging_mixin.py:190} INFO - [2024-10-31T22:45:21.051+0000] {dag.py:4180} INFO - Setting next_dagrun for example_bash_operator to 2024-10-30 00:00:00+00:00, run_after=2024-10-31 00:00:00+00:00
[2024-10-31T22:45:21.083+0000] {processor.py:208} INFO - Processing /home/airflow/.local/lib/python3.12/site-packages/airflow/example_dags/example_bash_operator.py took 0.429 seconds
[2024-10-31T22:45:51.356+0000] {processor.py:186} INFO - Started process (PID=716) to work on /home/airflow/.local/lib/python3.12/site-packages/airflow/example_dags/example_bash_operator.py
[2024-10-31T22:45:51.357+0000] {processor.py:914} INFO - Processing file /home/airflow/.local/lib/python3.12/site-packages/airflow/example_dags/example_bash_operator.py for tasks to queue
[2024-10-31T22:45:51.358+0000] {logging_mixin.py:190} INFO - [2024-10-31T22:45:51.358+0000] {dagbag.py:588} INFO - Filling up the DagBag from /home/airflow/.local/lib/python3.12/site-packages/airflow/example_dags/example_bash_operator.py
[2024-10-31T22:45:51.364+0000] {processor.py:925} INFO - DAG(s) 'example_bash_operator' retrieved from /home/airflow/.local/lib/python3.12/site-packages/airflow/example_dags/example_bash_operator.py
[2024-10-31T22:45:51.377+0000] {logging_mixin.py:190} INFO - [2024-10-31T22:45:51.377+0000] {dag.py:3239} INFO - Sync 1 DAGs
[2024-10-31T22:45:51.388+0000] {logging_mixin.py:190} INFO - [2024-10-31T22:45:51.388+0000] {dag.py:4180} INFO - Setting next_dagrun for example_bash_operator to 2024-10-30 00:00:00+00:00, run_after=2024-10-31 00:00:00+00:00
[2024-10-31T22:45:51.396+0000] {processor.py:208} INFO - Processing /home/airflow/.local/lib/python3.12/site-packages/airflow/example_dags/example_bash_operator.py took 0.043 seconds
[2024-10-31T22:46:22.067+0000] {processor.py:186} INFO - Started process (PID=1005) to work on /home/airflow/.local/lib/python3.12/site-packages/airflow/example_dags/example_bash_operator.py
[2024-10-31T22:46:22.072+0000] {processor.py:914} INFO - Processing file /home/airflow/.local/lib/python3.12/site-packages/airflow/example_dags/example_bash_operator.py for tasks to queue
[2024-10-31T22:46:22.074+0000] {logging_mixin.py:190} INFO - [2024-10-31T22:46:22.074+0000] {dagbag.py:588} INFO - Filling up the DagBag from /home/airflow/.local/lib/python3.12/site-packages/airflow/example_dags/example_bash_operator.py
[2024-10-31T22:46:22.082+0000] {processor.py:925} INFO - DAG(s) 'example_bash_operator' retrieved from /home/airflow/.local/lib/python3.12/site-packages/airflow/example_dags/example_bash_operator.py
[2024-10-31T22:46:22.098+0000] {logging_mixin.py:190} INFO - [2024-10-31T22:46:22.098+0000] {dag.py:3239} INFO - Sync 1 DAGs
[2024-10-31T22:46:22.112+0000] {logging_mixin.py:190} INFO - [2024-10-31T22:46:22.112+0000] {dag.py:4180} INFO - Setting next_dagrun for example_bash_operator to 2024-10-30 00:00:00+00:00, run_after=2024-10-31 00:00:00+00:00
[2024-10-31T22:46:22.122+0000] {processor.py:208} INFO - Processing /home/airflow/.local/lib/python3.12/site-packages/airflow/example_dags/example_bash_operator.py took 0.058 seconds
[2024-10-31T22:46:52.316+0000] {processor.py:186} INFO - Started process (PID=1296) to work on /home/airflow/.local/lib/python3.12/site-packages/airflow/example_dags/example_bash_operator.py
[2024-10-31T22:46:52.319+0000] {processor.py:914} INFO - Processing file /home/airflow/.local/lib/python3.12/site-packages/airflow/example_dags/example_bash_operator.py for tasks to queue
[2024-10-31T22:46:52.321+0000] {logging_mixin.py:190} INFO - [2024-10-31T22:46:52.321+0000] {dagbag.py:588} INFO - Filling up the DagBag from /home/airflow/.local/lib/python3.12/site-packages/airflow/example_dags/example_bash_operator.py
[2024-10-31T22:46:52.334+0000] {processor.py:925} INFO - DAG(s) 'example_bash_operator' retrieved from /home/airflow/.local/lib/python3.12/site-packages/airflow/example_dags/example_bash_operator.py
[2024-10-31T22:46:52.364+0000] {logging_mixin.py:190} INFO - [2024-10-31T22:46:52.364+0000] {dag.py:3239} INFO - Sync 1 DAGs
[2024-10-31T22:46:52.381+0000] {logging_mixin.py:190} INFO - [2024-10-31T22:46:52.381+0000] {dag.py:4180} INFO - Setting next_dagrun for example_bash_operator to 2024-10-30 00:00:00+00:00, run_after=2024-10-31 00:00:00+00:00
[2024-10-31T22:46:52.393+0000] {processor.py:208} INFO - Processing /home/airflow/.local/lib/python3.12/site-packages/airflow/example_dags/example_bash_operator.py took 0.084 seconds
[2024-10-31T22:47:22.452+0000] {processor.py:186} INFO - Started process (PID=1584) to work on /home/airflow/.local/lib/python3.12/site-packages/airflow/example_dags/example_bash_operator.py
[2024-10-31T22:47:22.452+0000] {processor.py:914} INFO - Processing file /home/airflow/.local/lib/python3.12/site-packages/airflow/example_dags/example_bash_operator.py for tasks to queue
[2024-10-31T22:47:22.453+0000] {logging_mixin.py:190} INFO - [2024-10-31T22:47:22.453+0000] {dagbag.py:588} INFO - Filling up the DagBag from /home/airflow/.local/lib/python3.12/site-packages/airflow/example_dags/example_bash_operator.py
[2024-10-31T22:47:22.461+0000] {processor.py:925} INFO - DAG(s) 'example_bash_operator' retrieved from /home/airflow/.local/lib/python3.12/site-packages/airflow/example_dags/example_bash_operator.py
[2024-10-31T22:47:22.472+0000] {logging_mixin.py:190} INFO - [2024-10-31T22:47:22.472+0000] {dag.py:3239} INFO - Sync 1 DAGs
[2024-10-31T22:47:22.486+0000] {logging_mixin.py:190} INFO - [2024-10-31T22:47:22.486+0000] {dag.py:4180} INFO - Setting next_dagrun for example_bash_operator to 2024-10-30 00:00:00+00:00, run_after=2024-10-31 00:00:00+00:00
[2024-10-31T22:47:22.497+0000] {processor.py:208} INFO - Processing /home/airflow/.local/lib/python3.12/site-packages/airflow/example_dags/example_bash_operator.py took 0.049 seconds
[2024-10-31T22:48:26.817+0000] {processor.py:186} INFO - Started process (PID=426) to work on /home/airflow/.local/lib/python3.12/site-packages/airflow/example_dags/example_bash_operator.py
[2024-10-31T22:48:26.818+0000] {processor.py:914} INFO - Processing file /home/airflow/.local/lib/python3.12/site-packages/airflow/example_dags/example_bash_operator.py for tasks to queue
[2024-10-31T22:48:26.820+0000] {logging_mixin.py:190} INFO - [2024-10-31T22:48:26.820+0000] {dagbag.py:588} INFO - Filling up the DagBag from /home/airflow/.local/lib/python3.12/site-packages/airflow/example_dags/example_bash_operator.py
[2024-10-31T22:48:26.832+0000] {processor.py:925} INFO - DAG(s) 'example_bash_operator' retrieved from /home/airflow/.local/lib/python3.12/site-packages/airflow/example_dags/example_bash_operator.py
[2024-10-31T22:48:26.852+0000] {logging_mixin.py:190} INFO - [2024-10-31T22:48:26.852+0000] {dag.py:3239} INFO - Sync 1 DAGs
[2024-10-31T22:48:26.868+0000] {logging_mixin.py:190} INFO - [2024-10-31T22:48:26.867+0000] {dag.py:4180} INFO - Setting next_dagrun for example_bash_operator to 2024-10-30 00:00:00+00:00, run_after=2024-10-31 00:00:00+00:00
[2024-10-31T22:48:26.880+0000] {processor.py:208} INFO - Processing /home/airflow/.local/lib/python3.12/site-packages/airflow/example_dags/example_bash_operator.py took 0.070 seconds
[2024-10-31T22:48:57.188+0000] {processor.py:186} INFO - Started process (PID=715) to work on /home/airflow/.local/lib/python3.12/site-packages/airflow/example_dags/example_bash_operator.py
[2024-10-31T22:48:57.188+0000] {processor.py:914} INFO - Processing file /home/airflow/.local/lib/python3.12/site-packages/airflow/example_dags/example_bash_operator.py for tasks to queue
[2024-10-31T22:48:57.190+0000] {logging_mixin.py:190} INFO - [2024-10-31T22:48:57.190+0000] {dagbag.py:588} INFO - Filling up the DagBag from /home/airflow/.local/lib/python3.12/site-packages/airflow/example_dags/example_bash_operator.py
[2024-10-31T22:48:57.197+0000] {processor.py:925} INFO - DAG(s) 'example_bash_operator' retrieved from /home/airflow/.local/lib/python3.12/site-packages/airflow/example_dags/example_bash_operator.py
[2024-10-31T22:48:57.218+0000] {logging_mixin.py:190} INFO - [2024-10-31T22:48:57.218+0000] {dag.py:3239} INFO - Sync 1 DAGs
[2024-10-31T22:48:57.230+0000] {logging_mixin.py:190} INFO - [2024-10-31T22:48:57.230+0000] {dag.py:4180} INFO - Setting next_dagrun for example_bash_operator to 2024-10-30 00:00:00+00:00, run_after=2024-10-31 00:00:00+00:00
[2024-10-31T22:48:57.243+0000] {processor.py:208} INFO - Processing /home/airflow/.local/lib/python3.12/site-packages/airflow/example_dags/example_bash_operator.py took 0.059 seconds
[2024-10-31T22:49:28.205+0000] {processor.py:186} INFO - Started process (PID=1006) to work on /home/airflow/.local/lib/python3.12/site-packages/airflow/example_dags/example_bash_operator.py
[2024-10-31T22:49:28.207+0000] {processor.py:914} INFO - Processing file /home/airflow/.local/lib/python3.12/site-packages/airflow/example_dags/example_bash_operator.py for tasks to queue
[2024-10-31T22:49:28.208+0000] {logging_mixin.py:190} INFO - [2024-10-31T22:49:28.208+0000] {dagbag.py:588} INFO - Filling up the DagBag from /home/airflow/.local/lib/python3.12/site-packages/airflow/example_dags/example_bash_operator.py
[2024-10-31T22:49:28.217+0000] {processor.py:925} INFO - DAG(s) 'example_bash_operator' retrieved from /home/airflow/.local/lib/python3.12/site-packages/airflow/example_dags/example_bash_operator.py
[2024-10-31T22:49:28.238+0000] {logging_mixin.py:190} INFO - [2024-10-31T22:49:28.237+0000] {dag.py:3239} INFO - Sync 1 DAGs
[2024-10-31T22:49:28.251+0000] {logging_mixin.py:190} INFO - [2024-10-31T22:49:28.251+0000] {dag.py:4180} INFO - Setting next_dagrun for example_bash_operator to 2024-10-30 00:00:00+00:00, run_after=2024-10-31 00:00:00+00:00
[2024-10-31T22:49:28.272+0000] {processor.py:208} INFO - Processing /home/airflow/.local/lib/python3.12/site-packages/airflow/example_dags/example_bash_operator.py took 0.070 seconds
[2024-10-31T22:49:58.480+0000] {processor.py:186} INFO - Started process (PID=1297) to work on /home/airflow/.local/lib/python3.12/site-packages/airflow/example_dags/example_bash_operator.py
[2024-10-31T22:49:58.482+0000] {processor.py:914} INFO - Processing file /home/airflow/.local/lib/python3.12/site-packages/airflow/example_dags/example_bash_operator.py for tasks to queue
[2024-10-31T22:49:58.485+0000] {logging_mixin.py:190} INFO - [2024-10-31T22:49:58.485+0000] {dagbag.py:588} INFO - Filling up the DagBag from /home/airflow/.local/lib/python3.12/site-packages/airflow/example_dags/example_bash_operator.py
[2024-10-31T22:49:58.496+0000] {processor.py:925} INFO - DAG(s) 'example_bash_operator' retrieved from /home/airflow/.local/lib/python3.12/site-packages/airflow/example_dags/example_bash_operator.py
[2024-10-31T22:49:58.515+0000] {logging_mixin.py:190} INFO - [2024-10-31T22:49:58.515+0000] {dag.py:3239} INFO - Sync 1 DAGs
[2024-10-31T22:49:58.529+0000] {logging_mixin.py:190} INFO - [2024-10-31T22:49:58.529+0000] {dag.py:4180} INFO - Setting next_dagrun for example_bash_operator to 2024-10-30 00:00:00+00:00, run_after=2024-10-31 00:00:00+00:00
[2024-10-31T22:49:58.550+0000] {processor.py:208} INFO - Processing /home/airflow/.local/lib/python3.12/site-packages/airflow/example_dags/example_bash_operator.py took 0.074 seconds
[2024-10-31T22:50:29.317+0000] {processor.py:186} INFO - Started process (PID=1587) to work on /home/airflow/.local/lib/python3.12/site-packages/airflow/example_dags/example_bash_operator.py
[2024-10-31T22:50:29.318+0000] {processor.py:914} INFO - Processing file /home/airflow/.local/lib/python3.12/site-packages/airflow/example_dags/example_bash_operator.py for tasks to queue
[2024-10-31T22:50:29.319+0000] {logging_mixin.py:190} INFO - [2024-10-31T22:50:29.319+0000] {dagbag.py:588} INFO - Filling up the DagBag from /home/airflow/.local/lib/python3.12/site-packages/airflow/example_dags/example_bash_operator.py
[2024-10-31T22:50:29.329+0000] {processor.py:925} INFO - DAG(s) 'example_bash_operator' retrieved from /home/airflow/.local/lib/python3.12/site-packages/airflow/example_dags/example_bash_operator.py
[2024-10-31T22:50:29.353+0000] {logging_mixin.py:190} INFO - [2024-10-31T22:50:29.353+0000] {dag.py:3239} INFO - Sync 1 DAGs
[2024-10-31T22:50:29.375+0000] {logging_mixin.py:190} INFO - [2024-10-31T22:50:29.374+0000] {dag.py:4180} INFO - Setting next_dagrun for example_bash_operator to 2024-10-30 00:00:00+00:00, run_after=2024-10-31 00:00:00+00:00
[2024-10-31T22:50:29.388+0000] {processor.py:208} INFO - Processing /home/airflow/.local/lib/python3.12/site-packages/airflow/example_dags/example_bash_operator.py took 0.075 seconds
[2024-10-31T22:50:59.947+0000] {processor.py:186} INFO - Started process (PID=1878) to work on /home/airflow/.local/lib/python3.12/site-packages/airflow/example_dags/example_bash_operator.py
[2024-10-31T22:50:59.949+0000] {processor.py:914} INFO - Processing file /home/airflow/.local/lib/python3.12/site-packages/airflow/example_dags/example_bash_operator.py for tasks to queue
[2024-10-31T22:50:59.951+0000] {logging_mixin.py:190} INFO - [2024-10-31T22:50:59.951+0000] {dagbag.py:588} INFO - Filling up the DagBag from /home/airflow/.local/lib/python3.12/site-packages/airflow/example_dags/example_bash_operator.py
[2024-10-31T22:50:59.979+0000] {processor.py:925} INFO - DAG(s) 'example_bash_operator' retrieved from /home/airflow/.local/lib/python3.12/site-packages/airflow/example_dags/example_bash_operator.py
[2024-10-31T22:50:59.997+0000] {logging_mixin.py:190} INFO - [2024-10-31T22:50:59.997+0000] {dag.py:3239} INFO - Sync 1 DAGs
[2024-10-31T22:51:00.026+0000] {logging_mixin.py:190} INFO - [2024-10-31T22:51:00.025+0000] {dag.py:4180} INFO - Setting next_dagrun for example_bash_operator to 2024-10-30 00:00:00+00:00, run_after=2024-10-31 00:00:00+00:00
[2024-10-31T22:51:00.050+0000] {processor.py:208} INFO - Processing /home/airflow/.local/lib/python3.12/site-packages/airflow/example_dags/example_bash_operator.py took 0.109 seconds
[2024-10-31T22:51:30.142+0000] {processor.py:186} INFO - Started process (PID=2169) to work on /home/airflow/.local/lib/python3.12/site-packages/airflow/example_dags/example_bash_operator.py
[2024-10-31T22:51:30.143+0000] {processor.py:914} INFO - Processing file /home/airflow/.local/lib/python3.12/site-packages/airflow/example_dags/example_bash_operator.py for tasks to queue
[2024-10-31T22:51:30.145+0000] {logging_mixin.py:190} INFO - [2024-10-31T22:51:30.145+0000] {dagbag.py:588} INFO - Filling up the DagBag from /home/airflow/.local/lib/python3.12/site-packages/airflow/example_dags/example_bash_operator.py
[2024-10-31T22:51:30.156+0000] {processor.py:925} INFO - DAG(s) 'example_bash_operator' retrieved from /home/airflow/.local/lib/python3.12/site-packages/airflow/example_dags/example_bash_operator.py
[2024-10-31T22:51:30.177+0000] {logging_mixin.py:190} INFO - [2024-10-31T22:51:30.177+0000] {dag.py:3239} INFO - Sync 1 DAGs
[2024-10-31T22:51:30.193+0000] {logging_mixin.py:190} INFO - [2024-10-31T22:51:30.193+0000] {dag.py:4180} INFO - Setting next_dagrun for example_bash_operator to 2024-10-30 00:00:00+00:00, run_after=2024-10-31 00:00:00+00:00
[2024-10-31T22:51:30.207+0000] {processor.py:208} INFO - Processing /home/airflow/.local/lib/python3.12/site-packages/airflow/example_dags/example_bash_operator.py took 0.069 seconds
[2024-10-31T22:52:01.235+0000] {processor.py:186} INFO - Started process (PID=2460) to work on /home/airflow/.local/lib/python3.12/site-packages/airflow/example_dags/example_bash_operator.py
[2024-10-31T22:52:01.236+0000] {processor.py:914} INFO - Processing file /home/airflow/.local/lib/python3.12/site-packages/airflow/example_dags/example_bash_operator.py for tasks to queue
[2024-10-31T22:52:01.237+0000] {logging_mixin.py:190} INFO - [2024-10-31T22:52:01.237+0000] {dagbag.py:588} INFO - Filling up the DagBag from /home/airflow/.local/lib/python3.12/site-packages/airflow/example_dags/example_bash_operator.py
[2024-10-31T22:52:01.247+0000] {processor.py:925} INFO - DAG(s) 'example_bash_operator' retrieved from /home/airflow/.local/lib/python3.12/site-packages/airflow/example_dags/example_bash_operator.py
[2024-10-31T22:52:01.272+0000] {logging_mixin.py:190} INFO - [2024-10-31T22:52:01.272+0000] {dag.py:3239} INFO - Sync 1 DAGs
[2024-10-31T22:52:01.290+0000] {logging_mixin.py:190} INFO - [2024-10-31T22:52:01.290+0000] {dag.py:4180} INFO - Setting next_dagrun for example_bash_operator to 2024-10-30 00:00:00+00:00, run_after=2024-10-31 00:00:00+00:00
[2024-10-31T22:52:01.311+0000] {processor.py:208} INFO - Processing /home/airflow/.local/lib/python3.12/site-packages/airflow/example_dags/example_bash_operator.py took 0.080 seconds
[2024-10-31T22:52:31.484+0000] {processor.py:186} INFO - Started process (PID=2751) to work on /home/airflow/.local/lib/python3.12/site-packages/airflow/example_dags/example_bash_operator.py
[2024-10-31T22:52:31.486+0000] {processor.py:914} INFO - Processing file /home/airflow/.local/lib/python3.12/site-packages/airflow/example_dags/example_bash_operator.py for tasks to queue
[2024-10-31T22:52:31.488+0000] {logging_mixin.py:190} INFO - [2024-10-31T22:52:31.488+0000] {dagbag.py:588} INFO - Filling up the DagBag from /home/airflow/.local/lib/python3.12/site-packages/airflow/example_dags/example_bash_operator.py
[2024-10-31T22:52:31.497+0000] {processor.py:925} INFO - DAG(s) 'example_bash_operator' retrieved from /home/airflow/.local/lib/python3.12/site-packages/airflow/example_dags/example_bash_operator.py
[2024-10-31T22:52:31.516+0000] {logging_mixin.py:190} INFO - [2024-10-31T22:52:31.515+0000] {dag.py:3239} INFO - Sync 1 DAGs
[2024-10-31T22:52:31.532+0000] {logging_mixin.py:190} INFO - [2024-10-31T22:52:31.532+0000] {dag.py:4180} INFO - Setting next_dagrun for example_bash_operator to 2024-10-30 00:00:00+00:00, run_after=2024-10-31 00:00:00+00:00
[2024-10-31T22:52:31.548+0000] {processor.py:208} INFO - Processing /home/airflow/.local/lib/python3.12/site-packages/airflow/example_dags/example_bash_operator.py took 0.069 seconds
