[2024-10-31T22:45:13.641+0000] {processor.py:186} INFO - Started process (PID=278) to work on /home/airflow/.local/lib/python3.12/site-packages/airflow/example_dags/example_subdag_operator.py
[2024-10-31T22:45:13.641+0000] {processor.py:914} INFO - Processing file /home/airflow/.local/lib/python3.12/site-packages/airflow/example_dags/example_subdag_operator.py for tasks to queue
[2024-10-31T22:45:13.643+0000] {logging_mixin.py:190} INFO - [2024-10-31T22:45:13.643+0000] {dagbag.py:588} INFO - Filling up the DagBag from /home/airflow/.local/lib/python3.12/site-packages/airflow/example_dags/example_subdag_operator.py
[2024-10-31T22:45:13.674+0000] {processor.py:925} INFO - DAG(s) 'example_subdag_operator.section-1', 'example_subdag_operator.section-2', 'example_subdag_operator' retrieved from /home/airflow/.local/lib/python3.12/site-packages/airflow/example_dags/example_subdag_operator.py
[2024-10-31T22:45:13.754+0000] {logging_mixin.py:190} INFO - [2024-10-31T22:45:13.754+0000] {override.py:1900} INFO - Created Permission View: can delete on DAG:example_subdag_operator
[2024-10-31T22:45:13.767+0000] {logging_mixin.py:190} INFO - [2024-10-31T22:45:13.767+0000] {override.py:1900} INFO - Created Permission View: can read on DAG:example_subdag_operator
[2024-10-31T22:45:13.775+0000] {logging_mixin.py:190} INFO - [2024-10-31T22:45:13.775+0000] {override.py:1900} INFO - Created Permission View: can edit on DAG:example_subdag_operator
[2024-10-31T22:45:13.779+0000] {logging_mixin.py:190} INFO - [2024-10-31T22:45:13.779+0000] {override.py:1900} INFO - Created Permission View: can create on DAG Run:example_subdag_operator
[2024-10-31T22:45:13.783+0000] {logging_mixin.py:190} INFO - [2024-10-31T22:45:13.783+0000] {override.py:1900} INFO - Created Permission View: can delete on DAG Run:example_subdag_operator
[2024-10-31T22:45:13.788+0000] {logging_mixin.py:190} INFO - [2024-10-31T22:45:13.787+0000] {override.py:1900} INFO - Created Permission View: can read on DAG Run:example_subdag_operator
[2024-10-31T22:45:13.790+0000] {logging_mixin.py:190} INFO - [2024-10-31T22:45:13.790+0000] {override.py:1900} INFO - Created Permission View: menu access on DAG Run:example_subdag_operator
[2024-10-31T22:45:13.791+0000] {logging_mixin.py:190} INFO - [2024-10-31T22:45:13.791+0000] {dag.py:3239} INFO - Sync 3 DAGs
[2024-10-31T22:45:13.798+0000] {logging_mixin.py:190} INFO - [2024-10-31T22:45:13.798+0000] {dag.py:3262} INFO - Creating ORM DAG for example_subdag_operator.section-2
[2024-10-31T22:45:13.798+0000] {logging_mixin.py:190} INFO - [2024-10-31T22:45:13.798+0000] {dag.py:3262} INFO - Creating ORM DAG for example_subdag_operator
[2024-10-31T22:45:13.799+0000] {logging_mixin.py:190} INFO - [2024-10-31T22:45:13.799+0000] {dag.py:3262} INFO - Creating ORM DAG for example_subdag_operator.section-1
[2024-10-31T22:45:13.804+0000] {logging_mixin.py:190} INFO - [2024-10-31T22:45:13.804+0000] {dag.py:4180} INFO - Setting next_dagrun for example_subdag_operator to 2022-01-01 00:00:00+00:00, run_after=2022-01-01 00:00:00+00:00
[2024-10-31T22:45:13.805+0000] {logging_mixin.py:190} INFO - [2024-10-31T22:45:13.805+0000] {dag.py:4180} INFO - Setting next_dagrun for example_subdag_operator.section-1 to None, run_after=None
[2024-10-31T22:45:13.806+0000] {logging_mixin.py:190} INFO - [2024-10-31T22:45:13.805+0000] {dag.py:4180} INFO - Setting next_dagrun for example_subdag_operator.section-2 to None, run_after=None
[2024-10-31T22:45:13.815+0000] {logging_mixin.py:190} INFO - [2024-10-31T22:45:13.814+0000] {dag.py:3239} INFO - Sync 2 DAGs
[2024-10-31T22:45:13.820+0000] {logging_mixin.py:190} INFO - [2024-10-31T22:45:13.820+0000] {dag.py:4180} INFO - Setting next_dagrun for example_subdag_operator.section-1 to None, run_after=None
[2024-10-31T22:45:13.823+0000] {logging_mixin.py:190} INFO - [2024-10-31T22:45:13.822+0000] {dag.py:4180} INFO - Setting next_dagrun for example_subdag_operator.section-2 to None, run_after=None
[2024-10-31T22:45:13.832+0000] {processor.py:208} INFO - Processing /home/airflow/.local/lib/python3.12/site-packages/airflow/example_dags/example_subdag_operator.py took 0.197 seconds
[2024-10-31T22:45:44.814+0000] {processor.py:186} INFO - Started process (PID=571) to work on /home/airflow/.local/lib/python3.12/site-packages/airflow/example_dags/example_subdag_operator.py
[2024-10-31T22:45:44.817+0000] {processor.py:914} INFO - Processing file /home/airflow/.local/lib/python3.12/site-packages/airflow/example_dags/example_subdag_operator.py for tasks to queue
[2024-10-31T22:45:44.820+0000] {logging_mixin.py:190} INFO - [2024-10-31T22:45:44.819+0000] {dagbag.py:588} INFO - Filling up the DagBag from /home/airflow/.local/lib/python3.12/site-packages/airflow/example_dags/example_subdag_operator.py
[2024-10-31T22:45:44.851+0000] {processor.py:925} INFO - DAG(s) 'example_subdag_operator.section-1', 'example_subdag_operator.section-2', 'example_subdag_operator' retrieved from /home/airflow/.local/lib/python3.12/site-packages/airflow/example_dags/example_subdag_operator.py
[2024-10-31T22:45:44.864+0000] {logging_mixin.py:190} INFO - [2024-10-31T22:45:44.864+0000] {dag.py:3239} INFO - Sync 3 DAGs
[2024-10-31T22:45:44.877+0000] {logging_mixin.py:190} INFO - [2024-10-31T22:45:44.876+0000] {dag.py:4180} INFO - Setting next_dagrun for example_subdag_operator to 2022-01-01 00:00:00+00:00, run_after=2022-01-01 00:00:00+00:00
[2024-10-31T22:45:44.879+0000] {logging_mixin.py:190} INFO - [2024-10-31T22:45:44.879+0000] {dag.py:4180} INFO - Setting next_dagrun for example_subdag_operator.section-1 to None, run_after=None
[2024-10-31T22:45:44.880+0000] {logging_mixin.py:190} INFO - [2024-10-31T22:45:44.880+0000] {dag.py:4180} INFO - Setting next_dagrun for example_subdag_operator.section-2 to None, run_after=None
[2024-10-31T22:45:44.884+0000] {logging_mixin.py:190} INFO - [2024-10-31T22:45:44.884+0000] {dag.py:3239} INFO - Sync 2 DAGs
[2024-10-31T22:45:44.890+0000] {logging_mixin.py:190} INFO - [2024-10-31T22:45:44.890+0000] {dag.py:4180} INFO - Setting next_dagrun for example_subdag_operator.section-1 to None, run_after=None
[2024-10-31T22:45:44.890+0000] {logging_mixin.py:190} INFO - [2024-10-31T22:45:44.890+0000] {dag.py:4180} INFO - Setting next_dagrun for example_subdag_operator.section-2 to None, run_after=None
[2024-10-31T22:45:44.896+0000] {processor.py:208} INFO - Processing /home/airflow/.local/lib/python3.12/site-packages/airflow/example_dags/example_subdag_operator.py took 0.093 seconds
[2024-10-31T22:46:15.334+0000] {processor.py:186} INFO - Started process (PID=862) to work on /home/airflow/.local/lib/python3.12/site-packages/airflow/example_dags/example_subdag_operator.py
[2024-10-31T22:46:15.335+0000] {processor.py:914} INFO - Processing file /home/airflow/.local/lib/python3.12/site-packages/airflow/example_dags/example_subdag_operator.py for tasks to queue
[2024-10-31T22:46:15.337+0000] {logging_mixin.py:190} INFO - [2024-10-31T22:46:15.336+0000] {dagbag.py:588} INFO - Filling up the DagBag from /home/airflow/.local/lib/python3.12/site-packages/airflow/example_dags/example_subdag_operator.py
[2024-10-31T22:46:15.365+0000] {processor.py:925} INFO - DAG(s) 'example_subdag_operator.section-1', 'example_subdag_operator.section-2', 'example_subdag_operator' retrieved from /home/airflow/.local/lib/python3.12/site-packages/airflow/example_dags/example_subdag_operator.py
[2024-10-31T22:46:15.380+0000] {logging_mixin.py:190} INFO - [2024-10-31T22:46:15.380+0000] {dag.py:3239} INFO - Sync 3 DAGs
[2024-10-31T22:46:15.399+0000] {logging_mixin.py:190} INFO - [2024-10-31T22:46:15.399+0000] {dag.py:4180} INFO - Setting next_dagrun for example_subdag_operator to 2022-01-01 00:00:00+00:00, run_after=2022-01-01 00:00:00+00:00
[2024-10-31T22:46:15.402+0000] {logging_mixin.py:190} INFO - [2024-10-31T22:46:15.402+0000] {dag.py:4180} INFO - Setting next_dagrun for example_subdag_operator.section-1 to None, run_after=None
[2024-10-31T22:46:15.404+0000] {logging_mixin.py:190} INFO - [2024-10-31T22:46:15.404+0000] {dag.py:4180} INFO - Setting next_dagrun for example_subdag_operator.section-2 to None, run_after=None
[2024-10-31T22:46:15.410+0000] {logging_mixin.py:190} INFO - [2024-10-31T22:46:15.410+0000] {dag.py:3239} INFO - Sync 2 DAGs
[2024-10-31T22:46:15.414+0000] {logging_mixin.py:190} INFO - [2024-10-31T22:46:15.413+0000] {dag.py:4180} INFO - Setting next_dagrun for example_subdag_operator.section-1 to None, run_after=None
[2024-10-31T22:46:15.415+0000] {logging_mixin.py:190} INFO - [2024-10-31T22:46:15.415+0000] {dag.py:4180} INFO - Setting next_dagrun for example_subdag_operator.section-2 to None, run_after=None
[2024-10-31T22:46:15.424+0000] {processor.py:208} INFO - Processing /home/airflow/.local/lib/python3.12/site-packages/airflow/example_dags/example_subdag_operator.py took 0.095 seconds
[2024-10-31T22:46:45.780+0000] {processor.py:186} INFO - Started process (PID=1153) to work on /home/airflow/.local/lib/python3.12/site-packages/airflow/example_dags/example_subdag_operator.py
[2024-10-31T22:46:45.782+0000] {processor.py:914} INFO - Processing file /home/airflow/.local/lib/python3.12/site-packages/airflow/example_dags/example_subdag_operator.py for tasks to queue
[2024-10-31T22:46:45.785+0000] {logging_mixin.py:190} INFO - [2024-10-31T22:46:45.784+0000] {dagbag.py:588} INFO - Filling up the DagBag from /home/airflow/.local/lib/python3.12/site-packages/airflow/example_dags/example_subdag_operator.py
[2024-10-31T22:46:45.813+0000] {processor.py:925} INFO - DAG(s) 'example_subdag_operator.section-1', 'example_subdag_operator.section-2', 'example_subdag_operator' retrieved from /home/airflow/.local/lib/python3.12/site-packages/airflow/example_dags/example_subdag_operator.py
[2024-10-31T22:46:45.830+0000] {logging_mixin.py:190} INFO - [2024-10-31T22:46:45.830+0000] {dag.py:3239} INFO - Sync 3 DAGs
[2024-10-31T22:46:45.848+0000] {logging_mixin.py:190} INFO - [2024-10-31T22:46:45.848+0000] {dag.py:4180} INFO - Setting next_dagrun for example_subdag_operator to 2022-01-01 00:00:00+00:00, run_after=2022-01-01 00:00:00+00:00
[2024-10-31T22:46:45.850+0000] {logging_mixin.py:190} INFO - [2024-10-31T22:46:45.850+0000] {dag.py:4180} INFO - Setting next_dagrun for example_subdag_operator.section-1 to None, run_after=None
[2024-10-31T22:46:45.851+0000] {logging_mixin.py:190} INFO - [2024-10-31T22:46:45.851+0000] {dag.py:4180} INFO - Setting next_dagrun for example_subdag_operator.section-2 to None, run_after=None
[2024-10-31T22:46:45.856+0000] {logging_mixin.py:190} INFO - [2024-10-31T22:46:45.856+0000] {dag.py:3239} INFO - Sync 2 DAGs
[2024-10-31T22:46:45.863+0000] {logging_mixin.py:190} INFO - [2024-10-31T22:46:45.863+0000] {dag.py:4180} INFO - Setting next_dagrun for example_subdag_operator.section-1 to None, run_after=None
[2024-10-31T22:46:45.863+0000] {logging_mixin.py:190} INFO - [2024-10-31T22:46:45.863+0000] {dag.py:4180} INFO - Setting next_dagrun for example_subdag_operator.section-2 to None, run_after=None
[2024-10-31T22:46:45.869+0000] {processor.py:208} INFO - Processing /home/airflow/.local/lib/python3.12/site-packages/airflow/example_dags/example_subdag_operator.py took 0.095 seconds
[2024-10-31T22:47:15.954+0000] {processor.py:186} INFO - Started process (PID=1444) to work on /home/airflow/.local/lib/python3.12/site-packages/airflow/example_dags/example_subdag_operator.py
[2024-10-31T22:47:15.956+0000] {processor.py:914} INFO - Processing file /home/airflow/.local/lib/python3.12/site-packages/airflow/example_dags/example_subdag_operator.py for tasks to queue
[2024-10-31T22:47:15.959+0000] {logging_mixin.py:190} INFO - [2024-10-31T22:47:15.959+0000] {dagbag.py:588} INFO - Filling up the DagBag from /home/airflow/.local/lib/python3.12/site-packages/airflow/example_dags/example_subdag_operator.py
[2024-10-31T22:47:15.987+0000] {processor.py:925} INFO - DAG(s) 'example_subdag_operator.section-1', 'example_subdag_operator.section-2', 'example_subdag_operator' retrieved from /home/airflow/.local/lib/python3.12/site-packages/airflow/example_dags/example_subdag_operator.py
[2024-10-31T22:47:16.001+0000] {logging_mixin.py:190} INFO - [2024-10-31T22:47:16.001+0000] {dag.py:3239} INFO - Sync 3 DAGs
[2024-10-31T22:47:16.017+0000] {logging_mixin.py:190} INFO - [2024-10-31T22:47:16.017+0000] {dag.py:4180} INFO - Setting next_dagrun for example_subdag_operator to 2022-01-01 00:00:00+00:00, run_after=2022-01-01 00:00:00+00:00
[2024-10-31T22:47:16.020+0000] {logging_mixin.py:190} INFO - [2024-10-31T22:47:16.020+0000] {dag.py:4180} INFO - Setting next_dagrun for example_subdag_operator.section-1 to None, run_after=None
[2024-10-31T22:47:16.021+0000] {logging_mixin.py:190} INFO - [2024-10-31T22:47:16.021+0000] {dag.py:4180} INFO - Setting next_dagrun for example_subdag_operator.section-2 to None, run_after=None
[2024-10-31T22:47:16.026+0000] {logging_mixin.py:190} INFO - [2024-10-31T22:47:16.026+0000] {dag.py:3239} INFO - Sync 2 DAGs
[2024-10-31T22:47:16.030+0000] {logging_mixin.py:190} INFO - [2024-10-31T22:47:16.030+0000] {dag.py:4180} INFO - Setting next_dagrun for example_subdag_operator.section-1 to None, run_after=None
[2024-10-31T22:47:16.031+0000] {logging_mixin.py:190} INFO - [2024-10-31T22:47:16.031+0000] {dag.py:4180} INFO - Setting next_dagrun for example_subdag_operator.section-2 to None, run_after=None
[2024-10-31T22:47:16.037+0000] {processor.py:208} INFO - Processing /home/airflow/.local/lib/python3.12/site-packages/airflow/example_dags/example_subdag_operator.py took 0.089 seconds
[2024-10-31T22:48:24.038+0000] {processor.py:186} INFO - Started process (PID=273) to work on /home/airflow/.local/lib/python3.12/site-packages/airflow/example_dags/example_subdag_operator.py
[2024-10-31T22:48:24.042+0000] {processor.py:914} INFO - Processing file /home/airflow/.local/lib/python3.12/site-packages/airflow/example_dags/example_subdag_operator.py for tasks to queue
[2024-10-31T22:48:24.046+0000] {logging_mixin.py:190} INFO - [2024-10-31T22:48:24.046+0000] {dagbag.py:588} INFO - Filling up the DagBag from /home/airflow/.local/lib/python3.12/site-packages/airflow/example_dags/example_subdag_operator.py
[2024-10-31T22:48:24.064+0000] {processor.py:925} INFO - DAG(s) 'example_subdag_operator.section-1', 'example_subdag_operator.section-2', 'example_subdag_operator' retrieved from /home/airflow/.local/lib/python3.12/site-packages/airflow/example_dags/example_subdag_operator.py
[2024-10-31T22:48:24.075+0000] {logging_mixin.py:190} INFO - [2024-10-31T22:48:24.075+0000] {dag.py:3239} INFO - Sync 3 DAGs
[2024-10-31T22:48:24.090+0000] {logging_mixin.py:190} INFO - [2024-10-31T22:48:24.090+0000] {dag.py:4180} INFO - Setting next_dagrun for example_subdag_operator to 2022-01-01 00:00:00+00:00, run_after=2022-01-01 00:00:00+00:00
[2024-10-31T22:48:24.095+0000] {logging_mixin.py:190} INFO - [2024-10-31T22:48:24.095+0000] {dag.py:4180} INFO - Setting next_dagrun for example_subdag_operator.section-1 to None, run_after=None
[2024-10-31T22:48:24.096+0000] {logging_mixin.py:190} INFO - [2024-10-31T22:48:24.096+0000] {dag.py:4180} INFO - Setting next_dagrun for example_subdag_operator.section-2 to None, run_after=None
[2024-10-31T22:48:24.100+0000] {logging_mixin.py:190} INFO - [2024-10-31T22:48:24.100+0000] {dag.py:3239} INFO - Sync 2 DAGs
[2024-10-31T22:48:24.104+0000] {logging_mixin.py:190} INFO - [2024-10-31T22:48:24.104+0000] {dag.py:4180} INFO - Setting next_dagrun for example_subdag_operator.section-1 to None, run_after=None
[2024-10-31T22:48:24.104+0000] {logging_mixin.py:190} INFO - [2024-10-31T22:48:24.104+0000] {dag.py:4180} INFO - Setting next_dagrun for example_subdag_operator.section-2 to None, run_after=None
[2024-10-31T22:48:24.112+0000] {processor.py:208} INFO - Processing /home/airflow/.local/lib/python3.12/site-packages/airflow/example_dags/example_subdag_operator.py took 0.079 seconds
[2024-10-31T22:48:54.594+0000] {processor.py:186} INFO - Started process (PID=566) to work on /home/airflow/.local/lib/python3.12/site-packages/airflow/example_dags/example_subdag_operator.py
[2024-10-31T22:48:54.595+0000] {processor.py:914} INFO - Processing file /home/airflow/.local/lib/python3.12/site-packages/airflow/example_dags/example_subdag_operator.py for tasks to queue
[2024-10-31T22:48:54.597+0000] {logging_mixin.py:190} INFO - [2024-10-31T22:48:54.596+0000] {dagbag.py:588} INFO - Filling up the DagBag from /home/airflow/.local/lib/python3.12/site-packages/airflow/example_dags/example_subdag_operator.py
[2024-10-31T22:48:54.619+0000] {processor.py:925} INFO - DAG(s) 'example_subdag_operator.section-1', 'example_subdag_operator.section-2', 'example_subdag_operator' retrieved from /home/airflow/.local/lib/python3.12/site-packages/airflow/example_dags/example_subdag_operator.py
[2024-10-31T22:48:54.636+0000] {logging_mixin.py:190} INFO - [2024-10-31T22:48:54.635+0000] {dag.py:3239} INFO - Sync 3 DAGs
[2024-10-31T22:48:54.655+0000] {logging_mixin.py:190} INFO - [2024-10-31T22:48:54.655+0000] {dag.py:4180} INFO - Setting next_dagrun for example_subdag_operator to 2022-01-01 00:00:00+00:00, run_after=2022-01-01 00:00:00+00:00
[2024-10-31T22:48:54.659+0000] {logging_mixin.py:190} INFO - [2024-10-31T22:48:54.659+0000] {dag.py:4180} INFO - Setting next_dagrun for example_subdag_operator.section-1 to None, run_after=None
[2024-10-31T22:48:54.660+0000] {logging_mixin.py:190} INFO - [2024-10-31T22:48:54.660+0000] {dag.py:4180} INFO - Setting next_dagrun for example_subdag_operator.section-2 to None, run_after=None
[2024-10-31T22:48:54.666+0000] {logging_mixin.py:190} INFO - [2024-10-31T22:48:54.666+0000] {dag.py:3239} INFO - Sync 2 DAGs
[2024-10-31T22:48:54.670+0000] {logging_mixin.py:190} INFO - [2024-10-31T22:48:54.670+0000] {dag.py:4180} INFO - Setting next_dagrun for example_subdag_operator.section-1 to None, run_after=None
[2024-10-31T22:48:54.671+0000] {logging_mixin.py:190} INFO - [2024-10-31T22:48:54.671+0000] {dag.py:4180} INFO - Setting next_dagrun for example_subdag_operator.section-2 to None, run_after=None
[2024-10-31T22:48:54.681+0000] {processor.py:208} INFO - Processing /home/airflow/.local/lib/python3.12/site-packages/airflow/example_dags/example_subdag_operator.py took 0.089 seconds
[2024-10-31T22:49:24.773+0000] {processor.py:186} INFO - Started process (PID=855) to work on /home/airflow/.local/lib/python3.12/site-packages/airflow/example_dags/example_subdag_operator.py
[2024-10-31T22:49:24.774+0000] {processor.py:914} INFO - Processing file /home/airflow/.local/lib/python3.12/site-packages/airflow/example_dags/example_subdag_operator.py for tasks to queue
[2024-10-31T22:49:24.776+0000] {logging_mixin.py:190} INFO - [2024-10-31T22:49:24.776+0000] {dagbag.py:588} INFO - Filling up the DagBag from /home/airflow/.local/lib/python3.12/site-packages/airflow/example_dags/example_subdag_operator.py
[2024-10-31T22:49:24.798+0000] {processor.py:925} INFO - DAG(s) 'example_subdag_operator.section-1', 'example_subdag_operator.section-2', 'example_subdag_operator' retrieved from /home/airflow/.local/lib/python3.12/site-packages/airflow/example_dags/example_subdag_operator.py
[2024-10-31T22:49:24.810+0000] {logging_mixin.py:190} INFO - [2024-10-31T22:49:24.810+0000] {dag.py:3239} INFO - Sync 3 DAGs
[2024-10-31T22:49:24.825+0000] {logging_mixin.py:190} INFO - [2024-10-31T22:49:24.825+0000] {dag.py:4180} INFO - Setting next_dagrun for example_subdag_operator to 2022-01-01 00:00:00+00:00, run_after=2022-01-01 00:00:00+00:00
[2024-10-31T22:49:24.830+0000] {logging_mixin.py:190} INFO - [2024-10-31T22:49:24.830+0000] {dag.py:4180} INFO - Setting next_dagrun for example_subdag_operator.section-1 to None, run_after=None
[2024-10-31T22:49:24.832+0000] {logging_mixin.py:190} INFO - [2024-10-31T22:49:24.832+0000] {dag.py:4180} INFO - Setting next_dagrun for example_subdag_operator.section-2 to None, run_after=None
[2024-10-31T22:49:24.838+0000] {logging_mixin.py:190} INFO - [2024-10-31T22:49:24.838+0000] {dag.py:3239} INFO - Sync 2 DAGs
[2024-10-31T22:49:24.843+0000] {logging_mixin.py:190} INFO - [2024-10-31T22:49:24.843+0000] {dag.py:4180} INFO - Setting next_dagrun for example_subdag_operator.section-1 to None, run_after=None
[2024-10-31T22:49:24.843+0000] {logging_mixin.py:190} INFO - [2024-10-31T22:49:24.843+0000] {dag.py:4180} INFO - Setting next_dagrun for example_subdag_operator.section-2 to None, run_after=None
[2024-10-31T22:49:24.851+0000] {processor.py:208} INFO - Processing /home/airflow/.local/lib/python3.12/site-packages/airflow/example_dags/example_subdag_operator.py took 0.081 seconds
[2024-10-31T22:49:55.888+0000] {processor.py:186} INFO - Started process (PID=1154) to work on /home/airflow/.local/lib/python3.12/site-packages/airflow/example_dags/example_subdag_operator.py
[2024-10-31T22:49:55.889+0000] {processor.py:914} INFO - Processing file /home/airflow/.local/lib/python3.12/site-packages/airflow/example_dags/example_subdag_operator.py for tasks to queue
[2024-10-31T22:49:55.890+0000] {logging_mixin.py:190} INFO - [2024-10-31T22:49:55.890+0000] {dagbag.py:588} INFO - Filling up the DagBag from /home/airflow/.local/lib/python3.12/site-packages/airflow/example_dags/example_subdag_operator.py
[2024-10-31T22:49:55.909+0000] {processor.py:925} INFO - DAG(s) 'example_subdag_operator.section-1', 'example_subdag_operator.section-2', 'example_subdag_operator' retrieved from /home/airflow/.local/lib/python3.12/site-packages/airflow/example_dags/example_subdag_operator.py
[2024-10-31T22:49:55.919+0000] {logging_mixin.py:190} INFO - [2024-10-31T22:49:55.919+0000] {dag.py:3239} INFO - Sync 3 DAGs
[2024-10-31T22:49:55.931+0000] {logging_mixin.py:190} INFO - [2024-10-31T22:49:55.931+0000] {dag.py:4180} INFO - Setting next_dagrun for example_subdag_operator to 2022-01-01 00:00:00+00:00, run_after=2022-01-01 00:00:00+00:00
[2024-10-31T22:49:55.934+0000] {logging_mixin.py:190} INFO - [2024-10-31T22:49:55.934+0000] {dag.py:4180} INFO - Setting next_dagrun for example_subdag_operator.section-1 to None, run_after=None
[2024-10-31T22:49:55.936+0000] {logging_mixin.py:190} INFO - [2024-10-31T22:49:55.936+0000] {dag.py:4180} INFO - Setting next_dagrun for example_subdag_operator.section-2 to None, run_after=None
[2024-10-31T22:49:55.942+0000] {logging_mixin.py:190} INFO - [2024-10-31T22:49:55.942+0000] {dag.py:3239} INFO - Sync 2 DAGs
[2024-10-31T22:49:55.947+0000] {logging_mixin.py:190} INFO - [2024-10-31T22:49:55.947+0000] {dag.py:4180} INFO - Setting next_dagrun for example_subdag_operator.section-1 to None, run_after=None
[2024-10-31T22:49:55.951+0000] {logging_mixin.py:190} INFO - [2024-10-31T22:49:55.950+0000] {dag.py:4180} INFO - Setting next_dagrun for example_subdag_operator.section-2 to None, run_after=None
[2024-10-31T22:49:55.959+0000] {processor.py:208} INFO - Processing /home/airflow/.local/lib/python3.12/site-packages/airflow/example_dags/example_subdag_operator.py took 0.075 seconds
