[2024-10-31T22:45:16.643+0000] {processor.py:186} INFO - Started process (PID=333) to work on /home/airflow/.local/lib/python3.12/site-packages/airflow/example_dags/example_sla_dag.py
[2024-10-31T22:45:16.644+0000] {processor.py:914} INFO - Processing file /home/airflow/.local/lib/python3.12/site-packages/airflow/example_dags/example_sla_dag.py for tasks to queue
[2024-10-31T22:45:16.647+0000] {logging_mixin.py:190} INFO - [2024-10-31T22:45:16.646+0000] {dagbag.py:588} INFO - Filling up the DagBag from /home/airflow/.local/lib/python3.12/site-packages/airflow/example_dags/example_sla_dag.py
[2024-10-31T22:45:16.658+0000] {processor.py:925} INFO - DAG(s) 'example_sla_dag' retrieved from /home/airflow/.local/lib/python3.12/site-packages/airflow/example_dags/example_sla_dag.py
[2024-10-31T22:45:16.781+0000] {logging_mixin.py:190} INFO - [2024-10-31T22:45:16.781+0000] {override.py:1900} INFO - Created Permission View: can delete on DAG:example_sla_dag
[2024-10-31T22:45:16.788+0000] {logging_mixin.py:190} INFO - [2024-10-31T22:45:16.788+0000] {override.py:1900} INFO - Created Permission View: can read on DAG:example_sla_dag
[2024-10-31T22:45:16.794+0000] {logging_mixin.py:190} INFO - [2024-10-31T22:45:16.794+0000] {override.py:1900} INFO - Created Permission View: can edit on DAG:example_sla_dag
[2024-10-31T22:45:16.803+0000] {logging_mixin.py:190} INFO - [2024-10-31T22:45:16.802+0000] {override.py:1900} INFO - Created Permission View: can create on DAG Run:example_sla_dag
[2024-10-31T22:45:16.812+0000] {logging_mixin.py:190} INFO - [2024-10-31T22:45:16.812+0000] {override.py:1900} INFO - Created Permission View: can delete on DAG Run:example_sla_dag
[2024-10-31T22:45:16.819+0000] {logging_mixin.py:190} INFO - [2024-10-31T22:45:16.818+0000] {override.py:1900} INFO - Created Permission View: can read on DAG Run:example_sla_dag
[2024-10-31T22:45:16.829+0000] {logging_mixin.py:190} INFO - [2024-10-31T22:45:16.828+0000] {override.py:1900} INFO - Created Permission View: menu access on DAG Run:example_sla_dag
[2024-10-31T22:45:16.829+0000] {logging_mixin.py:190} INFO - [2024-10-31T22:45:16.829+0000] {dag.py:3239} INFO - Sync 1 DAGs
[2024-10-31T22:45:16.841+0000] {logging_mixin.py:190} INFO - [2024-10-31T22:45:16.841+0000] {dag.py:3262} INFO - Creating ORM DAG for example_sla_dag
[2024-10-31T22:45:16.850+0000] {logging_mixin.py:190} INFO - [2024-10-31T22:45:16.850+0000] {dag.py:4180} INFO - Setting next_dagrun for example_sla_dag to 2024-10-31 22:42:00+00:00, run_after=2024-10-31 22:44:00+00:00
[2024-10-31T22:45:16.863+0000] {processor.py:208} INFO - Processing /home/airflow/.local/lib/python3.12/site-packages/airflow/example_dags/example_sla_dag.py took 0.229 seconds
[2024-10-31T22:45:47.382+0000] {processor.py:186} INFO - Started process (PID=624) to work on /home/airflow/.local/lib/python3.12/site-packages/airflow/example_dags/example_sla_dag.py
[2024-10-31T22:45:47.383+0000] {processor.py:914} INFO - Processing file /home/airflow/.local/lib/python3.12/site-packages/airflow/example_dags/example_sla_dag.py for tasks to queue
[2024-10-31T22:45:47.384+0000] {logging_mixin.py:190} INFO - [2024-10-31T22:45:47.384+0000] {dagbag.py:588} INFO - Filling up the DagBag from /home/airflow/.local/lib/python3.12/site-packages/airflow/example_dags/example_sla_dag.py
[2024-10-31T22:45:47.402+0000] {processor.py:925} INFO - DAG(s) 'example_sla_dag' retrieved from /home/airflow/.local/lib/python3.12/site-packages/airflow/example_dags/example_sla_dag.py
[2024-10-31T22:45:47.428+0000] {logging_mixin.py:190} INFO - [2024-10-31T22:45:47.427+0000] {dag.py:3239} INFO - Sync 1 DAGs
[2024-10-31T22:45:47.448+0000] {logging_mixin.py:190} INFO - [2024-10-31T22:45:47.448+0000] {dag.py:4180} INFO - Setting next_dagrun for example_sla_dag to 2024-10-31 22:42:00+00:00, run_after=2024-10-31 22:44:00+00:00
[2024-10-31T22:45:47.466+0000] {processor.py:208} INFO - Processing /home/airflow/.local/lib/python3.12/site-packages/airflow/example_dags/example_sla_dag.py took 0.089 seconds
[2024-10-31T22:46:19.007+0000] {processor.py:186} INFO - Started process (PID=915) to work on /home/airflow/.local/lib/python3.12/site-packages/airflow/example_dags/example_sla_dag.py
[2024-10-31T22:46:19.017+0000] {processor.py:914} INFO - Processing file /home/airflow/.local/lib/python3.12/site-packages/airflow/example_dags/example_sla_dag.py for tasks to queue
[2024-10-31T22:46:19.025+0000] {logging_mixin.py:190} INFO - [2024-10-31T22:46:19.025+0000] {dagbag.py:588} INFO - Filling up the DagBag from /home/airflow/.local/lib/python3.12/site-packages/airflow/example_dags/example_sla_dag.py
[2024-10-31T22:46:19.043+0000] {processor.py:925} INFO - DAG(s) 'example_sla_dag' retrieved from /home/airflow/.local/lib/python3.12/site-packages/airflow/example_dags/example_sla_dag.py
[2024-10-31T22:46:19.069+0000] {logging_mixin.py:190} INFO - [2024-10-31T22:46:19.068+0000] {dag.py:3239} INFO - Sync 1 DAGs
[2024-10-31T22:46:19.093+0000] {logging_mixin.py:190} INFO - [2024-10-31T22:46:19.093+0000] {dag.py:4180} INFO - Setting next_dagrun for example_sla_dag to 2024-10-31 22:44:00+00:00, run_after=2024-10-31 22:46:00+00:00
[2024-10-31T22:46:19.114+0000] {processor.py:208} INFO - Processing /home/airflow/.local/lib/python3.12/site-packages/airflow/example_dags/example_sla_dag.py took 0.119 seconds
[2024-10-31T22:46:49.400+0000] {processor.py:186} INFO - Started process (PID=1206) to work on /home/airflow/.local/lib/python3.12/site-packages/airflow/example_dags/example_sla_dag.py
[2024-10-31T22:46:49.404+0000] {processor.py:914} INFO - Processing file /home/airflow/.local/lib/python3.12/site-packages/airflow/example_dags/example_sla_dag.py for tasks to queue
[2024-10-31T22:46:49.410+0000] {logging_mixin.py:190} INFO - [2024-10-31T22:46:49.410+0000] {dagbag.py:588} INFO - Filling up the DagBag from /home/airflow/.local/lib/python3.12/site-packages/airflow/example_dags/example_sla_dag.py
[2024-10-31T22:46:49.425+0000] {processor.py:925} INFO - DAG(s) 'example_sla_dag' retrieved from /home/airflow/.local/lib/python3.12/site-packages/airflow/example_dags/example_sla_dag.py
[2024-10-31T22:46:49.445+0000] {logging_mixin.py:190} INFO - [2024-10-31T22:46:49.444+0000] {dag.py:3239} INFO - Sync 1 DAGs
[2024-10-31T22:46:49.467+0000] {logging_mixin.py:190} INFO - [2024-10-31T22:46:49.467+0000] {dag.py:4180} INFO - Setting next_dagrun for example_sla_dag to 2024-10-31 22:44:00+00:00, run_after=2024-10-31 22:46:00+00:00
[2024-10-31T22:46:49.482+0000] {processor.py:208} INFO - Processing /home/airflow/.local/lib/python3.12/site-packages/airflow/example_dags/example_sla_dag.py took 0.095 seconds
[2024-10-31T22:47:20.450+0000] {processor.py:186} INFO - Started process (PID=1497) to work on /home/airflow/.local/lib/python3.12/site-packages/airflow/example_dags/example_sla_dag.py
[2024-10-31T22:47:20.453+0000] {processor.py:914} INFO - Processing file /home/airflow/.local/lib/python3.12/site-packages/airflow/example_dags/example_sla_dag.py for tasks to queue
[2024-10-31T22:47:20.456+0000] {logging_mixin.py:190} INFO - [2024-10-31T22:47:20.455+0000] {dagbag.py:588} INFO - Filling up the DagBag from /home/airflow/.local/lib/python3.12/site-packages/airflow/example_dags/example_sla_dag.py
[2024-10-31T22:47:20.469+0000] {processor.py:925} INFO - DAG(s) 'example_sla_dag' retrieved from /home/airflow/.local/lib/python3.12/site-packages/airflow/example_dags/example_sla_dag.py
[2024-10-31T22:47:20.495+0000] {logging_mixin.py:190} INFO - [2024-10-31T22:47:20.495+0000] {dag.py:3239} INFO - Sync 1 DAGs
[2024-10-31T22:47:20.518+0000] {logging_mixin.py:190} INFO - [2024-10-31T22:47:20.518+0000] {dag.py:4180} INFO - Setting next_dagrun for example_sla_dag to 2024-10-31 22:44:00+00:00, run_after=2024-10-31 22:46:00+00:00
[2024-10-31T22:47:20.537+0000] {processor.py:208} INFO - Processing /home/airflow/.local/lib/python3.12/site-packages/airflow/example_dags/example_sla_dag.py took 0.097 seconds
[2024-10-31T22:48:25.366+0000] {processor.py:186} INFO - Started process (PID=334) to work on /home/airflow/.local/lib/python3.12/site-packages/airflow/example_dags/example_sla_dag.py
[2024-10-31T22:48:25.371+0000] {processor.py:914} INFO - Processing file /home/airflow/.local/lib/python3.12/site-packages/airflow/example_dags/example_sla_dag.py for tasks to queue
[2024-10-31T22:48:25.374+0000] {logging_mixin.py:190} INFO - [2024-10-31T22:48:25.374+0000] {dagbag.py:588} INFO - Filling up the DagBag from /home/airflow/.local/lib/python3.12/site-packages/airflow/example_dags/example_sla_dag.py
[2024-10-31T22:48:25.385+0000] {processor.py:925} INFO - DAG(s) 'example_sla_dag' retrieved from /home/airflow/.local/lib/python3.12/site-packages/airflow/example_dags/example_sla_dag.py
[2024-10-31T22:48:25.430+0000] {logging_mixin.py:190} INFO - [2024-10-31T22:48:25.430+0000] {dag.py:3239} INFO - Sync 1 DAGs
[2024-10-31T22:48:25.483+0000] {logging_mixin.py:190} INFO - [2024-10-31T22:48:25.483+0000] {dag.py:4180} INFO - Setting next_dagrun for example_sla_dag to 2024-10-31 22:46:00+00:00, run_after=2024-10-31 22:48:00+00:00
[2024-10-31T22:48:25.523+0000] {processor.py:208} INFO - Processing /home/airflow/.local/lib/python3.12/site-packages/airflow/example_dags/example_sla_dag.py took 0.175 seconds
[2024-10-31T22:48:56.218+0000] {processor.py:186} INFO - Started process (PID=625) to work on /home/airflow/.local/lib/python3.12/site-packages/airflow/example_dags/example_sla_dag.py
[2024-10-31T22:48:56.219+0000] {processor.py:914} INFO - Processing file /home/airflow/.local/lib/python3.12/site-packages/airflow/example_dags/example_sla_dag.py for tasks to queue
[2024-10-31T22:48:56.224+0000] {logging_mixin.py:190} INFO - [2024-10-31T22:48:56.223+0000] {dagbag.py:588} INFO - Filling up the DagBag from /home/airflow/.local/lib/python3.12/site-packages/airflow/example_dags/example_sla_dag.py
[2024-10-31T22:48:56.234+0000] {processor.py:925} INFO - DAG(s) 'example_sla_dag' retrieved from /home/airflow/.local/lib/python3.12/site-packages/airflow/example_dags/example_sla_dag.py
[2024-10-31T22:48:56.268+0000] {logging_mixin.py:190} INFO - [2024-10-31T22:48:56.268+0000] {dag.py:3239} INFO - Sync 1 DAGs
[2024-10-31T22:48:56.288+0000] {logging_mixin.py:190} INFO - [2024-10-31T22:48:56.288+0000] {dag.py:4180} INFO - Setting next_dagrun for example_sla_dag to 2024-10-31 22:46:00+00:00, run_after=2024-10-31 22:48:00+00:00
[2024-10-31T22:48:56.303+0000] {processor.py:208} INFO - Processing /home/airflow/.local/lib/python3.12/site-packages/airflow/example_dags/example_sla_dag.py took 0.093 seconds
[2024-10-31T22:49:27.274+0000] {processor.py:186} INFO - Started process (PID=916) to work on /home/airflow/.local/lib/python3.12/site-packages/airflow/example_dags/example_sla_dag.py
[2024-10-31T22:49:27.275+0000] {processor.py:914} INFO - Processing file /home/airflow/.local/lib/python3.12/site-packages/airflow/example_dags/example_sla_dag.py for tasks to queue
[2024-10-31T22:49:27.277+0000] {logging_mixin.py:190} INFO - [2024-10-31T22:49:27.277+0000] {dagbag.py:588} INFO - Filling up the DagBag from /home/airflow/.local/lib/python3.12/site-packages/airflow/example_dags/example_sla_dag.py
[2024-10-31T22:49:27.289+0000] {processor.py:925} INFO - DAG(s) 'example_sla_dag' retrieved from /home/airflow/.local/lib/python3.12/site-packages/airflow/example_dags/example_sla_dag.py
[2024-10-31T22:49:27.308+0000] {logging_mixin.py:190} INFO - [2024-10-31T22:49:27.308+0000] {dag.py:3239} INFO - Sync 1 DAGs
[2024-10-31T22:49:27.327+0000] {logging_mixin.py:190} INFO - [2024-10-31T22:49:27.327+0000] {dag.py:4180} INFO - Setting next_dagrun for example_sla_dag to 2024-10-31 22:46:00+00:00, run_after=2024-10-31 22:48:00+00:00
[2024-10-31T22:49:27.340+0000] {processor.py:208} INFO - Processing /home/airflow/.local/lib/python3.12/site-packages/airflow/example_dags/example_sla_dag.py took 0.073 seconds
[2024-10-31T22:49:57.470+0000] {processor.py:186} INFO - Started process (PID=1204) to work on /home/airflow/.local/lib/python3.12/site-packages/airflow/example_dags/example_sla_dag.py
[2024-10-31T22:49:57.472+0000] {processor.py:914} INFO - Processing file /home/airflow/.local/lib/python3.12/site-packages/airflow/example_dags/example_sla_dag.py for tasks to queue
[2024-10-31T22:49:57.476+0000] {logging_mixin.py:190} INFO - [2024-10-31T22:49:57.475+0000] {dagbag.py:588} INFO - Filling up the DagBag from /home/airflow/.local/lib/python3.12/site-packages/airflow/example_dags/example_sla_dag.py
[2024-10-31T22:49:57.492+0000] {processor.py:925} INFO - DAG(s) 'example_sla_dag' retrieved from /home/airflow/.local/lib/python3.12/site-packages/airflow/example_dags/example_sla_dag.py
[2024-10-31T22:49:57.512+0000] {logging_mixin.py:190} INFO - [2024-10-31T22:49:57.512+0000] {dag.py:3239} INFO - Sync 1 DAGs
[2024-10-31T22:49:57.543+0000] {logging_mixin.py:190} INFO - [2024-10-31T22:49:57.542+0000] {dag.py:4180} INFO - Setting next_dagrun for example_sla_dag to 2024-10-31 22:46:00+00:00, run_after=2024-10-31 22:48:00+00:00
[2024-10-31T22:49:57.560+0000] {processor.py:208} INFO - Processing /home/airflow/.local/lib/python3.12/site-packages/airflow/example_dags/example_sla_dag.py took 0.098 seconds
[2024-10-31T22:50:28.176+0000] {processor.py:186} INFO - Started process (PID=1497) to work on /home/airflow/.local/lib/python3.12/site-packages/airflow/example_dags/example_sla_dag.py
[2024-10-31T22:50:28.179+0000] {processor.py:914} INFO - Processing file /home/airflow/.local/lib/python3.12/site-packages/airflow/example_dags/example_sla_dag.py for tasks to queue
[2024-10-31T22:50:28.184+0000] {logging_mixin.py:190} INFO - [2024-10-31T22:50:28.183+0000] {dagbag.py:588} INFO - Filling up the DagBag from /home/airflow/.local/lib/python3.12/site-packages/airflow/example_dags/example_sla_dag.py
[2024-10-31T22:50:28.215+0000] {processor.py:925} INFO - DAG(s) 'example_sla_dag' retrieved from /home/airflow/.local/lib/python3.12/site-packages/airflow/example_dags/example_sla_dag.py
[2024-10-31T22:50:28.248+0000] {logging_mixin.py:190} INFO - [2024-10-31T22:50:28.248+0000] {dag.py:3239} INFO - Sync 1 DAGs
[2024-10-31T22:50:28.280+0000] {logging_mixin.py:190} INFO - [2024-10-31T22:50:28.280+0000] {dag.py:4180} INFO - Setting next_dagrun for example_sla_dag to 2024-10-31 22:48:00+00:00, run_after=2024-10-31 22:50:00+00:00
[2024-10-31T22:50:28.296+0000] {processor.py:208} INFO - Processing /home/airflow/.local/lib/python3.12/site-packages/airflow/example_dags/example_sla_dag.py took 0.129 seconds
[2024-10-31T22:50:58.687+0000] {processor.py:186} INFO - Started process (PID=1787) to work on /home/airflow/.local/lib/python3.12/site-packages/airflow/example_dags/example_sla_dag.py
[2024-10-31T22:50:58.689+0000] {processor.py:914} INFO - Processing file /home/airflow/.local/lib/python3.12/site-packages/airflow/example_dags/example_sla_dag.py for tasks to queue
[2024-10-31T22:50:58.693+0000] {logging_mixin.py:190} INFO - [2024-10-31T22:50:58.692+0000] {dagbag.py:588} INFO - Filling up the DagBag from /home/airflow/.local/lib/python3.12/site-packages/airflow/example_dags/example_sla_dag.py
[2024-10-31T22:50:58.725+0000] {processor.py:925} INFO - DAG(s) 'example_sla_dag' retrieved from /home/airflow/.local/lib/python3.12/site-packages/airflow/example_dags/example_sla_dag.py
[2024-10-31T22:50:58.759+0000] {logging_mixin.py:190} INFO - [2024-10-31T22:50:58.759+0000] {dag.py:3239} INFO - Sync 1 DAGs
[2024-10-31T22:50:58.781+0000] {logging_mixin.py:190} INFO - [2024-10-31T22:50:58.781+0000] {dag.py:4180} INFO - Setting next_dagrun for example_sla_dag to 2024-10-31 22:48:00+00:00, run_after=2024-10-31 22:50:00+00:00
[2024-10-31T22:50:58.807+0000] {processor.py:208} INFO - Processing /home/airflow/.local/lib/python3.12/site-packages/airflow/example_dags/example_sla_dag.py took 0.133 seconds
[2024-10-31T22:51:29.194+0000] {processor.py:186} INFO - Started process (PID=2079) to work on /home/airflow/.local/lib/python3.12/site-packages/airflow/example_dags/example_sla_dag.py
[2024-10-31T22:51:29.197+0000] {processor.py:914} INFO - Processing file /home/airflow/.local/lib/python3.12/site-packages/airflow/example_dags/example_sla_dag.py for tasks to queue
[2024-10-31T22:51:29.201+0000] {logging_mixin.py:190} INFO - [2024-10-31T22:51:29.201+0000] {dagbag.py:588} INFO - Filling up the DagBag from /home/airflow/.local/lib/python3.12/site-packages/airflow/example_dags/example_sla_dag.py
[2024-10-31T22:51:29.215+0000] {processor.py:925} INFO - DAG(s) 'example_sla_dag' retrieved from /home/airflow/.local/lib/python3.12/site-packages/airflow/example_dags/example_sla_dag.py
[2024-10-31T22:51:29.237+0000] {logging_mixin.py:190} INFO - [2024-10-31T22:51:29.237+0000] {dag.py:3239} INFO - Sync 1 DAGs
[2024-10-31T22:51:29.257+0000] {logging_mixin.py:190} INFO - [2024-10-31T22:51:29.257+0000] {dag.py:4180} INFO - Setting next_dagrun for example_sla_dag to 2024-10-31 22:48:00+00:00, run_after=2024-10-31 22:50:00+00:00
[2024-10-31T22:51:29.273+0000] {processor.py:208} INFO - Processing /home/airflow/.local/lib/python3.12/site-packages/airflow/example_dags/example_sla_dag.py took 0.085 seconds
[2024-10-31T22:51:59.923+0000] {processor.py:186} INFO - Started process (PID=2370) to work on /home/airflow/.local/lib/python3.12/site-packages/airflow/example_dags/example_sla_dag.py
[2024-10-31T22:51:59.924+0000] {processor.py:914} INFO - Processing file /home/airflow/.local/lib/python3.12/site-packages/airflow/example_dags/example_sla_dag.py for tasks to queue
[2024-10-31T22:51:59.926+0000] {logging_mixin.py:190} INFO - [2024-10-31T22:51:59.926+0000] {dagbag.py:588} INFO - Filling up the DagBag from /home/airflow/.local/lib/python3.12/site-packages/airflow/example_dags/example_sla_dag.py
[2024-10-31T22:51:59.935+0000] {processor.py:925} INFO - DAG(s) 'example_sla_dag' retrieved from /home/airflow/.local/lib/python3.12/site-packages/airflow/example_dags/example_sla_dag.py
[2024-10-31T22:51:59.954+0000] {logging_mixin.py:190} INFO - [2024-10-31T22:51:59.953+0000] {dag.py:3239} INFO - Sync 1 DAGs
[2024-10-31T22:51:59.976+0000] {logging_mixin.py:190} INFO - [2024-10-31T22:51:59.976+0000] {dag.py:4180} INFO - Setting next_dagrun for example_sla_dag to 2024-10-31 22:48:00+00:00, run_after=2024-10-31 22:50:00+00:00
[2024-10-31T22:51:59.997+0000] {processor.py:208} INFO - Processing /home/airflow/.local/lib/python3.12/site-packages/airflow/example_dags/example_sla_dag.py took 0.078 seconds
[2024-10-31T22:52:30.478+0000] {processor.py:186} INFO - Started process (PID=2658) to work on /home/airflow/.local/lib/python3.12/site-packages/airflow/example_dags/example_sla_dag.py
[2024-10-31T22:52:30.478+0000] {processor.py:914} INFO - Processing file /home/airflow/.local/lib/python3.12/site-packages/airflow/example_dags/example_sla_dag.py for tasks to queue
[2024-10-31T22:52:30.480+0000] {logging_mixin.py:190} INFO - [2024-10-31T22:52:30.480+0000] {dagbag.py:588} INFO - Filling up the DagBag from /home/airflow/.local/lib/python3.12/site-packages/airflow/example_dags/example_sla_dag.py
[2024-10-31T22:52:30.486+0000] {processor.py:925} INFO - DAG(s) 'example_sla_dag' retrieved from /home/airflow/.local/lib/python3.12/site-packages/airflow/example_dags/example_sla_dag.py
[2024-10-31T22:52:30.496+0000] {logging_mixin.py:190} INFO - [2024-10-31T22:52:30.496+0000] {dag.py:3239} INFO - Sync 1 DAGs
[2024-10-31T22:52:30.508+0000] {logging_mixin.py:190} INFO - [2024-10-31T22:52:30.508+0000] {dag.py:4180} INFO - Setting next_dagrun for example_sla_dag to 2024-10-31 22:50:00+00:00, run_after=2024-10-31 22:52:00+00:00
[2024-10-31T22:52:30.517+0000] {processor.py:208} INFO - Processing /home/airflow/.local/lib/python3.12/site-packages/airflow/example_dags/example_sla_dag.py took 0.043 seconds
