[2024-10-31T22:45:11.255+0000] {processor.py:186} INFO - Started process (PID=197) to work on /home/airflow/.local/lib/python3.12/site-packages/airflow/example_dags/example_workday_timetable.py
[2024-10-31T22:45:11.257+0000] {processor.py:914} INFO - Processing file /home/airflow/.local/lib/python3.12/site-packages/airflow/example_dags/example_workday_timetable.py for tasks to queue
[2024-10-31T22:45:11.260+0000] {logging_mixin.py:190} INFO - [2024-10-31T22:45:11.260+0000] {dagbag.py:588} INFO - Filling up the DagBag from /home/airflow/.local/lib/python3.12/site-packages/airflow/example_dags/example_workday_timetable.py
[2024-10-31T22:45:11.270+0000] {processor.py:925} INFO - DAG(s) 'example_workday_timetable' retrieved from /home/airflow/.local/lib/python3.12/site-packages/airflow/example_dags/example_workday_timetable.py
[2024-10-31T22:45:11.398+0000] {logging_mixin.py:190} INFO - [2024-10-31T22:45:11.398+0000] {override.py:1900} INFO - Created Permission View: can delete on DAG:example_workday_timetable
[2024-10-31T22:45:11.410+0000] {logging_mixin.py:190} INFO - [2024-10-31T22:45:11.410+0000] {override.py:1900} INFO - Created Permission View: can read on DAG:example_workday_timetable
[2024-10-31T22:45:11.416+0000] {logging_mixin.py:190} INFO - [2024-10-31T22:45:11.416+0000] {override.py:1900} INFO - Created Permission View: can edit on DAG:example_workday_timetable
[2024-10-31T22:45:11.423+0000] {logging_mixin.py:190} INFO - [2024-10-31T22:45:11.423+0000] {override.py:1900} INFO - Created Permission View: can create on DAG Run:example_workday_timetable
[2024-10-31T22:45:11.427+0000] {logging_mixin.py:190} INFO - [2024-10-31T22:45:11.427+0000] {override.py:1900} INFO - Created Permission View: can delete on DAG Run:example_workday_timetable
[2024-10-31T22:45:11.431+0000] {logging_mixin.py:190} INFO - [2024-10-31T22:45:11.431+0000] {override.py:1900} INFO - Created Permission View: can read on DAG Run:example_workday_timetable
[2024-10-31T22:45:11.435+0000] {logging_mixin.py:190} INFO - [2024-10-31T22:45:11.435+0000] {override.py:1900} INFO - Created Permission View: menu access on DAG Run:example_workday_timetable
[2024-10-31T22:45:11.436+0000] {logging_mixin.py:190} INFO - [2024-10-31T22:45:11.435+0000] {dag.py:3239} INFO - Sync 1 DAGs
[2024-10-31T22:45:11.452+0000] {logging_mixin.py:190} INFO - [2024-10-31T22:45:11.452+0000] {dag.py:3262} INFO - Creating ORM DAG for example_workday_timetable
[2024-10-31T22:45:11.554+0000] {logging_mixin.py:190} INFO - [2024-10-31T22:45:11.553+0000] {dag.py:4180} INFO - Setting next_dagrun for example_workday_timetable to 2021-01-04 00:00:00+00:00, run_after=2021-01-05 00:00:00+00:00
[2024-10-31T22:45:11.594+0000] {processor.py:208} INFO - Processing /home/airflow/.local/lib/python3.12/site-packages/airflow/example_dags/example_workday_timetable.py took 0.352 seconds
[2024-10-31T22:45:42.156+0000] {processor.py:186} INFO - Started process (PID=494) to work on /home/airflow/.local/lib/python3.12/site-packages/airflow/example_dags/example_workday_timetable.py
[2024-10-31T22:45:42.158+0000] {processor.py:914} INFO - Processing file /home/airflow/.local/lib/python3.12/site-packages/airflow/example_dags/example_workday_timetable.py for tasks to queue
[2024-10-31T22:45:42.160+0000] {logging_mixin.py:190} INFO - [2024-10-31T22:45:42.160+0000] {dagbag.py:588} INFO - Filling up the DagBag from /home/airflow/.local/lib/python3.12/site-packages/airflow/example_dags/example_workday_timetable.py
[2024-10-31T22:45:42.168+0000] {processor.py:925} INFO - DAG(s) 'example_workday_timetable' retrieved from /home/airflow/.local/lib/python3.12/site-packages/airflow/example_dags/example_workday_timetable.py
[2024-10-31T22:45:42.182+0000] {logging_mixin.py:190} INFO - [2024-10-31T22:45:42.182+0000] {dag.py:3239} INFO - Sync 1 DAGs
[2024-10-31T22:45:42.239+0000] {logging_mixin.py:190} INFO - [2024-10-31T22:45:42.239+0000] {dag.py:4180} INFO - Setting next_dagrun for example_workday_timetable to 2021-01-04 00:00:00+00:00, run_after=2021-01-05 00:00:00+00:00
[2024-10-31T22:45:42.256+0000] {processor.py:208} INFO - Processing /home/airflow/.local/lib/python3.12/site-packages/airflow/example_dags/example_workday_timetable.py took 0.107 seconds
[2024-10-31T22:46:13.064+0000] {processor.py:186} INFO - Started process (PID=787) to work on /home/airflow/.local/lib/python3.12/site-packages/airflow/example_dags/example_workday_timetable.py
[2024-10-31T22:46:13.065+0000] {processor.py:914} INFO - Processing file /home/airflow/.local/lib/python3.12/site-packages/airflow/example_dags/example_workday_timetable.py for tasks to queue
[2024-10-31T22:46:13.068+0000] {logging_mixin.py:190} INFO - [2024-10-31T22:46:13.067+0000] {dagbag.py:588} INFO - Filling up the DagBag from /home/airflow/.local/lib/python3.12/site-packages/airflow/example_dags/example_workday_timetable.py
[2024-10-31T22:46:13.073+0000] {processor.py:925} INFO - DAG(s) 'example_workday_timetable' retrieved from /home/airflow/.local/lib/python3.12/site-packages/airflow/example_dags/example_workday_timetable.py
[2024-10-31T22:46:13.125+0000] {logging_mixin.py:190} INFO - [2024-10-31T22:46:13.125+0000] {dag.py:3239} INFO - Sync 1 DAGs
[2024-10-31T22:46:13.222+0000] {logging_mixin.py:190} INFO - [2024-10-31T22:46:13.222+0000] {dag.py:4180} INFO - Setting next_dagrun for example_workday_timetable to 2021-01-04 00:00:00+00:00, run_after=2021-01-05 00:00:00+00:00
[2024-10-31T22:46:13.235+0000] {processor.py:208} INFO - Processing /home/airflow/.local/lib/python3.12/site-packages/airflow/example_dags/example_workday_timetable.py took 0.178 seconds
[2024-10-31T22:46:44.104+0000] {processor.py:186} INFO - Started process (PID=1078) to work on /home/airflow/.local/lib/python3.12/site-packages/airflow/example_dags/example_workday_timetable.py
[2024-10-31T22:46:44.107+0000] {processor.py:914} INFO - Processing file /home/airflow/.local/lib/python3.12/site-packages/airflow/example_dags/example_workday_timetable.py for tasks to queue
[2024-10-31T22:46:44.109+0000] {logging_mixin.py:190} INFO - [2024-10-31T22:46:44.109+0000] {dagbag.py:588} INFO - Filling up the DagBag from /home/airflow/.local/lib/python3.12/site-packages/airflow/example_dags/example_workday_timetable.py
[2024-10-31T22:46:44.114+0000] {processor.py:925} INFO - DAG(s) 'example_workday_timetable' retrieved from /home/airflow/.local/lib/python3.12/site-packages/airflow/example_dags/example_workday_timetable.py
[2024-10-31T22:46:44.135+0000] {logging_mixin.py:190} INFO - [2024-10-31T22:46:44.134+0000] {dag.py:3239} INFO - Sync 1 DAGs
[2024-10-31T22:46:44.186+0000] {logging_mixin.py:190} INFO - [2024-10-31T22:46:44.186+0000] {dag.py:4180} INFO - Setting next_dagrun for example_workday_timetable to 2021-01-04 00:00:00+00:00, run_after=2021-01-05 00:00:00+00:00
[2024-10-31T22:46:44.199+0000] {processor.py:208} INFO - Processing /home/airflow/.local/lib/python3.12/site-packages/airflow/example_dags/example_workday_timetable.py took 0.100 seconds
[2024-10-31T22:47:14.275+0000] {processor.py:186} INFO - Started process (PID=1374) to work on /home/airflow/.local/lib/python3.12/site-packages/airflow/example_dags/example_workday_timetable.py
[2024-10-31T22:47:14.276+0000] {processor.py:914} INFO - Processing file /home/airflow/.local/lib/python3.12/site-packages/airflow/example_dags/example_workday_timetable.py for tasks to queue
[2024-10-31T22:47:14.277+0000] {logging_mixin.py:190} INFO - [2024-10-31T22:47:14.277+0000] {dagbag.py:588} INFO - Filling up the DagBag from /home/airflow/.local/lib/python3.12/site-packages/airflow/example_dags/example_workday_timetable.py
[2024-10-31T22:47:14.281+0000] {processor.py:925} INFO - DAG(s) 'example_workday_timetable' retrieved from /home/airflow/.local/lib/python3.12/site-packages/airflow/example_dags/example_workday_timetable.py
[2024-10-31T22:47:14.293+0000] {logging_mixin.py:190} INFO - [2024-10-31T22:47:14.293+0000] {dag.py:3239} INFO - Sync 1 DAGs
[2024-10-31T22:47:14.331+0000] {logging_mixin.py:190} INFO - [2024-10-31T22:47:14.330+0000] {dag.py:4180} INFO - Setting next_dagrun for example_workday_timetable to 2021-01-04 00:00:00+00:00, run_after=2021-01-05 00:00:00+00:00
[2024-10-31T22:47:14.340+0000] {processor.py:208} INFO - Processing /home/airflow/.local/lib/python3.12/site-packages/airflow/example_dags/example_workday_timetable.py took 0.068 seconds
[2024-10-31T22:48:22.773+0000] {processor.py:186} INFO - Started process (PID=198) to work on /home/airflow/.local/lib/python3.12/site-packages/airflow/example_dags/example_workday_timetable.py
[2024-10-31T22:48:22.774+0000] {processor.py:914} INFO - Processing file /home/airflow/.local/lib/python3.12/site-packages/airflow/example_dags/example_workday_timetable.py for tasks to queue
[2024-10-31T22:48:22.775+0000] {logging_mixin.py:190} INFO - [2024-10-31T22:48:22.775+0000] {dagbag.py:588} INFO - Filling up the DagBag from /home/airflow/.local/lib/python3.12/site-packages/airflow/example_dags/example_workday_timetable.py
[2024-10-31T22:48:22.790+0000] {processor.py:925} INFO - DAG(s) 'example_workday_timetable' retrieved from /home/airflow/.local/lib/python3.12/site-packages/airflow/example_dags/example_workday_timetable.py
[2024-10-31T22:48:22.821+0000] {logging_mixin.py:190} INFO - [2024-10-31T22:48:22.820+0000] {dag.py:3239} INFO - Sync 1 DAGs
[2024-10-31T22:48:22.920+0000] {logging_mixin.py:190} INFO - [2024-10-31T22:48:22.919+0000] {dag.py:4180} INFO - Setting next_dagrun for example_workday_timetable to 2021-01-04 00:00:00+00:00, run_after=2021-01-05 00:00:00+00:00
[2024-10-31T22:48:22.933+0000] {processor.py:208} INFO - Processing /home/airflow/.local/lib/python3.12/site-packages/airflow/example_dags/example_workday_timetable.py took 0.164 seconds
[2024-10-31T22:48:53.796+0000] {processor.py:186} INFO - Started process (PID=491) to work on /home/airflow/.local/lib/python3.12/site-packages/airflow/example_dags/example_workday_timetable.py
[2024-10-31T22:48:53.797+0000] {processor.py:914} INFO - Processing file /home/airflow/.local/lib/python3.12/site-packages/airflow/example_dags/example_workday_timetable.py for tasks to queue
[2024-10-31T22:48:53.798+0000] {logging_mixin.py:190} INFO - [2024-10-31T22:48:53.798+0000] {dagbag.py:588} INFO - Filling up the DagBag from /home/airflow/.local/lib/python3.12/site-packages/airflow/example_dags/example_workday_timetable.py
[2024-10-31T22:48:53.802+0000] {processor.py:925} INFO - DAG(s) 'example_workday_timetable' retrieved from /home/airflow/.local/lib/python3.12/site-packages/airflow/example_dags/example_workday_timetable.py
[2024-10-31T22:48:53.814+0000] {logging_mixin.py:190} INFO - [2024-10-31T22:48:53.814+0000] {dag.py:3239} INFO - Sync 1 DAGs
[2024-10-31T22:48:53.851+0000] {logging_mixin.py:190} INFO - [2024-10-31T22:48:53.851+0000] {dag.py:4180} INFO - Setting next_dagrun for example_workday_timetable to 2021-01-04 00:00:00+00:00, run_after=2021-01-05 00:00:00+00:00
[2024-10-31T22:48:53.860+0000] {processor.py:208} INFO - Processing /home/airflow/.local/lib/python3.12/site-packages/airflow/example_dags/example_workday_timetable.py took 0.068 seconds
[2024-10-31T22:49:24.099+0000] {processor.py:186} INFO - Started process (PID=782) to work on /home/airflow/.local/lib/python3.12/site-packages/airflow/example_dags/example_workday_timetable.py
[2024-10-31T22:49:24.100+0000] {processor.py:914} INFO - Processing file /home/airflow/.local/lib/python3.12/site-packages/airflow/example_dags/example_workday_timetable.py for tasks to queue
[2024-10-31T22:49:24.103+0000] {logging_mixin.py:190} INFO - [2024-10-31T22:49:24.103+0000] {dagbag.py:588} INFO - Filling up the DagBag from /home/airflow/.local/lib/python3.12/site-packages/airflow/example_dags/example_workday_timetable.py
[2024-10-31T22:49:24.109+0000] {processor.py:925} INFO - DAG(s) 'example_workday_timetable' retrieved from /home/airflow/.local/lib/python3.12/site-packages/airflow/example_dags/example_workday_timetable.py
[2024-10-31T22:49:24.128+0000] {logging_mixin.py:190} INFO - [2024-10-31T22:49:24.128+0000] {dag.py:3239} INFO - Sync 1 DAGs
[2024-10-31T22:49:24.186+0000] {logging_mixin.py:190} INFO - [2024-10-31T22:49:24.186+0000] {dag.py:4180} INFO - Setting next_dagrun for example_workday_timetable to 2021-01-04 00:00:00+00:00, run_after=2021-01-05 00:00:00+00:00
[2024-10-31T22:49:24.208+0000] {processor.py:208} INFO - Processing /home/airflow/.local/lib/python3.12/site-packages/airflow/example_dags/example_workday_timetable.py took 0.114 seconds
[2024-10-31T22:49:55.021+0000] {processor.py:186} INFO - Started process (PID=1071) to work on /home/airflow/.local/lib/python3.12/site-packages/airflow/example_dags/example_workday_timetable.py
[2024-10-31T22:49:55.025+0000] {processor.py:914} INFO - Processing file /home/airflow/.local/lib/python3.12/site-packages/airflow/example_dags/example_workday_timetable.py for tasks to queue
[2024-10-31T22:49:55.028+0000] {logging_mixin.py:190} INFO - [2024-10-31T22:49:55.028+0000] {dagbag.py:588} INFO - Filling up the DagBag from /home/airflow/.local/lib/python3.12/site-packages/airflow/example_dags/example_workday_timetable.py
[2024-10-31T22:49:55.032+0000] {processor.py:925} INFO - DAG(s) 'example_workday_timetable' retrieved from /home/airflow/.local/lib/python3.12/site-packages/airflow/example_dags/example_workday_timetable.py
[2024-10-31T22:49:55.054+0000] {logging_mixin.py:190} INFO - [2024-10-31T22:49:55.053+0000] {dag.py:3239} INFO - Sync 1 DAGs
[2024-10-31T22:49:55.104+0000] {logging_mixin.py:190} INFO - [2024-10-31T22:49:55.103+0000] {dag.py:4180} INFO - Setting next_dagrun for example_workday_timetable to 2021-01-04 00:00:00+00:00, run_after=2021-01-05 00:00:00+00:00
[2024-10-31T22:49:55.156+0000] {processor.py:208} INFO - Processing /home/airflow/.local/lib/python3.12/site-packages/airflow/example_dags/example_workday_timetable.py took 0.141 seconds
[2024-10-31T22:50:25.497+0000] {processor.py:186} INFO - Started process (PID=1369) to work on /home/airflow/.local/lib/python3.12/site-packages/airflow/example_dags/example_workday_timetable.py
[2024-10-31T22:50:25.498+0000] {processor.py:914} INFO - Processing file /home/airflow/.local/lib/python3.12/site-packages/airflow/example_dags/example_workday_timetable.py for tasks to queue
[2024-10-31T22:50:25.499+0000] {logging_mixin.py:190} INFO - [2024-10-31T22:50:25.499+0000] {dagbag.py:588} INFO - Filling up the DagBag from /home/airflow/.local/lib/python3.12/site-packages/airflow/example_dags/example_workday_timetable.py
[2024-10-31T22:50:25.504+0000] {processor.py:925} INFO - DAG(s) 'example_workday_timetable' retrieved from /home/airflow/.local/lib/python3.12/site-packages/airflow/example_dags/example_workday_timetable.py
[2024-10-31T22:50:25.521+0000] {logging_mixin.py:190} INFO - [2024-10-31T22:50:25.521+0000] {dag.py:3239} INFO - Sync 1 DAGs
[2024-10-31T22:50:25.570+0000] {logging_mixin.py:190} INFO - [2024-10-31T22:50:25.570+0000] {dag.py:4180} INFO - Setting next_dagrun for example_workday_timetable to 2021-01-04 00:00:00+00:00, run_after=2021-01-05 00:00:00+00:00
[2024-10-31T22:50:25.586+0000] {processor.py:208} INFO - Processing /home/airflow/.local/lib/python3.12/site-packages/airflow/example_dags/example_workday_timetable.py took 0.094 seconds
[2024-10-31T22:50:56.270+0000] {processor.py:186} INFO - Started process (PID=1658) to work on /home/airflow/.local/lib/python3.12/site-packages/airflow/example_dags/example_workday_timetable.py
[2024-10-31T22:50:56.274+0000] {processor.py:914} INFO - Processing file /home/airflow/.local/lib/python3.12/site-packages/airflow/example_dags/example_workday_timetable.py for tasks to queue
[2024-10-31T22:50:56.278+0000] {logging_mixin.py:190} INFO - [2024-10-31T22:50:56.278+0000] {dagbag.py:588} INFO - Filling up the DagBag from /home/airflow/.local/lib/python3.12/site-packages/airflow/example_dags/example_workday_timetable.py
[2024-10-31T22:50:56.284+0000] {processor.py:925} INFO - DAG(s) 'example_workday_timetable' retrieved from /home/airflow/.local/lib/python3.12/site-packages/airflow/example_dags/example_workday_timetable.py
[2024-10-31T22:50:56.302+0000] {logging_mixin.py:190} INFO - [2024-10-31T22:50:56.302+0000] {dag.py:3239} INFO - Sync 1 DAGs
[2024-10-31T22:50:56.389+0000] {logging_mixin.py:190} INFO - [2024-10-31T22:50:56.388+0000] {dag.py:4180} INFO - Setting next_dagrun for example_workday_timetable to 2021-01-04 00:00:00+00:00, run_after=2021-01-05 00:00:00+00:00
[2024-10-31T22:50:56.413+0000] {processor.py:208} INFO - Processing /home/airflow/.local/lib/python3.12/site-packages/airflow/example_dags/example_workday_timetable.py took 0.150 seconds
[2024-10-31T22:51:26.898+0000] {processor.py:186} INFO - Started process (PID=1949) to work on /home/airflow/.local/lib/python3.12/site-packages/airflow/example_dags/example_workday_timetable.py
[2024-10-31T22:51:26.902+0000] {processor.py:914} INFO - Processing file /home/airflow/.local/lib/python3.12/site-packages/airflow/example_dags/example_workday_timetable.py for tasks to queue
[2024-10-31T22:51:26.905+0000] {logging_mixin.py:190} INFO - [2024-10-31T22:51:26.905+0000] {dagbag.py:588} INFO - Filling up the DagBag from /home/airflow/.local/lib/python3.12/site-packages/airflow/example_dags/example_workday_timetable.py
[2024-10-31T22:51:26.908+0000] {processor.py:925} INFO - DAG(s) 'example_workday_timetable' retrieved from /home/airflow/.local/lib/python3.12/site-packages/airflow/example_dags/example_workday_timetable.py
[2024-10-31T22:51:26.921+0000] {logging_mixin.py:190} INFO - [2024-10-31T22:51:26.921+0000] {dag.py:3239} INFO - Sync 1 DAGs
[2024-10-31T22:51:26.968+0000] {logging_mixin.py:190} INFO - [2024-10-31T22:51:26.968+0000] {dag.py:4180} INFO - Setting next_dagrun for example_workday_timetable to 2021-01-04 00:00:00+00:00, run_after=2021-01-05 00:00:00+00:00
[2024-10-31T22:51:26.982+0000] {processor.py:208} INFO - Processing /home/airflow/.local/lib/python3.12/site-packages/airflow/example_dags/example_workday_timetable.py took 0.088 seconds
[2024-10-31T22:51:57.949+0000] {processor.py:186} INFO - Started process (PID=2242) to work on /home/airflow/.local/lib/python3.12/site-packages/airflow/example_dags/example_workday_timetable.py
[2024-10-31T22:51:57.950+0000] {processor.py:914} INFO - Processing file /home/airflow/.local/lib/python3.12/site-packages/airflow/example_dags/example_workday_timetable.py for tasks to queue
[2024-10-31T22:51:57.951+0000] {logging_mixin.py:190} INFO - [2024-10-31T22:51:57.951+0000] {dagbag.py:588} INFO - Filling up the DagBag from /home/airflow/.local/lib/python3.12/site-packages/airflow/example_dags/example_workday_timetable.py
[2024-10-31T22:51:57.955+0000] {processor.py:925} INFO - DAG(s) 'example_workday_timetable' retrieved from /home/airflow/.local/lib/python3.12/site-packages/airflow/example_dags/example_workday_timetable.py
[2024-10-31T22:51:57.966+0000] {logging_mixin.py:190} INFO - [2024-10-31T22:51:57.966+0000] {dag.py:3239} INFO - Sync 1 DAGs
[2024-10-31T22:51:58.002+0000] {logging_mixin.py:190} INFO - [2024-10-31T22:51:58.002+0000] {dag.py:4180} INFO - Setting next_dagrun for example_workday_timetable to 2021-01-04 00:00:00+00:00, run_after=2021-01-05 00:00:00+00:00
[2024-10-31T22:51:58.011+0000] {processor.py:208} INFO - Processing /home/airflow/.local/lib/python3.12/site-packages/airflow/example_dags/example_workday_timetable.py took 0.067 seconds
[2024-10-31T22:52:28.178+0000] {processor.py:186} INFO - Started process (PID=2531) to work on /home/airflow/.local/lib/python3.12/site-packages/airflow/example_dags/example_workday_timetable.py
[2024-10-31T22:52:28.181+0000] {processor.py:914} INFO - Processing file /home/airflow/.local/lib/python3.12/site-packages/airflow/example_dags/example_workday_timetable.py for tasks to queue
[2024-10-31T22:52:28.185+0000] {logging_mixin.py:190} INFO - [2024-10-31T22:52:28.185+0000] {dagbag.py:588} INFO - Filling up the DagBag from /home/airflow/.local/lib/python3.12/site-packages/airflow/example_dags/example_workday_timetable.py
[2024-10-31T22:52:28.189+0000] {processor.py:925} INFO - DAG(s) 'example_workday_timetable' retrieved from /home/airflow/.local/lib/python3.12/site-packages/airflow/example_dags/example_workday_timetable.py
[2024-10-31T22:52:28.207+0000] {logging_mixin.py:190} INFO - [2024-10-31T22:52:28.206+0000] {dag.py:3239} INFO - Sync 1 DAGs
[2024-10-31T22:52:28.276+0000] {logging_mixin.py:190} INFO - [2024-10-31T22:52:28.276+0000] {dag.py:4180} INFO - Setting next_dagrun for example_workday_timetable to 2021-01-04 00:00:00+00:00, run_after=2021-01-05 00:00:00+00:00
[2024-10-31T22:52:28.295+0000] {processor.py:208} INFO - Processing /home/airflow/.local/lib/python3.12/site-packages/airflow/example_dags/example_workday_timetable.py took 0.164 seconds
